<testsuites name="Mocha Tests">
  <testsuite name="AutoFilterController test get_worksheet_auto_filter test" tests="1" errors="0" failures="0" skipped="0" timestamp="2024-02-22T09:57:15" time="2.288">
    <testcase classname="AutoFilterController test get_worksheet_auto_filter test" name="should call GetWorksheetAutoFilter successfully" time="2.283">
    </testcase>
  </testsuite>
  <testsuite name="AutoFilterController test put_worksheet_date_filter test" tests="1" errors="0" failures="0" skipped="0" timestamp="2024-02-22T09:57:18" time="0.924">
    <testcase classname="AutoFilterController test put_worksheet_date_filter test" name="should call PutWorksheetDateFilter successfully" time="0.923">
    </testcase>
  </testsuite>
  <testsuite name="AutoFilterController test put_worksheet_filter test" tests="1" errors="0" failures="0" skipped="0" timestamp="2024-02-22T09:57:19" time="0.5">
    <testcase classname="AutoFilterController test put_worksheet_filter test" name="should call PutWorksheetFilter successfully" time="0.498">
    </testcase>
  </testsuite>
  <testsuite name="AutoFilterController test put_worksheet_icon_filter test" tests="1" errors="0" failures="0" skipped="0" timestamp="2024-02-22T09:57:19" time="0.427">
    <testcase classname="AutoFilterController test put_worksheet_icon_filter test" name="should call PutWorksheetIconFilter successfully" time="0.426">
    </testcase>
  </testsuite>
  <testsuite name="AutoFilterController test put_worksheet_custom_filter test" tests="1" errors="0" failures="0" skipped="0" timestamp="2024-02-22T09:57:19" time="0.646">
    <testcase classname="AutoFilterController test put_worksheet_custom_filter test" name="should call PutWorksheetCustomFilter successfully" time="0.646">
    </testcase>
  </testsuite>
  <testsuite name="AutoFilterController test put_worksheet_dynamic_filter test" tests="1" errors="0" failures="0" skipped="0" timestamp="2024-02-22T09:57:20" time="0.524">
    <testcase classname="AutoFilterController test put_worksheet_dynamic_filter test" name="should call PutWorksheetDynamicFilter successfully" time="0.523">
    </testcase>
  </testsuite>
  <testsuite name="AutoFilterController test put_worksheet_filter_top10 test" tests="1" errors="0" failures="0" skipped="0" timestamp="2024-02-22T09:57:21" time="0.577">
    <testcase classname="AutoFilterController test put_worksheet_filter_top10 test" name="should call PutWorksheetFilterTop10 successfully" time="0.576">
    </testcase>
  </testsuite>
  <testsuite name="AutoFilterController test put_worksheet_color_filter test" tests="1" errors="0" failures="0" skipped="0" timestamp="2024-02-22T09:57:21" time="0.578">
    <testcase classname="AutoFilterController test put_worksheet_color_filter test" name="should call PutWorksheetColorFilter successfully" time="0.577">
    </testcase>
  </testsuite>
  <testsuite name="AutoFilterController test post_worksheet_match_blanks test" tests="1" errors="0" failures="0" skipped="0" timestamp="2024-02-22T09:57:22" time="0.487">
    <testcase classname="AutoFilterController test post_worksheet_match_blanks test" name="should call PostWorksheetMatchBlanks successfully" time="0.486">
    </testcase>
  </testsuite>
  <testsuite name="AutoFilterController test post_worksheet_match_non_blanks test" tests="1" errors="0" failures="0" skipped="0" timestamp="2024-02-22T09:57:22" time="0.494">
    <testcase classname="AutoFilterController test post_worksheet_match_non_blanks test" name="should call PostWorksheetMatchNonBlanks successfully" time="0.492">
    </testcase>
  </testsuite>
  <testsuite name="AutoFilterController test post_worksheet_auto_filter_refresh test" tests="1" errors="0" failures="0" skipped="0" timestamp="2024-02-22T09:57:23" time="0.451">
    <testcase classname="AutoFilterController test post_worksheet_auto_filter_refresh test" name="should call PostWorksheetAutoFilterRefresh successfully" time="0.449">
    </testcase>
  </testsuite>
  <testsuite name="AutoFilterController test delete_worksheet_date_filter test" tests="1" errors="0" failures="0" skipped="0" timestamp="2024-02-22T09:57:23" time="0.499">
    <testcase classname="AutoFilterController test delete_worksheet_date_filter test" name="should call DeleteWorksheetDateFilter successfully" time="0.498">
    </testcase>
  </testsuite>
  <testsuite name="AutoFilterController test delete_worksheet_filter test" tests="1" errors="0" failures="0" skipped="0" timestamp="2024-02-22T09:57:24" time="0.487">
    <testcase classname="AutoFilterController test delete_worksheet_filter test" name="should call DeleteWorksheetFilter successfully" time="0.485">
    </testcase>
  </testsuite>
  <testsuite name="BatchController test post_batch_convert test" tests="1" errors="0" failures="0" skipped="0" timestamp="2024-02-22T09:57:24" time="1.406">
    <testcase classname="BatchController test post_batch_convert test" name="should call PostBatchConvert successfully" time="1.405">
    </testcase>
  </testsuite>
  <testsuite name="BatchController test post_batch_protect test" tests="1" errors="0" failures="0" skipped="0" timestamp="2024-02-22T09:57:26" time="0.622">
    <testcase classname="BatchController test post_batch_protect test" name="should call PostBatchProtect successfully" time="0.621">
    </testcase>
  </testsuite>
  <testsuite name="BatchController test post_batch_lock test" tests="1" errors="0" failures="0" skipped="0" timestamp="2024-02-22T09:57:26" time="0.482">
    <testcase classname="BatchController test post_batch_lock test" name="should call PostBatchLock successfully" time="0.482">
    </testcase>
  </testsuite>
  <testsuite name="BatchController test post_batch_unlock test" tests="1" errors="0" failures="0" skipped="0" timestamp="2024-02-22T09:57:27" time="0.586">
    <testcase classname="BatchController test post_batch_unlock test" name="should call PostBatchUnlock successfully" time="0.584">
    </testcase>
  </testsuite>
  <testsuite name="CellsController test post_clear_contents test" tests="1" errors="0" failures="0" skipped="0" timestamp="2024-02-22T09:57:27" time="0.794">
    <testcase classname="CellsController test post_clear_contents test" name="should call PostClearContents successfully" time="0.792">
    </testcase>
  </testsuite>
  <testsuite name="CellsController test post_clear_formats test" tests="1" errors="0" failures="0" skipped="0" timestamp="2024-02-22T09:57:28" time="0.454">
    <testcase classname="CellsController test post_clear_formats test" name="should call PostClearFormats successfully" time="0.453">
    </testcase>
  </testsuite>
  <testsuite name="CellsController test post_update_worksheet_range_style test" tests="1" errors="0" failures="0" skipped="0" timestamp="2024-02-22T09:57:29" time="0.513">
    <testcase classname="CellsController test post_update_worksheet_range_style test" name="should call PostUpdateWorksheetRangeStyle successfully" time="0.513">
    </testcase>
  </testsuite>
  <testsuite name="CellsController test post_worksheet_merge test" tests="1" errors="0" failures="0" skipped="0" timestamp="2024-02-22T09:57:29" time="0.975">
    <testcase classname="CellsController test post_worksheet_merge test" name="should call PostWorksheetMerge successfully" time="0.973">
    </testcase>
  </testsuite>
  <testsuite name="CellsController test post_worksheet_unmerge test" tests="1" errors="0" failures="0" skipped="0" timestamp="2024-02-22T09:57:30" time="0.485">
    <testcase classname="CellsController test post_worksheet_unmerge test" name="should call PostWorksheetUnmerge successfully" time="0.484">
    </testcase>
  </testsuite>
  <testsuite name="CellsController test get_worksheet_cells test" tests="1" errors="0" failures="0" skipped="0" timestamp="2024-02-22T09:57:31" time="0.299">
    <testcase classname="CellsController test get_worksheet_cells test" name="should call GetWorksheetCells successfully" time="0.297">
    </testcase>
  </testsuite>
  <testsuite name="CellsController test get_worksheet_cell test" tests="1" errors="0" failures="0" skipped="0" timestamp="2024-02-22T09:57:31" time="0.335">
    <testcase classname="CellsController test get_worksheet_cell test" name="should call GetWorksheetCell successfully" time="0.334">
    </testcase>
  </testsuite>
  <testsuite name="CellsController test get_worksheet_cell_style test" tests="1" errors="0" failures="0" skipped="0" timestamp="2024-02-22T09:57:31" time="0.312">
    <testcase classname="CellsController test get_worksheet_cell_style test" name="should call GetWorksheetCellStyle successfully" time="0.312">
    </testcase>
  </testsuite>
  <testsuite name="CellsController test post_worksheet_cell_set_value test" tests="1" errors="0" failures="0" skipped="0" timestamp="2024-02-22T09:57:31" time="0.46">
    <testcase classname="CellsController test post_worksheet_cell_set_value test" name="should call PostWorksheetCellSetValue successfully" time="0.46">
    </testcase>
  </testsuite>
  <testsuite name="CellsController test post_update_worksheet_cell_style test" tests="1" errors="0" failures="0" skipped="0" timestamp="2024-02-22T09:57:32" time="0.463">
    <testcase classname="CellsController test post_update_worksheet_cell_style test" name="should call PostUpdateWorksheetCellStyle successfully" time="0.461">
    </testcase>
  </testsuite>
  <testsuite name="CellsController test post_set_cell_range_value test" tests="1" errors="0" failures="0" skipped="0" timestamp="2024-02-22T09:57:32" time="0.46">
    <testcase classname="CellsController test post_set_cell_range_value test" name="should call PostSetCellRangeValue successfully" time="0.46">
    </testcase>
  </testsuite>
  <testsuite name="CellsController test post_copy_cell_into_cell test" tests="1" errors="0" failures="0" skipped="0" timestamp="2024-02-22T09:57:33" time="0.521">
    <testcase classname="CellsController test post_copy_cell_into_cell test" name="should call PostCopyCellIntoCell successfully" time="0.521">
    </testcase>
  </testsuite>
  <testsuite name="CellsController test get_cell_html_string test" tests="1" errors="0" failures="0" skipped="0" timestamp="2024-02-22T09:57:33" time="0.82">
    <testcase classname="CellsController test get_cell_html_string test" name="should call GetCellHtmlString successfully" time="0.817">
    </testcase>
  </testsuite>
  <testsuite name="CellsController test post_set_cell_html_string test" tests="1" errors="0" failures="0" skipped="0" timestamp="2024-02-22T09:57:34" time="0.559">
    <testcase classname="CellsController test post_set_cell_html_string test" name="should call PostSetCellHtmlString successfully" time="0.557">
    </testcase>
  </testsuite>
  <testsuite name="CellsController test post_cell_calculate test" tests="1" errors="0" failures="0" skipped="0" timestamp="2024-02-22T09:57:35" time="0.436">
    <testcase classname="CellsController test post_cell_calculate test" name="should call PostCellCalculate successfully" time="0.435">
    </testcase>
  </testsuite>
  <testsuite name="CellsController test post_cell_characters test" tests="1" errors="0" failures="0" skipped="0" timestamp="2024-02-22T09:57:35" time="0.576">
    <testcase classname="CellsController test post_cell_characters test" name="should call PostCellCharacters successfully" time="0.574">
    </testcase>
  </testsuite>
  <testsuite name="CellsController test get_worksheet_columns test" tests="1" errors="0" failures="0" skipped="0" timestamp="2024-02-22T09:57:36" time="0.317">
    <testcase classname="CellsController test get_worksheet_columns test" name="should call GetWorksheetColumns successfully" time="0.315">
    </testcase>
  </testsuite>
  <testsuite name="CellsController test post_set_worksheet_column_width test" tests="1" errors="0" failures="0" skipped="0" timestamp="2024-02-22T09:57:36" time="0.543">
    <testcase classname="CellsController test post_set_worksheet_column_width test" name="should call PostSetWorksheetColumnWidth successfully" time="0.542">
    </testcase>
  </testsuite>
  <testsuite name="CellsController test get_worksheet_column test" tests="1" errors="0" failures="0" skipped="0" timestamp="2024-02-22T09:57:37" time="0.334">
    <testcase classname="CellsController test get_worksheet_column test" name="should call GetWorksheetColumn successfully" time="0.332">
    </testcase>
  </testsuite>
  <testsuite name="CellsController test put_insert_worksheet_columns test" tests="1" errors="0" failures="0" skipped="0" timestamp="2024-02-22T09:57:37" time="0.539">
    <testcase classname="CellsController test put_insert_worksheet_columns test" name="should call PutInsertWorksheetColumns successfully" time="0.538">
    </testcase>
  </testsuite>
  <testsuite name="CellsController test delete_worksheet_columns test" tests="1" errors="0" failures="0" skipped="0" timestamp="2024-02-22T09:57:38" time="0.534">
    <testcase classname="CellsController test delete_worksheet_columns test" name="should call DeleteWorksheetColumns successfully" time="0.533">
    </testcase>
  </testsuite>
  <testsuite name="CellsController test post_hide_worksheet_columns test" tests="1" errors="0" failures="0" skipped="0" timestamp="2024-02-22T09:57:38" time="0.557">
    <testcase classname="CellsController test post_hide_worksheet_columns test" name="should call PostHideWorksheetColumns successfully" time="0.555">
    </testcase>
  </testsuite>
  <testsuite name="CellsController test post_unhide_worksheet_columns test" tests="1" errors="0" failures="0" skipped="0" timestamp="2024-02-22T09:57:39" time="0.437">
    <testcase classname="CellsController test post_unhide_worksheet_columns test" name="should call PostUnhideWorksheetColumns successfully" time="0.436">
    </testcase>
  </testsuite>
  <testsuite name="CellsController test post_group_worksheet_columns test" tests="1" errors="0" failures="0" skipped="0" timestamp="2024-02-22T09:57:39" time="0.526">
    <testcase classname="CellsController test post_group_worksheet_columns test" name="should call PostGroupWorksheetColumns successfully" time="0.526">
    </testcase>
  </testsuite>
  <testsuite name="CellsController test post_ungroup_worksheet_columns test" tests="1" errors="0" failures="0" skipped="0" timestamp="2024-02-22T09:57:40" time="0.578">
    <testcase classname="CellsController test post_ungroup_worksheet_columns test" name="should call PostUngroupWorksheetColumns successfully" time="0.576">
    </testcase>
  </testsuite>
  <testsuite name="CellsController test post_copy_worksheet_columns test" tests="1" errors="0" failures="0" skipped="0" timestamp="2024-02-22T09:57:40" time="0.453">
    <testcase classname="CellsController test post_copy_worksheet_columns test" name="should call PostCopyWorksheetColumns successfully" time="0.451">
    </testcase>
  </testsuite>
  <testsuite name="CellsController test post_column_style test" tests="1" errors="0" failures="0" skipped="0" timestamp="2024-02-22T09:57:41" time="0.503">
    <testcase classname="CellsController test post_column_style test" name="should call PostColumnStyle successfully" time="0.503">
    </testcase>
  </testsuite>
  <testsuite name="CellsController test get_worksheet_rows test" tests="1" errors="0" failures="0" skipped="0" timestamp="2024-02-22T09:57:41" time="0.309">
    <testcase classname="CellsController test get_worksheet_rows test" name="should call GetWorksheetRows successfully" time="0.309">
    </testcase>
  </testsuite>
  <testsuite name="CellsController test get_worksheet_row test" tests="1" errors="0" failures="0" skipped="0" timestamp="2024-02-22T09:57:41" time="0.318">
    <testcase classname="CellsController test get_worksheet_row test" name="should call GetWorksheetRow successfully" time="0.317">
    </testcase>
  </testsuite>
  <testsuite name="CellsController test delete_worksheet_row test" tests="1" errors="0" failures="0" skipped="0" timestamp="2024-02-22T09:57:42" time="0.466">
    <testcase classname="CellsController test delete_worksheet_row test" name="should call DeleteWorksheetRow successfully" time="0.465">
    </testcase>
  </testsuite>
  <testsuite name="CellsController test delete_worksheet_rows test" tests="1" errors="0" failures="0" skipped="0" timestamp="2024-02-22T09:57:42" time="0.441">
    <testcase classname="CellsController test delete_worksheet_rows test" name="should call DeleteWorksheetRows successfully" time="0.44">
    </testcase>
  </testsuite>
  <testsuite name="CellsController test put_insert_worksheet_rows test" tests="1" errors="0" failures="0" skipped="0" timestamp="2024-02-22T09:57:43" time="0.492">
    <testcase classname="CellsController test put_insert_worksheet_rows test" name="should call PutInsertWorksheetRows successfully" time="0.49">
    </testcase>
  </testsuite>
  <testsuite name="CellsController test put_insert_worksheet_row test" tests="1" errors="0" failures="0" skipped="0" timestamp="2024-02-22T09:57:43" time="0.602">
    <testcase classname="CellsController test put_insert_worksheet_row test" name="should call PutInsertWorksheetRow successfully" time="0.601">
    </testcase>
  </testsuite>
  <testsuite name="CellsController test post_update_worksheet_row test" tests="1" errors="0" failures="0" skipped="0" timestamp="2024-02-22T09:57:44" time="0.47">
    <testcase classname="CellsController test post_update_worksheet_row test" name="should call PostUpdateWorksheetRow successfully" time="0.47">
    </testcase>
  </testsuite>
  <testsuite name="CellsController test post_hide_worksheet_rows test" tests="1" errors="0" failures="0" skipped="0" timestamp="2024-02-22T09:57:44" time="0.456">
    <testcase classname="CellsController test post_hide_worksheet_rows test" name="should call PostHideWorksheetRows successfully" time="0.454">
    </testcase>
  </testsuite>
  <testsuite name="CellsController test post_unhide_worksheet_rows test" tests="1" errors="0" failures="0" skipped="0" timestamp="2024-02-22T09:57:45" time="0.422">
    <testcase classname="CellsController test post_unhide_worksheet_rows test" name="should call PostUnhideWorksheetRows successfully" time="0.421">
    </testcase>
  </testsuite>
  <testsuite name="CellsController test post_group_worksheet_rows test" tests="1" errors="0" failures="0" skipped="0" timestamp="2024-02-22T09:57:45" time="0.486">
    <testcase classname="CellsController test post_group_worksheet_rows test" name="should call PostGroupWorksheetRows successfully" time="0.484">
    </testcase>
  </testsuite>
  <testsuite name="CellsController test post_ungroup_worksheet_rows test" tests="1" errors="0" failures="0" skipped="0" timestamp="2024-02-22T09:57:46" time="0.594">
    <testcase classname="CellsController test post_ungroup_worksheet_rows test" name="should call PostUngroupWorksheetRows successfully" time="0.593">
    </testcase>
  </testsuite>
  <testsuite name="CellsController test post_copy_worksheet_rows test" tests="1" errors="0" failures="0" skipped="0" timestamp="2024-02-22T09:57:46" time="0.514">
    <testcase classname="CellsController test post_copy_worksheet_rows test" name="should call PostCopyWorksheetRows successfully" time="0.512">
    </testcase>
  </testsuite>
  <testsuite name="CellsController test post_row_style test" tests="1" errors="0" failures="0" skipped="0" timestamp="2024-02-22T09:57:47" time="0.449">
    <testcase classname="CellsController test post_row_style test" name="should call PostRowStyle successfully" time="0.448">
    </testcase>
  </testsuite>
  <testsuite name="CellsStatusController test get_cells_cloud_services_health_check test" tests="1" errors="0" failures="0" skipped="0" timestamp="2024-02-22T09:57:47" time="0.575">
    <testcase classname="CellsStatusController test get_cells_cloud_services_health_check test" name="should call GetCellsCloudServicesHealthCheck successfully" time="0.574">
    </testcase>
  </testsuite>
  <testsuite name="CellsStatusController test get_cells_cloud_service_status test" tests="1" errors="0" failures="0" skipped="0" timestamp="2024-02-22T09:57:48" time="0.269">
    <testcase classname="CellsStatusController test get_cells_cloud_service_status test" name="should call GetCellsCloudServiceStatus successfully" time="0.262">
    </testcase>
  </testsuite>
  <testsuite name="ChartAreaController test get_chart_area test" tests="1" errors="0" failures="0" skipped="0" timestamp="2024-02-22T09:57:48" time="0.623">
    <testcase classname="ChartAreaController test get_chart_area test" name="should call GetChartArea successfully" time="0.622">
    </testcase>
  </testsuite>
  <testsuite name="ChartAreaController test get_chart_area_fill_format test" tests="1" errors="0" failures="0" skipped="0" timestamp="2024-02-22T09:57:49" time="0.305">
    <testcase classname="ChartAreaController test get_chart_area_fill_format test" name="should call GetChartAreaFillFormat successfully" time="0.304">
    </testcase>
  </testsuite>
  <testsuite name="ChartAreaController test get_chart_area_border test" tests="1" errors="0" failures="0" skipped="0" timestamp="2024-02-22T09:57:49" time="0.309">
    <testcase classname="ChartAreaController test get_chart_area_border test" name="should call GetChartAreaBorder successfully" time="0.307">
    </testcase>
  </testsuite>
  <testsuite name="ChartsController test get_worksheet_charts test" tests="1" errors="0" failures="0" skipped="0" timestamp="2024-02-22T09:57:49" time="1.658">
    <testcase classname="ChartsController test get_worksheet_charts test" name="should call GetWorksheetCharts successfully" time="1.657">
    </testcase>
  </testsuite>
  <testsuite name="ChartsController test get_worksheet_chart test" tests="1" errors="0" failures="0" skipped="0" timestamp="2024-02-22T09:57:51" time="0.364">
    <testcase classname="ChartsController test get_worksheet_chart test" name="should call GetWorksheetChart successfully" time="0.363">
    </testcase>
  </testsuite>
  <testsuite name="ChartsController test put_worksheet_chart test" tests="1" errors="0" failures="0" skipped="0" timestamp="2024-02-22T09:57:51" time="0.476">
    <testcase classname="ChartsController test put_worksheet_chart test" name="should call PutWorksheetChart successfully" time="0.474">
    </testcase>
  </testsuite>
  <testsuite name="ChartsController test delete_worksheet_chart test" tests="1" errors="0" failures="0" skipped="0" timestamp="2024-02-22T09:57:52" time="0.519">
    <testcase classname="ChartsController test delete_worksheet_chart test" name="should call DeleteWorksheetChart successfully" time="0.519">
    </testcase>
  </testsuite>
  <testsuite name="ChartsController test post_worksheet_chart test" tests="1" errors="0" failures="0" skipped="0" timestamp="2024-02-22T09:57:52" time="0.56">
    <testcase classname="ChartsController test post_worksheet_chart test" name="should call PostWorksheetChart successfully" time="0.559">
    </testcase>
  </testsuite>
  <testsuite name="ChartsController test get_worksheet_chart_legend test" tests="1" errors="0" failures="0" skipped="0" timestamp="2024-02-22T09:57:53" time="0.306">
    <testcase classname="ChartsController test get_worksheet_chart_legend test" name="should call GetWorksheetChartLegend successfully" time="0.306">
    </testcase>
  </testsuite>
  <testsuite name="ChartsController test post_worksheet_chart_legend test" tests="1" errors="0" failures="0" skipped="0" timestamp="2024-02-22T09:57:53" time="0.943">
    <testcase classname="ChartsController test post_worksheet_chart_legend test" name="should call PostWorksheetChartLegend successfully" time="0.942">
    </testcase>
  </testsuite>
  <testsuite name="ChartsController test put_worksheet_chart_legend test" tests="1" errors="0" failures="0" skipped="0" timestamp="2024-02-22T09:57:54" time="0.505">
    <testcase classname="ChartsController test put_worksheet_chart_legend test" name="should call PutWorksheetChartLegend successfully" time="0.503">
    </testcase>
  </testsuite>
  <testsuite name="ChartsController test delete_worksheet_chart_legend test" tests="1" errors="0" failures="0" skipped="0" timestamp="2024-02-22T09:57:55" time="0.477">
    <testcase classname="ChartsController test delete_worksheet_chart_legend test" name="should call DeleteWorksheetChartLegend successfully" time="0.477">
    </testcase>
  </testsuite>
  <testsuite name="ChartsController test delete_worksheet_charts test" tests="1" errors="0" failures="0" skipped="0" timestamp="2024-02-22T09:57:55" time="0.585">
    <testcase classname="ChartsController test delete_worksheet_charts test" name="should call DeleteWorksheetCharts successfully" time="0.585">
    </testcase>
  </testsuite>
  <testsuite name="ChartsController test get_worksheet_chart_title test" tests="1" errors="0" failures="0" skipped="0" timestamp="2024-02-22T09:57:56" time="0.299">
    <testcase classname="ChartsController test get_worksheet_chart_title test" name="should call GetWorksheetChartTitle successfully" time="0.299">
    </testcase>
  </testsuite>
  <testsuite name="ChartsController test post_worksheet_chart_title test" tests="1" errors="0" failures="0" skipped="0" timestamp="2024-02-22T09:57:56" time="0.48">
    <testcase classname="ChartsController test post_worksheet_chart_title test" name="should call PostWorksheetChartTitle successfully" time="0.479">
    </testcase>
  </testsuite>
  <testsuite name="ChartsController test put_worksheet_chart_title test" tests="1" errors="0" failures="0" skipped="0" timestamp="2024-02-22T09:57:56" time="0.531">
    <testcase classname="ChartsController test put_worksheet_chart_title test" name="should call PutWorksheetChartTitle successfully" time="0.531">
    </testcase>
  </testsuite>
  <testsuite name="ChartsController test delete_worksheet_chart_title test" tests="1" errors="0" failures="0" skipped="0" timestamp="2024-02-22T09:57:57" time="0.989">
    <testcase classname="ChartsController test delete_worksheet_chart_title test" name="should call DeleteWorksheetChartTitle successfully" time="0.988">
    </testcase>
  </testsuite>
  <testsuite name="ConditionalFormattingsController test get_worksheet_conditional_formattings test" tests="1" errors="0" failures="0" skipped="0" timestamp="2024-02-22T09:57:58" time="1.16">
    <testcase classname="ConditionalFormattingsController test get_worksheet_conditional_formattings test" name="should call GetWorksheetConditionalFormattings successfully" time="1.157">
    </testcase>
  </testsuite>
  <testsuite name="ConditionalFormattingsController test get_worksheet_conditional_formatting test" tests="1" errors="0" failures="0" skipped="0" timestamp="2024-02-22T09:57:59" time="0.362">
    <testcase classname="ConditionalFormattingsController test get_worksheet_conditional_formatting test" name="should call GetWorksheetConditionalFormatting successfully" time="0.362">
    </testcase>
  </testsuite>
  <testsuite name="ConditionalFormattingsController test put_worksheet_conditional_formatting test" tests="1" errors="0" failures="0" skipped="0" timestamp="2024-02-22T09:57:59" time="0.506">
    <testcase classname="ConditionalFormattingsController test put_worksheet_conditional_formatting test" name="should call PutWorksheetConditionalFormatting successfully" time="0.504">
    </testcase>
  </testsuite>
  <testsuite name="ConditionalFormattingsController test put_worksheet_format_condition test" tests="1" errors="0" failures="0" skipped="0" timestamp="2024-02-22T09:58:00" time="0.476">
    <testcase classname="ConditionalFormattingsController test put_worksheet_format_condition test" name="should call PutWorksheetFormatCondition successfully" time="0.476">
    </testcase>
  </testsuite>
  <testsuite name="ConditionalFormattingsController test put_worksheet_format_condition_area test" tests="1" errors="0" failures="0" skipped="0" timestamp="2024-02-22T09:58:00" time="0.917">
    <testcase classname="ConditionalFormattingsController test put_worksheet_format_condition_area test" name="should call PutWorksheetFormatConditionArea successfully" time="0.915">
    </testcase>
  </testsuite>
  <testsuite name="ConditionalFormattingsController test put_worksheet_format_condition_condition test" tests="1" errors="0" failures="0" skipped="0" timestamp="2024-02-22T09:58:01" time="0.475">
    <testcase classname="ConditionalFormattingsController test put_worksheet_format_condition_condition test" name="should call PutWorksheetFormatConditionCondition successfully" time="0.474">
    </testcase>
  </testsuite>
  <testsuite name="ConditionalFormattingsController test delete_worksheet_conditional_formattings test" tests="1" errors="0" failures="0" skipped="0" timestamp="2024-02-22T09:58:02" time="0.458">
    <testcase classname="ConditionalFormattingsController test delete_worksheet_conditional_formattings test" name="should call DeleteWorksheetConditionalFormattings successfully" time="0.457">
    </testcase>
  </testsuite>
  <testsuite name="ConditionalFormattingsController test delete_worksheet_conditional_formatting test" tests="1" errors="0" failures="0" skipped="0" timestamp="2024-02-22T09:58:02" time="0.457">
    <testcase classname="ConditionalFormattingsController test delete_worksheet_conditional_formatting test" name="should call DeleteWorksheetConditionalFormatting successfully" time="0.456">
    </testcase>
  </testsuite>
  <testsuite name="ConditionalFormattingsController test delete_worksheet_conditional_formatting_area test" tests="1" errors="0" failures="0" skipped="0" timestamp="2024-02-22T09:58:03" time="0.439">
    <testcase classname="ConditionalFormattingsController test delete_worksheet_conditional_formatting_area test" name="should call DeleteWorksheetConditionalFormattingArea successfully" time="0.437">
    </testcase>
  </testsuite>
  <testsuite name="FileController test download_file test" tests="1" errors="0" failures="0" skipped="0" timestamp="2024-02-22T09:58:03" time="3.429">
    <testcase classname="FileController test download_file test" name="should call DownloadFile successfully" time="3.428">
    </testcase>
  </testsuite>
  <testsuite name="FileController test upload_file test" tests="1" errors="0" failures="0" skipped="0" timestamp="2024-02-22T09:58:07" time="1.145">
    <testcase classname="FileController test upload_file test" name="should call UploadFile successfully" time="1.144">
    </testcase>
  </testsuite>
  <testsuite name="FileController test copy_file test" tests="1" errors="0" failures="0" skipped="0" timestamp="2024-02-22T09:58:08" time="0.356">
    <testcase classname="FileController test copy_file test" name="should call CopyFile successfully" time="0.355">
    </testcase>
  </testsuite>
  <testsuite name="FileController test move_file test" tests="1" errors="0" failures="0" skipped="0" timestamp="2024-02-22T09:58:08" time="0.594">
    <testcase classname="FileController test move_file test" name="should call MoveFile successfully" time="0.593">
    </testcase>
  </testsuite>
  <testsuite name="FileController test delete_file test" tests="1" errors="0" failures="0" skipped="0" timestamp="2024-02-22T09:58:09" time="0.76">
    <testcase classname="FileController test delete_file test" name="should call DeleteFile successfully" time="0.758">
    </testcase>
  </testsuite>
  <testsuite name="FolderController test get_files_list test" tests="1" errors="0" failures="0" skipped="0" timestamp="2024-02-22T09:58:09" time="0.701">
    <testcase classname="FolderController test get_files_list test" name="should call GetFilesList successfully" time="0.701">
    </testcase>
  </testsuite>
  <testsuite name="FolderController test create_folder test" tests="1" errors="0" failures="0" skipped="0" timestamp="2024-02-22T09:58:10" time="0.295">
    <testcase classname="FolderController test create_folder test" name="should call CreateFolder successfully" time="0.294">
    </testcase>
  </testsuite>
  <testsuite name="FolderController test copy_folder test" tests="1" errors="0" failures="0" skipped="0" timestamp="2024-02-22T09:58:10" time="2.03">
    <testcase classname="FolderController test copy_folder test" name="should call CopyFolder successfully" time="2.028">
    </testcase>
  </testsuite>
  <testsuite name="FolderController test move_folder test" tests="1" errors="0" failures="0" skipped="0" timestamp="2024-02-22T09:58:13" time="1.889">
    <testcase classname="FolderController test move_folder test" name="should call MoveFolder successfully" time="1.889">
    </testcase>
  </testsuite>
  <testsuite name="FolderController test delete_folder test" tests="1" errors="0" failures="0" skipped="0" timestamp="2024-02-22T09:58:14" time="0.288">
    <testcase classname="FolderController test delete_folder test" name="should call DeleteFolder successfully" time="0.286">
    </testcase>
  </testsuite>
  <testsuite name="HypelinksController test get_worksheet_hyperlinks test" tests="1" errors="0" failures="0" skipped="0" timestamp="2024-02-22T09:58:15" time="0.877">
    <testcase classname="HypelinksController test get_worksheet_hyperlinks test" name="should call GetWorksheetHyperlinks successfully" time="0.876">
    </testcase>
  </testsuite>
  <testsuite name="HypelinksController test get_worksheet_hyperlink test" tests="1" errors="0" failures="0" skipped="0" timestamp="2024-02-22T09:58:16" time="0.325">
    <testcase classname="HypelinksController test get_worksheet_hyperlink test" name="should call GetWorksheetHyperlink successfully" time="0.324">
    </testcase>
  </testsuite>
  <testsuite name="HypelinksController test delete_worksheet_hyperlink test" tests="1" errors="0" failures="0" skipped="0" timestamp="2024-02-22T09:58:16" time="0.585">
    <testcase classname="HypelinksController test delete_worksheet_hyperlink test" name="should call DeleteWorksheetHyperlink successfully" time="0.57">
    </testcase>
  </testsuite>
  <testsuite name="HypelinksController test post_worksheet_hyperlink test" tests="1" errors="0" failures="0" skipped="0" timestamp="2024-02-22T09:58:16" time="0.423">
    <testcase classname="HypelinksController test post_worksheet_hyperlink test" name="should call PostWorksheetHyperlink successfully" time="0.418">
    </testcase>
  </testsuite>
  <testsuite name="HypelinksController test put_worksheet_hyperlink test" tests="1" errors="0" failures="0" skipped="0" timestamp="2024-02-22T09:58:17" time="0.476">
    <testcase classname="HypelinksController test put_worksheet_hyperlink test" name="should call PutWorksheetHyperlink successfully" time="0.474">
    </testcase>
  </testsuite>
  <testsuite name="HypelinksController test delete_worksheet_hyperlinks test" tests="1" errors="0" failures="0" skipped="0" timestamp="2024-02-22T09:58:17" time="0.516">
    <testcase classname="HypelinksController test delete_worksheet_hyperlinks test" name="should call DeleteWorksheetHyperlinks successfully" time="0.512">
    </testcase>
  </testsuite>
  <testsuite name="ListObjectsController test get_worksheet_list_objects test" tests="1" errors="0" failures="0" skipped="0" timestamp="2024-02-22T09:58:18" time="0.622">
    <testcase classname="ListObjectsController test get_worksheet_list_objects test" name="should call GetWorksheetListObjects successfully" time="0.621">
    </testcase>
  </testsuite>
  <testsuite name="ListObjectsController test get_worksheet_list_object test" tests="1" errors="0" failures="0" skipped="0" timestamp="2024-02-22T09:58:19" time="1.349">
    <testcase classname="ListObjectsController test get_worksheet_list_object test" name="should call GetWorksheetListObject successfully" time="1.347">
    </testcase>
  </testsuite>
  <testsuite name="ListObjectsController test put_worksheet_list_object test" tests="1" errors="0" failures="0" skipped="0" timestamp="2024-02-22T09:58:20" time="0.455">
    <testcase classname="ListObjectsController test put_worksheet_list_object test" name="should call PutWorksheetListObject successfully" time="0.453">
    </testcase>
  </testsuite>
  <testsuite name="ListObjectsController test delete_worksheet_list_objects test" tests="1" errors="0" failures="0" skipped="0" timestamp="2024-02-22T09:58:20" time="0.585">
    <testcase classname="ListObjectsController test delete_worksheet_list_objects test" name="should call DeleteWorksheetListObjects successfully" time="0.583">
    </testcase>
  </testsuite>
  <testsuite name="ListObjectsController test delete_worksheet_list_object test" tests="1" errors="0" failures="0" skipped="0" timestamp="2024-02-22T09:58:21" time="0.572">
    <testcase classname="ListObjectsController test delete_worksheet_list_object test" name="should call DeleteWorksheetListObject successfully" time="0.57">
    </testcase>
  </testsuite>
  <testsuite name="ListObjectsController test post_worksheet_list_object test" tests="1" errors="0" failures="0" skipped="0" timestamp="2024-02-22T09:58:21" time="0.455">
    <testcase classname="ListObjectsController test post_worksheet_list_object test" name="should call PostWorksheetListObject successfully" time="0.453">
    </testcase>
  </testsuite>
  <testsuite name="ListObjectsController test post_worksheet_list_object_convert_to_range test" tests="1" errors="0" failures="0" skipped="0" timestamp="2024-02-22T09:58:22" time="0.469">
    <testcase classname="ListObjectsController test post_worksheet_list_object_convert_to_range test" name="should call PostWorksheetListObjectConvertToRange successfully" time="0.466">
    </testcase>
  </testsuite>
  <testsuite name="ListObjectsController test post_worksheet_list_object_summarize_with_pivot_table test" tests="1" errors="0" failures="0" skipped="0" timestamp="2024-02-22T09:58:22" time="0.461">
    <testcase classname="ListObjectsController test post_worksheet_list_object_summarize_with_pivot_table test" name="should call PostWorksheetListObjectSummarizeWithPivotTable successfully" time="0.46">
    </testcase>
  </testsuite>
  <testsuite name="ListObjectsController test post_worksheet_list_object_sort_table test" tests="1" errors="0" failures="0" skipped="0" timestamp="2024-02-22T09:58:23" time="0.466">
    <testcase classname="ListObjectsController test post_worksheet_list_object_sort_table test" name="should call PostWorksheetListObjectSortTable successfully" time="0.463">
    </testcase>
  </testsuite>
  <testsuite name="ListObjectsController test post_worksheet_list_column test" tests="1" errors="0" failures="0" skipped="0" timestamp="2024-02-22T09:58:23" time="1.088">
    <testcase classname="ListObjectsController test post_worksheet_list_column test" name="should call PostWorksheetListColumn successfully" time="1.086">
    </testcase>
  </testsuite>
  <testsuite name="ListObjectsController test post_worksheet_list_columns_total test" tests="1" errors="0" failures="0" skipped="0" timestamp="2024-02-22T09:58:24" time="0.507">
    <testcase classname="ListObjectsController test post_worksheet_list_columns_total test" name="should call PostWorksheetListColumnsTotal successfully" time="0.507">
    </testcase>
  </testsuite>
  <testsuite name="ListObjectsController test post_worksheet_list_object_remove_duplicates test" tests="1" errors="0" failures="0" skipped="0" timestamp="2024-02-22T09:58:25" time="0.345">
    <testcase classname="ListObjectsController test post_worksheet_list_object_remove_duplicates test" name="should call PostWorksheetListObjectRemoveDuplicates successfully" time="0.344">
    </testcase>
  </testsuite>
  <testsuite name="ListObjectsController test post_worksheet_list_object_insert_slicer test" tests="1" errors="0" failures="0" skipped="0" timestamp="2024-02-22T09:58:25" time="0.396">
    <testcase classname="ListObjectsController test post_worksheet_list_object_insert_slicer test" name="should call PostWorksheetListObjectInsertSlicer successfully" time="0.393">
    </testcase>
  </testsuite>
  <testsuite name="OleObjectsController test get_worksheet_ole_objects test" tests="1" errors="0" failures="0" skipped="0" timestamp="2024-02-22T09:58:26" time="0.623">
    <testcase classname="OleObjectsController test get_worksheet_ole_objects test" name="should call GetWorksheetOleObjects successfully" time="0.62">
    </testcase>
  </testsuite>
  <testsuite name="OleObjectsController test get_worksheet_ole_object test" tests="1" errors="0" failures="0" skipped="0" timestamp="2024-02-22T09:58:26" time="0.361">
    <testcase classname="OleObjectsController test get_worksheet_ole_object test" name="should call GetWorksheetOleObject successfully" time="0.361">
    </testcase>
  </testsuite>
  <testsuite name="OleObjectsController test delete_worksheet_ole_objects test" tests="1" errors="0" failures="0" skipped="0" timestamp="2024-02-22T09:58:27" time="0.433">
    <testcase classname="OleObjectsController test delete_worksheet_ole_objects test" name="should call DeleteWorksheetOleObjects successfully" time="0.431">
    </testcase>
  </testsuite>
  <testsuite name="OleObjectsController test delete_worksheet_ole_object test" tests="1" errors="0" failures="0" skipped="0" timestamp="2024-02-22T09:58:27" time="0.392">
    <testcase classname="OleObjectsController test delete_worksheet_ole_object test" name="should call DeleteWorksheetOleObject successfully" time="0.391">
    </testcase>
  </testsuite>
  <testsuite name="OleObjectsController test post_update_worksheet_ole_object test" tests="1" errors="0" failures="0" skipped="0" timestamp="2024-02-22T09:58:27" time="0.422">
    <testcase classname="OleObjectsController test post_update_worksheet_ole_object test" name="should call PostUpdateWorksheetOleObject successfully" time="0.421">
    </testcase>
  </testsuite>
  <testsuite name="OleObjectsController test put_worksheet_ole_object test" tests="1" errors="0" failures="0" skipped="0" timestamp="2024-02-22T09:58:28" time="0.614">
    <testcase classname="OleObjectsController test put_worksheet_ole_object test" name="should call PutWorksheetOleObject successfully" time="0.61">
    </testcase>
  </testsuite>
  <testsuite name="PageBreaksController test get_vertical_page_breaks test" tests="1" errors="0" failures="0" skipped="0" timestamp="2024-02-22T09:58:29" time="0.645">
    <testcase classname="PageBreaksController test get_vertical_page_breaks test" name="should call GetVerticalPageBreaks successfully" time="0.643">
    </testcase>
  </testsuite>
  <testsuite name="PageBreaksController test get_horizontal_page_breaks test" tests="1" errors="0" failures="0" skipped="0" timestamp="2024-02-22T09:58:29" time="0.792">
    <testcase classname="PageBreaksController test get_horizontal_page_breaks test" name="should call GetHorizontalPageBreaks successfully" time="0.791">
    </testcase>
  </testsuite>
  <testsuite name="PageBreaksController test get_vertical_page_break test" tests="1" errors="0" failures="0" skipped="0" timestamp="2024-02-22T09:58:30" time="0.306">
    <testcase classname="PageBreaksController test get_vertical_page_break test" name="should call GetVerticalPageBreak successfully" time="0.303">
    </testcase>
  </testsuite>
  <testsuite name="PageBreaksController test get_horizontal_page_break test" tests="1" errors="0" failures="0" skipped="0" timestamp="2024-02-22T09:58:30" time="0.303">
    <testcase classname="PageBreaksController test get_horizontal_page_break test" name="should call GetHorizontalPageBreak successfully" time="0.303">
    </testcase>
  </testsuite>
  <testsuite name="PageBreaksController test put_vertical_page_break test" tests="1" errors="0" failures="0" skipped="0" timestamp="2024-02-22T09:58:31" time="0.439">
    <testcase classname="PageBreaksController test put_vertical_page_break test" name="should call PutVerticalPageBreak successfully" time="0.438">
    </testcase>
  </testsuite>
  <testsuite name="PageBreaksController test put_horizontal_page_break test" tests="1" errors="0" failures="0" skipped="0" timestamp="2024-02-22T09:58:31" time="0.459">
    <testcase classname="PageBreaksController test put_horizontal_page_break test" name="should call PutHorizontalPageBreak successfully" time="0.459">
    </testcase>
  </testsuite>
  <testsuite name="PageBreaksController test delete_vertical_page_breaks test" tests="1" errors="0" failures="0" skipped="0" timestamp="2024-02-22T09:58:31" time="0.473">
    <testcase classname="PageBreaksController test delete_vertical_page_breaks test" name="should call DeleteVerticalPageBreaks successfully" time="0.472">
    </testcase>
  </testsuite>
  <testsuite name="PageBreaksController test delete_horizontal_page_breaks test" tests="1" errors="0" failures="0" skipped="0" timestamp="2024-02-22T09:58:32" time="0.459">
    <testcase classname="PageBreaksController test delete_horizontal_page_breaks test" name="should call DeleteHorizontalPageBreaks successfully" time="0.458">
    </testcase>
  </testsuite>
  <testsuite name="PageBreaksController test delete_vertical_page_break test" tests="1" errors="0" failures="0" skipped="0" timestamp="2024-02-22T09:58:32" time="0.481">
    <testcase classname="PageBreaksController test delete_vertical_page_break test" name="should call DeleteVerticalPageBreak successfully" time="0.48">
    </testcase>
  </testsuite>
  <testsuite name="PageBreaksController test delete_horizontal_page_break test" tests="1" errors="0" failures="0" skipped="0" timestamp="2024-02-22T09:58:33" time="0.513">
    <testcase classname="PageBreaksController test delete_horizontal_page_break test" name="should call DeleteHorizontalPageBreak successfully" time="0.512">
    </testcase>
  </testsuite>
  <testsuite name="PageSetupController test get_page_setup test" tests="1" errors="0" failures="0" skipped="0" timestamp="2024-02-22T09:58:33" time="0.609">
    <testcase classname="PageSetupController test get_page_setup test" name="should call GetPageSetup successfully" time="0.608">
    </testcase>
  </testsuite>
  <testsuite name="PageSetupController test post_page_setup test" tests="1" errors="0" failures="0" skipped="0" timestamp="2024-02-22T09:58:34" time="0.474">
    <testcase classname="PageSetupController test post_page_setup test" name="should call PostPageSetup successfully" time="0.473">
    </testcase>
  </testsuite>
  <testsuite name="PageSetupController test delete_header_footer test" tests="1" errors="0" failures="0" skipped="0" timestamp="2024-02-22T09:58:34" time="0.531">
    <testcase classname="PageSetupController test delete_header_footer test" name="should call DeleteHeaderFooter successfully" time="0.53">
    </testcase>
  </testsuite>
  <testsuite name="PageSetupController test get_header test" tests="1" errors="0" failures="0" skipped="0" timestamp="2024-02-22T09:58:35" time="0.37">
    <testcase classname="PageSetupController test get_header test" name="should call GetHeader successfully" time="0.368">
    </testcase>
  </testsuite>
  <testsuite name="PageSetupController test post_header test" tests="1" errors="0" failures="0" skipped="0" timestamp="2024-02-22T09:58:35" time="0.588">
    <testcase classname="PageSetupController test post_header test" name="should call PostHeader successfully" time="0.587">
    </testcase>
  </testsuite>
  <testsuite name="PageSetupController test get_footer test" tests="1" errors="0" failures="0" skipped="0" timestamp="2024-02-22T09:58:36" time="0.305">
    <testcase classname="PageSetupController test get_footer test" name="should call GetFooter successfully" time="0.303">
    </testcase>
  </testsuite>
  <testsuite name="PageSetupController test post_footer test" tests="1" errors="0" failures="0" skipped="0" timestamp="2024-02-22T09:58:36" time="0.533">
    <testcase classname="PageSetupController test post_footer test" name="should call PostFooter successfully" time="0.532">
    </testcase>
  </testsuite>
  <testsuite name="PageSetupController test post_fit_wide_to_pages test" tests="1" errors="0" failures="0" skipped="0" timestamp="2024-02-22T09:58:37" time="0.583">
    <testcase classname="PageSetupController test post_fit_wide_to_pages test" name="should call PostFitWideToPages successfully" time="0.582">
    </testcase>
  </testsuite>
  <testsuite name="PageSetupController test post_fit_tall_to_pages test" tests="1" errors="0" failures="0" skipped="0" timestamp="2024-02-22T09:58:37" time="1.182">
    <testcase classname="PageSetupController test post_fit_tall_to_pages test" name="should call PostFitTallToPages successfully" time="1.181">
    </testcase>
  </testsuite>
  <testsuite name="PicturesController test get_worksheet_pictures test" tests="1" errors="0" failures="0" skipped="0" timestamp="2024-02-22T09:58:39" time="1.158">
    <testcase classname="PicturesController test get_worksheet_pictures test" name="should call GetWorksheetPictures successfully" time="1.157">
    </testcase>
  </testsuite>
  <testsuite name="PicturesController test get_worksheet_picture_with_format test" tests="1" errors="0" failures="0" skipped="0" timestamp="2024-02-22T09:58:40" time="0.849">
    <testcase classname="PicturesController test get_worksheet_picture_with_format test" name="should call GetWorksheetPictureWithFormat successfully" time="0.849">
    </testcase>
  </testsuite>
  <testsuite name="PicturesController test put_worksheet_add_picture test" tests="1" errors="0" failures="0" skipped="0" timestamp="2024-02-22T09:58:41" time="0.514">
    <testcase classname="PicturesController test put_worksheet_add_picture test" name="should call PutWorksheetAddPicture successfully" time="0.513">
    </testcase>
  </testsuite>
  <testsuite name="PicturesController test post_worksheet_picture test" tests="1" errors="0" failures="0" skipped="0" timestamp="2024-02-22T09:58:41" time="0.482">
    <testcase classname="PicturesController test post_worksheet_picture test" name="should call PostWorksheetPicture successfully" time="0.48">
    </testcase>
  </testsuite>
  <testsuite name="PicturesController test delete_worksheet_picture test" tests="1" errors="0" failures="0" skipped="0" timestamp="2024-02-22T09:58:42" time="0.499">
    <testcase classname="PicturesController test delete_worksheet_picture test" name="should call DeleteWorksheetPicture successfully" time="0.499">
    </testcase>
  </testsuite>
  <testsuite name="PicturesController test delete_worksheet_pictures test" tests="1" errors="0" failures="0" skipped="0" timestamp="2024-02-22T09:58:42" time="0.425">
    <testcase classname="PicturesController test delete_worksheet_pictures test" name="should call DeleteWorksheetPictures successfully" time="0.42">
    </testcase>
  </testsuite>
  <testsuite name="PivotTablesController test get_worksheet_pivot_tables test" tests="1" errors="0" failures="0" skipped="0" timestamp="2024-02-22T09:58:43" time="0.639">
    <testcase classname="PivotTablesController test get_worksheet_pivot_tables test" name="should call GetWorksheetPivotTables successfully" time="0.637">
    </testcase>
  </testsuite>
  <testsuite name="PivotTablesController test get_worksheet_pivot_table test" tests="1" errors="0" failures="0" skipped="0" timestamp="2024-02-22T09:58:43" time="0.61">
    <testcase classname="PivotTablesController test get_worksheet_pivot_table test" name="should call GetWorksheetPivotTable successfully" time="0.609">
    </testcase>
  </testsuite>
  <testsuite name="PivotTablesController test get_pivot_table_field test" tests="1" errors="0" failures="0" skipped="0" timestamp="2024-02-22T09:58:44" time="0.297">
    <testcase classname="PivotTablesController test get_pivot_table_field test" name="should call GetPivotTableField successfully" time="0.295">
    </testcase>
  </testsuite>
  <testsuite name="PivotTablesController test get_worksheet_pivot_table_filters test" tests="1" errors="0" failures="0" skipped="0" timestamp="2024-02-22T09:58:44" time="0.286">
    <testcase classname="PivotTablesController test get_worksheet_pivot_table_filters test" name="should call GetWorksheetPivotTableFilters successfully" time="0.285">
    </testcase>
  </testsuite>
  <testsuite name="PivotTablesController test get_worksheet_pivot_table_filter test" tests="1" errors="0" failures="0" skipped="0" timestamp="2024-02-22T09:58:44" time="0.287">
    <testcase classname="PivotTablesController test get_worksheet_pivot_table_filter test" name="should call GetWorksheetPivotTableFilter successfully" time="0.285">
    </testcase>
  </testsuite>
  <testsuite name="PivotTablesController test put_worksheet_pivot_table test" tests="1" errors="0" failures="0" skipped="0" timestamp="2024-02-22T09:58:45" time="0.394">
    <testcase classname="PivotTablesController test put_worksheet_pivot_table test" name="should call PutWorksheetPivotTable successfully" time="0.393">
    </testcase>
  </testsuite>
  <testsuite name="PivotTablesController test put_pivot_table_field test" tests="1" errors="0" failures="0" skipped="0" timestamp="2024-02-22T09:58:45" time="0.372">
    <testcase classname="PivotTablesController test put_pivot_table_field test" name="should call PutPivotTableField successfully" time="0.371">
    </testcase>
  </testsuite>
  <testsuite name="PivotTablesController test put_worksheet_pivot_table_filter test" tests="1" errors="0" failures="0" skipped="0" timestamp="2024-02-22T09:58:45" time="0.376">
    <testcase classname="PivotTablesController test put_worksheet_pivot_table_filter test" name="should call PutWorksheetPivotTableFilter successfully" time="0.374">
    </testcase>
  </testsuite>
  <testsuite name="PivotTablesController test post_pivot_table_field_hide_item test" tests="1" errors="0" failures="0" skipped="0" timestamp="2024-02-22T09:58:46" time="0.433">
    <testcase classname="PivotTablesController test post_pivot_table_field_hide_item test" name="should call PostPivotTableFieldHideItem successfully" time="0.432">
    </testcase>
  </testsuite>
  <testsuite name="PivotTablesController test post_pivot_table_field_move_to test" tests="1" errors="0" failures="0" skipped="0" timestamp="2024-02-22T09:58:46" time="0.393">
    <testcase classname="PivotTablesController test post_pivot_table_field_move_to test" name="should call PostPivotTableFieldMoveTo successfully" time="0.391">
    </testcase>
  </testsuite>
  <testsuite name="PivotTablesController test post_pivot_table_cell_style test" tests="1" errors="0" failures="0" skipped="0" timestamp="2024-02-22T09:58:47" time="0.388">
    <testcase classname="PivotTablesController test post_pivot_table_cell_style test" name="should call PostPivotTableCellStyle successfully" time="0.386">
    </testcase>
  </testsuite>
  <testsuite name="PivotTablesController test post_pivot_table_style test" tests="1" errors="0" failures="0" skipped="0" timestamp="2024-02-22T09:58:47" time="0.434">
    <testcase classname="PivotTablesController test post_pivot_table_style test" name="should call PostPivotTableStyle successfully" time="0.434">
    </testcase>
  </testsuite>
  <testsuite name="PivotTablesController test post_pivot_table_update_pivot_fields test" tests="1" errors="0" failures="0" skipped="0" timestamp="2024-02-22T09:58:47" time="0.505">
    <testcase classname="PivotTablesController test post_pivot_table_update_pivot_fields test" name="should call PostPivotTableUpdatePivotFields successfully" time="0.505">
    </testcase>
  </testsuite>
  <testsuite name="PivotTablesController test post_pivot_table_update_pivot_field test" tests="1" errors="0" failures="0" skipped="0" timestamp="2024-02-22T09:58:48" time="0.401">
    <testcase classname="PivotTablesController test post_pivot_table_update_pivot_field test" name="should call PostPivotTableUpdatePivotField successfully" time="0.399">
    </testcase>
  </testsuite>
  <testsuite name="PivotTablesController test post_worksheet_pivot_table_calculate test" tests="1" errors="0" failures="0" skipped="0" timestamp="2024-02-22T09:58:48" time="0.398">
    <testcase classname="PivotTablesController test post_worksheet_pivot_table_calculate test" name="should call PostWorksheetPivotTableCalculate successfully" time="0.395">
    </testcase>
  </testsuite>
  <testsuite name="PivotTablesController test post_worksheet_pivot_table_move test" tests="1" errors="0" failures="0" skipped="0" timestamp="2024-02-22T09:58:49" time="0.447">
    <testcase classname="PivotTablesController test post_worksheet_pivot_table_move test" name="should call PostWorksheetPivotTableMove successfully" time="0.444">
    </testcase>
  </testsuite>
  <testsuite name="PivotTablesController test delete_worksheet_pivot_tables test" tests="1" errors="0" failures="0" skipped="0" timestamp="2024-02-22T09:58:49" time="0.377">
    <testcase classname="PivotTablesController test delete_worksheet_pivot_tables test" name="should call DeleteWorksheetPivotTables successfully" time="0.376">
    </testcase>
  </testsuite>
  <testsuite name="PivotTablesController test delete_worksheet_pivot_table test" tests="1" errors="0" failures="0" skipped="0" timestamp="2024-02-22T09:58:50" time="0.412">
    <testcase classname="PivotTablesController test delete_worksheet_pivot_table test" name="should call DeleteWorksheetPivotTable successfully" time="0.411">
    </testcase>
  </testsuite>
  <testsuite name="PivotTablesController test delete_pivot_table_field test" tests="1" errors="0" failures="0" skipped="0" timestamp="2024-02-22T09:58:50" time="0.443">
    <testcase classname="PivotTablesController test delete_pivot_table_field test" name="should call DeletePivotTableField successfully" time="0.443">
    </testcase>
  </testsuite>
  <testsuite name="PivotTablesController test delete_worksheet_pivot_table_filters test" tests="1" errors="0" failures="0" skipped="0" timestamp="2024-02-22T09:58:50" time="0.435">
    <testcase classname="PivotTablesController test delete_worksheet_pivot_table_filters test" name="should call DeleteWorksheetPivotTableFilters successfully" time="0.433">
    </testcase>
  </testsuite>
  <testsuite name="PivotTablesController test delete_worksheet_pivot_table_filter test" tests="1" errors="0" failures="0" skipped="0" timestamp="2024-02-22T09:58:51" time="0.423">
    <testcase classname="PivotTablesController test delete_worksheet_pivot_table_filter test" name="should call DeleteWorksheetPivotTableFilter successfully" time="0.422">
    </testcase>
  </testsuite>
  <testsuite name="PropertiesController test get_document_properties test" tests="1" errors="0" failures="0" skipped="0" timestamp="2024-02-22T09:58:51" time="0.616">
    <testcase classname="PropertiesController test get_document_properties test" name="should call GetDocumentProperties successfully" time="0.616">
    </testcase>
  </testsuite>
  <testsuite name="PropertiesController test get_document_property test" tests="1" errors="0" failures="0" skipped="0" timestamp="2024-02-22T09:58:52" time="0.322">
    <testcase classname="PropertiesController test get_document_property test" name="should call GetDocumentProperty successfully" time="0.32">
    </testcase>
  </testsuite>
  <testsuite name="PropertiesController test put_document_property test" tests="1" errors="0" failures="0" skipped="0" timestamp="2024-02-22T09:58:52" time="0.534">
    <testcase classname="PropertiesController test put_document_property test" name="should call PutDocumentProperty successfully" time="0.533">
    </testcase>
  </testsuite>
  <testsuite name="PropertiesController test delete_document_property test" tests="1" errors="0" failures="0" skipped="0" timestamp="2024-02-22T09:58:53" time="0.454">
    <testcase classname="PropertiesController test delete_document_property test" name="should call DeleteDocumentProperty successfully" time="0.453">
    </testcase>
  </testsuite>
  <testsuite name="PropertiesController test delete_document_properties test" tests="1" errors="0" failures="0" skipped="0" timestamp="2024-02-22T09:58:53" time="0.4">
    <testcase classname="PropertiesController test delete_document_properties test" name="should call DeleteDocumentProperties successfully" time="0.398">
    </testcase>
  </testsuite>
  <testsuite name="RangesController test post_worksheet_cells_ranges_copy test" tests="1" errors="0" failures="0" skipped="0" timestamp="2024-02-22T09:58:54" time="0.793">
    <testcase classname="RangesController test post_worksheet_cells_ranges_copy test" name="should call PostWorksheetCellsRangesCopy successfully" time="0.791">
    </testcase>
  </testsuite>
  <testsuite name="RangesController test post_worksheet_cells_range_merge test" tests="1" errors="0" failures="0" skipped="0" timestamp="2024-02-22T09:58:54" time="0.472">
    <testcase classname="RangesController test post_worksheet_cells_range_merge test" name="should call PostWorksheetCellsRangeMerge successfully" time="0.472">
    </testcase>
  </testsuite>
  <testsuite name="RangesController test post_worksheet_cells_range_un_merge test" tests="1" errors="0" failures="0" skipped="0" timestamp="2024-02-22T09:58:55" time="0.48">
    <testcase classname="RangesController test post_worksheet_cells_range_un_merge test" name="should call PostWorksheetCellsRangeUnMerge successfully" time="0.48">
    </testcase>
  </testsuite>
  <testsuite name="RangesController test post_worksheet_cells_range_style test" tests="1" errors="0" failures="0" skipped="0" timestamp="2024-02-22T09:58:55" time="0.485">
    <testcase classname="RangesController test post_worksheet_cells_range_style test" name="should call PostWorksheetCellsRangeStyle successfully" time="0.483">
    </testcase>
  </testsuite>
  <testsuite name="RangesController test get_worksheet_cells_range_value test" tests="1" errors="0" failures="0" skipped="0" timestamp="2024-02-22T09:58:56" time="0.554">
    <testcase classname="RangesController test get_worksheet_cells_range_value test" name="should call GetWorksheetCellsRangeValue successfully" time="0.553">
    </testcase>
  </testsuite>
  <testsuite name="RangesController test post_worksheet_cells_range_value test" tests="1" errors="0" failures="0" skipped="0" timestamp="2024-02-22T09:58:56" time="0.537">
    <testcase classname="RangesController test post_worksheet_cells_range_value test" name="should call PostWorksheetCellsRangeValue successfully" time="0.531">
    </testcase>
  </testsuite>
  <testsuite name="RangesController test post_worksheet_cells_range_move_to test" tests="1" errors="0" failures="0" skipped="0" timestamp="2024-02-22T09:58:57" time="0.461">
    <testcase classname="RangesController test post_worksheet_cells_range_move_to test" name="should call PostWorksheetCellsRangeMoveTo successfully" time="0.46">
    </testcase>
  </testsuite>
  <testsuite name="RangesController test post_worksheet_cells_range_outline_border test" tests="1" errors="0" failures="0" skipped="0" timestamp="2024-02-22T09:58:57" time="0.572">
    <testcase classname="RangesController test post_worksheet_cells_range_outline_border test" name="should call PostWorksheetCellsRangeOutlineBorder successfully" time="0.568">
    </testcase>
  </testsuite>
  <testsuite name="RangesController test post_worksheet_cells_range_column_width test" tests="1" errors="0" failures="0" skipped="0" timestamp="2024-02-22T09:58:58" time="0.482">
    <testcase classname="RangesController test post_worksheet_cells_range_column_width test" name="should call PostWorksheetCellsRangeColumnWidth successfully" time="0.48">
    </testcase>
  </testsuite>
  <testsuite name="RangesController test post_worksheet_cells_range_row_height test" tests="1" errors="0" failures="0" skipped="0" timestamp="2024-02-22T09:58:58" time="0.487">
    <testcase classname="RangesController test post_worksheet_cells_range_row_height test" name="should call PostWorksheetCellsRangeRowHeight successfully" time="0.486">
    </testcase>
  </testsuite>
  <testsuite name="RangesController test put_worksheet_cells_range test" tests="1" errors="0" failures="0" skipped="0" timestamp="2024-02-22T09:58:59" time="0.446">
    <testcase classname="RangesController test put_worksheet_cells_range test" name="should call PutWorksheetCellsRange successfully" time="0.445">
    </testcase>
  </testsuite>
  <testsuite name="RangesController test delete_worksheet_cells_range test" tests="1" errors="0" failures="0" skipped="0" timestamp="2024-02-22T09:58:59" time="0.439">
    <testcase classname="RangesController test delete_worksheet_cells_range test" name="should call DeleteWorksheetCellsRange successfully" time="0.438">
    </testcase>
  </testsuite>
  <testsuite name="RangesController test post_worksheet_cells_range_sort test" tests="1" errors="0" failures="0" skipped="0" timestamp="2024-02-22T09:59:00" time="0.357">
    <testcase classname="RangesController test post_worksheet_cells_range_sort test" name="should call PostWorksheetCellsRangeSort successfully" time="0.355">
    </testcase>
  </testsuite>
  <testsuite name="ShapesController test get_worksheet_shapes test" tests="1" errors="0" failures="0" skipped="0" timestamp="2024-02-22T09:59:00" time="0.662">
    <testcase classname="ShapesController test get_worksheet_shapes test" name="should call GetWorksheetShapes successfully" time="0.661">
    </testcase>
  </testsuite>
  <testsuite name="ShapesController test get_worksheet_shape test" tests="1" errors="0" failures="0" skipped="0" timestamp="2024-02-22T09:59:01" time="0.322">
    <testcase classname="ShapesController test get_worksheet_shape test" name="should call GetWorksheetShape successfully" time="0.32">
    </testcase>
  </testsuite>
  <testsuite name="ShapesController test put_worksheet_shape test" tests="1" errors="0" failures="0" skipped="0" timestamp="2024-02-22T09:59:01" time="0.721">
    <testcase classname="ShapesController test put_worksheet_shape test" name="should call PutWorksheetShape successfully" time="0.72">
    </testcase>
  </testsuite>
  <testsuite name="ShapesController test delete_worksheet_shapes test" tests="1" errors="0" failures="0" skipped="0" timestamp="2024-02-22T09:59:02" time="1.311">
    <testcase classname="ShapesController test delete_worksheet_shapes test" name="should call DeleteWorksheetShapes successfully" time="1.31">
    </testcase>
  </testsuite>
  <testsuite name="ShapesController test delete_worksheet_shape test" tests="1" errors="0" failures="1" skipped="0" timestamp="2024-02-22T09:59:03" time="0.367">
    <testcase classname="ShapesController test delete_worksheet_shape test" name="should call DeleteWorksheetShape successfully" time="0.361">
      <failure message="the object {
  &quot;code&quot;: 400
  &quot;message&quot;: [undefined]
} was thrown, throw an Error :)"></failure>
    </testcase>
  </testsuite>
  <testsuite name="ShapesController test post_worksheet_shape test" tests="1" errors="0" failures="0" skipped="0" timestamp="2024-02-22T09:59:04" time="0.493">
    <testcase classname="ShapesController test post_worksheet_shape test" name="should call PostWorksheetShape successfully" time="0.491">
    </testcase>
  </testsuite>
  <testsuite name="ShapesController test post_worksheet_group_shape test" tests="1" errors="0" failures="0" skipped="0" timestamp="2024-02-22T09:59:04" time="0.445">
    <testcase classname="ShapesController test post_worksheet_group_shape test" name="should call PostWorksheetGroupShape successfully" time="0.445">
    </testcase>
  </testsuite>
  <testsuite name="ShapesController test post_worksheet_ungroup_shape test" tests="1" errors="0" failures="0" skipped="0" timestamp="2024-02-22T09:59:05" time="0.977">
    <testcase classname="ShapesController test post_worksheet_ungroup_shape test" name="should call PostWorksheetUngroupShape successfully" time="0.973">
    </testcase>
  </testsuite>
  <testsuite name="SparklineGroupsController test get_worksheet_sparkline_groups test" tests="1" errors="0" failures="0" skipped="0" timestamp="2024-02-22T09:59:06" time="1.598">
    <testcase classname="SparklineGroupsController test get_worksheet_sparkline_groups test" name="should call GetWorksheetSparklineGroups successfully" time="1.597">
    </testcase>
  </testsuite>
  <testsuite name="SparklineGroupsController test get_worksheet_sparkline_group test" tests="1" errors="0" failures="0" skipped="0" timestamp="2024-02-22T09:59:07" time="1.032">
    <testcase classname="SparklineGroupsController test get_worksheet_sparkline_group test" name="should call GetWorksheetSparklineGroup successfully" time="1.03">
    </testcase>
  </testsuite>
  <testsuite name="SparklineGroupsController test delete_worksheet_sparkline_groups test" tests="1" errors="0" failures="0" skipped="0" timestamp="2024-02-22T09:59:08" time="0.414">
    <testcase classname="SparklineGroupsController test delete_worksheet_sparkline_groups test" name="should call DeleteWorksheetSparklineGroups successfully" time="0.413">
    </testcase>
  </testsuite>
  <testsuite name="SparklineGroupsController test delete_worksheet_sparkline_group test" tests="1" errors="0" failures="0" skipped="0" timestamp="2024-02-22T09:59:09" time="0.382">
    <testcase classname="SparklineGroupsController test delete_worksheet_sparkline_group test" name="should call DeleteWorksheetSparklineGroup successfully" time="0.381">
    </testcase>
  </testsuite>
  <testsuite name="SparklineGroupsController test put_worksheet_sparkline_group test" tests="1" errors="0" failures="0" skipped="0" timestamp="2024-02-22T09:59:09" time="0.372">
    <testcase classname="SparklineGroupsController test put_worksheet_sparkline_group test" name="should call PutWorksheetSparklineGroup successfully" time="0.372">
    </testcase>
  </testsuite>
  <testsuite name="SparklineGroupsController test post_worksheet_sparkline_group test" tests="1" errors="0" failures="0" skipped="0" timestamp="2024-02-22T09:59:09" time="0.398">
    <testcase classname="SparklineGroupsController test post_worksheet_sparkline_group test" name="should call PostWorksheetSparklineGroup successfully" time="0.398">
    </testcase>
  </testsuite>
  <testsuite name="StorageController test storage_exists test" tests="1" errors="0" failures="0" skipped="0" timestamp="2024-02-22T09:59:10" time="0.647">
    <testcase classname="StorageController test storage_exists test" name="should call StorageExists successfully" time="0.646">
    </testcase>
  </testsuite>
  <testsuite name="StorageController test object_exists test" tests="1" errors="0" failures="0" skipped="0" timestamp="2024-02-22T09:59:10" time="0.307">
    <testcase classname="StorageController test object_exists test" name="should call ObjectExists successfully" time="0.305">
    </testcase>
  </testsuite>
  <testsuite name="StorageController test get_disc_usage test" tests="1" errors="0" failures="0" skipped="0" timestamp="2024-02-22T09:59:11" time="0.573">
    <testcase classname="StorageController test get_disc_usage test" name="should call GetDiscUsage successfully" time="0.571">
    </testcase>
  </testsuite>
  <testsuite name="StorageController test get_file_versions test" tests="1" errors="0" failures="0" skipped="0" timestamp="2024-02-22T09:59:11" time="0.366">
    <testcase classname="StorageController test get_file_versions test" name="should call GetFileVersions successfully" time="0.366">
    </testcase>
  </testsuite>
  <testsuite name="WorkbookController test post_digital_signature test" tests="1" errors="0" failures="0" skipped="0" timestamp="2024-02-22T09:59:12" time="1.353">
    <testcase classname="WorkbookController test post_digital_signature test" name="should call PostDigitalSignature successfully" time="1.352">
    </testcase>
  </testsuite>
  <testsuite name="WorkbookController test post_encrypt_workbook test" tests="1" errors="0" failures="0" skipped="0" timestamp="2024-02-22T09:59:13" time="0.557">
    <testcase classname="WorkbookController test post_encrypt_workbook test" name="should call PostEncryptWorkbook successfully" time="0.556">
    </testcase>
  </testsuite>
  <testsuite name="WorkbookController test delete_decrypt_workbook test" tests="1" errors="0" failures="0" skipped="0" timestamp="2024-02-22T09:59:14" time="0.473">
    <testcase classname="WorkbookController test delete_decrypt_workbook test" name="should call DeleteDecryptWorkbook successfully" time="0.471">
    </testcase>
  </testsuite>
  <testsuite name="WorkbookController test post_protect_workbook test" tests="1" errors="0" failures="0" skipped="0" timestamp="2024-02-22T09:59:14" time="0.534">
    <testcase classname="WorkbookController test post_protect_workbook test" name="should call PostProtectWorkbook successfully" time="0.534">
    </testcase>
  </testsuite>
  <testsuite name="WorkbookController test delete_un_protect_workbook test" tests="1" errors="0" failures="0" skipped="0" timestamp="2024-02-22T09:59:15" time="0.457">
    <testcase classname="WorkbookController test delete_un_protect_workbook test" name="should call DeleteUnProtectWorkbook successfully" time="0.456">
    </testcase>
  </testsuite>
  <testsuite name="WorkbookController test get_workbook_default_style test" tests="1" errors="0" failures="0" skipped="0" timestamp="2024-02-22T09:59:15" time="0.305">
    <testcase classname="WorkbookController test get_workbook_default_style test" name="should call GetWorkbookDefaultStyle successfully" time="0.305">
    </testcase>
  </testsuite>
  <testsuite name="WorkbookController test get_workbook_text_items test" tests="1" errors="0" failures="0" skipped="0" timestamp="2024-02-22T09:59:15" time="0.82">
    <testcase classname="WorkbookController test get_workbook_text_items test" name="should call GetWorkbookTextItems successfully" time="0.818">
    </testcase>
  </testsuite>
  <testsuite name="WorkbookController test get_workbook_names test" tests="1" errors="0" failures="0" skipped="0" timestamp="2024-02-22T09:59:16" time="0.297">
    <testcase classname="WorkbookController test get_workbook_names test" name="should call GetWorkbookNames successfully" time="0.297">
    </testcase>
  </testsuite>
  <testsuite name="WorkbookController test put_workbook_name test" tests="1" errors="0" failures="0" skipped="0" timestamp="2024-02-22T09:59:16" time="0.56">
    <testcase classname="WorkbookController test put_workbook_name test" name="should call PutWorkbookName successfully" time="0.558">
    </testcase>
  </testsuite>
  <testsuite name="WorkbookController test get_workbook_name test" tests="1" errors="0" failures="0" skipped="0" timestamp="2024-02-22T09:59:17" time="0.301">
    <testcase classname="WorkbookController test get_workbook_name test" name="should call GetWorkbookName successfully" time="0.301">
    </testcase>
  </testsuite>
  <testsuite name="WorkbookController test post_workbook_name test" tests="1" errors="0" failures="0" skipped="0" timestamp="2024-02-22T09:59:17" time="0.509">
    <testcase classname="WorkbookController test post_workbook_name test" name="should call PostWorkbookName successfully" time="0.508">
    </testcase>
  </testsuite>
  <testsuite name="WorkbookController test get_workbook_name_value test" tests="1" errors="0" failures="0" skipped="0" timestamp="2024-02-22T09:59:18" time="0.302">
    <testcase classname="WorkbookController test get_workbook_name_value test" name="should call GetWorkbookNameValue successfully" time="0.301">
    </testcase>
  </testsuite>
  <testsuite name="WorkbookController test delete_workbook_names test" tests="1" errors="0" failures="0" skipped="0" timestamp="2024-02-22T09:59:18" time="0.507">
    <testcase classname="WorkbookController test delete_workbook_names test" name="should call DeleteWorkbookNames successfully" time="0.506">
    </testcase>
  </testsuite>
  <testsuite name="WorkbookController test delete_workbook_name test" tests="1" errors="0" failures="0" skipped="0" timestamp="2024-02-22T09:59:19" time="0.593">
    <testcase classname="WorkbookController test delete_workbook_name test" name="should call DeleteWorkbookName successfully" time="0.591">
    </testcase>
  </testsuite>
  <testsuite name="WorkbookController test put_document_protect_from_changes test" tests="1" errors="0" failures="0" skipped="0" timestamp="2024-02-22T09:59:19" time="0.429">
    <testcase classname="WorkbookController test put_document_protect_from_changes test" name="should call PutDocumentProtectFromChanges successfully" time="0.429">
    </testcase>
  </testsuite>
  <testsuite name="WorkbookController test delete_document_un_protect_from_changes test" tests="1" errors="0" failures="0" skipped="0" timestamp="2024-02-22T09:59:20" time="0.474">
    <testcase classname="WorkbookController test delete_document_un_protect_from_changes test" name="should call DeleteDocumentUnProtectFromChanges successfully" time="0.473">
    </testcase>
  </testsuite>
  <testsuite name="WorkbookController test post_workbooks_merge test" tests="1" errors="0" failures="0" skipped="0" timestamp="2024-02-22T09:59:20" time="0.956">
    <testcase classname="WorkbookController test post_workbooks_merge test" name="should call PostWorkbooksMerge successfully" time="0.954">
    </testcase>
  </testsuite>
  <testsuite name="WorkbookController test post_workbooks_text_search test" tests="1" errors="0" failures="0" skipped="0" timestamp="2024-02-22T09:59:21" time="0.303">
    <testcase classname="WorkbookController test post_workbooks_text_search test" name="should call PostWorkbooksTextSearch successfully" time="0.303">
    </testcase>
  </testsuite>
  <testsuite name="WorkbookController test post_workbook_text_replace test" tests="1" errors="0" failures="0" skipped="0" timestamp="2024-02-22T09:59:21" time="0.503">
    <testcase classname="WorkbookController test post_workbook_text_replace test" name="should call PostWorkbookTextReplace successfully" time="0.501">
    </testcase>
  </testsuite>
  <testsuite name="WorkbookController test post_workbook_get_smart_marker_result test" tests="1" errors="0" failures="0" skipped="0" timestamp="2024-02-22T09:59:22" time="0.683">
    <testcase classname="WorkbookController test post_workbook_get_smart_marker_result test" name="should call PostWorkbookGetSmartMarkerResult successfully" time="0.682">
    </testcase>
  </testsuite>
  <testsuite name="WorkbookController test put_workbook_create test" tests="1" errors="0" failures="0" skipped="0" timestamp="2024-02-22T09:59:23" time="0.548">
    <testcase classname="WorkbookController test put_workbook_create test" name="should call PutWorkbookCreate successfully" time="0.545">
    </testcase>
  </testsuite>
  <testsuite name="WorkbookController test post_workbook_split test" tests="1" errors="0" failures="0" skipped="0" timestamp="2024-02-22T09:59:23" time="0.975">
    <testcase classname="WorkbookController test post_workbook_split test" name="should call PostWorkbookSplit successfully" time="0.974">
    </testcase>
  </testsuite>
  <testsuite name="WorkbookController test post_import_data test" tests="1" errors="0" failures="0" skipped="0" timestamp="2024-02-22T09:59:24" time="0.533">
    <testcase classname="WorkbookController test post_import_data test" name="should call PostImportData successfully" time="0.533">
    </testcase>
  </testsuite>
  <testsuite name="WorkbookController test post_workbook_calculate_formula test" tests="1" errors="0" failures="0" skipped="0" timestamp="2024-02-22T09:59:25" time="0.518">
    <testcase classname="WorkbookController test post_workbook_calculate_formula test" name="should call PostWorkbookCalculateFormula successfully" time="0.517">
    </testcase>
  </testsuite>
  <testsuite name="WorkbookController test post_autofit_workbook_rows test" tests="1" errors="0" failures="0" skipped="0" timestamp="2024-02-22T09:59:25" time="0.489">
    <testcase classname="WorkbookController test post_autofit_workbook_rows test" name="should call PostAutofitWorkbookRows successfully" time="0.487">
    </testcase>
  </testsuite>
  <testsuite name="WorkbookController test post_autofit_workbook_columns test" tests="1" errors="0" failures="0" skipped="0" timestamp="2024-02-22T09:59:26" time="0.489">
    <testcase classname="WorkbookController test post_autofit_workbook_columns test" name="should call PostAutofitWorkbookColumns successfully" time="0.488">
    </testcase>
  </testsuite>
[...]
    </testcase>
  </testsuite>
  <testsuite name="LightCells test post_export_jpg_oleobject test" tests="1" errors="0" failures="0" skipped="0" timestamp="2024-02-22T10:52:54" time="0.534">
    <testcase classname="LightCells test post_export_jpg_oleobject test" name="should call PostExport successfully" time="0.534">
    </testcase>
  </testsuite>
  <testsuite name="LightCells test post_export_gif_oleobject test" tests="1" errors="0" failures="0" skipped="0" timestamp="2024-02-22T10:52:55" time="0.545">
    <testcase classname="LightCells test post_export_gif_oleobject test" name="should call PostExport successfully" time="0.543">
    </testcase>
  </testsuite>
  <testsuite name="LightCells test post_export_emf_oleobject test" tests="1" errors="0" failures="0" skipped="0" timestamp="2024-02-22T10:52:55" time="0.607">
    <testcase classname="LightCells test post_export_emf_oleobject test" name="should call PostExport successfully" time="0.606">
    </testcase>
  </testsuite>
  <testsuite name="LightCells test post_export_bmp_oleobject test" tests="1" errors="0" failures="0" skipped="0" timestamp="2024-02-22T10:52:56" time="1.678">
    <testcase classname="LightCells test post_export_bmp_oleobject test" name="should call PostExport successfully" time="1.676">
    </testcase>
  </testsuite>
  <testsuite name="LightCells test post_compress_50 test" tests="1" errors="0" failures="0" skipped="0" timestamp="2024-02-22T10:52:58" time="0.515">
    <testcase classname="LightCells test post_compress_50 test" name="should call PostCompress successfully" time="0.515">
    </testcase>
  </testsuite>
  <testsuite name="LightCells test post_compress_90 test" tests="1" errors="0" failures="0" skipped="0" timestamp="2024-02-22T10:52:58" time="0.516">
    <testcase classname="LightCells test post_compress_90 test" name="should call PostCompress successfully" time="0.515">
    </testcase>
  </testsuite>
  <testsuite name="LightCells test post_merge_csv_true test" tests="1" errors="0" failures="0" skipped="0" timestamp="2024-02-22T10:52:59" time="0.518">
    <testcase classname="LightCells test post_merge_csv_true test" name="should call PostMerge successfully" time="0.517">
    </testcase>
  </testsuite>
  <testsuite name="LightCells test post_merge_xls_true test" tests="1" errors="0" failures="0" skipped="0" timestamp="2024-02-22T10:52:59" time="0.527">
    <testcase classname="LightCells test post_merge_xls_true test" name="should call PostMerge successfully" time="0.526">
    </testcase>
  </testsuite>
  <testsuite name="LightCells test post_merge_html_true test" tests="1" errors="0" failures="0" skipped="0" timestamp="2024-02-22T10:53:00" time="1.725">
    <testcase classname="LightCells test post_merge_html_true test" name="should call PostMerge successfully" time="1.724">
    </testcase>
  </testsuite>
  <testsuite name="LightCells test post_merge_mhtml_true test" tests="1" errors="0" failures="0" skipped="0" timestamp="2024-02-22T10:53:01" time="1.004">
    <testcase classname="LightCells test post_merge_mhtml_true test" name="should call PostMerge successfully" time="1.003">
    </testcase>
  </testsuite>
  <testsuite name="LightCells test post_merge_ods_true test" tests="1" errors="0" failures="0" skipped="0" timestamp="2024-02-22T10:53:02" time="0.518">
    <testcase classname="LightCells test post_merge_ods_true test" name="should call PostMerge successfully" time="0.518">
    </testcase>
  </testsuite>
  <testsuite name="LightCells test post_merge_pdf_true test" tests="1" errors="0" failures="0" skipped="0" timestamp="2024-02-22T10:53:03" time="0.515">
    <testcase classname="LightCells test post_merge_pdf_true test" name="should call PostMerge successfully" time="0.513">
    </testcase>
  </testsuite>
  <testsuite name="LightCells test post_merge_xml_true test" tests="1" errors="0" failures="0" skipped="0" timestamp="2024-02-22T10:53:03" time="0.513">
    <testcase classname="LightCells test post_merge_xml_true test" name="should call PostMerge successfully" time="0.513">
    </testcase>
  </testsuite>
  <testsuite name="LightCells test post_merge_txt_true test" tests="1" errors="0" failures="0" skipped="0" timestamp="2024-02-22T10:53:04" time="0.503">
    <testcase classname="LightCells test post_merge_txt_true test" name="should call PostMerge successfully" time="0.501">
    </testcase>
  </testsuite>
  <testsuite name="LightCells test post_merge_tif_true test" tests="1" errors="0" failures="0" skipped="0" timestamp="2024-02-22T10:53:04" time="0.537">
    <testcase classname="LightCells test post_merge_tif_true test" name="should call PostMerge successfully" time="0.537">
    </testcase>
  </testsuite>
  <testsuite name="LightCells test post_merge_xlsb_true test" tests="1" errors="0" failures="0" skipped="0" timestamp="2024-02-22T10:53:05" time="0.505">
    <testcase classname="LightCells test post_merge_xlsb_true test" name="should call PostMerge successfully" time="0.503">
    </testcase>
  </testsuite>
  <testsuite name="LightCells test post_merge_xlsm_true test" tests="1" errors="0" failures="0" skipped="0" timestamp="2024-02-22T10:53:06" time="0.546">
    <testcase classname="LightCells test post_merge_xlsm_true test" name="should call PostMerge successfully" time="0.546">
    </testcase>
  </testsuite>
  <testsuite name="LightCells test post_merge_xlsx_true test" tests="1" errors="0" failures="0" skipped="0" timestamp="2024-02-22T10:53:06" time="0.513">
    <testcase classname="LightCells test post_merge_xlsx_true test" name="should call PostMerge successfully" time="0.511">
    </testcase>
  </testsuite>
  <testsuite name="LightCells test post_merge_xltm_true test" tests="1" errors="0" failures="0" skipped="0" timestamp="2024-02-22T10:53:07" time="0.52">
    <testcase classname="LightCells test post_merge_xltm_true test" name="should call PostMerge successfully" time="0.519">
    </testcase>
  </testsuite>
  <testsuite name="LightCells test post_merge_xltx_true test" tests="1" errors="0" failures="0" skipped="0" timestamp="2024-02-22T10:53:07" time="0.526">
    <testcase classname="LightCells test post_merge_xltx_true test" name="should call PostMerge successfully" time="0.524">
    </testcase>
  </testsuite>
  <testsuite name="LightCells test post_merge_xps_true test" tests="1" errors="0" failures="0" skipped="0" timestamp="2024-02-22T10:53:08" time="0.522">
    <testcase classname="LightCells test post_merge_xps_true test" name="should call PostMerge successfully" time="0.521">
    </testcase>
  </testsuite>
  <testsuite name="LightCells test post_merge_png_true test" tests="1" errors="0" failures="0" skipped="0" timestamp="2024-02-22T10:53:08" time="0.603">
    <testcase classname="LightCells test post_merge_png_true test" name="should call PostMerge successfully" time="0.603">
    </testcase>
  </testsuite>
  <testsuite name="LightCells test post_merge_jpg_true test" tests="1" errors="0" failures="0" skipped="0" timestamp="2024-02-22T10:53:09" time="0.533">
    <testcase classname="LightCells test post_merge_jpg_true test" name="should call PostMerge successfully" time="0.532">
    </testcase>
  </testsuite>
  <testsuite name="LightCells test post_merge_gif_true test" tests="1" errors="0" failures="0" skipped="0" timestamp="2024-02-22T10:53:09" time="0.532">
    <testcase classname="LightCells test post_merge_gif_true test" name="should call PostMerge successfully" time="0.532">
    </testcase>
  </testsuite>
  <testsuite name="LightCells test post_merge_emf_true test" tests="1" errors="0" failures="0" skipped="0" timestamp="2024-02-22T10:53:10" time="1.538">
    <testcase classname="LightCells test post_merge_emf_true test" name="should call PostMerge successfully" time="1.537">
    </testcase>
  </testsuite>
  <testsuite name="LightCells test post_merge_bmp_true test" tests="1" errors="0" failures="0" skipped="0" timestamp="2024-02-22T10:53:11" time="5.518">
    <testcase classname="LightCells test post_merge_bmp_true test" name="should call PostMerge successfully" time="5.517">
    </testcase>
  </testsuite>
  <testsuite name="LightCells test post_merge_md_true test" tests="1" errors="0" failures="0" skipped="0" timestamp="2024-02-22T10:53:17" time="0.515">
    <testcase classname="LightCells test post_merge_md_true test" name="should call PostMerge successfully" time="0.515">
    </testcase>
  </testsuite>
  <testsuite name="LightCells test post_merge_numbers_true test" tests="1" errors="0" failures="0" skipped="0" timestamp="2024-02-22T10:53:17" time="0.518">
    <testcase classname="LightCells test post_merge_numbers_true test" name="should call PostMerge successfully" time="0.517">
    </testcase>
  </testsuite>
  <testsuite name="LightCells test post_merge_wmf_true test" tests="1" errors="0" failures="0" skipped="0" timestamp="2024-02-22T10:53:18" time="1.775">
    <testcase classname="LightCells test post_merge_wmf_true test" name="should call PostMerge successfully" time="1.774">
    </testcase>
  </testsuite>
  <testsuite name="LightCells test post_merge_svg_true test" tests="1" errors="0" failures="0" skipped="0" timestamp="2024-02-22T10:53:20" time="0.514">
    <testcase classname="LightCells test post_merge_svg_true test" name="should call PostMerge successfully" time="0.513">
    </testcase>
  </testsuite>
  <testsuite name="LightCells test post_merge_docx_false test" tests="1" errors="0" failures="0" skipped="0" timestamp="2024-02-22T10:53:20" time="0.519">
    <testcase classname="LightCells test post_merge_docx_false test" name="should call PostMerge successfully" time="0.518">
    </testcase>
  </testsuite>
  <testsuite name="LightCells test post_merge_pptx_false test" tests="1" errors="0" failures="0" skipped="0" timestamp="2024-02-22T10:53:21" time="0.803">
    <testcase classname="LightCells test post_merge_pptx_false test" name="should call PostMerge successfully" time="0.803">
    </testcase>
  </testsuite>
  <testsuite name="LightCells test post_merge_json_false test" tests="1" errors="0" failures="0" skipped="0" timestamp="2024-02-22T10:53:22" time="0.515">
    <testcase classname="LightCells test post_merge_json_false test" name="should call PostMerge successfully" time="0.514">
    </testcase>
  </testsuite>
  <testsuite name="LightCells test post_merge_sql_false test" tests="1" errors="0" failures="0" skipped="0" timestamp="2024-02-22T10:53:22" time="0.517">
    <testcase classname="LightCells test post_merge_sql_false test" name="should call PostMerge successfully" time="0.517">
    </testcase>
  </testsuite>
  <testsuite name="LightCells test post_unlock test" tests="1" errors="0" failures="0" skipped="0" timestamp="2024-02-22T10:53:23" time="2.862">
    <testcase classname="LightCells test post_unlock test" name="should call PostUnlock successfully" time="2.862">
    </testcase>
  </testsuite>
  <testsuite name="LightCells test post_protect test" tests="1" errors="0" failures="0" skipped="0" timestamp="2024-02-22T10:53:25" time="0.926">
    <testcase classname="LightCells test post_protect test" name="should call PostProtect successfully" time="0.924">
    </testcase>
  </testsuite>
  <testsuite name="LightCells test post_protect__protect_workbook_request test" tests="1" errors="0" failures="0" skipped="0" timestamp="2024-02-22T10:53:26" time="0.519">
    <testcase classname="LightCells test post_protect__protect_workbook_request test" name="should call PostProtect successfully" time="0.518">
    </testcase>
  </testsuite>
  <testsuite name="LightCells test post_search test" tests="1" errors="0" failures="0" skipped="0" timestamp="2024-02-22T10:53:27" time="0.52">
    <testcase classname="LightCells test post_search test" name="should call PostSearch successfully" time="0.52">
    </testcase>
  </testsuite>
  <testsuite name="LightCells test post_replace test" tests="1" errors="0" failures="0" skipped="0" timestamp="2024-02-22T10:53:27" time="0.516">
    <testcase classname="LightCells test post_replace test" name="should call PostReplace successfully" time="0.514">
    </testcase>
  </testsuite>
  <testsuite name="LightCells test post_replace_only_sheetname test" tests="1" errors="0" failures="0" skipped="0" timestamp="2024-02-22T10:53:28" time="0.511">
    <testcase classname="LightCells test post_replace_only_sheetname test" name="should call PostReplace successfully" time="0.51">
    </testcase>
  </testsuite>
  <testsuite name="LightCells test post_watermark test" tests="1" errors="0" failures="0" skipped="0" timestamp="2024-02-22T10:53:28" time="0.513">
    <testcase classname="LightCells test post_watermark test" name="should call PostWatermark successfully" time="0.51">
    </testcase>
  </testsuite>
  <testsuite name="LightCells test post_clear_objects_chart test" tests="1" errors="0" failures="0" skipped="0" timestamp="2024-02-22T10:53:29" time="1.316">
    <testcase classname="LightCells test post_clear_objects_chart test" name="should call PostClearObjects successfully" time="1.314">
    </testcase>
  </testsuite>
  <testsuite name="LightCells test post_clear_objects_comment test" tests="1" errors="0" failures="0" skipped="0" timestamp="2024-02-22T10:53:30" time="1.074">
    <testcase classname="LightCells test post_clear_objects_comment test" name="should call PostClearObjects successfully" time="1.073">
    </testcase>
  </testsuite>
  <testsuite name="LightCells test post_clear_objects_picture test" tests="1" errors="0" failures="0" skipped="0" timestamp="2024-02-22T10:53:31" time="0.877">
    <testcase classname="LightCells test post_clear_objects_picture test" name="should call PostClearObjects successfully" time="0.876">
    </testcase>
  </testsuite>
  <testsuite name="LightCells test post_clear_objects_shape test" tests="1" errors="0" failures="0" skipped="0" timestamp="2024-02-22T10:53:32" time="0.578">
    <testcase classname="LightCells test post_clear_objects_shape test" name="should call PostClearObjects successfully" time="0.578">
    </testcase>
  </testsuite>
  <testsuite name="LightCells test post_clear_objects_listobject test" tests="1" errors="0" failures="0" skipped="0" timestamp="2024-02-22T10:53:33" time="1.067">
    <testcase classname="LightCells test post_clear_objects_listobject test" name="should call PostClearObjects successfully" time="1.067">
    </testcase>
  </testsuite>
  <testsuite name="LightCells test post_clear_objects_hyperlink test" tests="1" errors="0" failures="0" skipped="0" timestamp="2024-02-22T10:53:34" time="0.837">
    <testcase classname="LightCells test post_clear_objects_hyperlink test" name="should call PostClearObjects successfully" time="0.835">
    </testcase>
  </testsuite>
  <testsuite name="LightCells test post_clear_objects_oleobject test" tests="1" errors="0" failures="0" skipped="0" timestamp="2024-02-22T10:53:35" time="0.589">
    <testcase classname="LightCells test post_clear_objects_oleobject test" name="should call PostClearObjects successfully" time="0.587">
    </testcase>
  </testsuite>
  <testsuite name="LightCells test post_clear_objects_pivottable test" tests="1" errors="0" failures="0" skipped="0" timestamp="2024-02-22T10:53:35" time="1.108">
    <testcase classname="LightCells test post_clear_objects_pivottable test" name="should call PostClearObjects successfully" time="1.105">
    </testcase>
  </testsuite>
  <testsuite name="LightCells test post_clear_objects_validation test" tests="1" errors="0" failures="0" skipped="0" timestamp="2024-02-22T10:53:36" time="1.086">
    <testcase classname="LightCells test post_clear_objects_validation test" name="should call PostClearObjects successfully" time="1.085">
    </testcase>
  </testsuite>
  <testsuite name="LightCells test post_clear_objects__background test" tests="1" errors="0" failures="0" skipped="0" timestamp="2024-02-22T10:53:37" time="1.071">
    <testcase classname="LightCells test post_clear_objects__background test" name="should call PostClearObjects successfully" time="1.069">
    </testcase>
  </testsuite>
  <testsuite name="LightCells test post_repair_xlsx test" tests="1" errors="0" failures="0" skipped="0" timestamp="2024-02-22T10:53:39" time="1.097">
    <testcase classname="LightCells test post_repair_xlsx test" name="should call PostRepair successfully" time="1.081">
    </testcase>
  </testsuite>
  <testsuite name="LightCells test post_repair_pdf test" tests="1" errors="0" failures="0" skipped="0" timestamp="2024-02-22T10:53:40" time="1.002">
    <testcase classname="LightCells test post_repair_pdf test" name="should call PostRepair successfully" time="1">
    </testcase>
  </testsuite>
  <testsuite name="LightCells test post_repair_csv test" tests="1" errors="0" failures="0" skipped="0" timestamp="2024-02-22T10:53:41" time="0.545">
    <testcase classname="LightCells test post_repair_csv test" name="should call PostRepair successfully" time="0.543">
    </testcase>
  </testsuite>
  <testsuite name="LightCells test post_repair_png test" tests="1" errors="0" failures="0" skipped="0" timestamp="2024-02-22T10:53:41" time="2.54">
    <testcase classname="LightCells test post_repair_png test" name="should call PostRepair successfully" time="2.54">
    </testcase>
  </testsuite>
  <testsuite name="LightCells test post_reverse_rows_pdf test" tests="1" errors="0" failures="0" skipped="0" timestamp="2024-02-22T10:53:44" time="1.535">
    <testcase classname="LightCells test post_reverse_rows_pdf test" name="should call PostReverse successfully" time="1.534">
    </testcase>
  </testsuite>
  <testsuite name="LightCells test post_reverse_cols_pdf test" tests="1" errors="0" failures="0" skipped="0" timestamp="2024-02-22T10:53:45" time="1.266">
    <testcase classname="LightCells test post_reverse_cols_pdf test" name="should call PostReverse successfully" time="1.266">
    </testcase>
  </testsuite>
  <testsuite name="LightCells test post_reverse_both_pdf test" tests="1" errors="0" failures="0" skipped="0" timestamp="2024-02-22T10:53:47" time="1.161">
    <testcase classname="LightCells test post_reverse_both_pdf test" name="should call PostReverse successfully" time="1.159">
    </testcase>
  </testsuite>
  <testsuite name="LightCells test post_reverse_rows_csv test" tests="1" errors="0" failures="0" skipped="0" timestamp="2024-02-22T10:53:48" time="0.532">
    <testcase classname="LightCells test post_reverse_rows_csv test" name="should call PostReverse successfully" time="0.531">
    </testcase>
  </testsuite>
  <testsuite name="LightCells test post_reverse_cols_png test" tests="1" errors="0" failures="0" skipped="0" timestamp="2024-02-22T10:53:48" time="2.597">
    <testcase classname="LightCells test post_reverse_cols_png test" name="should call PostReverse successfully" time="2.596">
    </testcase>
  </testsuite>
  <testsuite name="LightCells test post_reverse_both_xlsx test" tests="1" errors="0" failures="0" skipped="0" timestamp="2024-02-22T10:53:51" time="1.331">
    <testcase classname="LightCells test post_reverse_both_xlsx test" name="should call PostReverse successfully" time="1.33">
    </testcase>
  </testsuite>
  <testsuite name="LightCells test get_metadata test" tests="1" errors="0" failures="0" skipped="0" timestamp="2024-02-22T10:53:52" time="0.529">
    <testcase classname="LightCells test get_metadata test" name="should call GetMetadata successfully" time="0.529">
    </testcase>
  </testsuite>
  <testsuite name="LightCells test delete_metadata test" tests="1" errors="0" failures="0" skipped="0" timestamp="2024-02-22T10:53:53" time="1.321">
    <testcase classname="LightCells test delete_metadata test" name="should call DeleteMetadata successfully" time="1.319">
    </testcase>
  </testsuite>
  <testsuite name="LightCells test post_metadata test" tests="1" errors="0" failures="0" skipped="0" timestamp="2024-02-22T10:53:54" time="0.538">
    <testcase classname="LightCells test post_metadata test" name="should call PostMetadata successfully" time="0.537">
    </testcase>
  </testsuite>
</testsuites>