<testsuites name="Mocha Tests">
  <testsuite name="AutoFilterController test get_worksheet_auto_filter test" tests="1" errors="0" failures="0" skipped="0" timestamp="2024-06-21T10:44:51" time="3.108">
    <testcase classname="AutoFilterController test get_worksheet_auto_filter test" name="should call GetWorksheetAutoFilter successfully" time="3.105">
    </testcase>
  </testsuite>
  <testsuite name="AutoFilterController test put_worksheet_date_filter test" tests="1" errors="0" failures="0" skipped="0" timestamp="2024-06-21T10:44:54" time="2.104">
    <testcase classname="AutoFilterController test put_worksheet_date_filter test" name="should call PutWorksheetDateFilter successfully" time="2.102">
    </testcase>
  </testsuite>
  <testsuite name="AutoFilterController test put_worksheet_filter test" tests="1" errors="0" failures="0" skipped="0" timestamp="2024-06-21T10:44:56" time="1.143">
    <testcase classname="AutoFilterController test put_worksheet_filter test" name="should call PutWorksheetFilter successfully" time="1.143">
    </testcase>
  </testsuite>
  <testsuite name="AutoFilterController test put_worksheet_icon_filter test" tests="1" errors="0" failures="0" skipped="0" timestamp="2024-06-21T10:44:57" time="1.16">
    <testcase classname="AutoFilterController test put_worksheet_icon_filter test" name="should call PutWorksheetIconFilter successfully" time="1.159">
    </testcase>
  </testsuite>
  <testsuite name="AutoFilterController test put_worksheet_custom_filter test" tests="1" errors="0" failures="0" skipped="0" timestamp="2024-06-21T10:44:58" time="1.333">
    <testcase classname="AutoFilterController test put_worksheet_custom_filter test" name="should call PutWorksheetCustomFilter successfully" time="1.331">
    </testcase>
  </testsuite>
  <testsuite name="AutoFilterController test put_worksheet_dynamic_filter test" tests="1" errors="0" failures="0" skipped="0" timestamp="2024-06-21T10:45:00" time="1.591">
    <testcase classname="AutoFilterController test put_worksheet_dynamic_filter test" name="should call PutWorksheetDynamicFilter successfully" time="1.59">
    </testcase>
  </testsuite>
  <testsuite name="AutoFilterController test put_worksheet_filter_top10 test" tests="1" errors="0" failures="0" skipped="0" timestamp="2024-06-21T10:45:01" time="0.979">
    <testcase classname="AutoFilterController test put_worksheet_filter_top10 test" name="should call PutWorksheetFilterTop10 successfully" time="0.976">
    </testcase>
  </testsuite>
  <testsuite name="AutoFilterController test put_worksheet_color_filter test" tests="1" errors="0" failures="0" skipped="0" timestamp="2024-06-21T10:45:02" time="1.78">
    <testcase classname="AutoFilterController test put_worksheet_color_filter test" name="should call PutWorksheetColorFilter successfully" time="1.776">
    </testcase>
  </testsuite>
  <testsuite name="AutoFilterController test post_worksheet_match_blanks test" tests="1" errors="0" failures="0" skipped="0" timestamp="2024-06-21T10:45:04" time="1.159">
    <testcase classname="AutoFilterController test post_worksheet_match_blanks test" name="should call PostWorksheetMatchBlanks successfully" time="1.156">
    </testcase>
  </testsuite>
  <testsuite name="AutoFilterController test post_worksheet_match_non_blanks test" tests="1" errors="0" failures="0" skipped="0" timestamp="2024-06-21T10:45:05" time="0.993">
    <testcase classname="AutoFilterController test post_worksheet_match_non_blanks test" name="should call PostWorksheetMatchNonBlanks successfully" time="0.991">
    </testcase>
  </testsuite>
  <testsuite name="AutoFilterController test post_worksheet_auto_filter_refresh test" tests="1" errors="0" failures="0" skipped="0" timestamp="2024-06-21T10:45:06" time="0.941">
    <testcase classname="AutoFilterController test post_worksheet_auto_filter_refresh test" name="should call PostWorksheetAutoFilterRefresh successfully" time="0.938">
    </testcase>
  </testsuite>
  <testsuite name="AutoFilterController test delete_worksheet_date_filter test" tests="1" errors="0" failures="0" skipped="0" timestamp="2024-06-21T10:45:07" time="1.431">
    <testcase classname="AutoFilterController test delete_worksheet_date_filter test" name="should call DeleteWorksheetDateFilter successfully" time="1.428">
    </testcase>
  </testsuite>
  <testsuite name="AutoFilterController test delete_worksheet_filter test" tests="1" errors="0" failures="0" skipped="0" timestamp="2024-06-21T10:45:08" time="0.996">
    <testcase classname="AutoFilterController test delete_worksheet_filter test" name="should call DeleteWorksheetFilter successfully" time="0.994">
    </testcase>
  </testsuite>
  <testsuite name="BatchController test post_batch_convert test" tests="1" errors="0" failures="0" skipped="0" timestamp="2024-06-21T10:45:09" time="8.545">
    <testcase classname="BatchController test post_batch_convert test" name="should call PostBatchConvert successfully" time="8.542">
    </testcase>
  </testsuite>
  <testsuite name="BatchController test post_batch_protect test" tests="1" errors="0" failures="0" skipped="0" timestamp="2024-06-21T10:45:18" time="4.694">
    <testcase classname="BatchController test post_batch_protect test" name="should call PostBatchProtect successfully" time="4.692">
    </testcase>
  </testsuite>
  <testsuite name="BatchController test post_batch_lock test" tests="1" errors="0" failures="0" skipped="0" timestamp="2024-06-21T10:45:23" time="5.233">
    <testcase classname="BatchController test post_batch_lock test" name="should call PostBatchLock successfully" time="5.23">
    </testcase>
  </testsuite>
  <testsuite name="BatchController test post_batch_unlock test" tests="1" errors="0" failures="0" skipped="0" timestamp="2024-06-21T10:45:28" time="5.162">
    <testcase classname="BatchController test post_batch_unlock test" name="should call PostBatchUnlock successfully" time="5.16">
    </testcase>
  </testsuite>
  <testsuite name="CellsController test post_clear_contents test" tests="1" errors="0" failures="0" skipped="0" timestamp="2024-06-21T10:45:33" time="1.859">
    <testcase classname="CellsController test post_clear_contents test" name="should call PostClearContents successfully" time="1.856">
    </testcase>
  </testsuite>
  <testsuite name="CellsController test post_clear_formats test" tests="1" errors="0" failures="0" skipped="0" timestamp="2024-06-21T10:45:35" time="0.902">
    <testcase classname="CellsController test post_clear_formats test" name="should call PostClearFormats successfully" time="0.901">
    </testcase>
  </testsuite>
  <testsuite name="CellsController test post_update_worksheet_range_style test" tests="1" errors="0" failures="0" skipped="0" timestamp="2024-06-21T10:45:36" time="1.608">
    <testcase classname="CellsController test post_update_worksheet_range_style test" name="should call PostUpdateWorksheetRangeStyle successfully" time="1.606">
    </testcase>
  </testsuite>
  <testsuite name="CellsController test post_worksheet_merge test" tests="1" errors="0" failures="0" skipped="0" timestamp="2024-06-21T10:45:38" time="0.939">
    <testcase classname="CellsController test post_worksheet_merge test" name="should call PostWorksheetMerge successfully" time="0.937">
    </testcase>
  </testsuite>
  <testsuite name="CellsController test post_worksheet_unmerge test" tests="1" errors="0" failures="0" skipped="0" timestamp="2024-06-21T10:45:38" time="0.927">
    <testcase classname="CellsController test post_worksheet_unmerge test" name="should call PostWorksheetUnmerge successfully" time="0.925">
    </testcase>
  </testsuite>
  <testsuite name="CellsController test get_worksheet_cells test" tests="1" errors="0" failures="0" skipped="0" timestamp="2024-06-21T10:45:39" time="1.331">
    <testcase classname="CellsController test get_worksheet_cells test" name="should call GetWorksheetCells successfully" time="1.329">
    </testcase>
  </testsuite>
  <testsuite name="CellsController test get_worksheet_cell test" tests="1" errors="0" failures="0" skipped="0" timestamp="2024-06-21T10:45:41" time="0.868">
    <testcase classname="CellsController test get_worksheet_cell test" name="should call GetWorksheetCell successfully" time="0.865">
    </testcase>
  </testsuite>
  <testsuite name="CellsController test get_worksheet_cell_style test" tests="1" errors="0" failures="0" skipped="0" timestamp="2024-06-21T10:45:42" time="3.231">
    <testcase classname="CellsController test get_worksheet_cell_style test" name="should call GetWorksheetCellStyle successfully" time="3.228">
    </testcase>
  </testsuite>
  <testsuite name="CellsController test post_worksheet_cell_set_value test" tests="1" errors="0" failures="0" skipped="0" timestamp="2024-06-21T10:45:45" time="0.888">
    <testcase classname="CellsController test post_worksheet_cell_set_value test" name="should call PostWorksheetCellSetValue successfully" time="0.886">
    </testcase>
  </testsuite>
  <testsuite name="CellsController test post_update_worksheet_cell_style test" tests="1" errors="0" failures="0" skipped="0" timestamp="2024-06-21T10:45:46" time="0.92">
    <testcase classname="CellsController test post_update_worksheet_cell_style test" name="should call PostUpdateWorksheetCellStyle successfully" time="0.918">
    </testcase>
  </testsuite>
  <testsuite name="CellsController test post_set_cell_range_value test" tests="1" errors="0" failures="0" skipped="0" timestamp="2024-06-21T10:45:47" time="1.186">
    <testcase classname="CellsController test post_set_cell_range_value test" name="should call PostSetCellRangeValue successfully" time="1.184">
    </testcase>
  </testsuite>
  <testsuite name="CellsController test post_copy_cell_into_cell test" tests="1" errors="0" failures="0" skipped="0" timestamp="2024-06-21T10:45:48" time="0.972">
    <testcase classname="CellsController test post_copy_cell_into_cell test" name="should call PostCopyCellIntoCell successfully" time="0.97">
    </testcase>
  </testsuite>
  <testsuite name="CellsController test get_cell_html_string test" tests="1" errors="0" failures="0" skipped="0" timestamp="2024-06-21T10:45:49" time="0.568">
    <testcase classname="CellsController test get_cell_html_string test" name="should call GetCellHtmlString successfully" time="0.565">
    </testcase>
  </testsuite>
  <testsuite name="CellsController test post_set_cell_html_string test" tests="1" errors="0" failures="0" skipped="0" timestamp="2024-06-21T10:45:49" time="0.919">
    <testcase classname="CellsController test post_set_cell_html_string test" name="should call PostSetCellHtmlString successfully" time="0.917">
    </testcase>
  </testsuite>
  <testsuite name="CellsController test post_cell_calculate test" tests="1" errors="0" failures="0" skipped="0" timestamp="2024-06-21T10:45:50" time="0.918">
    <testcase classname="CellsController test post_cell_calculate test" name="should call PostCellCalculate successfully" time="0.916">
    </testcase>
  </testsuite>
  <testsuite name="CellsController test post_cell_characters test" tests="1" errors="0" failures="0" skipped="0" timestamp="2024-06-21T10:45:51" time="0.976">
    <testcase classname="CellsController test post_cell_characters test" name="should call PostCellCharacters successfully" time="0.973">
    </testcase>
  </testsuite>
  <testsuite name="CellsController test get_worksheet_columns test" tests="1" errors="0" failures="0" skipped="0" timestamp="2024-06-21T10:45:52" time="0.493">
    <testcase classname="CellsController test get_worksheet_columns test" name="should call GetWorksheetColumns successfully" time="0.491">
    </testcase>
  </testsuite>
  <testsuite name="CellsController test post_set_worksheet_column_width test" tests="1" errors="0" failures="0" skipped="0" timestamp="2024-06-21T10:45:53" time="1.437">
    <testcase classname="CellsController test post_set_worksheet_column_width test" name="should call PostSetWorksheetColumnWidth successfully" time="1.435">
    </testcase>
  </testsuite>
  <testsuite name="CellsController test get_worksheet_column test" tests="1" errors="0" failures="0" skipped="0" timestamp="2024-06-21T10:45:54" time="1.127">
    <testcase classname="CellsController test get_worksheet_column test" name="should call GetWorksheetColumn successfully" time="1.124">
    </testcase>
  </testsuite>
  <testsuite name="CellsController test put_insert_worksheet_columns test" tests="1" errors="0" failures="0" skipped="0" timestamp="2024-06-21T10:45:55" time="0.921">
    <testcase classname="CellsController test put_insert_worksheet_columns test" name="should call PutInsertWorksheetColumns successfully" time="0.919">
    </testcase>
  </testsuite>
  <testsuite name="CellsController test delete_worksheet_columns test" tests="1" errors="0" failures="0" skipped="0" timestamp="2024-06-21T10:45:56" time="0.968">
    <testcase classname="CellsController test delete_worksheet_columns test" name="should call DeleteWorksheetColumns successfully" time="0.964">
    </testcase>
  </testsuite>
  <testsuite name="CellsController test post_hide_worksheet_columns test" tests="1" errors="0" failures="0" skipped="0" timestamp="2024-06-21T10:45:57" time="1.79">
    <testcase classname="CellsController test post_hide_worksheet_columns test" name="should call PostHideWorksheetColumns successfully" time="1.787">
    </testcase>
  </testsuite>
  <testsuite name="CellsController test post_unhide_worksheet_columns test" tests="1" errors="0" failures="0" skipped="0" timestamp="2024-06-21T10:45:59" time="1.573">
    <testcase classname="CellsController test post_unhide_worksheet_columns test" name="should call PostUnhideWorksheetColumns successfully" time="1.569">
    </testcase>
  </testsuite>
  <testsuite name="CellsController test post_group_worksheet_columns test" tests="1" errors="0" failures="0" skipped="0" timestamp="2024-06-21T10:46:01" time="1.584">
    <testcase classname="CellsController test post_group_worksheet_columns test" name="should call PostGroupWorksheetColumns successfully" time="1.582">
    </testcase>
  </testsuite>
  <testsuite name="CellsController test post_ungroup_worksheet_columns test" tests="1" errors="0" failures="0" skipped="0" timestamp="2024-06-21T10:46:02" time="2">
    <testcase classname="CellsController test post_ungroup_worksheet_columns test" name="should call PostUngroupWorksheetColumns successfully" time="1.997">
    </testcase>
  </testsuite>
  <testsuite name="CellsController test post_copy_worksheet_columns test" tests="1" errors="0" failures="0" skipped="0" timestamp="2024-06-21T10:46:04" time="1.802">
    <testcase classname="CellsController test post_copy_worksheet_columns test" name="should call PostCopyWorksheetColumns successfully" time="1.8">
    </testcase>
  </testsuite>
  <testsuite name="CellsController test post_column_style test" tests="1" errors="0" failures="0" skipped="0" timestamp="2024-06-21T10:46:06" time="3.027">
    <testcase classname="CellsController test post_column_style test" name="should call PostColumnStyle successfully" time="3.024">
    </testcase>
  </testsuite>
  <testsuite name="CellsController test get_worksheet_rows test" tests="1" errors="0" failures="0" skipped="0" timestamp="2024-06-21T10:46:09" time="0.998">
    <testcase classname="CellsController test get_worksheet_rows test" name="should call GetWorksheetRows successfully" time="0.996">
    </testcase>
  </testsuite>
  <testsuite name="CellsController test get_worksheet_row test" tests="1" errors="0" failures="0" skipped="0" timestamp="2024-06-21T10:46:10" time="0.498">
    <testcase classname="CellsController test get_worksheet_row test" name="should call GetWorksheetRow successfully" time="0.495">
    </testcase>
  </testsuite>
  <testsuite name="CellsController test delete_worksheet_row test" tests="1" errors="0" failures="0" skipped="0" timestamp="2024-06-21T10:46:10" time="2.106">
    <testcase classname="CellsController test delete_worksheet_row test" name="should call DeleteWorksheetRow successfully" time="2.103">
    </testcase>
  </testsuite>
  <testsuite name="CellsController test delete_worksheet_rows test" tests="1" errors="0" failures="0" skipped="0" timestamp="2024-06-21T10:46:13" time="0.952">
    <testcase classname="CellsController test delete_worksheet_rows test" name="should call DeleteWorksheetRows successfully" time="0.949">
    </testcase>
  </testsuite>
  <testsuite name="CellsController test put_insert_worksheet_rows test" tests="1" errors="0" failures="0" skipped="0" timestamp="2024-06-21T10:46:14" time="0.934">
    <testcase classname="CellsController test put_insert_worksheet_rows test" name="should call PutInsertWorksheetRows successfully" time="0.929">
    </testcase>
  </testsuite>
  <testsuite name="CellsController test put_insert_worksheet_row test" tests="1" errors="0" failures="0" skipped="0" timestamp="2024-06-21T10:46:14" time="1.085">
    <testcase classname="CellsController test put_insert_worksheet_row test" name="should call PutInsertWorksheetRow successfully" time="1.082">
    </testcase>
  </testsuite>
  <testsuite name="CellsController test post_update_worksheet_row test" tests="1" errors="0" failures="0" skipped="0" timestamp="2024-06-21T10:46:16" time="0.922">
    <testcase classname="CellsController test post_update_worksheet_row test" name="should call PostUpdateWorksheetRow successfully" time="0.919">
    </testcase>
  </testsuite>
  <testsuite name="CellsController test post_hide_worksheet_rows test" tests="1" errors="0" failures="0" skipped="0" timestamp="2024-06-21T10:46:16" time="1.853">
    <testcase classname="CellsController test post_hide_worksheet_rows test" name="should call PostHideWorksheetRows successfully" time="1.851">
    </testcase>
  </testsuite>
  <testsuite name="CellsController test post_unhide_worksheet_rows test" tests="1" errors="0" failures="0" skipped="0" timestamp="2024-06-21T10:46:18" time="0.927">
    <testcase classname="CellsController test post_unhide_worksheet_rows test" name="should call PostUnhideWorksheetRows successfully" time="0.925">
    </testcase>
  </testsuite>
  <testsuite name="CellsController test post_group_worksheet_rows test" tests="1" errors="0" failures="0" skipped="0" timestamp="2024-06-21T10:46:19" time="2.568">
    <testcase classname="CellsController test post_group_worksheet_rows test" name="should call PostGroupWorksheetRows successfully" time="2.565">
    </testcase>
  </testsuite>
  <testsuite name="CellsController test post_ungroup_worksheet_rows test" tests="1" errors="0" failures="0" skipped="0" timestamp="2024-06-21T10:46:22" time="1.087">
    <testcase classname="CellsController test post_ungroup_worksheet_rows test" name="should call PostUngroupWorksheetRows successfully" time="1.086">
    </testcase>
  </testsuite>
  <testsuite name="CellsController test post_copy_worksheet_rows test" tests="1" errors="0" failures="0" skipped="0" timestamp="2024-06-21T10:46:23" time="2.937">
    <testcase classname="CellsController test post_copy_worksheet_rows test" name="should call PostCopyWorksheetRows successfully" time="2.934">
    </testcase>
  </testsuite>
  <testsuite name="CellsController test post_row_style test" tests="1" errors="0" failures="0" skipped="0" timestamp="2024-06-21T10:46:26" time="1.055">
    <testcase classname="CellsController test post_row_style test" name="should call PostRowStyle successfully" time="1.053">
    </testcase>
  </testsuite>
  <testsuite name="CellsStatusController test get_cells_cloud_services_health_check test" tests="1" errors="0" failures="0" skipped="0" timestamp="2024-06-21T10:46:27" time="1.031">
    <testcase classname="CellsStatusController test get_cells_cloud_services_health_check test" name="should call GetCellsCloudServicesHealthCheck successfully" time="1.029">
    </testcase>
  </testsuite>
  <testsuite name="CellsStatusController test get_cells_cloud_service_status test" tests="1" errors="0" failures="0" skipped="0" timestamp="2024-06-21T10:46:28" time="0.394">
    <testcase classname="CellsStatusController test get_cells_cloud_service_status test" name="should call GetCellsCloudServiceStatus successfully" time="0.393">
    </testcase>
  </testsuite>
  <testsuite name="ChartAreaController test get_chart_area test" tests="1" errors="0" failures="0" skipped="0" timestamp="2024-06-21T10:46:28" time="2.117">
    <testcase classname="ChartAreaController test get_chart_area test" name="should call GetChartArea successfully" time="2.114">
    </testcase>
  </testsuite>
  <testsuite name="ChartAreaController test get_chart_area_fill_format test" tests="1" errors="0" failures="0" skipped="0" timestamp="2024-06-21T10:46:30" time="0.494">
    <testcase classname="ChartAreaController test get_chart_area_fill_format test" name="should call GetChartAreaFillFormat successfully" time="0.491">
    </testcase>
  </testsuite>
  <testsuite name="ChartAreaController test get_chart_area_border test" tests="1" errors="0" failures="0" skipped="0" timestamp="2024-06-21T10:46:31" time="0.543">
    <testcase classname="ChartAreaController test get_chart_area_border test" name="should call GetChartAreaBorder successfully" time="0.541">
    </testcase>
  </testsuite>
  <testsuite name="ChartsController test get_worksheet_charts test" tests="1" errors="0" failures="0" skipped="0" timestamp="2024-06-21T10:46:31" time="2.486">
    <testcase classname="ChartsController test get_worksheet_charts test" name="should call GetWorksheetCharts successfully" time="2.484">
    </testcase>
  </testsuite>
  <testsuite name="ChartsController test get_worksheet_chart test" tests="1" errors="0" failures="1" skipped="0" timestamp="2024-06-21T10:46:34" time="200.027">
    <testcase classname="ChartsController test get_worksheet_chart test" name="should call GetWorksheetChart successfully" time="200.007">
      <failure message="Timeout of 200000ms exceeded. For async tests and hooks, ensure &quot;done()&quot; is called; if returning a Promise, ensure it resolves. (D:\CloudSdk\aspose-cells-cloud-node\test\Api\tests_charts_controller.ts)"></failure>
    </testcase>
  </testsuite>
  <testsuite name="ChartsController test put_worksheet_chart test" tests="1" errors="0" failures="0" skipped="0" timestamp="2024-06-21T10:49:54" time="7.782">
    <testcase classname="ChartsController test put_worksheet_chart test" name="should call PutWorksheetChart successfully" time="7.78">
    </testcase>
  </testsuite>
  <testsuite name="ChartsController test delete_worksheet_chart test" tests="1" errors="0" failures="0" skipped="0" timestamp="2024-06-21T10:50:02" time="1.255">
    <testcase classname="ChartsController test delete_worksheet_chart test" name="should call DeleteWorksheetChart successfully" time="1.251">
    </testcase>
  </testsuite>
  <testsuite name="ChartsController test post_worksheet_chart test" tests="1" errors="0" failures="0" skipped="0" timestamp="2024-06-21T10:50:03" time="1.788">
    <testcase classname="ChartsController test post_worksheet_chart test" name="should call PostWorksheetChart successfully" time="1.785">
    </testcase>
  </testsuite>
  <testsuite name="ChartsController test get_worksheet_chart_legend test" tests="1" errors="0" failures="0" skipped="0" timestamp="2024-06-21T10:50:05" time="0.51">
    <testcase classname="ChartsController test get_worksheet_chart_legend test" name="should call GetWorksheetChartLegend successfully" time="0.507">
    </testcase>
  </testsuite>
  <testsuite name="ChartsController test post_worksheet_chart_legend test" tests="1" errors="0" failures="0" skipped="0" timestamp="2024-06-21T10:50:05" time="1.062">
    <testcase classname="ChartsController test post_worksheet_chart_legend test" name="should call PostWorksheetChartLegend successfully" time="1.06">
    </testcase>
  </testsuite>
  <testsuite name="ChartsController test put_worksheet_chart_legend test" tests="1" errors="0" failures="0" skipped="0" timestamp="2024-06-21T10:50:06" time="0.965">
    <testcase classname="ChartsController test put_worksheet_chart_legend test" name="should call PutWorksheetChartLegend successfully" time="0.963">
    </testcase>
  </testsuite>
  <testsuite name="ChartsController test delete_worksheet_chart_legend test" tests="1" errors="0" failures="0" skipped="0" timestamp="2024-06-21T10:50:07" time="1.039">
    <testcase classname="ChartsController test delete_worksheet_chart_legend test" name="should call DeleteWorksheetChartLegend successfully" time="1.036">
    </testcase>
  </testsuite>
  <testsuite name="ChartsController test delete_worksheet_charts test" tests="1" errors="0" failures="0" skipped="0" timestamp="2024-06-21T10:50:08" time="0.976">
    <testcase classname="ChartsController test delete_worksheet_charts test" name="should call DeleteWorksheetCharts successfully" time="0.973">
    </testcase>
  </testsuite>
  <testsuite name="ChartsController test get_worksheet_chart_title test" tests="1" errors="0" failures="0" skipped="0" timestamp="2024-06-21T10:50:09" time="0.604">
    <testcase classname="ChartsController test get_worksheet_chart_title test" name="should call GetWorksheetChartTitle successfully" time="0.601">
    </testcase>
  </testsuite>
  <testsuite name="ChartsController test post_worksheet_chart_title test" tests="1" errors="0" failures="0" skipped="0" timestamp="2024-06-21T10:50:10" time="0.939">
    <testcase classname="ChartsController test post_worksheet_chart_title test" name="should call PostWorksheetChartTitle successfully" time="0.937">
    </testcase>
  </testsuite>
  <testsuite name="ChartsController test put_worksheet_chart_title test" tests="1" errors="0" failures="0" skipped="0" timestamp="2024-06-21T10:50:11" time="0.944">
    <testcase classname="ChartsController test put_worksheet_chart_title test" name="should call PutWorksheetChartTitle successfully" time="0.941">
    </testcase>
  </testsuite>
  <testsuite name="ChartsController test delete_worksheet_chart_title test" tests="1" errors="0" failures="0" skipped="0" timestamp="2024-06-21T10:50:12" time="1.207">
    <testcase classname="ChartsController test delete_worksheet_chart_title test" name="should call DeleteWorksheetChartTitle successfully" time="1.204">
    </testcase>
  </testsuite>
  <testsuite name="ConditionalFormattingsController test get_worksheet_conditional_formattings test" tests="1" errors="0" failures="0" skipped="0" timestamp="2024-06-21T10:50:13" time="3.978">
    <testcase classname="ConditionalFormattingsController test get_worksheet_conditional_formattings test" name="should call GetWorksheetConditionalFormattings successfully" time="3.976">
    </testcase>
  </testsuite>
  <testsuite name="ConditionalFormattingsController test get_worksheet_conditional_formatting test" tests="1" errors="0" failures="0" skipped="0" timestamp="2024-06-21T10:50:17" time="2.922">
    <testcase classname="ConditionalFormattingsController test get_worksheet_conditional_formatting test" name="should call GetWorksheetConditionalFormatting successfully" time="2.919">
    </testcase>
  </testsuite>
  <testsuite name="ConditionalFormattingsController test put_worksheet_conditional_formatting test" tests="1" errors="0" failures="0" skipped="0" timestamp="2024-06-21T10:50:20" time="0.986">
    <testcase classname="ConditionalFormattingsController test put_worksheet_conditional_formatting test" name="should call PutWorksheetConditionalFormatting successfully" time="0.984">
    </testcase>
  </testsuite>
  <testsuite name="ConditionalFormattingsController test put_worksheet_format_condition test" tests="1" errors="0" failures="0" skipped="0" timestamp="2024-06-21T10:50:21" time="0.993">
    <testcase classname="ConditionalFormattingsController test put_worksheet_format_condition test" name="should call PutWorksheetFormatCondition successfully" time="0.989">
    </testcase>
  </testsuite>
  <testsuite name="ConditionalFormattingsController test put_worksheet_format_condition_area test" tests="1" errors="0" failures="0" skipped="0" timestamp="2024-06-21T10:50:22" time="0.923">
    <testcase classname="ConditionalFormattingsController test put_worksheet_format_condition_area test" name="should call PutWorksheetFormatConditionArea successfully" time="0.92">
    </testcase>
  </testsuite>
  <testsuite name="ConditionalFormattingsController test put_worksheet_format_condition_condition test" tests="1" errors="0" failures="0" skipped="0" timestamp="2024-06-21T10:50:23" time="0.961">
    <testcase classname="ConditionalFormattingsController test put_worksheet_format_condition_condition test" name="should call PutWorksheetFormatConditionCondition successfully" time="0.959">
    </testcase>
  </testsuite>
  <testsuite name="ConditionalFormattingsController test delete_worksheet_conditional_formattings test" tests="1" errors="0" failures="0" skipped="0" timestamp="2024-06-21T10:50:24" time="0.975">
    <testcase classname="ConditionalFormattingsController test delete_worksheet_conditional_formattings test" name="should call DeleteWorksheetConditionalFormattings successfully" time="0.973">
    </testcase>
  </testsuite>
  <testsuite name="ConditionalFormattingsController test delete_worksheet_conditional_formatting test" tests="1" errors="0" failures="0" skipped="0" timestamp="2024-06-21T10:50:25" time="1.541">
    <testcase classname="ConditionalFormattingsController test delete_worksheet_conditional_formatting test" name="should call DeleteWorksheetConditionalFormatting successfully" time="1.538">
    </testcase>
  </testsuite>
  <testsuite name="ConditionalFormattingsController test delete_worksheet_conditional_formatting_area test" tests="1" errors="0" failures="0" skipped="0" timestamp="2024-06-21T10:50:26" time="0.98">
    <testcase classname="ConditionalFormattingsController test delete_worksheet_conditional_formatting_area test" name="should call DeleteWorksheetConditionalFormattingArea successfully" time="0.978">
    </testcase>
  </testsuite>
  <testsuite name="DataProcessingController test post_workbook_data_cleansing test" tests="1" errors="0" failures="0" skipped="0" timestamp="2024-06-21T10:50:27" time="1.132">
    <testcase classname="DataProcessingController test post_workbook_data_cleansing test" name="should call PostWorkbookDataCleansing successfully" time="1.13">
    </testcase>
  </testsuite>
  <testsuite name="DataProcessingController test post_workbook_data_deduplication test" tests="1" errors="0" failures="0" skipped="0" timestamp="2024-06-21T10:50:29" time="0.865">
    <testcase classname="DataProcessingController test post_workbook_data_deduplication test" name="should call PostWorkbookDataDeduplication successfully" time="0.863">
    </testcase>
  </testsuite>
  <testsuite name="DataProcessingController test post_workbook_data_fill test" tests="1" errors="0" failures="0" skipped="0" timestamp="2024-06-21T10:50:29" time="0.841">
    <testcase classname="DataProcessingController test post_workbook_data_fill test" name="should call PostWorkbookDataFill successfully" time="0.838">
    </testcase>
  </testsuite>
  <testsuite name="DataProcessingController test post_data_transformation test" tests="1" errors="0" failures="1" skipped="0" timestamp="2024-06-21T10:50:30" time="0.419">
    <testcase classname="DataProcessingController test post_data_transformation test" name="should call PostDataTransformation successfully" time="0.414">
      <failure message="the object {
  &quot;code&quot;: 400
  &quot;message&quot;: [undefined]
} was thrown, throw an Error :)"></failure>
    </testcase>
  </testsuite>
  <testsuite name="FileController test download_file test" tests="1" errors="0" failures="0" skipped="0" timestamp="2024-06-21T10:50:31" time="7.399">
    <testcase classname="FileController test download_file test" name="should call DownloadFile successfully" time="7.396">
    </testcase>
  </testsuite>
  <testsuite name="FileController test upload_file test" tests="1" errors="0" failures="0" skipped="0" timestamp="2024-06-21T10:50:38" time="1.077">
    <testcase classname="FileController test upload_file test" name="should call UploadFile successfully" time="1.075">
    </testcase>
  </testsuite>
  <testsuite name="FileController test copy_file test" tests="1" errors="0" failures="0" skipped="0" timestamp="2024-06-21T10:50:39" time="0.543">
    <testcase classname="FileController test copy_file test" name="should call CopyFile successfully" time="0.54">
    </testcase>
  </testsuite>
  <testsuite name="FileController test move_file test" tests="1" errors="0" failures="0" skipped="0" timestamp="2024-06-21T10:50:40" time="1.861">
    <testcase classname="FileController test move_file test" name="should call MoveFile successfully" time="1.859">
    </testcase>
  </testsuite>
  <testsuite name="FileController test delete_file test" tests="1" errors="0" failures="0" skipped="0" timestamp="2024-06-21T10:50:42" time="0.677">
    <testcase classname="FileController test delete_file test" name="should call DeleteFile successfully" time="0.675">
    </testcase>
  </testsuite>
  <testsuite name="FolderController test get_files_list test" tests="1" errors="0" failures="0" skipped="0" timestamp="2024-06-21T10:50:42" time="4.814">
    <testcase classname="FolderController test get_files_list test" name="should call GetFilesList successfully" time="4.81">
    </testcase>
  </testsuite>
  <testsuite name="FolderController test create_folder test" tests="1" errors="0" failures="0" skipped="0" timestamp="2024-06-21T10:50:47" time="0.478">
    <testcase classname="FolderController test create_folder test" name="should call CreateFolder successfully" time="0.477">
    </testcase>
  </testsuite>
  <testsuite name="FolderController test copy_folder test" tests="1" errors="0" failures="0" skipped="0" timestamp="2024-06-21T10:50:48" time="22.843">
    <testcase classname="FolderController test copy_folder test" name="should call CopyFolder successfully" time="22.841">
    </testcase>
  </testsuite>
  <testsuite name="FolderController test move_folder test" tests="1" errors="0" failures="0" skipped="0" timestamp="2024-06-21T10:51:10" time="53.013">
    <testcase classname="FolderController test move_folder test" name="should call MoveFolder successfully" time="53.012">
    </testcase>
  </testsuite>
  <testsuite name="FolderController test delete_folder test" tests="1" errors="0" failures="0" skipped="0" timestamp="2024-06-21T10:52:03" time="1.096">
    <testcase classname="FolderController test delete_folder test" name="should call DeleteFolder successfully" time="1.093">
    </testcase>
  </testsuite>
  <testsuite name="HypelinksController test get_worksheet_hyperlinks test" tests="1" errors="0" failures="0" skipped="0" timestamp="2024-06-21T10:52:04" time="1.795">
    <testcase classname="HypelinksController test get_worksheet_hyperlinks test" name="should call GetWorksheetHyperlinks successfully" time="1.793">
    </testcase>
  </testsuite>
  <testsuite name="HypelinksController test get_worksheet_hyperlink test" tests="1" errors="0" failures="0" skipped="0" timestamp="2024-06-21T10:52:06" time="1.243">
    <testcase classname="HypelinksController test get_worksheet_hyperlink test" name="should call GetWorksheetHyperlink successfully" time="1.24">
    </testcase>
  </testsuite>
  <testsuite name="HypelinksController test delete_worksheet_hyperlink test" tests="1" errors="0" failures="0" skipped="0" timestamp="2024-06-21T10:52:08" time="1.245">
    <testcase classname="HypelinksController test delete_worksheet_hyperlink test" name="should call DeleteWorksheetHyperlink successfully" time="1.242">
    </testcase>
  </testsuite>
  <testsuite name="HypelinksController test post_worksheet_hyperlink test" tests="1" errors="0" failures="0" skipped="0" timestamp="2024-06-21T10:52:09" time="0.958">
    <testcase classname="HypelinksController test post_worksheet_hyperlink test" name="should call PostWorksheetHyperlink successfully" time="0.955">
    </testcase>
  </testsuite>
  <testsuite name="HypelinksController test put_worksheet_hyperlink test" tests="1" errors="0" failures="0" skipped="0" timestamp="2024-06-21T10:52:10" time="1.665">
    <testcase classname="HypelinksController test put_worksheet_hyperlink test" name="should call PutWorksheetHyperlink successfully" time="1.663">
    </testcase>
  </testsuite>
  <testsuite name="HypelinksController test delete_worksheet_hyperlinks test" tests="1" errors="0" failures="0" skipped="0" timestamp="2024-06-21T10:52:11" time="1.005">
    <testcase classname="HypelinksController test delete_worksheet_hyperlinks test" name="should call DeleteWorksheetHyperlinks successfully" time="1.002">
    </testcase>
  </testsuite>
  <testsuite name="ListObjectsController test get_worksheet_list_objects test" tests="1" errors="0" failures="0" skipped="0" timestamp="2024-06-21T10:52:12" time="1.175">
    <testcase classname="ListObjectsController test get_worksheet_list_objects test" name="should call GetWorksheetListObjects successfully" time="1.173">
    </testcase>
  </testsuite>
  <testsuite name="ListObjectsController test get_worksheet_list_object test" tests="1" errors="0" failures="0" skipped="0" timestamp="2024-06-21T10:52:14" time="7.114">
    <testcase classname="ListObjectsController test get_worksheet_list_object test" name="should call GetWorksheetListObject successfully" time="7.112">
    </testcase>
  </testsuite>
  <testsuite name="ListObjectsController test put_worksheet_list_object test" tests="1" errors="0" failures="0" skipped="0" timestamp="2024-06-21T10:52:21" time="1.01">
    <testcase classname="ListObjectsController test put_worksheet_list_object test" name="should call PutWorksheetListObject successfully" time="1.009">
    </testcase>
  </testsuite>
  <testsuite name="ListObjectsController test delete_worksheet_list_objects test" tests="1" errors="0" failures="0" skipped="0" timestamp="2024-06-21T10:52:22" time="1.4">
    <testcase classname="ListObjectsController test delete_worksheet_list_objects test" name="should call DeleteWorksheetListObjects successfully" time="1.396">
    </testcase>
  </testsuite>
  <testsuite name="ListObjectsController test delete_worksheet_list_object test" tests="1" errors="0" failures="1" skipped="0" timestamp="2024-06-21T10:52:23" time="0.723">
    <testcase classname="ListObjectsController test delete_worksheet_list_object test" name="should call DeleteWorksheetListObject successfully" time="0.72">
      <failure message="the object {
  &quot;code&quot;: 400
  &quot;message&quot;: [undefined]
} was thrown, throw an Error :)"></failure>
    </testcase>
  </testsuite>
  <testsuite name="ListObjectsController test post_worksheet_list_object test" tests="1" errors="0" failures="0" skipped="0" timestamp="2024-06-21T10:52:24" time="1.05">
    <testcase classname="ListObjectsController test post_worksheet_list_object test" name="should call PostWorksheetListObject successfully" time="1.047">
    </testcase>
  </testsuite>
  <testsuite name="ListObjectsController test post_worksheet_list_object_convert_to_range test" tests="1" errors="0" failures="0" skipped="0" timestamp="2024-06-21T10:52:25" time="0.961">
    <testcase classname="ListObjectsController test post_worksheet_list_object_convert_to_range test" name="should call PostWorksheetListObjectConvertToRange successfully" time="0.96">
    </testcase>
  </testsuite>
  <testsuite name="ListObjectsController test post_worksheet_list_object_summarize_with_pivot_table test" tests="1" errors="0" failures="0" skipped="0" timestamp="2024-06-21T10:52:26" time="1.06">
    <testcase classname="ListObjectsController test post_worksheet_list_object_summarize_with_pivot_table test" name="should call PostWorksheetListObjectSummarizeWithPivotTable successfully" time="1.06">
    </testcase>
  </testsuite>
  <testsuite name="ListObjectsController test post_worksheet_list_object_sort_table test" tests="1" errors="0" failures="0" skipped="0" timestamp="2024-06-21T10:52:27" time="1.345">
    <testcase classname="ListObjectsController test post_worksheet_list_object_sort_table test" name="should call PostWorksheetListObjectSortTable successfully" time="1.345">
    </testcase>
  </testsuite>
  <testsuite name="ListObjectsController test post_worksheet_list_column test" tests="1" errors="0" failures="0" skipped="0" timestamp="2024-06-21T10:52:28" time="1.107">
    <testcase classname="ListObjectsController test post_worksheet_list_column test" name="should call PostWorksheetListColumn successfully" time="1.106">
    </testcase>
  </testsuite>
  <testsuite name="ListObjectsController test post_worksheet_list_columns_total test" tests="1" errors="0" failures="0" skipped="0" timestamp="2024-06-21T10:52:29" time="1.099">
    <testcase classname="ListObjectsController test post_worksheet_list_columns_total test" name="should call PostWorksheetListColumnsTotal successfully" time="1.097">
    </testcase>
  </testsuite>
  <testsuite name="ListObjectsController test post_worksheet_list_object_remove_duplicates test" tests="1" errors="0" failures="0" skipped="0" timestamp="2024-06-21T10:52:30" time="0.91">
    <testcase classname="ListObjectsController test post_worksheet_list_object_remove_duplicates test" name="should call PostWorksheetListObjectRemoveDuplicates successfully" time="0.909">
    </testcase>
  </testsuite>
  <testsuite name="ListObjectsController test post_worksheet_list_object_insert_slicer test" tests="1" errors="0" failures="0" skipped="0" timestamp="2024-06-21T10:52:31" time="0.914">
    <testcase classname="ListObjectsController test post_worksheet_list_object_insert_slicer test" name="should call PostWorksheetListObjectInsertSlicer successfully" time="0.914">
    </testcase>
  </testsuite>
  <testsuite name="OleObjectsController test get_worksheet_ole_objects test" tests="1" errors="0" failures="0" skipped="0" timestamp="2024-06-21T10:52:32" time="1.118">
    <testcase classname="OleObjectsController test get_worksheet_ole_objects test" name="should call GetWorksheetOleObjects successfully" time="1.117">
    </testcase>
  </testsuite>
  <testsuite name="OleObjectsController test get_worksheet_ole_object test" tests="1" errors="0" failures="0" skipped="0" timestamp="2024-06-21T10:52:33" time="0.714">
    <testcase classname="OleObjectsController test get_worksheet_ole_object test" name="should call GetWorksheetOleObject successfully" time="0.712">
    </testcase>
  </testsuite>
  <testsuite name="OleObjectsController test delete_worksheet_ole_objects test" tests="1" errors="0" failures="0" skipped="0" timestamp="2024-06-21T10:52:34" time="0.907">
    <testcase classname="OleObjectsController test delete_worksheet_ole_objects test" name="should call DeleteWorksheetOleObjects successfully" time="0.904">
    </testcase>
  </testsuite>
  <testsuite name="OleObjectsController test delete_worksheet_ole_object test" tests="1" errors="0" failures="0" skipped="0" timestamp="2024-06-21T10:52:35" time="1.128">
    <testcase classname="OleObjectsController test delete_worksheet_ole_object test" name="should call DeleteWorksheetOleObject successfully" time="1.125">
    </testcase>
  </testsuite>
  <testsuite name="OleObjectsController test post_update_worksheet_ole_object test" tests="1" errors="0" failures="0" skipped="0" timestamp="2024-06-21T10:52:36" time="0.959">
    <testcase classname="OleObjectsController test post_update_worksheet_ole_object test" name="should call PostUpdateWorksheetOleObject successfully" time="0.956">
    </testcase>
  </testsuite>
  <testsuite name="OleObjectsController test put_worksheet_ole_object test" tests="1" errors="0" failures="0" skipped="0" timestamp="2024-06-21T10:52:37" time="1.112">
    <testcase classname="OleObjectsController test put_worksheet_ole_object test" name="should call PutWorksheetOleObject successfully" time="1.106">
    </testcase>
  </testsuite>
  <testsuite name="PageBreaksController test get_vertical_page_breaks test" tests="1" errors="0" failures="0" skipped="0" timestamp="2024-06-21T10:52:38" time="0.852">
    <testcase classname="PageBreaksController test get_vertical_page_breaks test" name="should call GetVerticalPageBreaks successfully" time="0.849">
    </testcase>
  </testsuite>
  <testsuite name="PageBreaksController test get_horizontal_page_breaks test" tests="1" errors="0" failures="0" skipped="0" timestamp="2024-06-21T10:52:39" time="0.526">
    <testcase classname="PageBreaksController test get_horizontal_page_breaks test" name="should call GetHorizontalPageBreaks successfully" time="0.523">
    </testcase>
  </testsuite>
  <testsuite name="PageBreaksController test get_vertical_page_break test" tests="1" errors="0" failures="0" skipped="0" timestamp="2024-06-21T10:52:40" time="0.6">
    <testcase classname="PageBreaksController test get_vertical_page_break test" name="should call GetVerticalPageBreak successfully" time="0.599">
    </testcase>
  </testsuite>
  <testsuite name="PageBreaksController test get_horizontal_page_break test" tests="1" errors="0" failures="0" skipped="0" timestamp="2024-06-21T10:52:40" time="0.495">
    <testcase classname="PageBreaksController test get_horizontal_page_break test" name="should call GetHorizontalPageBreak successfully" time="0.491">
    </testcase>
  </testsuite>
  <testsuite name="PageBreaksController test put_vertical_page_break test" tests="1" errors="0" failures="0" skipped="0" timestamp="2024-06-21T10:52:41" time="0.945">
    <testcase classname="PageBreaksController test put_vertical_page_break test" name="should call PutVerticalPageBreak successfully" time="0.943">
    </testcase>
  </testsuite>
  <testsuite name="PageBreaksController test put_horizontal_page_break test" tests="1" errors="0" failures="0" skipped="0" timestamp="2024-06-21T10:52:42" time="0.93">
    <testcase classname="PageBreaksController test put_horizontal_page_break test" name="should call PutHorizontalPageBreak successfully" time="0.927">
    </testcase>
  </testsuite>
  <testsuite name="PageBreaksController test delete_vertical_page_breaks test" tests="1" errors="0" failures="0" skipped="0" timestamp="2024-06-21T10:52:43" time="0.919">
    <testcase classname="PageBreaksController test delete_vertical_page_breaks test" name="should call DeleteVerticalPageBreaks successfully" time="0.916">
    </testcase>
  </testsuite>
  <testsuite name="PageBreaksController test delete_horizontal_page_breaks test" tests="1" errors="0" failures="0" skipped="0" timestamp="2024-06-21T10:52:44" time="0.885">
    <testcase classname="PageBreaksController test delete_horizontal_page_breaks test" name="should call DeleteHorizontalPageBreaks successfully" time="0.882">
    </testcase>
  </testsuite>
  <testsuite name="PageBreaksController test delete_vertical_page_break test" tests="1" errors="0" failures="1" skipped="0" timestamp="2024-06-21T10:52:44" time="1.162">
    <testcase classname="PageBreaksController test delete_vertical_page_break test" name="should call DeleteVerticalPageBreak successfully" time="1.159">
      <failure message="the object {
  &quot;code&quot;: 400
  &quot;message&quot;: [undefined]
} was thrown, throw an Error :)"></failure>
    </testcase>
  </testsuite>
  <testsuite name="PageBreaksController test delete_horizontal_page_break test" tests="1" errors="0" failures="0" skipped="0" timestamp="2024-06-21T10:52:46" time="1.039">
    <testcase classname="PageBreaksController test delete_horizontal_page_break test" name="should call DeleteHorizontalPageBreak successfully" time="1.036">
    </testcase>
  </testsuite>
  <testsuite name="PageSetupController test get_page_setup test" tests="1" errors="0" failures="0" skipped="0" timestamp="2024-06-21T10:52:47" time="1.083">
    <testcase classname="PageSetupController test get_page_setup test" name="should call GetPageSetup successfully" time="1.08">
    </testcase>
  </testsuite>
  <testsuite name="PageSetupController test post_page_setup test" tests="1" errors="0" failures="0" skipped="0" timestamp="2024-06-21T10:52:48" time="1.125">
    <testcase classname="PageSetupController test post_page_setup test" name="should call PostPageSetup successfully" time="1.121">
    </testcase>
  </testsuite>
  <testsuite name="PageSetupController test delete_header_footer test" tests="1" errors="0" failures="0" skipped="0" timestamp="2024-06-21T10:52:49" time="0.903">
    <testcase classname="PageSetupController test delete_header_footer test" name="should call DeleteHeaderFooter successfully" time="0.901">
    </testcase>
  </testsuite>
  <testsuite name="PageSetupController test get_header test" tests="1" errors="0" failures="0" skipped="0" timestamp="2024-06-21T10:52:50" time="0.511">
    <testcase classname="PageSetupController test get_header test" name="should call GetHeader successfully" time="0.508">
    </testcase>
  </testsuite>
  <testsuite name="PageSetupController test post_header test" tests="1" errors="0" failures="0" skipped="0" timestamp="2024-06-21T10:52:50" time="1.761">
    <testcase classname="PageSetupController test post_header test" name="should call PostHeader successfully" time="1.76">
    </testcase>
  </testsuite>
  <testsuite name="PageSetupController test get_footer test" tests="1" errors="0" failures="0" skipped="0" timestamp="2024-06-21T10:52:52" time="0.527">
    <testcase classname="PageSetupController test get_footer test" name="should call GetFooter successfully" time="0.523">
    </testcase>
  </testsuite>
  <testsuite name="PageSetupController test post_footer test" tests="1" errors="0" failures="0" skipped="0" timestamp="2024-06-21T10:52:53" time="1.525">
    <testcase classname="PageSetupController test post_footer test" name="should call PostFooter successfully" time="1.522">
    </testcase>
  </testsuite>
  <testsuite name="PageSetupController test post_fit_wide_to_pages test" tests="1" errors="0" failures="0" skipped="0" timestamp="2024-06-21T10:52:54" time="0.995">
    <testcase classname="PageSetupController test post_fit_wide_to_pages test" name="should call PostFitWideToPages successfully" time="0.993">
    </testcase>
  </testsuite>
  <testsuite name="PageSetupController test post_fit_tall_to_pages test" tests="1" errors="0" failures="0" skipped="0" timestamp="2024-06-21T10:52:55" time="1.061">
    <testcase classname="PageSetupController test post_fit_tall_to_pages test" name="should call PostFitTallToPages successfully" time="1.058">
    </testcase>
  </testsuite>
  <testsuite name="PicturesController test get_worksheet_pictures test" tests="1" errors="0" failures="0" skipped="0" timestamp="2024-06-21T10:52:56" time="1.011">
    <testcase classname="PicturesController test get_worksheet_pictures test" name="should call GetWorksheetPictures successfully" time="1.009">
    </testcase>
  </testsuite>
  <testsuite name="PicturesController test get_worksheet_picture_with_format test" tests="1" errors="0" failures="0" skipped="0" timestamp="2024-06-21T10:52:57" time="4.187">
    <testcase classname="PicturesController test get_worksheet_picture_with_format test" name="should call GetWorksheetPictureWithFormat successfully" time="4.185">
    </testcase>
  </testsuite>
  <testsuite name="PicturesController test put_worksheet_add_picture test" tests="1" errors="0" failures="0" skipped="0" timestamp="2024-06-21T10:53:01" time="1.798">
    <testcase classname="PicturesController test put_worksheet_add_picture test" name="should call PutWorksheetAddPicture successfully" time="1.795">
    </testcase>
  </testsuite>
  <testsuite name="PicturesController test post_worksheet_picture test" tests="1" errors="0" failures="0" skipped="0" timestamp="2024-06-21T10:53:03" time="0.972">
    <testcase classname="PicturesController test post_worksheet_picture test" name="should call PostWorksheetPicture successfully" time="0.97">
    </testcase>
  </testsuite>
  <testsuite name="PicturesController test delete_worksheet_picture test" tests="1" errors="0" failures="0" skipped="0" timestamp="2024-06-21T10:53:04" time="1.099">
    <testcase classname="PicturesController test delete_worksheet_picture test" name="should call DeleteWorksheetPicture successfully" time="1.095">
    </testcase>
  </testsuite>
  <testsuite name="PicturesController test delete_worksheet_pictures test" tests="1" errors="0" failures="0" skipped="0" timestamp="2024-06-21T10:53:05" time="1.163">
    <testcase classname="PicturesController test delete_worksheet_pictures test" name="should call DeleteWorksheetPictures successfully" time="1.16">
    </testcase>
  </testsuite>
  <testsuite name="PivotTablesController test get_worksheet_pivot_tables test" tests="1" errors="0" failures="0" skipped="0" timestamp="2024-06-21T10:53:06" time="0.96">
    <testcase classname="PivotTablesController test get_worksheet_pivot_tables test" name="should call GetWorksheetPivotTables successfully" time="0.957">
    </testcase>
  </testsuite>
  <testsuite name="PivotTablesController test get_worksheet_pivot_table test" tests="1" errors="0" failures="0" skipped="0" timestamp="2024-06-21T10:53:07" time="3.244">
    <testcase classname="PivotTablesController test get_worksheet_pivot_table test" name="should call GetWorksheetPivotTable successfully" time="3.241">
    </testcase>
  </testsuite>
  <testsuite name="PivotTablesController test get_pivot_table_field test" tests="1" errors="0" failures="0" skipped="0" timestamp="2024-06-21T10:53:11" time="0.493">
    <testcase classname="PivotTablesController test get_pivot_table_field test" name="should call GetPivotTableField successfully" time="0.491">
    </testcase>
  </testsuite>
  <testsuite name="PivotTablesController test get_worksheet_pivot_table_filters test" tests="1" errors="0" failures="0" skipped="0" timestamp="2024-06-21T10:53:11" time="0.485">
    <testcase classname="PivotTablesController test get_worksheet_pivot_table_filters test" name="should call GetWorksheetPivotTableFilters successfully" time="0.482">
    </testcase>
  </testsuite>
  <testsuite name="PivotTablesController test get_worksheet_pivot_table_filter test" tests="1" errors="0" failures="0" skipped="0" timestamp="2024-06-21T10:53:12" time="0.641">
    <testcase classname="PivotTablesController test get_worksheet_pivot_table_filter test" name="should call GetWorksheetPivotTableFilter successfully" time="0.639">
    </testcase>
  </testsuite>
  <testsuite name="PivotTablesController test put_worksheet_pivot_table test" tests="1" errors="0" failures="0" skipped="0" timestamp="2024-06-21T10:53:12" time="0.967">
    <testcase classname="PivotTablesController test put_worksheet_pivot_table test" name="should call PutWorksheetPivotTable successfully" time="0.966">
    </testcase>
  </testsuite>
  <testsuite name="PivotTablesController test put_pivot_table_field test" tests="1" errors="0" failures="0" skipped="0" timestamp="2024-06-21T10:53:13" time="0.946">
    <testcase classname="PivotTablesController test put_pivot_table_field test" name="should call PutPivotTableField successfully" time="0.943">
    </testcase>
  </testsuite>
  <testsuite name="PivotTablesController test put_worksheet_pivot_table_filter test" tests="1" errors="0" failures="0" skipped="0" timestamp="2024-06-21T10:53:14" time="0.925">
    <testcase classname="PivotTablesController test put_worksheet_pivot_table_filter test" name="should call PutWorksheetPivotTableFilter successfully" time="0.923">
    </testcase>
  </testsuite>
  <testsuite name="PivotTablesController test post_pivot_table_field_hide_item test" tests="1" errors="0" failures="0" skipped="0" timestamp="2024-06-21T10:53:15" time="1.407">
    <testcase classname="PivotTablesController test post_pivot_table_field_hide_item test" name="should call PostPivotTableFieldHideItem successfully" time="1.405">
    </testcase>
  </testsuite>
  <testsuite name="PivotTablesController test post_pivot_table_field_move_to test" tests="1" errors="0" failures="0" skipped="0" timestamp="2024-06-21T10:53:16" time="0.876">
    <testcase classname="PivotTablesController test post_pivot_table_field_move_to test" name="should call PostPivotTableFieldMoveTo successfully" time="0.874">
    </testcase>
  </testsuite>
  <testsuite name="PivotTablesController test post_pivot_table_cell_style test" tests="1" errors="0" failures="0" skipped="0" timestamp="2024-06-21T10:53:17" time="0.906">
    <testcase classname="PivotTablesController test post_pivot_table_cell_style test" name="should call PostPivotTableCellStyle successfully" time="0.903">
    </testcase>
  </testsuite>
  <testsuite name="PivotTablesController test post_pivot_table_style test" tests="1" errors="0" failures="0" skipped="0" timestamp="2024-06-21T10:53:18" time="0.892">
    <testcase classname="PivotTablesController test post_pivot_table_style test" name="should call PostPivotTableStyle successfully" time="0.888">
    </testcase>
  </testsuite>
  <testsuite name="PivotTablesController test post_pivot_table_update_pivot_fields test" tests="1" errors="0" failures="0" skipped="0" timestamp="2024-06-21T10:53:19" time="0.902">
    <testcase classname="PivotTablesController test post_pivot_table_update_pivot_fields test" name="should call PostPivotTableUpdatePivotFields successfully" time="0.899">
    </testcase>
  </testsuite>
  <testsuite name="PivotTablesController test post_pivot_table_update_pivot_field test" tests="1" errors="0" failures="0" skipped="0" timestamp="2024-06-21T10:53:20" time="0.997">
    <testcase classname="PivotTablesController test post_pivot_table_update_pivot_field test" name="should call PostPivotTableUpdatePivotField successfully" time="0.995">
    </testcase>
  </testsuite>
  <testsuite name="PivotTablesController test post_worksheet_pivot_table_calculate test" tests="1" errors="0" failures="0" skipped="0" timestamp="2024-06-21T10:53:21" time="1.021">
    <testcase classname="PivotTablesController test post_worksheet_pivot_table_calculate test" name="should call PostWorksheetPivotTableCalculate successfully" time="1.019">
    </testcase>
  </testsuite>
  <testsuite name="PivotTablesController test post_worksheet_pivot_table_move test" tests="1" errors="0" failures="0" skipped="0" timestamp="2024-06-21T10:53:22" time="0.914">
    <testcase classname="PivotTablesController test post_worksheet_pivot_table_move test" name="should call PostWorksheetPivotTableMove successfully" time="0.912">
    </testcase>
  </testsuite>
  <testsuite name="PivotTablesController test delete_worksheet_pivot_tables test" tests="1" errors="0" failures="0" skipped="0" timestamp="2024-06-21T10:53:23" time="1.009">
    <testcase classname="PivotTablesController test delete_worksheet_pivot_tables test" name="should call DeleteWorksheetPivotTables successfully" time="1.006">
    </testcase>
  </testsuite>
  <testsuite name="PivotTablesController test delete_worksheet_pivot_table test" tests="1" errors="0" failures="0" skipped="0" timestamp="2024-06-21T10:53:24" time="0.937">
    <testcase classname="PivotTablesController test delete_worksheet_pivot_table test" name="should call DeleteWorksheetPivotTable successfully" time="0.935">
    </testcase>
  </testsuite>
  <testsuite name="PivotTablesController test delete_pivot_table_field test" tests="1" errors="0" failures="0" skipped="0" timestamp="2024-06-21T10:53:25" time="0.982">
    <testcase classname="PivotTablesController test delete_pivot_table_field test" name="should call DeletePivotTableField successfully" time="0.979">
    </testcase>
  </testsuite>
  <testsuite name="PivotTablesController test delete_worksheet_pivot_table_filters test" tests="1" errors="0" failures="0" skipped="0" timestamp="2024-06-21T10:53:26" time="0.876">
    <testcase classname="PivotTablesController test delete_worksheet_pivot_table_filters test" name="should call DeleteWorksheetPivotTableFilters successfully" time="0.874">
    </testcase>
  </testsuite>
  <testsuite name="PivotTablesController test delete_worksheet_pivot_table_filter test" tests="1" errors="0" failures="0" skipped="0" timestamp="2024-06-21T10:53:27" time="0.908">
    <testcase classname="PivotTablesController test delete_worksheet_pivot_table_filter test" name="should call DeleteWorksheetPivotTableFilter successfully" time="0.905">
    </testcase>
  </testsuite>
  <testsuite name="PropertiesController test get_document_properties test" tests="1" errors="0" failures="0" skipped="0" timestamp="2024-06-21T10:53:28" time="4.239">
    <testcase classname="PropertiesController test get_document_properties test" name="should call GetDocumentProperties successfully" time="4.236">
    </testcase>
  </testsuite>
  <testsuite name="PropertiesController test get_document_property test" tests="1" errors="0" failures="0" skipped="0" timestamp="2024-06-21T10:53:32" time="0.566">
    <testcase classname="PropertiesController test get_document_property test" name="should call GetDocumentProperty successfully" time="0.563">
    </testcase>
  </testsuite>
  <testsuite name="PropertiesController test put_document_property test" tests="1" errors="0" failures="0" skipped="0" timestamp="2024-06-21T10:53:33" time="1.489">
    <testcase classname="PropertiesController test put_document_property test" name="should call PutDocumentProperty successfully" time="1.486">
    </testcase>
  </testsuite>
  <testsuite name="PropertiesController test delete_document_property test" tests="1" errors="0" failures="0" skipped="0" timestamp="2024-06-21T10:53:34" time="1.01">
    <testcase classname="PropertiesController test delete_document_property test" name="should call DeleteDocumentProperty successfully" time="1.008">
    </testcase>
  </testsuite>
  <testsuite name="PropertiesController test delete_document_properties test" tests="1" errors="0" failures="0" skipped="0" timestamp="2024-06-21T10:53:35" time="1.01">
    <testcase classname="PropertiesController test delete_document_properties test" name="should call DeleteDocumentProperties successfully" time="1.007">
    </testcase>
  </testsuite>
  <testsuite name="RangesController test post_worksheet_cells_ranges_copy test" tests="1" errors="0" failures="0" skipped="0" timestamp="2024-06-21T10:53:36" time="1.388">
    <testcase classname="RangesController test post_worksheet_cells_ranges_copy test" name="should call PostWorksheetCellsRangesCopy successfully" time="1.385">
    </testcase>
  </testsuite>
  <testsuite name="RangesController test post_worksheet_cells_range_merge test" tests="1" errors="0" failures="0" skipped="0" timestamp="2024-06-21T10:53:37" time="0.899">
    <testcase classname="RangesController test post_worksheet_cells_range_merge test" name="should call PostWorksheetCellsRangeMerge successfully" time="0.896">
    </testcase>
  </testsuite>
  <testsuite name="RangesController test post_worksheet_cells_range_un_merge test" tests="1" errors="0" failures="0" skipped="0" timestamp="2024-06-21T10:53:38" time="1.114">
    <testcase classname="RangesController test post_worksheet_cells_range_un_merge test" name="should call PostWorksheetCellsRangeUnMerge successfully" time="1.111">
    </testcase>
  </testsuite>
  <testsuite name="RangesController test post_worksheet_cells_range_style test" tests="1" errors="0" failures="0" skipped="0" timestamp="2024-06-21T10:53:39" time="1.142">
    <testcase classname="RangesController test post_worksheet_cells_range_style test" name="should call PostWorksheetCellsRangeStyle successfully" time="1.14">
    </testcase>
  </testsuite>
  <testsuite name="RangesController test get_worksheet_cells_range_value test" tests="1" errors="0" failures="0" skipped="0" timestamp="2024-06-21T10:53:41" time="3.769">
    <testcase classname="RangesController test get_worksheet_cells_range_value test" name="should call GetWorksheetCellsRangeValue successfully" time="3.766">
    </testcase>
  </testsuite>
  <testsuite name="RangesController test post_worksheet_cells_range_value test" tests="1" errors="0" failures="0" skipped="0" timestamp="2024-06-21T10:53:44" time="0.9">
    <testcase classname="RangesController test post_worksheet_cells_range_value test" name="should call PostWorksheetCellsRangeValue successfully" time="0.898">
    </testcase>
  </testsuite>
  <testsuite name="RangesController test post_worksheet_cells_range_move_to test" tests="1" errors="0" failures="0" skipped="0" timestamp="2024-06-21T10:53:45" time="1.081">
    <testcase classname="RangesController test post_worksheet_cells_range_move_to test" name="should call PostWorksheetCellsRangeMoveTo successfully" time="1.079">
    </testcase>
  </testsuite>
  <testsuite name="RangesController test post_worksheet_cells_range_outline_border test" tests="1" errors="0" failures="0" skipped="0" timestamp="2024-06-21T10:53:46" time="1.007">
    <testcase classname="RangesController test post_worksheet_cells_range_outline_border test" name="should call PostWorksheetCellsRangeOutlineBorder successfully" time="1.004">
    </testcase>
  </testsuite>
  <testsuite name="RangesController test post_worksheet_cells_range_column_width test" tests="1" errors="0" failures="0" skipped="0" timestamp="2024-06-21T10:53:47" time="0.986">
    <testcase classname="RangesController test post_worksheet_cells_range_column_width test" name="should call PostWorksheetCellsRangeColumnWidth successfully" time="0.984">
    </testcase>
  </testsuite>
  <testsuite name="RangesController test post_worksheet_cells_range_row_height test" tests="1" errors="0" failures="0" skipped="0" timestamp="2024-06-21T10:53:48" time="1.009">
    <testcase classname="RangesController test post_worksheet_cells_range_row_height test" name="should call PostWorksheetCellsRangeRowHeight successfully" time="1.006">
    </testcase>
  </testsuite>
  <testsuite name="RangesController test put_worksheet_cells_range test" tests="1" errors="0" failures="0" skipped="0" timestamp="2024-06-21T10:53:49" time="0.861">
    <testcase classname="RangesController test put_worksheet_cells_range test" name="should call PutWorksheetCellsRange successfully" time="0.859">
    </testcase>
  </testsuite>
  <testsuite name="RangesController test delete_worksheet_cells_range test" tests="1" errors="0" failures="0" skipped="0" timestamp="2024-06-21T10:53:50" time="1.334">
    <testcase classname="RangesController test delete_worksheet_cells_range test" name="should call DeleteWorksheetCellsRange successfully" time="1.332">
    </testcase>
  </testsuite>
  <testsuite name="RangesController test post_worksheet_cells_range_sort test" tests="1" errors="0" failures="0" skipped="0" timestamp="2024-06-21T10:53:52" time="0.83">
    <testcase classname="RangesController test post_worksheet_cells_range_sort test" name="should call PostWorksheetCellsRangeSort successfully" time="0.827">
    </testcase>
  </testsuite>
  <testsuite name="ShapesController test get_worksheet_shapes test" tests="1" errors="0" failures="0" skipped="0" timestamp="2024-06-21T10:53:52" time="0.806">
    <testcase classname="ShapesController test get_worksheet_shapes test" name="should call GetWorksheetShapes successfully" time="0.805">
    </testcase>
  </testsuite>
  <testsuite name="ShapesController test get_worksheet_shape test" tests="1" errors="0" failures="0" skipped="0" timestamp="2024-06-21T10:53:53" time="1.098">
    <testcase classname="ShapesController test get_worksheet_shape test" name="should call GetWorksheetShape successfully" time="1.096">
    </testcase>
  </testsuite>
  <testsuite name="ShapesController test put_worksheet_shape test" tests="1" errors="0" failures="0" skipped="0" timestamp="2024-06-21T10:53:54" time="0.916">
    <testcase classname="ShapesController test put_worksheet_shape test" name="should call PutWorksheetShape successfully" time="0.911">
    </testcase>
  </testsuite>
  <testsuite name="ShapesController test delete_worksheet_shapes test" tests="1" errors="0" failures="0" skipped="0" timestamp="2024-06-21T10:53:55" time="0.968">
    <testcase classname="ShapesController test delete_worksheet_shapes test" name="should call DeleteWorksheetShapes successfully" time="0.966">
    </testcase>
  </testsuite>
  <testsuite name="ShapesController test delete_worksheet_shape test" tests="1" errors="0" failures="1" skipped="0" timestamp="2024-06-21T10:53:56" time="1.212">
    <testcase classname="ShapesController test delete_worksheet_shape test" name="should call DeleteWorksheetShape successfully" time="1.208">
      <failure message="the object {
  &quot;code&quot;: 400
  &quot;message&quot;: [undefined]
} was thrown, throw an Error :)"></failure>
    </testcase>
  </testsuite>
  <testsuite name="ShapesController test post_worksheet_shape test" tests="1" errors="0" failures="0" skipped="0" timestamp="2024-06-21T10:53:57" time="0.899">
    <testcase classname="ShapesController test post_worksheet_shape test" name="should call PostWorksheetShape successfully" time="0.897">
    </testcase>
  </testsuite>
  <testsuite name="ShapesController test post_worksheet_group_shape test" tests="1" errors="0" failures="0" skipped="0" timestamp="2024-06-21T10:53:58" time="0.981">
    <testcase classname="ShapesController test post_worksheet_group_shape test" name="should call PostWorksheetGroupShape successfully" time="0.979">
    </testcase>
  </testsuite>
  <testsuite name="ShapesController test post_worksheet_ungroup_shape test" tests="1" errors="0" failures="0" skipped="0" timestamp="2024-06-21T10:53:59" time="1.534">
    <testcase classname="ShapesController test post_worksheet_ungroup_shape test" name="should call PostWorksheetUngroupShape successfully" time="1.532">
    </testcase>
  </testsuite>
  <testsuite name="SparklineGroupsController test get_worksheet_sparkline_groups test" tests="1" errors="0" failures="0" skipped="0" timestamp="2024-06-21T10:54:01" time="4.774">
    <testcase classname="SparklineGroupsController test get_worksheet_sparkline_groups test" name="should call GetWorksheetSparklineGroups successfully" time="4.772">
    </testcase>
  </testsuite>
  <testsuite name="SparklineGroupsController test get_worksheet_sparkline_group test" tests="1" errors="0" failures="0" skipped="0" timestamp="2024-06-21T10:54:06" time="2.811">
    <testcase classname="SparklineGroupsController test get_worksheet_sparkline_group test" name="should call GetWorksheetSparklineGroup successfully" time="2.809">
    </testcase>
  </testsuite>
  <testsuite name="SparklineGroupsController test delete_worksheet_sparkline_groups test" tests="1" errors="0" failures="0" skipped="0" timestamp="2024-06-21T10:54:08" time="0.994">
    <testcase classname="SparklineGroupsController test delete_worksheet_sparkline_groups test" name="should call DeleteWorksheetSparklineGroups successfully" time="0.992">
    </testcase>
  </testsuite>
  <testsuite name="SparklineGroupsController test delete_worksheet_sparkline_group test" tests="1" errors="0" failures="1" skipped="0" timestamp="2024-06-21T10:54:09" time="1.256">
    <testcase classname="SparklineGroupsController test delete_worksheet_sparkline_group test" name="should call DeleteWorksheetSparklineGroup successfully" time="1.253">
      <failure message="the object {
  &quot;code&quot;: 400
  &quot;message&quot;: [undefined]
} was thrown, throw an Error :)"></failure>
    </testcase>
  </testsuite>
  <testsuite name="SparklineGroupsController test put_worksheet_sparkline_group test" tests="1" errors="0" failures="0" skipped="0" timestamp="2024-06-21T10:54:11" time="0.964">
    <testcase classname="SparklineGroupsController test put_worksheet_sparkline_group test" name="should call PutWorksheetSparklineGroup successfully" time="0.961">
    </testcase>
  </testsuite>
  <testsuite name="SparklineGroupsController test post_worksheet_sparkline_group test" tests="1" errors="0" failures="0" skipped="0" timestamp="2024-06-21T10:54:12" time="0.956">
    <testcase classname="SparklineGroupsController test post_worksheet_sparkline_group test" name="should call PostWorksheetSparklineGroup successfully" time="0.954">
    </testcase>
  </testsuite>
  <testsuite name="StorageController test storage_exists test" tests="1" errors="0" failures="0" skipped="0" timestamp="2024-06-21T10:54:13" time="2.448">
    <testcase classname="StorageController test storage_exists test" name="should call StorageExists successfully" time="2.447">
    </testcase>
  </testsuite>
  <testsuite name="StorageController test object_exists test" tests="1" errors="0" failures="0" skipped="0" timestamp="2024-06-21T10:54:15" time="0.533">
    <testcase classname="StorageController test object_exists test" name="should call ObjectExists successfully" time="0.532">
    </testcase>
  </testsuite>
  <testsuite name="StorageController test get_disc_usage test" tests="1" errors="0" failures="0" skipped="0" timestamp="2024-06-21T10:54:16" time="1.999">
    <testcase classname="StorageController test get_disc_usage test" name="should call GetDiscUsage successfully" time="1.997">
    </testcase>
  </testsuite>
  <testsuite name="StorageController test get_file_versions test" tests="1" errors="0" failures="0" skipped="0" timestamp="2024-06-21T10:54:18" time="0.532">
    <testcase classname="StorageController test get_file_versions test" name="should call GetFileVersions successfully" time="0.53">
    </testcase>
  </testsuite>
  <testsuite name="WorkbookController test post_digital_signature test" tests="1" errors="0" failures="0" skipped="0" timestamp="2024-06-21T10:54:18" time="2.993">
    <testcase classname="WorkbookController test post_digital_signature test" name="should call PostDigitalSignature successfully" time="2.991">
    </testcase>
  </testsuite>
  <testsuite name="WorkbookController test post_encrypt_workbook test" tests="1" errors="0" failures="0" skipped="0" timestamp="2024-06-21T10:54:21" time="1.633">
    <testcase classname="WorkbookController test post_encrypt_workbook test" name="should call PostEncryptWorkbook successfully" time="1.63">
    </testcase>
  </testsuite>
  <testsuite name="WorkbookController test delete_decrypt_workbook test" tests="1" errors="0" failures="0" skipped="0" timestamp="2024-06-21T10:54:23" time="1.088">
    <testcase classname="WorkbookController test delete_decrypt_workbook test" name="should call DeleteDecryptWorkbook successfully" time="1.085">
    </testcase>
  </testsuite>
  <testsuite name="WorkbookController test post_protect_workbook test" tests="1" errors="0" failures="0" skipped="0" timestamp="2024-06-21T10:54:24" time="0.945">
    <testcase classname="WorkbookController test post_protect_workbook test" name="should call PostProtectWorkbook successfully" time="0.943">
    </testcase>
  </testsuite>
  <testsuite name="WorkbookController test delete_un_protect_workbook test" tests="1" errors="0" failures="1" skipped="0" timestamp="2024-06-21T10:54:25" time="0.667">
    <testcase classname="WorkbookController test delete_un_protect_workbook test" name="should call DeleteUnProtectWorkbook successfully" time="0.664">
      <failure message="the object {
  &quot;code&quot;: 400
  &quot;message&quot;: [undefined]
} was thrown, throw an Error :)"></failure>
    </testcase>
  </testsuite>
  <testsuite name="WorkbookController test get_workbook_default_style test" tests="1" errors="0" failures="0" skipped="0" timestamp="2024-06-21T10:54:26" time="2.857">
    <testcase classname="WorkbookController test get_workbook_default_style test" name="should call GetWorkbookDefaultStyle successfully" time="2.854">
    </testcase>
  </testsuite>
  <testsuite name="WorkbookController test get_workbook_text_items test" tests="1" errors="0" failures="0" skipped="0" timestamp="2024-06-21T10:54:28" time="3.897">
    <testcase classname="WorkbookController test get_workbook_text_items test" name="should call GetWorkbookTextItems successfully" time="3.895">
    </testcase>
  </testsuite>
  <testsuite name="WorkbookController test get_workbook_names test" tests="1" errors="0" failures="0" skipped="0" timestamp="2024-06-21T10:54:32" time="0.497">
    <testcase classname="WorkbookController test get_workbook_names test" name="should call GetWorkbookNames successfully" time="0.495">
    </testcase>
  </testsuite>
  <testsuite name="WorkbookController test put_workbook_name test" tests="1" errors="0" failures="0" skipped="0" timestamp="2024-06-21T10:54:33" time="1.059">
    <testcase classname="WorkbookController test put_workbook_name test" name="should call PutWorkbookName successfully" time="1.057">
    </testcase>
  </testsuite>
  <testsuite name="WorkbookController test get_workbook_name test" tests="1" errors="0" failures="0" skipped="0" timestamp="2024-06-21T10:54:34" time="0.583">
    <testcase classname="WorkbookController test get_workbook_name test" name="should call GetWorkbookName successfully" time="0.58">
    </testcase>
  </testsuite>
  <testsuite name="WorkbookController test post_workbook_name test" tests="1" errors="0" failures="1" skipped="0" timestamp="2024-06-21T10:54:34" time="0.624">
    <testcase classname="WorkbookController test post_workbook_name test" name="should call PostWorkbookName successfully" time="0.623">
      <failure message="the object {
  &quot;code&quot;: 400
  &quot;message&quot;: [undefined]
} was thrown, throw an Error :)"></failure>
    </testcase>
  </testsuite>
  <testsuite name="WorkbookController test get_workbook_name_value test" tests="1" errors="0" failures="0" skipped="0" timestamp="2024-06-21T10:54:35" time="3.22">
    <testcase classname="WorkbookController test get_workbook_name_value test" name="should call GetWorkbookNameValue successfully" time="3.217">
    </testcase>
  </testsuite>
  <testsuite name="WorkbookController test delete_workbook_names test" tests="1" errors="0" failures="0" skipped="0" timestamp="2024-06-21T10:54:38" time="1.033">
    <testcase classname="WorkbookController test delete_workbook_names test" name="should call DeleteWorkbookNames successfully" time="1.029">
    </testcase>
  </testsuite>
  <testsuite name="WorkbookController test delete_workbook_name test" tests="1" errors="0" failures="0" skipped="0" timestamp="2024-06-21T10:54:39" time="1.285">
    <testcase classname="WorkbookController test delete_workbook_name test" name="should call DeleteWorkbookName successfully" time="1.282">
    </testcase>
  </testsuite>
  <testsuite name="WorkbookController test put_document_protect_from_changes test" tests="1" errors="0" failures="0" skipped="0" timestamp="2024-06-21T10:54:41" time="0.921">
    <testcase classname="WorkbookController test put_document_protect_from_changes test" name="should call PutDocumentProtectFromChanges successfully" time="0.917">
    </testcase>
  </testsuite>
  <testsuite name="WorkbookController test delete_document_un_protect_from_changes test" tests="1" errors="0" failures="0" skipped="0" timestamp="2024-06-21T10:54:42" time="0.872">
    <testcase classname="WorkbookController test delete_document_un_protect_from_changes test" name="should call DeleteDocumentUnProtectFromChanges successfully" time="0.869">
    </testcase>
  </testsuite>
  <testsuite name="WorkbookController test post_workbooks_merge test" tests="1" errors="0" failures="0" skipped="0" timestamp="2024-06-21T10:54:42" time="3.589">
    <testcase classname="WorkbookController test post_workbooks_merge test" name="should call PostWorkbooksMerge successfully" time="3.587">
    </testcase>
  </testsuite>
  <testsuite name="WorkbookController test post_workbooks_text_search test" tests="1" errors="0" failures="0" skipped="0" timestamp="2024-06-21T10:54:46" time="0.679">
    <testcase classname="WorkbookController test post_workbooks_text_search test" name="should call PostWorkbooksTextSearch successfully" time="0.677">
    </testcase>
  </testsuite>
  <testsuite name="WorkbookController test post_workbook_text_replace test" tests="1" errors="0" failures="0" skipped="0" timestamp="2024-06-21T10:54:47" time="1.323">
    <testcase classname="WorkbookController test post_workbook_text_replace test" name="should call PostWorkbookTextReplace successfully" time="1.319">
    </testcase>
  </testsuite>
  <testsuite name="WorkbookController test post_workbook_get_smart_marker_result test" tests="1" errors="0" failures="0" skipped="0" timestamp="2024-06-21T10:54:48" time="1.398">
    <testcase classname="WorkbookController test post_workbook_get_smart_marker_result test" name="should call PostWorkbookGetSmartMarkerResult successfully" time="1.395">
    </testcase>
  </testsuite>
  <testsuite name="WorkbookController test put_workbook_create test" tests="1" errors="0" failures="0" skipped="0" timestamp="2024-06-21T10:54:49" time="1.101">
    <testcase classname="WorkbookController test put_workbook_create test" name="should call PutWorkbookCreate successfully" time="1.1">
    </testcase>
  </testsuite>
  <testsuite name="WorkbookController test post_workbook_split test" tests="1" errors="0" failures="0" skipped="0" timestamp="2024-06-21T10:54:50" time="1.998">
    <testcase classname="WorkbookController test post_workbook_split test" name="should call PostWorkbookSplit successfully" time="1.997">
    </testcase>
  </testsuite>
  <testsuite name="WorkbookController test post_import_data test" tests="1" errors="0" failures="0" skipped="0" timestamp="2024-06-21T10:54:52" time="0.996">
    <testcase classname="WorkbookController test post_import_data test" name="should call PostImportData successfully" time="0.994">
    </testcase>
  </testsuite>
  <testsuite name="WorkbookController test post_workbook_calculate_formula test" tests="1" errors="0" failures="0" skipped="0" timestamp="2024-06-21T10:54:53" time="0.91">
    <testcase classname="WorkbookController test post_workbook_calculate_formula test" name="should call PostWorkbookCalculateFormula successfully" time="0.907">
    </testcase>
  </testsuite>
  <testsuite name="WorkbookController test post_autofit_workbook_rows test" tests="1" errors="0" failures="0" skipped="0" timestamp="2024-06-21T10:54:54" time="1.475">
    <testcase classname="WorkbookController test post_autofit_workbook_rows test" name="should call PostAutofitWorkbookRows successfully" time="1.473">
    </testcase>
  </testsuite>
  <testsuite name="WorkbookController test post_autofit_workbook_columns test" tests="1" errors="0" failures="0" skipped="0" timestamp="2024-06-21T10:54:56" time="1.069">
    <testcase classname="WorkbookController test post_autofit_workbook_columns test" name="should call PostAutofitWorkbookColumns successfully" time="1.066">
    </testcase>
  </testsuite>
  <testsuite name="WorkbookController test get_workbook_settings test" tests="1" errors="0" failures="0" skipped="0" timestamp="2024-06-21T10:54:57" time="3.055">
    <testcase classname="WorkbookController test get_workbook_settings test" name="should call GetWorkbookSettings successfully" time="3.053">
    </testcase>
  </testsuite>
  <testsuite name="WorkbookController test post_workbook_settings test" tests="1" errors="0" failures="0" skipped="0" timestamp="2024-06-21T10:55:00" time="1.021">
    <testcase classname="WorkbookController test post_workbook_settings test" name="should call PostWorkbookSettings successfully" time="1.019">
    </testcase>
  </testsuite>
  <testsuite name="WorkbookController test put_workbook_background test" tests="1" errors="0" failures="0" skipped="0" timestamp="2024-06-21T10:55:01" time="1.533">
    <testcase classname="WorkbookController test put_workbook_background test" name="should call PutWorkbookBackground successfully" time="1.53">
    </testcase>
  </testsuite>
  <testsuite name="WorkbookController test delete_workbook_background test" tests="1" errors="0" failures="0" skipped="0" timestamp="2024-06-21T10:55:03" time="1.014">
    <testcase classname="WorkbookController test delete_workbook_background test" name="should call DeleteWorkbookBackground successfully" time="1.012">
    </testcase>
  </testsuite>
  <testsuite name="WorkbookController test put_workbook_water_marker test" tests="1" errors="0" failures="0" skipped="0" timestamp="2024-06-21T10:55:04" time="0.911">
    <testcase classname="WorkbookController test put_workbook_water_marker test" name="should call PutWorkbookWaterMarker successfully" time="0.909">
    </testcase>
  </testsuite>
  <testsuite name="WorkbookController test get_page_count test" tests="1" errors="0" failures="0" skipped="0" timestamp="2024-06-21T10:55:04" time="0.49">
    <testcase classname="WorkbookController test get_page_count test" name="should call GetPageCount successfully" time="0.488">
    </testcase>
  </testsuite>
  <testsuite name="WorksheetController test get_worksheets test" tests="1" errors="0" failures="0" skipped="0" timestamp="2024-06-21T10:55:05" time="2.198">
    <testcase classname="WorksheetController test get_worksheets test" name="should call GetWorksheets successfully" time="2.196">
    </testcase>
  </testsuite>
  <testsuite name="WorksheetController test get_worksheet_with_format test" tests="1" errors="0" failures="0" skipped="0" timestamp="2024-06-21T10:55:07" time="3.466">
    <testcase classname="WorksheetController test get_worksheet_with_format test" name="should call GetWorksheetWithFormat successfully" time="3.463">
    </testcase>
  </testsuite>
  <testsuite name="WorksheetController test put_change_visibility_worksheet test" tests="1" errors="0" failures="0" skipped="0" timestamp="2024-06-21T10:55:11" time="0.995">
    <testcase classname="WorksheetController test put_change_visibility_worksheet test" name="should call PutChangeVisibilityWorksheet successfully" time="0.992">
    </testcase>
  </testsuite>
  <testsuite name="WorksheetController test put_active_worksheet test" tests="1" errors="0" failures="0" skipped="0" timestamp="2024-06-21T10:55:12" time="0.926">
    <testcase classname="WorksheetController test put_active_worksheet test" name="should call PutActiveWorksheet successfully" time="0.924">
    </testcase>
  </testsuite>
  <testsuite name="WorksheetController test put_insert_new_worksheet test" tests="1" errors="0" failures="0" skipped="0" timestamp="2024-06-21T10:55:13" time="0.922">
    <testcase classname="WorksheetController test put_insert_new_worksheet test" name="should call PutInsertNewWorksheet successfully" time="0.919">
    </testcase>
  </testsuite>
  <testsuite name="WorksheetController test put_add_new_worksheet test" tests="1" errors="0" failures="0" skipped="0" timestamp="2024-06-21T10:55:14" time="0.872">
    <testcase classname="WorksheetController test put_add_new_worksheet test" name="should call PutAddNewWorksheet successfully" time="0.87">
    </testcase>
  </testsuite>
  <testsuite name="WorksheetController test delete_worksheet test" tests="1" errors="0" failures="1" skipped="0" timestamp="2024-06-21T10:55:14" time="0.609">
    <testcase classname="WorksheetController test delete_worksheet test" name="should call DeleteWorksheet successfully" time="0.607">
      <failure message="the object {
  &quot;code&quot;: 400
  &quot;message&quot;: [undefined]
} was thrown, throw an Error :)"></failure>
    </testcase>
  </testsuite>
  <testsuite name="WorksheetController test delete_worksheets test" tests="1" errors="0" failures="1" skipped="0" timestamp="2024-06-21T10:55:15" time="0.597">
    <testcase classname="WorksheetController test delete_worksheets test" name="should call DeleteWorksheets successfully" time="0.594">
      <failure message="the object {
  &quot;code&quot;: 400
  &quot;message&quot;: [undefined]
} was thrown, throw an Error :)"></failure>
    </testcase>
  </testsuite>
  <testsuite name="WorksheetController test post_move_worksheet test" tests="1" errors="0" failures="0" skipped="0" timestamp="2024-06-21T10:55:16" time="0.909">
    <testcase classname="WorksheetController test post_move_worksheet test" name="should call PostMoveWorksheet successfully" time="0.906">
    </testcase>
  </testsuite>
  <testsuite name="WorksheetController test put_protect_worksheet test" tests="1" errors="0" failures="0" skipped="0" timestamp="2024-06-21T10:55:17" time="1.394">
    <testcase classname="WorksheetController test put_protect_worksheet test" name="should call PutProtectWorksheet successfully" time="1.39">
    </testcase>
  </testsuite>
  <testsuite name="WorksheetController test delete_unprotect_worksheet test" tests="1" errors="0" failures="0" skipped="0" timestamp="2024-06-21T10:55:18" time="1.035">
    <testcase classname="WorksheetController test delete_unprotect_worksheet test" name="should call DeleteUnprotectWorksheet successfully" time="1.032">
    </testcase>
  </testsuite>
  <testsuite name="WorksheetController test get_worksheet_text_items test" tests="1" errors="0" failures="0" skipped="0" timestamp="2024-06-21T10:55:19" time="3.504">
    <testcase classname="WorksheetController test get_worksheet_text_items test" name="should call GetWorksheetTextItems successfully" time="3.5">
    </testcase>
  </testsuite>
  <testsuite name="WorksheetController test get_worksheet_comments test" tests="1" errors="0" failures="0" skipped="0" timestamp="2024-06-21T10:55:22" time="0.532">
    <testcase classname="WorksheetController test get_worksheet_comments test" name="should call GetWorksheetComments successfully" time="0.53">
    </testcase>
  </testsuite>
  <testsuite name="WorksheetController test get_worksheet_comment test" tests="1" errors="0" failures="0" skipped="0" timestamp="2024-06-21T10:55:23" time="0.524">
    <testcase classname="WorksheetController test get_worksheet_comment test" name="should call GetWorksheetComment successfully" time="0.521">
    </testcase>
  </testsuite>
  <testsuite name="WorksheetController test put_worksheet_comment test" tests="1" errors="0" failures="0" skipped="0" timestamp="2024-06-21T10:55:24" time="0.949">
    <testcase classname="WorksheetController test put_worksheet_comment test" name="should call PutWorksheetComment successfully" time="0.947">
    </testcase>
  </testsuite>
  <testsuite name="WorksheetController test post_worksheet_comment test" tests="1" errors="0" failures="0" skipped="0" timestamp="2024-06-21T10:55:24" time="1.171">
    <testcase classname="WorksheetController test post_worksheet_comment test" name="should call PostWorksheetComment successfully" time="1.168">
    </testcase>
  </testsuite>
  <testsuite name="WorksheetController test delete_worksheet_comment test" tests="1" errors="0" failures="0" skipped="0" timestamp="2024-06-21T10:55:26" time="1.415">
    <testcase classname="WorksheetController test delete_worksheet_comment test" name="should call DeleteWorksheetComment successfully" time="1.413">
    </testcase>
  </testsuite>
  <testsuite name="WorksheetController test delete_worksheet_comments test" tests="1" errors="0" failures="0" skipped="0" timestamp="2024-06-21T10:55:27" time="1.034">
    <testcase classname="WorksheetController test delete_worksheet_comments test" name="should call DeleteWorksheetComments successfully" time="1.031">
    </testcase>
  </testsuite>
  <testsuite name="WorksheetController test get_worksheet_merged_cells test" tests="1" errors="0" failures="0" skipped="0" timestamp="2024-06-21T10:55:28" time="0.577">
    <testcase classname="WorksheetController test get_worksheet_merged_cells test" name="should call GetWorksheetMergedCells successfully" time="0.575">
    </testcase>
  </testsuite>
  <testsuite name="WorksheetController test get_worksheet_merged_cell test" tests="1" errors="0" failures="0" skipped="0" timestamp="2024-06-21T10:55:29" time="0.533">
    <testcase classname="WorksheetController test get_worksheet_merged_cell test" name="should call GetWorksheetMergedCell successfully" time="0.53">
    </testcase>
  </testsuite>
  <testsuite name="WorksheetController test get_worksheet_calculate_formula test" tests="1" errors="0" failures="0" skipped="0" timestamp="2024-06-21T10:55:29" time="0.753">
    <testcase classname="WorksheetController test get_worksheet_calculate_formula test" name="should call GetWorksheetCalculateFormula successfully" time="0.75">
    </testcase>
  </testsuite>
  <testsuite name="WorksheetController test post_worksheet_calculate_formula test" tests="1" errors="0" failures="0" skipped="0" timestamp="2024-06-21T10:55:30" time="0.685">
    <testcase classname="WorksheetController test post_worksheet_calculate_formula test" name="should call PostWorksheetCalculateFormula successfully" time="0.684">
    </testcase>
  </testsuite>
  <testsuite name="WorksheetController test post_worksheet_text_search test" tests="1" errors="0" failures="0" skipped="0" timestamp="2024-06-21T10:55:31" time="0.489">
    <testcase classname="WorksheetController test post_worksheet_text_search test" name="should call PostWorksheetTextSearch successfully" time="0.487">
    </testcase>
  </testsuite>
  <testsuite name="WorksheetController test post_worksheet_text_replace test" tests="1" errors="0" failures="0" skipped="0" timestamp="2024-06-21T10:55:31" time="0.92">
    <testcase classname="WorksheetController test post_worksheet_text_replace test" name="should call PostWorksheetTextReplace successfully" time="0.917">
    </testcase>
  </testsuite>
  <testsuite name="WorksheetController test post_worksheet_range_sort test" tests="1" errors="0" failures="0" skipped="0" timestamp="2024-06-21T10:55:32" time="1.042">
    <testcase classname="WorksheetController test post_worksheet_range_sort test" name="should call PostWorksheetRangeSort successfully" time="1.039">
    </testcase>
  </testsuite>
  <testsuite name="WorksheetController test post_autofit_worksheet_row test" tests="1" errors="0" failures="0" skipped="0" timestamp="2024-06-21T10:55:33" time="0.92">
    <testcase classname="WorksheetController test post_autofit_worksheet_row test" name="should call PostAutofitWorksheetRow successfully" time="0.918">
    </testcase>
  </testsuite>
  <testsuite name="WorksheetController test post_autofit_worksheet_rows test" tests="1" errors="0" failures="0" skipped="0" timestamp="2024-06-21T10:55:34" time="1.511">
    <testcase classname="WorksheetController test post_autofit_worksheet_rows test" name="should call PostAutofitWorksheetRows successfully" time="1.507">
    </testcase>
  </testsuite>
  <testsuite name="WorksheetController test post_autofit_worksheet_columns test" tests="1" errors="0" failures="0" skipped="0" timestamp="2024-06-21T10:55:36" time="1.032">
    <testcase classname="WorksheetController test post_autofit_worksheet_columns test" name="should call PostAutofitWorksheetColumns successfully" time="1.029">
    </testcase>
  </testsuite>
  <testsuite name="WorksheetController test put_worksheet_background test" tests="1" errors="0" failures="0" skipped="0" timestamp="2024-06-21T10:55:37" time="1.168">
    <testcase classname="WorksheetController test put_worksheet_background test" name="should call PutWorksheetBackground successfully" time="1.165">
    </testcase>
  </testsuite>
  <testsuite name="WorksheetController test delete_worksheet_background test" tests="1" errors="0" failures="0" skipped="0" timestamp="2024-06-21T10:55:38" time="0.936">
    <testcase classname="WorksheetController test delete_worksheet_background test" name="should call DeleteWorksheetBackground successfully" time="0.933">
    </testcase>
  </testsuite>
  <testsuite name="WorksheetController test put_worksheet_freeze_panes test" tests="1" errors="0" failures="0" skipped="0" timestamp="2024-06-21T10:55:39" time="1.016">
    <testcase classname="WorksheetController test put_worksheet_freeze_panes test" name="should call PutWorksheetFreezePanes successfully" time="1.013">
    </testcase>
  </testsuite>
  <testsuite name="WorksheetController test delete_worksheet_freeze_panes test" tests="1" errors="0" failures="0" skipped="0" timestamp="2024-06-21T10:55:40" time="1.015">
    <testcase classname="WorksheetController test delete_worksheet_freeze_panes test" name="should call DeleteWorksheetFreezePanes successfully" time="1.012">
    </testcase>
  </testsuite>
  <testsuite name="WorksheetController test post_copy_worksheet test" tests="1" errors="0" failures="0" skipped="0" timestamp="2024-06-21T10:55:41" time="0.953">
    <testcase classname="WorksheetController test post_copy_worksheet test" name="should call PostCopyWorksheet successfully" time="0.951">
    </testcase>
  </testsuite>
  <testsuite name="WorksheetController test post_rename_worksheet test" tests="1" errors="0" failures="0" skipped="0" timestamp="2024-06-21T10:55:42" time="1.061">
    <testcase classname="WorksheetController test post_rename_worksheet test" name="should call PostRenameWorksheet successfully" time="1.059">
    </testcase>
  </testsuite>
  <testsuite name="WorksheetController test post_update_worksheet_property test" tests="1" errors="0" failures="0" skipped="0" timestamp="2024-06-21T10:55:43" time="1.04">
    <testcase classname="WorksheetController test post_update_worksheet_property test" name="should call PostUpdateWorksheetProperty successfully" time="1.038">
    </testcase>
  </testsuite>
  <testsuite name="WorksheetController test get_named_ranges test" tests="1" errors="0" failures="0" skipped="0" timestamp="2024-06-21T10:55:44" time="0.505">
    <testcase classname="WorksheetController test get_named_ranges test" name="should call GetNamedRanges successfully" time="0.503">
    </testcase>
  </testsuite>
  <testsuite name="WorksheetController test get_named_range_value test" tests="1" errors="0" failures="0" skipped="0" timestamp="2024-06-21T10:55:44" time="3.704">
    <testcase classname="WorksheetController test get_named_range_value test" name="should call GetNamedRangeValue successfully" time="3.702">
    </testcase>
  </testsuite>
  <testsuite name="WorksheetController test post_update_worksheet_zoom test" tests="1" errors="0" failures="0" skipped="0" timestamp="2024-06-21T10:55:48" time="0.913">
    <testcase classname="WorksheetController test post_update_worksheet_zoom test" name="should call PostUpdateWorksheetZoom successfully" time="0.91">
    </testcase>
  </testsuite>
  <testsuite name="WorksheetController test get_worksheet_page_count test" tests="1" errors="0" failures="0" skipped="0" timestamp="2024-06-21T10:55:49" time="0.99">
    <testcase classname="WorksheetController test get_worksheet_page_count test" name="should call GetWorksheetPageCount successfully" time="0.989">
    </testcase>
  </testsuite>
  <testsuite name="WorksheetValidationsController test get_worksheet_validations test" tests="1" errors="0" failures="0" skipped="0" timestamp="2024-06-21T10:55:50" time="1.048">
    <testcase classname="WorksheetValidationsController test get_worksheet_validations test" name="should call GetWorksheetValidations successfully" time="1.045">
    </testcase>
  </testsuite>
  <testsuite name="WorksheetValidationsController test get_worksheet_validation test" tests="1" errors="0" failures="0" skipped="0" timestamp="2024-06-21T10:55:51" time="0.504">
    <testcase classname="WorksheetValidationsController test get_worksheet_validation test" name="should call GetWorksheetValidation successfully" time="0.502">
    </testcase>
  </testsuite>
  <testsuite name="WorksheetValidationsController test put_worksheet_validation test" tests="1" errors="0" failures="0" skipped="0" timestamp="2024-06-21T10:55:51" time="2.291">
    <testcase classname="WorksheetValidationsController test put_worksheet_validation test" name="should call PutWorksheetValidation successfully" time="2.288">
    </testcase>
  </testsuite>
  <testsuite name="WorksheetValidationsController test post_worksheet_validation test" tests="1" errors="0" failures="0" skipped="0" timestamp="2024-06-21T10:55:54" time="1.38">
    <testcase classname="WorksheetValidationsController test post_worksheet_validation test" name="should call PostWorksheetValidation successfully" time="1.378">
    </testcase>
  </testsuite>
  <testsuite name="WorksheetValidationsController test delete_worksheet_validation test" tests="1" errors="0" failures="0" skipped="0" timestamp="2024-06-21T10:55:55" time="1.042">
    <testcase classname="WorksheetValidationsController test delete_worksheet_validation test" name="should call DeleteWorksheetValidation successfully" time="1.038">
    </testcase>
  </testsuite>
  <testsuite name="WorksheetValidationsController test delete_worksheet_validations test" tests="1" errors="0" failures="0" skipped="0" timestamp="2024-06-21T10:55:56" time="0.996">
    <testcase classname="WorksheetValidationsController test delete_worksheet_validations test" name="should call DeleteWorksheetValidations successfully" time="0.994">
    </testcase>
  </testsuite>
  <testsuite name="XmlController test post_workbook_export_xml test" tests="1" errors="0" failures="0" skipped="0" timestamp="2024-06-21T10:55:57" time="1.019">
    <testcase classname="XmlController test post_workbook_export_xml test" name="should call PostWorkbookExportXML successfully" time="1.017">
    </testcase>
  </testsuite>
  <testsuite name="XmlController test post_workbook_import_xml test" tests="1" errors="0" failures="0" skipped="0" timestamp="2024-06-21T10:55:58" time="3.543">
    <testcase classname="XmlController test post_workbook_import_xml test" name="should call PostWorkbookImportXML successfully" time="3.539">
    </testcase>
  </testsuite>
  <testsuite name="ConversionJson test convert_workbook_csv test" tests="1" errors="0" failures="0" skipped="0" timestamp="2024-06-21T10:56:02" time="5.166">
    <testcase classname="ConversionJson test convert_workbook_csv test" name="should call PutConvertWorkbook successfully" time="5.164">
    </testcase>
  </testsuite>
  <testsuite name="ConversionJson test convert_workbook_xls test" tests="1" errors="0" failures="1" skipped="0" timestamp="2024-06-21T10:56:07" time="200.008">
    <testcase classname="ConversionJson test convert_workbook_xls test" name="should call PutConvertWorkbook successfully" time="200.006">
      <failure message="Timeout of 200000ms exceeded. For async tests and hooks, ensure &quot;done()&quot; is called; if returning a Promise, ensure it resolves. (D:\CloudSdk\aspose-cells-cloud-node\test\Conversion\tests_conversion_json.ts)"></failure>
    </testcase>
  </testsuite>
  <testsuite name="ConversionJson test convert_workbook_html test" tests="1" errors="0" failures="0" skipped="0" timestamp="2024-06-21T10:59:27" time="15.435">
    <testcase classname="ConversionJson test convert_workbook_html test" name="should call PutConvertWorkbook successfully" time="15.433">
    </testcase>
  </testsuite>
  <testsuite name="ConversionJson test convert_workbook_mhtml test" tests="1" errors="0" failures="0" skipped="0" timestamp="2024-06-21T10:59:42" time="18.984">
    <testcase classname="ConversionJson test convert_workbook_mhtml test" name="should call PutConvertWorkbook successfully" time="18.981">
    </testcase>
  </testsuite>
  <testsuite name="ConversionJson test convert_workbook_ods test" tests="1" errors="0" failures="0" skipped="0" timestamp="2024-06-21T11:00:01" time="6.282">
    <testcase classname="ConversionJson test convert_workbook_ods test" name="should call PutConvertWorkbook successfully" time="6.279">
    </testcase>
  </testsuite>
  <testsuite name="ConversionJson test convert_workbook_pdf test" tests="1" errors="0" failures="0" skipped="0" timestamp="2024-06-21T11:00:08" time="9.924">
    <testcase classname="ConversionJson test convert_workbook_pdf test" name="should call PutConvertWorkbook successfully" time="9.921">
    </testcase>
  </testsuite>
  <testsuite name="ConversionJson test convert_workbook_xml test" tests="1" errors="0" failures="0" skipped="0" timestamp="2024-06-21T11:00:18" time="7.372">
    <testcase classname="ConversionJson test convert_workbook_xml test" name="should call PutConvertWorkbook successfully" time="7.37">
    </testcase>
  </testsuite>
  <testsuite name="ConversionJson test convert_workbook_txt test" tests="1" errors="0" failures="0" skipped="0" timestamp="2024-06-21T11:00:25" time="8.096">
    <testcase classname="ConversionJson test convert_workbook_txt test" name="should call PutConvertWorkbook successfully" time="8.093">
    </testcase>
  </testsuite>
  <testsuite name="ConversionJson test convert_workbook_xlsb test" tests="1" errors="0" failures="0" skipped="0" timestamp="2024-06-21T11:00:33" time="7.928">
    <testcase classname="ConversionJson test convert_workbook_xlsb test" name="should call PutConvertWorkbook successfully" time="7.924">
    </testcase>
  </testsuite>
  <testsuite name="ConversionJson test convert_workbook_xps test" tests="1" errors="0" failures="0" skipped="0" timestamp="2024-06-21T11:00:41" time="13.984">
    <testcase classname="ConversionJson test convert_workbook_xps test" name="should call PutConvertWorkbook successfully" time="13.981">
    </testcase>
  </testsuite>
  <testsuite name="ConversionJson test convert_workbook_md test" tests="1" errors="0" failures="0" skipped="0" timestamp="2024-06-21T11:00:55" time="7.746">
    <testcase classname="ConversionJson test convert_workbook_md test" name="should call PutConvertWorkbook successfully" time="7.743">
    </testcase>
  </testsuite>
  <testsuite name="ConversionJson test convert_workbook_numbers test" tests="1" errors="0" failures="0" skipped="0" timestamp="2024-06-21T11:01:03" time="6.974">
    <testcase classname="ConversionJson test convert_workbook_numbers test" name="should call PutConvertWorkbook successfully" time="6.972">
    </testcase>
  </testsuite>
  <testsuite name="ConversionJson test convert_workbook_svg test" tests="1" errors="0" failures="0" skipped="0" timestamp="2024-06-21T11:01:10" time="4.786">
    <testcase classname="ConversionJson test convert_workbook_svg test" name="should call PutConvertWorkbook successfully" time="4.784">
    </testcase>
  </testsuite>
  <testsuite name="ConversionJson test convert_workbook_docx test" tests="1" errors="0" failures="0" skipped="0" timestamp="2024-06-21T11:01:14" time="7.576">
    <testcase classname="ConversionJson test convert_workbook_docx test" name="should call PutConvertWorkbook successfully" time="7.574">
    </testcase>
  </testsuite>
  <testsuite name="ConversionJson test convert_workbook_pptx test" tests="1" errors="0" failures="0" skipped="0" timestamp="2024-06-21T11:01:22" time="13.248">
    <testcase classname="ConversionJson test convert_workbook_pptx test" name="should call PutConvertWorkbook successfully" time="13.245">
    </testcase>
  </testsuite>
  <testsuite name="ConversionJson test convert_workbook_json test" tests="1" errors="0" failures="0" skipped="0" timestamp="2024-06-21T11:01:35" time="12.327">
    <testcase classname="ConversionJson test convert_workbook_json test" name="should call PutConvertWorkbook successfully" time="12.324">
    </testcase>
  </testsuite>
  <testsuite name="ConversionJson test convert_workbook_sql test" tests="1" errors="0" failures="0" skipped="0" timestamp="2024-06-21T11:01:48" time="10.073">
    <testcase classname="ConversionJson test convert_workbook_sql test" name="should call PutConvertWorkbook successfully" time="10.071">
    </testcase>
  </testsuite>
  <testsuite name="ConversionPng test convert_workbook_html test" tests="1" errors="0" failures="1" skipped="0" timestamp="2024-06-21T11:01:58" time="200.013">
    <testcase classname="ConversionPng test convert_workbook_html test" name="should call PutConvertWorkbook successfully" time="200.01">
      <failure message="Timeout of 200000ms exceeded. For async tests and hooks, ensure &quot;done()&quot; is called; if returning a Promise, ensure it resolves. (D:\CloudSdk\aspose-cells-cloud-node\test\Conversion\tests_conversion_png.ts)"></failure>
    </testcase>
  </testsuite>
  <testsuite name="ConversionPng test convert_workbook_mhtml test" tests="1" errors="0" failures="1" skipped="0" timestamp="2024-06-21T11:05:18" time="200.012">
    <testcase classname="ConversionPng test convert_workbook_mhtml test" name="should call PutConvertWorkbook successfully" time="200.01">
      <failure message="Timeout of 200000ms exceeded. For async tests and hooks, ensure &quot;done()&quot; is called; if returning a Promise, ensure it resolves. (D:\CloudSdk\aspose-cells-cloud-node\test\Conversion\tests_conversion_png.ts)"></failure>
    </testcase>
  </testsuite>
  <testsuite name="ConversionPng test convert_workbook_ods test" tests="1" errors="0" failures="0" skipped="0" timestamp="2024-06-21T11:08:38" time="187.559">
    <testcase classname="ConversionPng test convert_workbook_ods test" name="should call PutConvertWorkbook successfully" time="187.556">
    </testcase>
  </testsuite>
  <testsuite name="ConversionPng test convert_workbook_pdf test" tests="1" errors="0" failures="1" skipped="0" timestamp="2024-06-21T11:11:45" time="200.008">
    <testcase classname="ConversionPng test convert_workbook_pdf test" name="should call PutConvertWorkbook successfully" time="200.005">
      <failure message="Timeout of 200000ms exceeded. For async tests and hooks, ensure &quot;done()&quot; is called; if returning a Promise, ensure it resolves. (D:\CloudSdk\aspose-cells-cloud-node\test\Conversion\tests_conversion_png.ts)"></failure>
    </testcase>
  </testsuite>
  <testsuite name="ConversionPng test convert_workbook_xml test" tests="1" errors="0" failures="0" skipped="0" timestamp="2024-06-21T11:15:05" time="9.599">
    <testcase classname="ConversionPng test convert_workbook_xml test" name="should call PutConvertWorkbook successfully" time="9.596">
    </testcase>
  </testsuite>
  <testsuite name="ConversionPng test convert_workbook_tif test" tests="1" errors="0" failures="1" skipped="0" timestamp="2024-06-21T11:15:15" time="200.007">
    <testcase classname="ConversionPng test convert_workbook_tif test" name="should call PutConvertWorkbook successfully" time="200.003">
      <failure message="Timeout of 200000ms exceeded. For async tests and hooks, ensure &quot;done()&quot; is called; if returning a Promise, ensure it resolves. (D:\CloudSdk\aspose-cells-cloud-node\test\Conversion\tests_conversion_png.ts)"></failure>
    </testcase>
  </testsuite>
  <testsuite name="ConversionPng test convert_workbook_xps test" tests="1" errors="0" failures="0" skipped="0" timestamp="2024-06-21T11:18:35" time="197.289">
    <testcase classname="ConversionPng test convert_workbook_xps test" name="should call PutConvertWorkbook successfully" time="197.287">
    </testcase>
  </testsuite>
  <testsuite name="ConversionPng test convert_workbook_jpg test" tests="1" errors="0" failures="0" skipped="0" timestamp="2024-06-21T11:21:52" time="13.59">
    <testcase classname="ConversionPng test convert_workbook_jpg test" name="should call PutConvertWorkbook successfully" time="13.587">
    </testcase>
  </testsuite>
  <testsuite name="ConversionPng test convert_workbook_md test" tests="1" errors="0" failures="0" skipped="0" timestamp="2024-06-21T11:22:06" time="22.857">
    <testcase classname="ConversionPng test convert_workbook_md test" name="should call PutConvertWorkbook successfully" time="22.856">
    </testcase>
  </testsuite>
  <testsuite name="ConversionPng test convert_workbook_numbers test" tests="1" errors="0" failures="1" skipped="0" timestamp="2024-06-21T11:22:29" time="200.034">
    <testcase classname="ConversionPng test convert_workbook_numbers test" name="should call PutConvertWorkbook successfully" time="200.014">
      <failure message="Timeout of 200000ms exceeded. For async tests and hooks, ensure &quot;done()&quot; is called; if returning a Promise, ensure it resolves. (D:\CloudSdk\aspose-cells-cloud-node\test\Conversion\tests_conversion_png.ts)"></failure>
    </testcase>
  </testsuite>
  <testsuite name="ConversionPng test convert_workbook_svg test" tests="1" errors="0" failures="1" skipped="0" timestamp="2024-06-21T11:25:49" time="200.032">
    <testcase classname="ConversionPng test convert_workbook_svg test" name="should call PutConvertWorkbook successfully" time="200.011">
      <failure message="Timeout of 200000ms exceeded. For async tests and hooks, ensure &quot;done()&quot; is called; if returning a Promise, ensure it resolves. (D:\CloudSdk\aspose-cells-cloud-node\test\Conversion\tests_conversion_png.ts)"></failure>
    </testcase>
  </testsuite>
  <testsuite name="ConversionPng test convert_workbook_docx test" tests="1" errors="0" failures="1" skipped="0" timestamp="2024-06-21T11:29:09" time="200.003">
    <testcase classname="ConversionPng test convert_workbook_docx test" name="should call PutConvertWorkbook successfully" time="200">
      <failure message="Timeout of 200000ms exceeded. For async tests and hooks, ensure &quot;done()&quot; is called; if returning a Promise, ensure it resolves. (D:\CloudSdk\aspose-cells-cloud-node\test\Conversion\tests_conversion_png.ts)"></failure>
    </testcase>
  </testsuite>
  <testsuite name="Conversion test workbook_save_as_csv__out_result_post_excel_save_ascsv test" tests="1" errors="0" failures="0" skipped="0" timestamp="2024-06-21T11:32:29" time="4.726">
    <testcase classname="Conversion test workbook_save_as_csv__out_result_post_excel_save_ascsv test" name="should call PostWorkbookSaveAs successfully" time="4.723">
    </testcase>
  </testsuite>
  <testsuite name="Conversion test workbook_save_as_html__out_result_post_excel_save_ashtml test" tests="1" errors="0" failures="0" skipped="0" timestamp="2024-06-21T11:32:33" time="1.113">
    <testcase classname="Conversion test workbook_save_as_html__out_result_post_excel_save_ashtml test" name="should call PostWorkbookSaveAs successfully" time="1.111">
    </testcase>
  </testsuite>
  <testsuite name="Conversion test workbook_save_as_mhtml__out_result_post_excel_save_asmhtml test" tests="1" errors="0" failures="0" skipped="0" timestamp="2024-06-21T11:32:35" time="1.044">
    <testcase classname="Conversion test workbook_save_as_mhtml__out_result_post_excel_save_asmhtml test" name="should call PostWorkbookSaveAs successfully" time="1.043">
    </testcase>
  </testsuite>
  <testsuite name="Conversion test workbook_save_as_ods__out_result_post_excel_save_asods test" tests="1" errors="0" failures="0" skipped="0" timestamp="2024-06-21T11:32:36" time="1.196">
    <testcase classname="Conversion test workbook_save_as_ods__out_result_post_excel_save_asods test" name="should call PostWorkbookSaveAs successfully" time="1.195">
    </testcase>
  </testsuite>
  <testsuite name="Conversion test workbook_save_as_pdf__out_result_post_excel_save_aspdf test" tests="1" errors="0" failures="0" skipped="0" timestamp="2024-06-21T11:32:37" time="1.83">
    <testcase classname="Conversion test workbook_save_as_pdf__out_result_post_excel_save_aspdf test" name="should call PostWorkbookSaveAs successfully" time="1.827">
    </testcase>
  </testsuite>
  <testsuite name="Conversion test workbook_save_as_xml__out_result_post_excel_save_asxml test" tests="1" errors="0" failures="0" skipped="0" timestamp="2024-06-21T11:32:39" time="1.536">
    <testcase classname="Conversion test workbook_save_as_xml__out_result_post_excel_save_asxml test" name="should call PostWorkbookSaveAs successfully" time="1.533">
    </testcase>
  </testsuite>
  <testsuite name="Conversion test workbook_save_as_txt__out_result_post_excel_save_astxt test" tests="1" errors="0" failures="0" skipped="0" timestamp="2024-06-21T11:32:40" time="0.781">
    <testcase classname="Conversion test workbook_save_as_txt__out_result_post_excel_save_astxt test" name="should call PostWorkbookSaveAs successfully" time="0.778">
    </testcase>
  </testsuite>
  <testsuite name="Conversion test workbook_save_as_tif__out_result_post_excel_save_astif test" tests="1" errors="0" failures="0" skipped="0" timestamp="2024-06-21T11:32:41" time="1.929">
    <testcase classname="Conversion test workbook_save_as_tif__out_result_post_excel_save_astif test" name="should call PostWorkbookSaveAs successfully" time="1.927">
    </testcase>
  </testsuite>
  <testsuite name="Conversion test workbook_save_as_xlsb__out_result_post_excel_save_asxlsb test" tests="1" errors="0" failures="0" skipped="0" timestamp="2024-06-21T11:32:43" time="1.473">
    <testcase classname="Conversion test workbook_save_as_xlsb__out_result_post_excel_save_asxlsb test" name="should call PostWorkbookSaveAs successfully" time="1.47">
    </testcase>
  </testsuite>
  <testsuite name="Conversion test workbook_save_as_xps__out_result_post_excel_save_asxps test" tests="1" errors="0" failures="0" skipped="0" timestamp="2024-06-21T11:32:44" time="1.367">
    <testcase classname="Conversion test workbook_save_as_xps__out_result_post_excel_save_asxps test" name="should call PostWorkbookSaveAs successfully" time="1.365">
    </testcase>
  </testsuite>
  <testsuite name="Conversion test workbook_save_as_png__out_result_post_excel_save_aspng test" tests="1" errors="0" failures="0" skipped="0" timestamp="2024-06-21T11:32:46" time="2.047">
    <testcase classname="Conversion test workbook_save_as_png__out_result_post_excel_save_aspng test" name="should call PostWorkbookSaveAs successfully" time="2.045">
    </testcase>
  </testsuite>
  <testsuite name="Conversion test workbook_save_as_md__out_result_post_excel_save_asmd test" tests="1" errors="0" failures="0" skipped="0" timestamp="2024-06-21T11:32:48" time="1.17">
    <testcase classname="Conversion test workbook_save_as_md__out_result_post_excel_save_asmd test" name="should call PostWorkbookSaveAs successfully" time="1.167">
    </testcase>
  </testsuite>
  <testsuite name="Conversion test workbook_save_as_numbers__out_result_post_excel_save_asnumbers test" tests="1" errors="0" failures="0" skipped="0" timestamp="2024-06-21T11:32:49" time="0.924">
    <testcase classname="Conversion test workbook_save_as_numbers__out_result_post_excel_save_asnumbers test" name="should call PostWorkbookSaveAs successfully" time="0.922">
    </testcase>
  </testsuite>
  <testsuite name="Conversion test workbook_save_as_svg__out_result_post_excel_save_assvg test" tests="1" errors="0" failures="0" skipped="0" timestamp="2024-06-21T11:32:50" time="0.871">
    <testcase classname="Conversion test workbook_save_as_svg__out_result_post_excel_save_assvg test" name="should call PostWorkbookSaveAs successfully" time="0.869">
    </testcase>
  </testsuite>
  <testsuite name="Conversion test workbook_save_as_docx__out_result_post_excel_save_asdocx test" tests="1" errors="0" failures="0" skipped="0" timestamp="2024-06-21T11:32:51" time="1.51">
    <testcase classname="Conversion test workbook_save_as_docx__out_result_post_excel_save_asdocx test" name="should call PostWorkbookSaveAs successfully" time="1.508">
    </testcase>
  </testsuite>
  <testsuite name="Conversion test workbook_save_as_pptx__out_result_post_excel_save_aspptx test" tests="1" errors="0" failures="0" skipped="0" timestamp="2024-06-21T11:32:52" time="1.409">
    <testcase classname="Conversion test workbook_save_as_pptx__out_result_post_excel_save_aspptx test" name="should call PostWorkbookSaveAs successfully" time="1.406">
    </testcase>
  </testsuite>
  <testsuite name="Conversion test workbook_save_as_json__out_result_post_excel_save_asjson test" tests="1" errors="0" failures="0" skipped="0" timestamp="2024-06-21T11:32:54" time="0.82">
    <testcase classname="Conversion test workbook_save_as_json__out_result_post_excel_save_asjson test" name="should call PostWorkbookSaveAs successfully" time="0.817">
    </testcase>
  </testsuite>
  <testsuite name="Conversion test workbook_save_as_sql__out_result_post_excel_save_assql test" tests="1" errors="0" failures="0" skipped="0" timestamp="2024-06-21T11:32:55" time="1.345">
    <testcase classname="Conversion test workbook_save_as_sql__out_result_post_excel_save_assql test" name="should call PostWorkbookSaveAs successfully" time="1.343">
    </testcase>
  </testsuite>
  <testsuite name="Conversion test get_workbook_format_csv test" tests="1" errors="0" failures="0" skipped="0" timestamp="2024-06-21T11:32:56" time="2.984">
    <testcase classname="Conversion test get_workbook_format_csv test" name="should call GetWorkbook successfully" time="2.982">
    </testcase>
  </testsuite>
  <testsuite name="Conversion test get_workbook_format_html test" tests="1" errors="0" failures="0" skipped="0" timestamp="2024-06-21T11:32:59" time="23.868">
    <testcase classname="Conversion test get_workbook_format_html test" name="should call GetWorkbook successfully" time="23.866">
    </testcase>
  </testsuite>
  <testsuite name="Conversion test get_workbook_format_mhtml test" tests="1" errors="0" failures="0" skipped="0" timestamp="2024-06-21T11:33:23" time="25.248">
    <testcase classname="Conversion test get_workbook_format_mhtml test" name="should call GetWorkbook successfully" time="25.229">
    </testcase>
  </testsuite>
  <testsuite name="Conversion test get_workbook_format_ods test" tests="1" errors="0" failures="0" skipped="0" timestamp="2024-06-21T11:33:48" time="11.428">
    <testcase classname="Conversion test get_workbook_format_ods test" name="should call GetWorkbook successfully" time="11.427">
    </testcase>
  </testsuite>
  <testsuite name="Conversion test get_workbook_format_pdf test" tests="1" errors="0" failures="0" skipped="0" timestamp="2024-06-21T11:33:59" time="17.461">
    <testcase classname="Conversion test get_workbook_format_pdf test" name="should call GetWorkbook successfully" time="17.458">
    </testcase>
  </testsuite>
  <testsuite name="Conversion test get_workbook_format_xml test" tests="1" errors="0" failures="0" skipped="0" timestamp="2024-06-21T11:34:17" time="5.831">
    <testcase classname="Conversion test get_workbook_format_xml test" name="should call GetWorkbook successfully" time="5.829">
    </testcase>
  </testsuite>
  <testsuite name="Conversion test get_workbook_format_txt test" tests="1" errors="0" failures="0" skipped="0" timestamp="2024-06-21T11:34:23" time="3.028">
    <testcase classname="Conversion test get_workbook_format_txt test" name="should call GetWorkbook successfully" time="3.026">
    </testcase>
  </testsuite>
  <testsuite name="Conversion test get_workbook_format_tif test" tests="1" errors="0" failures="0" skipped="0" timestamp="2024-06-21T11:34:26" time="25.944">
    <testcase classname="Conversion test get_workbook_format_tif test" name="should call GetWorkbook successfully" time="25.942">
    </testcase>
  </testsuite>
  <testsuite name="Conversion test get_workbook_format_xps test" tests="1" errors="0" failures="0" skipped="0" timestamp="2024-06-21T11:34:52" time="74.876">
    <testcase classname="Conversion test get_workbook_format_xps test" name="should call GetWorkbook successfully" time="26.733">
    </testcase>
  </testsuite>
  <testsuite name="Conversion test get_workbook_format_png test" tests="1" errors="0" failures="1" skipped="0" timestamp="2024-06-21T11:36:07" time="200.031">
    <testcase classname="Conversion test get_workbook_format_png test" name="should call GetWorkbook successfully" time="200.015">
      <failure message="Timeout of 200000ms exceeded. For async tests and hooks, ensure &quot;done()&quot; is called; if returning a Promise, ensure it resolves. (D:\CloudSdk\aspose-cells-cloud-node\test\Conversion\tests_conversion.ts)"></failure>
    </testcase>
  </testsuite>
  <testsuite name="Conversion test get_workbook_format_md test" tests="1" errors="0" failures="0" skipped="0" timestamp="2024-06-21T11:39:27" time="4.95">
    <testcase classname="Conversion test get_workbook_format_md test" name="should call GetWorkbook successfully" time="4.95">
    </testcase>
  </testsuite>
  <testsuite name="Conversion test get_workbook_format_numbers test" tests="1" errors="0" failures="0" skipped="0" timestamp="2024-06-21T11:39:32" time="12.337">
    <testcase classname="Conversion test get_workbook_format_numbers test" name="should call GetWorkbook successfully" time="12.337">
    </testcase>
  </testsuite>
  <testsuite name="Conversion test get_workbook_format_svg test" tests="1" errors="0" failures="0" skipped="0" timestamp="2024-06-21T11:39:44" time="6.289">
    <testcase classname="Conversion test get_workbook_format_svg test" name="should call GetWorkbook successfully" time="6.288">
    </testcase>
  </testsuite>
  <testsuite name="Conversion test get_workbook_format_docx test" tests="1" errors="0" failures="0" skipped="0" timestamp="2024-06-21T11:39:50" time="13.598">
    <testcase classname="Conversion test get_workbook_format_docx test" name="should call GetWorkbook successfully" time="13.597">
    </testcase>
  </testsuite>
  <testsuite name="Conversion test get_workbook_format_pptx test" tests="1" errors="0" failures="0" skipped="0" timestamp="2024-06-21T11:40:04" time="18.922">
    <testcase classname="Conversion test get_workbook_format_pptx test" name="should call GetWorkbook successfully" time="18.92">
    </testcase>
  </testsuite>
  <testsuite name="Conversion test get_workbook_format_json test" tests="1" errors="0" failures="0" skipped="0" timestamp="2024-06-21T11:40:23" time="3.358">
    <testcase classname="Conversion test get_workbook_format_json test" name="should call GetWorkbook successfully" time="3.355">
    </testcase>
  </testsuite>
  <testsuite name="Conversion test get_workbook_format_sql test" tests="1" errors="0" failures="0" skipped="0" timestamp="2024-06-21T11:40:26" time="7.564">
    <testcase classname="Conversion test get_workbook_format_sql test" name="should call GetWorkbook successfully" time="7.562">
    </testcase>
  </testsuite>
  <testsuite name="Conversion test convert_workbook_csv test" tests="1" errors="0" failures="0" skipped="0" timestamp="2024-06-21T11:40:34" time="6.29">
    <testcase classname="Conversion test convert_workbook_csv test" name="should call PutConvertWorkbook successfully" time="6.288">
    </testcase>
  </testsuite>
  <testsuite name="Conversion test convert_workbook_xls test" tests="1" errors="0" failures="0" skipped="0" timestamp="2024-06-21T11:40:40" time="19.642">
    <testcase classname="Conversion test convert_workbook_xls test" name="should call PutConvertWorkbook successfully" time="19.639">
    </testcase>
  </testsuite>
  <testsuite name="Conversion test convert_workbook_html test" tests="1" errors="0" failures="0" skipped="0" timestamp="2024-06-21T11:41:00" time="25.403">
    <testcase classname="Conversion test convert_workbook_html test" name="should call PutConvertWorkbook successfully" time="25.4">
    </testcase>
  </testsuite>
  <testsuite name="Conversion test convert_workbook_mhtml test" tests="1" errors="0" failures="0" skipped="0" timestamp="2024-06-21T11:41:25" time="30.672">
    <testcase classname="Conversion test convert_workbook_mhtml test" name="should call PutConvertWorkbook successfully" time="30.669">
    </testcase>
  </testsuite>
  <testsuite name="Conversion test convert_workbook_ods test" tests="1" errors="0" failures="0" skipped="0" timestamp="2024-06-21T11:41:56" time="12.166">
    <testcase classname="Conversion test convert_workbook_ods test" name="should call PutConvertWorkbook successfully" time="12.164">
    </testcase>
  </testsuite>
  <testsuite name="Conversion test convert_workbook_pdf test" tests="1" errors="0" failures="0" skipped="0" timestamp="2024-06-21T11:42:08" time="15.129">
    <testcase classname="Conversion test convert_workbook_pdf test" name="should call PutConvertWorkbook successfully" time="15.128">
    </testcase>
  </testsuite>
  <testsuite name="Conversion test convert_workbook_xml test" tests="1" errors="0" failures="0" skipped="0" timestamp="2024-06-21T11:42:23" time="5.132">
    <testcase classname="Conversion test convert_workbook_xml test" name="should call PutConvertWorkbook successfully" time="5.131">
    </testcase>
  </testsuite>
  <testsuite name="Conversion test convert_workbook_txt test" tests="1" errors="0" failures="0" skipped="0" timestamp="2024-06-21T11:42:28" time="5.337">
    <testcase classname="Conversion test convert_workbook_txt test" name="should call PutConvertWorkbook successfully" time="5.335">
    </testcase>
  </testsuite>
  <testsuite name="Conversion test convert_workbook_tif test" tests="1" errors="0" failures="0" skipped="0" timestamp="2024-06-21T11:42:33" time="28.612">
    <testcase classname="Conversion test convert_workbook_tif test" name="should call PutConvertWorkbook successfully" time="28.611">
    </testcase>
  </testsuite>
  <testsuite name="Conversion test convert_workbook_xlsb test" tests="1" errors="0" failures="0" skipped="0" timestamp="2024-06-21T11:43:02" time="12.875">
    <testcase classname="Conversion test convert_workbook_xlsb test" name="should call PutConvertWorkbook successfully" time="12.873">
    </testcase>
  </testsuite>
  <testsuite name="Conversion test convert_workbook_xps test" tests="1" errors="0" failures="0" skipped="0" timestamp="2024-06-21T11:43:15" time="21.624">
    <testcase classname="Conversion test convert_workbook_xps test" name="should call PutConvertWorkbook successfully" time="21.622">
    </testcase>
  </testsuite>
  <testsuite name="Conversion test convert_workbook_png test" tests="1" errors="0" failures="0" skipped="0" timestamp="2024-06-21T11:43:37" time="20.459">
    <testcase classname="Conversion test convert_workbook_png test" name="should call PutConvertWorkbook successfully" time="20.458">
    </testcase>
  </testsuite>
  <testsuite name="Conversion test convert_workbook_md test" tests="1" errors="0" failures="0" skipped="0" timestamp="2024-06-21T11:43:57" time="6.814">
    <testcase classname="Conversion test convert_workbook_md test" name="should call PutConvertWorkbook successfully" time="6.812">
    </testcase>
  </testsuite>
  <testsuite name="Conversion test convert_workbook_numbers test" tests="1" errors="0" failures="0" skipped="0" timestamp="2024-06-21T11:44:04" time="16.947">
    <testcase classname="Conversion test convert_workbook_numbers test" name="should call PutConvertWorkbook successfully" time="16.945">
    </testcase>
  </testsuite>
  <testsuite name="Conversion test convert_workbook_wmf test" tests="1" errors="0" failures="1" skipped="0" timestamp="2024-06-21T11:44:21" time="200.012">
    <testcase classname="Conversion test convert_workbook_wmf test" name="should call PutConvertWorkbook successfully" time="200.01">
      <failure message="Timeout of 200000ms exceeded. For async tests and hooks, ensure &quot;done()&quot; is called; if returning a Promise, ensure it resolves. (D:\CloudSdk\aspose-cells-cloud-node\test\Conversion\tests_conversion.ts)"></failure>
    </testcase>
  </testsuite>
  <testsuite name="Conversion test convert_workbook_svg test" tests="1" errors="0" failures="0" skipped="0" timestamp="2024-06-21T11:47:41" time="7.238">
    <testcase classname="Conversion test convert_workbook_svg test" name="should call PutConvertWorkbook successfully" time="7.237">
    </testcase>
  </testsuite>
  <testsuite name="Conversion test convert_workbook_docx test" tests="1" errors="0" failures="0" skipped="0" timestamp="2024-06-21T11:47:48" time="16.192">
    <testcase classname="Conversion test convert_workbook_docx test" name="should call PutConvertWorkbook successfully" time="16.191">
    </testcase>
  </testsuite>
  <testsuite name="Conversion test convert_workbook_pptx test" tests="1" errors="0" failures="1" skipped="0" timestamp="2024-06-21T11:48:04" time="200.017">
    <testcase classname="Conversion test convert_workbook_pptx test" name="should call PutConvertWorkbook successfully" time="200.016">
      <failure message="Timeout of 200000ms exceeded. For async tests and hooks, ensure &quot;done()&quot; is called; if returning a Promise, ensure it resolves. (D:\CloudSdk\aspose-cells-cloud-node\test\Conversion\tests_conversion.ts)"></failure>
    </testcase>
  </testsuite>
  <testsuite name="Conversion test convert_workbook_json test" tests="1" errors="0" failures="0" skipped="0" timestamp="2024-06-21T11:51:24" time="6.579">
    <testcase classname="Conversion test convert_workbook_json test" name="should call PutConvertWorkbook successfully" time="6.576">
    </testcase>
  </testsuite>
  <testsuite name="Conversion test convert_workbook_sql test" tests="1" errors="0" failures="1" skipped="0" timestamp="2024-06-21T11:51:31" time="200.014">
    <testcase classname="Conversion test convert_workbook_sql test" name="should call PutConvertWorkbook successfully" time="200.011">
      <failure message="Timeout of 200000ms exceeded. For async tests and hooks, ensure &quot;done()&quot; is called; if returning a Promise, ensure it resolves. (D:\CloudSdk\aspose-cells-cloud-node\test\Conversion\tests_conversion.ts)"></failure>
    </testcase>
  </testsuite>
  <testsuite name="Conversion test convert_workbook_save_cloud_csv__out_result_convert_workbookcsv test" tests="1" errors="0" failures="0" skipped="0" timestamp="2024-06-21T11:54:51" time="4.617">
    <testcase classname="Conversion test convert_workbook_save_cloud_csv__out_result_convert_workbookcsv test" name="should call PutConvertWorkbook successfully" time="4.614">
    </testcase>
  </testsuite>
  <testsuite name="Conversion test convert_workbook_save_cloud_xls__out_result_convert_workbookxls test" tests="1" errors="0" failures="0" skipped="0" timestamp="2024-06-21T11:54:55" time="2.26">
    <testcase classname="Conversion test convert_workbook_save_cloud_xls__out_result_convert_workbookxls test" name="should call PutConvertWorkbook successfully" time="2.258">
    </testcase>
  </testsuite>
  <testsuite name="Conversion test convert_workbook_save_cloud_html__out_result_convert_workbookhtml test" tests="1" errors="0" failures="0" skipped="0" timestamp="2024-06-21T11:54:58" time="1.23">
    <testcase classname="Conversion test convert_workbook_save_cloud_html__out_result_convert_workbookhtml test" name="should call PutConvertWorkbook successfully" time="1.23">
    </testcase>
  </testsuite>
  <testsuite name="Conversion test convert_workbook_save_cloud_mhtml__out_result_convert_workbookmhtml test" tests="1" errors="0" failures="0" skipped="0" timestamp="2024-06-21T11:54:59" time="1.225">
    <testcase classname="Conversion test convert_workbook_save_cloud_mhtml__out_result_convert_workbookmhtml test" name="should call PutConvertWorkbook successfully" time="1.223">
    </testcase>
  </testsuite>
  <testsuite name="Conversion test convert_workbook_save_cloud_ods__out_result_convert_workbookods test" tests="1" errors="0" failures="0" skipped="0" timestamp="2024-06-21T11:55:00" time="1.261">
    <testcase classname="Conversion test convert_workbook_save_cloud_ods__out_result_convert_workbookods test" name="should call PutConvertWorkbook successfully" time="1.258">
    </testcase>
  </testsuite>
  <testsuite name="Conversion test convert_workbook_save_cloud_pdf__out_result_convert_workbookpdf test" tests="1" errors="0" failures="0" skipped="0" timestamp="2024-06-21T11:55:01" time="2.084">
    <testcase classname="Conversion test convert_workbook_save_cloud_pdf__out_result_convert_workbookpdf test" name="should call PutConvertWorkbook successfully" time="2.081">
    </testcase>
  </testsuite>
  <testsuite name="Conversion test convert_workbook_save_cloud_xml__out_result_convert_workbookxml test" tests="1" errors="0" failures="0" skipped="0" timestamp="2024-06-21T11:55:03" time="3.391">
    <testcase classname="Conversion test convert_workbook_save_cloud_xml__out_result_convert_workbookxml test" name="should call PutConvertWorkbook successfully" time="3.388">
    </testcase>
  </testsuite>
  <testsuite name="Conversion test convert_workbook_save_cloud_txt__out_result_convert_workbooktxt test" tests="1" errors="0" failures="0" skipped="0" timestamp="2024-06-21T11:55:07" time="1.089">
    <testcase classname="Conversion test convert_workbook_save_cloud_txt__out_result_convert_workbooktxt test" name="should call PutConvertWorkbook successfully" time="1.088">
    </testcase>
  </testsuite>
  <testsuite name="Conversion test convert_workbook_save_cloud_tif__out_result_convert_workbooktif test" tests="1" errors="0" failures="0" skipped="0" timestamp="2024-06-21T11:55:08" time="3.805">
    <testcase classname="Conversion test convert_workbook_save_cloud_tif__out_result_convert_workbooktif test" name="should call PutConvertWorkbook successfully" time="3.805">
    </testcase>
  </testsuite>
  <testsuite name="Conversion test convert_workbook_save_cloud_xlsb__out_result_convert_workbookxlsb test" tests="1" errors="0" failures="0" skipped="0" timestamp="2024-06-21T11:55:12" time="1.754">
    <testcase classname="Conversion test convert_workbook_save_cloud_xlsb__out_result_convert_workbookxlsb test" name="should call PutConvertWorkbook successfully" time="1.752">
    </testcase>
  </testsuite>
  <testsuite name="Conversion test convert_workbook_save_cloud_xltm__out_result_convert_workbookxltm test" tests="1" errors="0" failures="0" skipped="0" timestamp="2024-06-21T11:55:14" time="1.181">
    <testcase classname="Conversion test convert_workbook_save_cloud_xltm__out_result_convert_workbookxltm test" name="should call PutConvertWorkbook successfully" time="1.179">
    </testcase>
  </testsuite>
  <testsuite name="Conversion test convert_workbook_save_cloud_xps__out_result_convert_workbookxps test" tests="1" errors="0" failures="0" skipped="0" timestamp="2024-06-21T11:55:15" time="1.344">
    <testcase classname="Conversion test convert_workbook_save_cloud_xps__out_result_convert_workbookxps test" name="should call PutConvertWorkbook successfully" time="1.342">
    </testcase>
  </testsuite>
  <testsuite name="Conversion test convert_workbook_save_cloud_png__out_result_convert_workbookpng test" tests="1" errors="0" failures="0" skipped="0" timestamp="2024-06-21T11:55:16" time="3.034">
    <testcase classname="Conversion test convert_workbook_save_cloud_png__out_result_convert_workbookpng test" name="should call PutConvertWorkbook successfully" time="3.032">
    </testcase>
  </testsuite>
  <testsuite name="Conversion test convert_workbook_save_cloud_md__out_result_convert_workbookmd test" tests="1" errors="0" failures="0" skipped="0" timestamp="2024-06-21T11:55:19" time="1.048">
    <testcase classname="Conversion test convert_workbook_save_cloud_md__out_result_convert_workbookmd test" name="should call PutConvertWorkbook successfully" time="1.048">
    </testcase>
  </testsuite>
  <testsuite name="Conversion test convert_workbook_save_cloud_numbers__out_result_convert_workbooknumbers test" tests="1" errors="0" failures="0" skipped="0" timestamp="2024-06-21T11:55:20" time="1.252">
    <testcase classname="Conversion test convert_workbook_save_cloud_numbers__out_result_convert_workbooknumbers test" name="should call PutConvertWorkbook successfully" time="1.251">
    </testcase>
  </testsuite>
  <testsuite name="Conversion test convert_workbook_save_cloud_svg__out_result_convert_workbooksvg test" tests="1" errors="0" failures="0" skipped="0" timestamp="2024-06-21T11:55:21" time="1.045">
    <testcase classname="Conversion test convert_workbook_save_cloud_svg__out_result_convert_workbooksvg test" name="should call PutConvertWorkbook successfully" time="1.044">
    </testcase>
  </testsuite>
  <testsuite name="Conversion test convert_workbook_save_cloud_docx__out_result_convert_workbookdocx test" tests="1" errors="0" failures="0" skipped="0" timestamp="2024-06-21T11:55:22" time="2.879">
    <testcase classname="Conversion test convert_workbook_save_cloud_docx__out_result_convert_workbookdocx test" name="should call PutConvertWorkbook successfully" time="2.878">
    </testcase>
  </testsuite>
  <testsuite name="Conversion test convert_workbook_save_cloud_pptx__out_result_convert_workbookpptx test" tests="1" errors="0" failures="0" skipped="0" timestamp="2024-06-21T11:55:25" time="1.463">
    <testcase classname="Conversion test convert_workbook_save_cloud_pptx__out_result_convert_workbookpptx test" name="should call PutConvertWorkbook successfully" time="1.461">
    </testcase>
  </testsuite>
  <testsuite name="Conversion test convert_workbook_save_cloud_json__out_result_convert_workbookjson test" tests="1" errors="0" failures="0" skipped="0" timestamp="2024-06-21T11:55:27" time="1.039">
    <testcase classname="Conversion test convert_workbook_save_cloud_json__out_result_convert_workbookjson test" name="should call PutConvertWorkbook successfully" time="1.037">
    </testcase>
  </testsuite>
  <testsuite name="Conversion test convert_workbook_save_cloud_sql__out_result_convert_workbooksql test" tests="1" errors="0" failures="0" skipped="0" timestamp="2024-06-21T11:55:28" time="1.122">
    <testcase classname="Conversion test convert_workbook_save_cloud_sql__out_result_convert_workbooksql test" name="should call PutConvertWorkbook successfully" time="1.12">
    </testcase>
  </testsuite>
  <testsuite name="LightCells test post_split_csv test" tests="1" errors="0" failures="0" skipped="0" timestamp="2024-06-21T11:55:29" time="1.018">
    <testcase classname="LightCells test post_split_csv test" name="should call PostSplit successfully" time="1.017">
    </testcase>
  </testsuite>
  <testsuite name="LightCells test post_split_xls test" tests="1" errors="0" failures="1" skipped="0" timestamp="2024-06-21T11:55:30" time="200.011">
    <testcase classname="LightCells test post_split_xls test" name="should call PostSplit successfully" time="200.009">
      <failure message="Timeout of 200000ms exceeded. For async tests and hooks, ensure &quot;done()&quot; is called; if returning a Promise, ensure it resolves. (D:\CloudSdk\aspose-cells-cloud-node\test\Document\tests_light_cells.ts)"></failure>
    </testcase>
  </testsuite>
  <testsuite name="LightCells test post_split_html test" tests="1" errors="0" failures="0" skipped="0" timestamp="2024-06-21T11:58:50" time="11.534">
    <testcase classname="LightCells test post_split_html test" name="should call PostSplit successfully" time="11.534">
    </testcase>
  </testsuite>
  <testsuite name="LightCells test post_split_mhtml test" tests="1" errors="0" failures="0" skipped="0" timestamp="2024-06-21T11:59:02" time="5.524">
    <testcase classname="LightCells test post_split_mhtml test" name="should call PostSplit successfully" time="5.523">
    </testcase>
  </testsuite>
  <testsuite name="LightCells test post_split_ods test" tests="1" errors="0" failures="0" skipped="0" timestamp="2024-06-21T11:59:07" time="4.686">
    <testcase classname="LightCells test post_split_ods test" name="should call PostSplit successfully" time="4.683">
    </testcase>
  </testsuite>
  <testsuite name="LightCells test post_split_pdf test" tests="1" errors="0" failures="0" skipped="0" timestamp="2024-06-21T11:59:12" time="4.867">
    <testcase classname="LightCells test post_split_pdf test" name="should call PostSplit successfully" time="4.865">
    </testcase>
  </testsuite>
  <testsuite name="LightCells test post_split_xml test" tests="1" errors="0" failures="0" skipped="0" timestamp="2024-06-21T11:59:17" time="0.742">
    <testcase classname="LightCells test post_split_xml test" name="should call PostSplit successfully" time="0.74">
    </testcase>
  </testsuite>
  <testsuite name="LightCells test post_split_txt test" tests="1" errors="0" failures="0" skipped="0" timestamp="2024-06-21T11:59:17" time="1.24">
    <testcase classname="LightCells test post_split_txt test" name="should call PostSplit successfully" time="1.238">
    </testcase>
  </testsuite>
  <testsuite name="LightCells test post_split_tif test" tests="1" errors="0" failures="0" skipped="0" timestamp="2024-06-21T11:59:19" time="4.22">
    <testcase classname="LightCells test post_split_tif test" name="should call PostSplit successfully" time="4.219">
    </testcase>
  </testsuite>
  <testsuite name="LightCells test post_split_xlsb test" tests="1" errors="0" failures="0" skipped="0" timestamp="2024-06-21T11:59:23" time="4.507">
    <testcase classname="LightCells test post_split_xlsb test" name="should call PostSplit successfully" time="4.505">
    </testcase>
  </testsuite>
  <testsuite name="LightCells test post_split_xlsx test" tests="1" errors="0" failures="0" skipped="0" timestamp="2024-06-21T11:59:27" time="5.625">
    <testcase classname="LightCells test post_split_xlsx test" name="should call PostSplit successfully" time="5.622">
    </testcase>
  </testsuite>
  <testsuite name="LightCells test post_split_xps test" tests="1" errors="0" failures="0" skipped="0" timestamp="2024-06-21T11:59:33" time="9.488">
    <testcase classname="LightCells test post_split_xps test" name="should call PostSplit successfully" time="9.486">
    </testcase>
  </testsuite>
  <testsuite name="LightCells test post_split_png test" tests="1" errors="0" failures="0" skipped="0" timestamp="2024-06-21T11:59:42" time="4.213">
    <testcase classname="LightCells test post_split_png test" name="should call PostSplit successfully" time="4.212">
    </testcase>
  </testsuite>
  <testsuite name="LightCells test post_split_jpg test" tests="1" errors="0" failures="0" skipped="0" timestamp="2024-06-21T11:59:47" time="4.771">
    <testcase classname="LightCells test post_split_jpg test" name="should call PostSplit successfully" time="4.769">
    </testcase>
  </testsuite>
  <testsuite name="LightCells test post_split_md test" tests="1" errors="0" failures="0" skipped="0" timestamp="2024-06-21T11:59:51" time="0.992">
    <testcase classname="LightCells test post_split_md test" name="should call PostSplit successfully" time="0.989">
    </testcase>
  </testsuite>
  <testsuite name="LightCells test post_split_numbers test" tests="1" errors="0" failures="0" skipped="0" timestamp="2024-06-21T11:59:52" time="4.819">
    <testcase classname="LightCells test post_split_numbers test" name="should call PostSplit successfully" time="4.818">
    </testcase>
  </testsuite>
  <testsuite name="LightCells test post_split_svg test" tests="1" errors="0" failures="0" skipped="0" timestamp="2024-06-21T11:59:57" time="3.652">
    <testcase classname="LightCells test post_split_svg test" name="should call PostSplit successfully" time="3.65">
    </testcase>
  </testsuite>
  <testsuite name="LightCells test post_split_docx test" tests="1" errors="0" failures="0" skipped="0" timestamp="2024-06-21T12:00:01" time="6.04">
    <testcase classname="LightCells test post_split_docx test" name="should call PostSplit successfully" time="6.037">
    </testcase>
  </testsuite>
  <testsuite name="LightCells test post_split_pptx test" tests="1" errors="0" failures="0" skipped="0" timestamp="2024-06-21T12:00:07" time="7.676">
    <testcase classname="LightCells test post_split_pptx test" name="should call PostSplit successfully" time="7.675">
    </testcase>
  </testsuite>
  <testsuite name="LightCells test post_split_json test" tests="1" errors="0" failures="0" skipped="0" timestamp="2024-06-21T12:00:15" time="0.737">
    <testcase classname="LightCells test post_split_json test" name="should call PostSplit successfully" time="0.735">
    </testcase>
  </testsuite>
  <testsuite name="LightCells test post_split_sql test" tests="1" errors="0" failures="0" skipped="0" timestamp="2024-06-21T12:00:15" time="0.716">
    <testcase classname="LightCells test post_split_sql test" name="should call PostSplit successfully" time="0.715">
    </testcase>
  </testsuite>
  <testsuite name="LightCells test post_assemble_csv test" tests="1" errors="0" failures="0" skipped="0" timestamp="2024-06-21T12:00:16" time="0.721">
    <testcase classname="LightCells test post_assemble_csv test" name="should call PostAssemble successfully" time="0.72">
    </testcase>
  </testsuite>
  <testsuite name="LightCells test post_assemble_xls test" tests="1" errors="0" failures="0" skipped="0" timestamp="2024-06-21T12:00:17" time="3.692">
    <testcase classname="LightCells test post_assemble_xls test" name="should call PostAssemble successfully" time="3.692">
    </testcase>
  </testsuite>
  <testsuite name="LightCells test post_assemble_html test" tests="1" errors="0" failures="0" skipped="0" timestamp="2024-06-21T12:00:20" time="3.416">
    <testcase classname="LightCells test post_assemble_html test" name="should call PostAssemble successfully" time="3.415">
    </testcase>
  </testsuite>
  <testsuite name="LightCells test post_assemble_mhtml test" tests="1" errors="0" failures="0" skipped="0" timestamp="2024-06-21T12:00:24" time="3.886">
    <testcase classname="LightCells test post_assemble_mhtml test" name="should call PostAssemble successfully" time="3.884">
    </testcase>
  </testsuite>
  <testsuite name="LightCells test post_assemble_ods test" tests="1" errors="0" failures="0" skipped="0" timestamp="2024-06-21T12:00:28" time="3.338">
    <testcase classname="LightCells test post_assemble_ods test" name="should call PostAssemble successfully" time="3.336">
    </testcase>
  </testsuite>
  <testsuite name="LightCells test post_assemble_pdf test" tests="1" errors="0" failures="0" skipped="0" timestamp="2024-06-21T12:00:31" time="3.855">
    <testcase classname="LightCells test post_assemble_pdf test" name="should call PostAssemble successfully" time="3.854">
    </testcase>
  </testsuite>
  <testsuite name="LightCells test post_assemble_xml test" tests="1" errors="0" failures="0" skipped="0" timestamp="2024-06-21T12:00:35" time="0.862">
    <testcase classname="LightCells test post_assemble_xml test" name="should call PostAssemble successfully" time="0.861">
    </testcase>
  </testsuite>
  <testsuite name="LightCells test post_assemble_txt test" tests="1" errors="0" failures="0" skipped="0" timestamp="2024-06-21T12:00:36" time="0.709">
    <testcase classname="LightCells test post_assemble_txt test" name="should call PostAssemble successfully" time="0.707">
    </testcase>
  </testsuite>
  <testsuite name="LightCells test post_assemble_tif test" tests="1" errors="0" failures="0" skipped="0" timestamp="2024-06-21T12:00:37" time="4.14">
    <testcase classname="LightCells test post_assemble_tif test" name="should call PostAssemble successfully" time="4.139">
    </testcase>
  </testsuite>
  <testsuite name="LightCells test post_assemble_xlsb test" tests="1" errors="0" failures="0" skipped="0" timestamp="2024-06-21T12:00:41" time="4.138">
    <testcase classname="LightCells test post_assemble_xlsb test" name="should call PostAssemble successfully" time="4.138">
    </testcase>
  </testsuite>
  <testsuite name="LightCells test post_assemble_xlsm test" tests="1" errors="0" failures="0" skipped="0" timestamp="2024-06-21T12:00:45" time="3.579">
    <testcase classname="LightCells test post_assemble_xlsm test" name="should call PostAssemble successfully" time="3.578">
    </testcase>
  </testsuite>
  <testsuite name="LightCells test post_assemble_xlsx test" tests="1" errors="0" failures="0" skipped="0" timestamp="2024-06-21T12:00:48" time="7.716">
    <testcase classname="LightCells test post_assemble_xlsx test" name="should call PostAssemble successfully" time="7.714">
    </testcase>
  </testsuite>
  <testsuite name="LightCells test post_assemble_xltm test" tests="1" errors="0" failures="0" skipped="0" timestamp="2024-06-21T12:00:56" time="4.599">
    <testcase classname="LightCells test post_assemble_xltm test" name="should call PostAssemble successfully" time="4.598">
    </testcase>
  </testsuite>
  <testsuite name="LightCells test post_assemble_xltx test" tests="1" errors="0" failures="0" skipped="0" timestamp="2024-06-21T12:01:01" time="4.678">
    <testcase classname="LightCells test post_assemble_xltx test" name="should call PostAssemble successfully" time="4.677">
    </testcase>
  </testsuite>
  <testsuite name="LightCells test post_assemble_xps test" tests="1" errors="0" failures="0" skipped="0" timestamp="2024-06-21T12:01:05" time="4.246">
    <testcase classname="LightCells test post_assemble_xps test" name="should call PostAssemble successfully" time="4.245">
    </testcase>
  </testsuite>
  <testsuite name="LightCells test post_assemble_png test" tests="1" errors="0" failures="0" skipped="0" timestamp="2024-06-21T12:01:10" time="3.415">
    <testcase classname="LightCells test post_assemble_png test" name="should call PostAssemble successfully" time="3.415">
    </testcase>
  </testsuite>
  <testsuite name="LightCells test post_assemble_jpg test" tests="1" errors="0" failures="0" skipped="0" timestamp="2024-06-21T12:01:13" time="3.616">
    <testcase classname="LightCells test post_assemble_jpg test" name="should call PostAssemble successfully" time="3.615">
    </testcase>
  </testsuite>
  <testsuite name="LightCells test post_assemble_gif test" tests="1" errors="0" failures="0" skipped="0" timestamp="2024-06-21T12:01:17" time="3.303">
    <testcase classname="LightCells test post_assemble_gif test" name="should call PostAssemble successfully" time="3.301">
    </testcase>
  </testsuite>
  <testsuite name="LightCells test post_assemble_emf test" tests="1" errors="0" failures="0" skipped="0" timestamp="2024-06-21T12:01:20" time="24.736">
    <testcase classname="LightCells test post_assemble_emf test" name="should call PostAssemble successfully" time="24.736">
    </testcase>
  </testsuite>
  <testsuite name="LightCells test post_assemble_bmp test" tests="1" errors="0" failures="0" skipped="0" timestamp="2024-06-21T12:01:45" time="88.253">
    <testcase classname="LightCells test post_assemble_bmp test" name="should call PostAssemble successfully" time="88.252">
    </testcase>
  </testsuite>
  <testsuite name="LightCells test post_assemble_md test" tests="1" errors="0" failures="0" skipped="0" timestamp="2024-06-21T12:03:13" time="1.139">
    <testcase classname="LightCells test post_assemble_md test" name="should call PostAssemble successfully" time="1.138">
    </testcase>
  </testsuite>
  <testsuite name="LightCells test post_assemble_numbers test" tests="1" errors="0" failures="0" skipped="0" timestamp="2024-06-21T12:03:14" time="4.921">
    <testcase classname="LightCells test post_assemble_numbers test" name="should call PostAssemble successfully" time="4.921">
    </testcase>
  </testsuite>
  <testsuite name="LightCells test post_assemble_wmf test" tests="1" errors="0" failures="1" skipped="0" timestamp="2024-06-21T12:03:19" time="200.016">
    <testcase classname="LightCells test post_assemble_wmf test" name="should call PostAssemble successfully" time="200.015">
      <failure message="Timeout of 200000ms exceeded. For async tests and hooks, ensure &quot;done()&quot; is called; if returning a Promise, ensure it resolves. (D:\CloudSdk\aspose-cells-cloud-node\test\Document\tests_light_cells.ts)"></failure>
    </testcase>
  </testsuite>
  <testsuite name="LightCells test post_assemble_svg test" tests="1" errors="0" failures="0" skipped="0" timestamp="2024-06-21T12:06:39" time="7.884">
    <testcase classname="LightCells test post_assemble_svg test" name="should call PostAssemble successfully" time="7.883">
    </testcase>
  </testsuite>
  <testsuite name="LightCells test post_assemble_docx test" tests="1" errors="0" failures="0" skipped="0" timestamp="2024-06-21T12:06:47" time="3.605">
    <testcase classname="LightCells test post_assemble_docx test" name="should call PostAssemble successfully" time="3.604">
    </testcase>
  </testsuite>
  <testsuite name="LightCells test post_assemble_pptx test" tests="1" errors="0" failures="1" skipped="0" timestamp="2024-06-21T12:06:51" time="200.015">
    <testcase classname="LightCells test post_assemble_pptx test" name="should call PostAssemble successfully" time="200.013">
      <failure message="Timeout of 200000ms exceeded. For async tests and hooks, ensure &quot;done()&quot; is called; if returning a Promise, ensure it resolves. (D:\CloudSdk\aspose-cells-cloud-node\test\Document\tests_light_cells.ts)"></failure>
    </testcase>
  </testsuite>
  <testsuite name="LightCells test post_assemble_json test" tests="1" errors="0" failures="0" skipped="0" timestamp="2024-06-21T12:10:11" time="3.499">
    <testcase classname="LightCells test post_assemble_json test" name="should call PostAssemble successfully" time="3.498">
    </testcase>
  </testsuite>
  <testsuite name="LightCells test post_assemble_sql test" tests="1" errors="0" failures="0" skipped="0" timestamp="2024-06-21T12:10:14" time="0.921">
    <testcase classname="LightCells test post_assemble_sql test" name="should call PostAssemble successfully" time="0.919">
    </testcase>
  </testsuite>
  <testsuite name="LightCells test post_export_csv_workbook test" tests="1" errors="0" failures="0" skipped="0" timestamp="2024-06-21T12:10:15" time="3.785">
    <testcase classname="LightCells test post_export_csv_workbook test" name="should call PostExport successfully" time="3.784">
    </testcase>
  </testsuite>
  <testsuite name="LightCells test post_export_xls_workbook test" tests="1" errors="0" failures="0" skipped="0" timestamp="2024-06-21T12:10:19" time="21.854">
    <testcase classname="LightCells test post_export_xls_workbook test" name="should call PostExport successfully" time="21.854">
    </testcase>
  </testsuite>
  <testsuite name="LightCells test post_export_html_workbook test" tests="1" errors="0" failures="0" skipped="0" timestamp="2024-06-21T12:10:41" time="35.942">
    <testcase classname="LightCells test post_export_html_workbook test" name="should call PostExport successfully" time="35.926">
    </testcase>
  </testsuite>
  <testsuite name="LightCells test post_export_mhtml_workbook test" tests="1" errors="0" failures="0" skipped="0" timestamp="2024-06-21T12:11:17" time="36.144">
    <testcase classname="LightCells test post_export_mhtml_workbook test" name="should call PostExport successfully" time="36.144">
    </testcase>
  </testsuite>
  <testsuite name="LightCells test post_export_ods_workbook test" tests="1" errors="0" failures="0" skipped="0" timestamp="2024-06-21T12:11:53" time="15.136">
    <testcase classname="LightCells test post_export_ods_workbook test" name="should call PostExport successfully" time="15.136">
    </testcase>
  </testsuite>
  <testsuite name="LightCells test post_export_pdf_workbook test" tests="1" errors="0" failures="0" skipped="0" timestamp="2024-06-21T12:12:08" time="17.898">
    <testcase classname="LightCells test post_export_pdf_workbook test" name="should call PostExport successfully" time="17.897">
    </testcase>
  </testsuite>
  <testsuite name="LightCells test post_export_xml_workbook test" tests="1" errors="0" failures="0" skipped="0" timestamp="2024-06-21T12:12:26" time="4.107">
    <testcase classname="LightCells test post_export_xml_workbook test" name="should call PostExport successfully" time="4.106">
    </testcase>
  </testsuite>
  <testsuite name="LightCells test post_export_txt_workbook test" tests="1" errors="0" failures="0" skipped="0" timestamp="2024-06-21T12:12:30" time="3.24">
    <testcase classname="LightCells test post_export_txt_workbook test" name="should call PostExport successfully" time="3.238">
    </testcase>
  </testsuite>
  <testsuite name="LightCells test post_export_tif_workbook test" tests="1" errors="0" failures="1" skipped="0" timestamp="2024-06-21T12:12:33" time="200.016">
    <testcase classname="LightCells test post_export_tif_workbook test" name="should call PostExport successfully" time="200.016">
      <failure message="Timeout of 200000ms exceeded. For async tests and hooks, ensure &quot;done()&quot; is called; if returning a Promise, ensure it resolves. (D:\CloudSdk\aspose-cells-cloud-node\test\Document\tests_light_cells.ts)"></failure>
    </testcase>
  </testsuite>
  <testsuite name="LightCells test post_export_xlsb_workbook test" tests="1" errors="0" failures="0" skipped="0" timestamp="2024-06-21T12:15:53" time="17.394">
    <testcase classname="LightCells test post_export_xlsb_workbook test" name="should call PostExport successfully" time="17.393">
    </testcase>
  </testsuite>
  <testsuite name="LightCells test post_export_xlsm_workbook test" tests="1" errors="0" failures="0" skipped="0" timestamp="2024-06-21T12:16:10" time="16.244">
    <testcase classname="LightCells test post_export_xlsm_workbook test" name="should call PostExport successfully" time="16.242">
    </testcase>
  </testsuite>
  <testsuite name="LightCells test post_export_xlsx_workbook test" tests="1" errors="0" failures="0" skipped="0" timestamp="2024-06-21T12:16:27" time="17.742">
    <testcase classname="LightCells test post_export_xlsx_workbook test" name="should call PostExport successfully" time="17.741">
    </testcase>
  </testsuite>
  <testsuite name="LightCells test post_export_xltm_workbook test" tests="1" errors="0" failures="0" skipped="0" timestamp="2024-06-21T12:16:44" time="21.638">
    <testcase classname="LightCells test post_export_xltm_workbook test" name="should call PostExport successfully" time="21.637">
    </testcase>
  </testsuite>
  <testsuite name="LightCells test post_export_xltx_workbook test" tests="1" errors="0" failures="0" skipped="0" timestamp="2024-06-21T12:17:06" time="19.996">
    <testcase classname="LightCells test post_export_xltx_workbook test" name="should call PostExport successfully" time="19.995">
    </testcase>
  </testsuite>
  <testsuite name="LightCells test post_export_xps_workbook test" tests="1" errors="0" failures="0" skipped="0" timestamp="2024-06-21T12:17:26" time="25.162">
    <testcase classname="LightCells test post_export_xps_workbook test" name="should call PostExport successfully" time="25.161">
    </testcase>
  </testsuite>
  <testsuite name="LightCells test post_export_png_workbook test" tests="1" errors="0" failures="0" skipped="0" timestamp="2024-06-21T12:17:51" time="29.01">
    <testcase classname="LightCells test post_export_png_workbook test" name="should call PostExport successfully" time="29.01">
    </testcase>
  </testsuite>
  <testsuite name="LightCells test post_export_jpg_workbook test" tests="1" errors="0" failures="0" skipped="0" timestamp="2024-06-21T12:18:20" time="58.402">
    <testcase classname="LightCells test post_export_jpg_workbook test" name="should call PostExport successfully" time="58.402">
    </testcase>
  </testsuite>
  <testsuite name="LightCells test post_export_gif_workbook test" tests="1" errors="0" failures="0" skipped="0" timestamp="2024-06-21T12:19:19" time="28.743">
    <testcase classname="LightCells test post_export_gif_workbook test" name="should call PostExport successfully" time="28.742">
    </testcase>
  </testsuite>
  <testsuite name="LightCells test post_export_emf_workbook test" tests="1" errors="0" failures="1" skipped="0" timestamp="2024-06-21T12:19:47" time="200.011">
    <testcase classname="LightCells test post_export_emf_workbook test" name="should call PostExport successfully" time="200.01">
      <failure message="Timeout of 200000ms exceeded. For async tests and hooks, ensure &quot;done()&quot; is called; if returning a Promise, ensure it resolves. (D:\CloudSdk\aspose-cells-cloud-node\test\Document\tests_light_cells.ts)"></failure>
    </testcase>
  </testsuite>
  <testsuite name="LightCells test post_export_bmp_workbook test" tests="1" errors="0" failures="1" skipped="0" timestamp="2024-06-21T12:23:07" time="200.015">
    <testcase classname="LightCells test post_export_bmp_workbook test" name="should call PostExport successfully" time="200.013">
      <failure message="Timeout of 200000ms exceeded. For async tests and hooks, ensure &quot;done()&quot; is called; if returning a Promise, ensure it resolves. (D:\CloudSdk\aspose-cells-cloud-node\test\Document\tests_light_cells.ts)"></failure>
    </testcase>
  </testsuite>
  <testsuite name="LightCells test post_export_md_workbook test" tests="1" errors="0" failures="0" skipped="0" timestamp="2024-06-21T12:26:27" time="5.65">
    <testcase classname="LightCells test post_export_md_workbook test" name="should call PostExport successfully" time="5.649">
    </testcase>
  </testsuite>
  <testsuite name="LightCells test post_export_numbers_workbook test" tests="1" errors="0" failures="0" skipped="0" timestamp="2024-06-21T12:26:33" time="22.019">
    <testcase classname="LightCells test post_export_numbers_workbook test" name="should call PostExport successfully" time="22.018">
    </testcase>
  </testsuite>
  <testsuite name="LightCells test post_export_wmf_workbook test" tests="1" errors="0" failures="1" skipped="0" timestamp="2024-06-21T12:26:55" time="200.005">
    <testcase classname="LightCells test post_export_wmf_workbook test" name="should call PostExport successfully" time="200.004">
      <failure message="Timeout of 200000ms exceeded. For async tests and hooks, ensure &quot;done()&quot; is called; if returning a Promise, ensure it resolves. (D:\CloudSdk\aspose-cells-cloud-node\test\Document\tests_light_cells.ts)"></failure>
    </testcase>
  </testsuite>
  <testsuite name="LightCells test post_export_svg_workbook test" tests="1" errors="0" failures="0" skipped="0" timestamp="2024-06-21T12:30:15" time="5.732">
    <testcase classname="LightCells test post_export_svg_workbook test" name="should call PostExport successfully" time="5.732">
    </testcase>
  </testsuite>
  <testsuite name="LightCells test post_export_docx_workbook test" tests="1" errors="0" failures="0" skipped="0" timestamp="2024-06-21T12:30:21" time="20.747">
    <testcase classname="LightCells test post_export_docx_workbook test" name="should call PostExport successfully" time="20.746">
    </testcase>
  </testsuite>
  <testsuite name="LightCells test post_export_pptx_workbook test" tests="1" errors="0" failures="0" skipped="0" timestamp="2024-06-21T12:30:42" time="29.486">
    <testcase classname="LightCells test post_export_pptx_workbook test" name="should call PostExport successfully" time="29.486">
    </testcase>
  </testsuite>
  <testsuite name="LightCells test post_export_json_workbook test" tests="1" errors="0" failures="0" skipped="0" timestamp="2024-06-21T12:31:11" time="3.994">
    <testcase classname="LightCells test post_export_json_workbook test" name="should call PostExport successfully" time="3.994">
    </testcase>
  </testsuite>
  <testsuite name="LightCells test post_export_sql_workbook test" tests="1" errors="0" failures="0" skipped="0" timestamp="2024-06-21T12:31:15" time="13.557">
    <testcase classname="LightCells test post_export_sql_workbook test" name="should call PostExport successfully" time="13.557">
    </testcase>
  </testsuite>
  <testsuite name="LightCells test post_export_csv_worksheet test" tests="1" errors="0" failures="0" skipped="0" timestamp="2024-06-21T12:31:29" time="4.05">
    <testcase classname="LightCells test post_export_csv_worksheet test" name="should call PostExport successfully" time="4.049">
    </testcase>
  </testsuite>
  <testsuite name="LightCells test post_export_xls_worksheet test" tests="1" errors="0" failures="0" skipped="0" timestamp="2024-06-21T12:31:33" time="42.9">
    <testcase classname="LightCells test post_export_xls_worksheet test" name="should call PostExport successfully" time="42.899">
    </testcase>
  </testsuite>
  <testsuite name="LightCells test post_export_html_worksheet test" tests="1" errors="0" failures="0" skipped="0" timestamp="2024-06-21T12:32:16" time="32.14">
    <testcase classname="LightCells test post_export_html_worksheet test" name="should call PostExport successfully" time="32.137">
    </testcase>
  </testsuite>
  <testsuite name="LightCells test post_export_mhtml_worksheet test" tests="1" errors="0" failures="0" skipped="0" timestamp="2024-06-21T12:32:48" time="41.9">
    <testcase classname="LightCells test post_export_mhtml_worksheet test" name="should call PostExport successfully" time="41.9">
    </testcase>
  </testsuite>
  <testsuite name="LightCells test post_export_ods_worksheet test" tests="1" errors="0" failures="0" skipped="0" timestamp="2024-06-21T12:33:30" time="29.851">
    <testcase classname="LightCells test post_export_ods_worksheet test" name="should call PostExport successfully" time="29.85">
    </testcase>
  </testsuite>
  <testsuite name="LightCells test post_export_pdf_worksheet test" tests="1" errors="0" failures="0" skipped="0" timestamp="2024-06-21T12:33:59" time="18.705">
    <testcase classname="LightCells test post_export_pdf_worksheet test" name="should call PostExport successfully" time="18.702">
    </testcase>
  </testsuite>
  <testsuite name="LightCells test post_export_xml_worksheet test" tests="1" errors="0" failures="0" skipped="0" timestamp="2024-06-21T12:34:18" time="5.702">
    <testcase classname="LightCells test post_export_xml_worksheet test" name="should call PostExport successfully" time="5.701">
    </testcase>
  </testsuite>
  <testsuite name="LightCells test post_export_txt_worksheet test" tests="1" errors="0" failures="0" skipped="0" timestamp="2024-06-21T12:34:24" time="5.648">
    <testcase classname="LightCells test post_export_txt_worksheet test" name="should call PostExport successfully" time="5.647">
    </testcase>
  </testsuite>
  <testsuite name="LightCells test post_export_tif_worksheet test" tests="1" errors="0" failures="0" skipped="0" timestamp="2024-06-21T12:34:30" time="45.752">
    <testcase classname="LightCells test post_export_tif_worksheet test" name="should call PostExport successfully" time="45.75">
    </testcase>
  </testsuite>
  <testsuite name="LightCells test post_export_xlsb_worksheet test" tests="1" errors="0" failures="0" skipped="0" timestamp="2024-06-21T12:35:15" time="32.79">
    <testcase classname="LightCells test post_export_xlsb_worksheet test" name="should call PostExport successfully" time="32.788">
    </testcase>
  </testsuite>
  <testsuite name="LightCells test post_export_xlsm_worksheet test" tests="1" errors="0" failures="0" skipped="0" timestamp="2024-06-21T12:35:48" time="24.604">
    <testcase classname="LightCells test post_export_xlsm_worksheet test" name="should call PostExport successfully" time="24.602">
    </testcase>
  </testsuite>
  <testsuite name="LightCells test post_export_xlsx_worksheet test" tests="1" errors="0" failures="0" skipped="0" timestamp="2024-06-21T12:36:13" time="24.737">
    <testcase classname="LightCells test post_export_xlsx_worksheet test" name="should call PostExport successfully" time="24.736">
    </testcase>
  </testsuite>
  <testsuite name="LightCells test post_export_xltm_worksheet test" tests="1" errors="0" failures="0" skipped="0" timestamp="2024-06-21T12:36:37" time="24.774">
    <testcase classname="LightCells test post_export_xltm_worksheet test" name="should call PostExport successfully" time="24.773">
    </testcase>
  </testsuite>
  <testsuite name="LightCells test post_export_xltx_worksheet test" tests="1" errors="0" failures="1" skipped="0" timestamp="2024-06-21T12:37:02" time="200.003">
    <testcase classname="LightCells test post_export_xltx_worksheet test" name="should call PostExport successfully" time="200.001">
      <failure message="Timeout of 200000ms exceeded. For async tests and hooks, ensure &quot;done()&quot; is called; if returning a Promise, ensure it resolves. (D:\CloudSdk\aspose-cells-cloud-node\test\Document\tests_light_cells.ts)"></failure>
    </testcase>
  </testsuite>
  <testsuite name="LightCells test post_export_xps_worksheet test" tests="1" errors="0" failures="0" skipped="0" timestamp="2024-06-21T12:40:22" time="43.825">
    <testcase classname="LightCells test post_export_xps_worksheet test" name="should call PostExport successfully" time="43.823">
    </testcase>
  </testsuite>
  <testsuite name="LightCells test post_export_png_worksheet test" tests="1" errors="0" failures="0" skipped="0" timestamp="2024-06-21T12:41:06" time="28.258">
    <testcase classname="LightCells test post_export_png_worksheet test" name="should call PostExport successfully" time="28.255">
    </testcase>
  </testsuite>
  <testsuite name="LightCells test post_export_jpg_worksheet test" tests="1" errors="0" failures="0" skipped="0" timestamp="2024-06-21T12:41:34" time="40.618">
    <testcase classname="LightCells test post_export_jpg_worksheet test" name="should call PostExport successfully" time="40.617">
    </testcase>
  </testsuite>
  <testsuite name="LightCells test post_export_gif_worksheet test" tests="1" errors="0" failures="0" skipped="0" timestamp="2024-06-21T12:42:15" time="36.403">
    <testcase classname="LightCells test post_export_gif_worksheet test" name="should call PostExport successfully" time="36.402">
    </testcase>
  </testsuite>
  <testsuite name="LightCells test post_export_emf_worksheet test" tests="1" errors="0" failures="1" skipped="0" timestamp="2024-06-21T12:42:51" time="200.009">
    <testcase classname="LightCells test post_export_emf_worksheet test" name="should call PostExport successfully" time="200.009">
      <failure message="Timeout of 200000ms exceeded. For async tests and hooks, ensure &quot;done()&quot; is called; if returning a Promise, ensure it resolves. (D:\CloudSdk\aspose-cells-cloud-node\test\Document\tests_light_cells.ts)"></failure>
    </testcase>
  </testsuite>
  <testsuite name="LightCells test post_export_bmp_worksheet test" tests="1" errors="0" failures="1" skipped="0" timestamp="2024-06-21T12:46:11" time="200.015">
    <testcase classname="LightCells test post_export_bmp_worksheet test" name="should call PostExport successfully" time="200.014">
      <failure message="Timeout of 200000ms exceeded. For async tests and hooks, ensure &quot;done()&quot; is called; if returning a Promise, ensure it resolves. (D:\CloudSdk\aspose-cells-cloud-node\test\Document\tests_light_cells.ts)"></failure>
    </testcase>
  </testsuite>
  <testsuite name="LightCells test post_export_md_worksheet test" tests="1" errors="0" failures="0" skipped="0" timestamp="2024-06-21T12:49:31" time="5.821">
    <testcase classname="LightCells test post_export_md_worksheet test" name="should call PostExport successfully" time="5.821">
    </testcase>
  </testsuite>
  <testsuite name="LightCells test post_export_numbers_worksheet test" tests="1" errors="0" failures="0" skipped="0" timestamp="2024-06-21T12:49:37" time="24.939">
    <testcase classname="LightCells test post_export_numbers_worksheet test" name="should call PostExport successfully" time="24.938">
    </testcase>
  </testsuite>
  <testsuite name="LightCells test post_export_wmf_worksheet test" tests="1" errors="0" failures="1" skipped="0" timestamp="2024-06-21T12:50:02" time="200.009">
    <testcase classname="LightCells test post_export_wmf_worksheet test" name="should call PostExport successfully" time="200.008">
      <failure message="Timeout of 200000ms exceeded. For async tests and hooks, ensure &quot;done()&quot; is called; if returning a Promise, ensure it resolves. (D:\CloudSdk\aspose-cells-cloud-node\test\Document\tests_light_cells.ts)"></failure>
    </testcase>
  </testsuite>
  <testsuite name="LightCells test post_export_svg_worksheet test" tests="1" errors="0" failures="0" skipped="0" timestamp="2024-06-21T12:53:22" time="25.886">
    <testcase classname="LightCells test post_export_svg_worksheet test" name="should call PostExport successfully" time="25.886">
    </testcase>
  </testsuite>
  <testsuite name="LightCells test post_export_docx_worksheet test" tests="1" errors="0" failures="0" skipped="0" timestamp="2024-06-21T12:53:48" time="31.682">
    <testcase classname="LightCells test post_export_docx_worksheet test" name="should call PostExport successfully" time="31.682">
    </testcase>
  </testsuite>
  <testsuite name="LightCells test post_export_pptx_worksheet test" tests="1" errors="0" failures="0" skipped="0" timestamp="2024-06-21T12:54:20" time="43.801">
    <testcase classname="LightCells test post_export_pptx_worksheet test" name="should call PostExport successfully" time="43.801">
    </testcase>
  </testsuite>
  <testsuite name="LightCells test post_export_json_worksheet test" tests="1" errors="0" failures="0" skipped="0" timestamp="2024-06-21T12:55:03" time="3.752">
    <testcase classname="LightCells test post_export_json_worksheet test" name="should call PostExport successfully" time="3.751">
    </testcase>
  </testsuite>
  <testsuite name="LightCells test post_export_sql_worksheet test" tests="1" errors="0" failures="0" skipped="0" timestamp="2024-06-21T12:55:07" time="3.298">
    <testcase classname="LightCells test post_export_sql_worksheet test" name="should call PostExport successfully" time="3.297">
    </testcase>
  </testsuite>
  <testsuite name="LightCells test post_export_pdf_chart test" tests="1" errors="0" failures="0" skipped="0" timestamp="2024-06-21T12:55:11" time="10.639">
    <testcase classname="LightCells test post_export_pdf_chart test" name="should call PostExport successfully" time="10.639">
    </testcase>
  </testsuite>
  <testsuite name="LightCells test post_export_tif_chart test" tests="1" errors="0" failures="0" skipped="0" timestamp="2024-06-21T12:55:21" time="10.07">
    <testcase classname="LightCells test post_export_tif_chart test" name="should call PostExport successfully" time="10.07">
    </testcase>
  </testsuite>
  <testsuite name="LightCells test post_export_png_chart test" tests="1" errors="0" failures="0" skipped="0" timestamp="2024-06-21T12:55:31" time="7.435">
    <testcase classname="LightCells test post_export_png_chart test" name="should call PostExport successfully" time="7.435">
    </testcase>
  </testsuite>
  <testsuite name="LightCells test post_export_jpg_chart test" tests="1" errors="0" failures="0" skipped="0" timestamp="2024-06-21T12:55:39" time="21.875">
    <testcase classname="LightCells test post_export_jpg_chart test" name="should call PostExport successfully" time="21.874">
    </testcase>
  </testsuite>
  <testsuite name="LightCells test post_export_gif_chart test" tests="1" errors="0" failures="0" skipped="0" timestamp="2024-06-21T12:56:01" time="9.643">
    <testcase classname="LightCells test post_export_gif_chart test" name="should call PostExport successfully" time="9.641">
    </testcase>
  </testsuite>
  <testsuite name="LightCells test post_export_emf_chart test" tests="1" errors="0" failures="1" skipped="0" timestamp="2024-06-21T12:56:10" time="200.005">
    <testcase classname="LightCells test post_export_emf_chart test" name="should call PostExport successfully" time="200.004">
      <failure message="Timeout of 200000ms exceeded. For async tests and hooks, ensure &quot;done()&quot; is called; if returning a Promise, ensure it resolves. (D:\CloudSdk\aspose-cells-cloud-node\test\Document\tests_light_cells.ts)"></failure>
    </testcase>
  </testsuite>
  <testsuite name="LightCells test post_export_bmp_chart test" tests="1" errors="0" failures="1" skipped="0" timestamp="2024-06-21T12:59:30" time="200.015">
    <testcase classname="LightCells test post_export_bmp_chart test" name="should call PostExport successfully" time="200.014">
      <failure message="Timeout of 200000ms exceeded. For async tests and hooks, ensure &quot;done()&quot; is called; if returning a Promise, ensure it resolves. (D:\CloudSdk\aspose-cells-cloud-node\test\Document\tests_light_cells.ts)"></failure>
    </testcase>
  </testsuite>
  <testsuite name="LightCells test post_export_png_picture test" tests="1" errors="0" failures="0" skipped="0" timestamp="2024-06-21T13:02:50" time="12.474">
    <testcase classname="LightCells test post_export_png_picture test" name="should call PostExport successfully" time="12.472">
    </testcase>
  </testsuite>
  <testsuite name="LightCells test post_export_jpg_picture test" tests="1" errors="0" failures="0" skipped="0" timestamp="2024-06-21T13:03:03" time="7.784">
    <testcase classname="LightCells test post_export_jpg_picture test" name="should call PostExport successfully" time="7.783">
    </testcase>
  </testsuite>
  <testsuite name="LightCells test post_export_gif_picture test" tests="1" errors="0" failures="0" skipped="0" timestamp="2024-06-21T13:03:10" time="5.579">
    <testcase classname="LightCells test post_export_gif_picture test" name="should call PostExport successfully" time="5.577">
    </testcase>
  </testsuite>
  <testsuite name="LightCells test post_export_emf_picture test" tests="1" errors="0" failures="0" skipped="0" timestamp="2024-06-21T13:03:16" time="24.845">
    <testcase classname="LightCells test post_export_emf_picture test" name="should call PostExport successfully" time="24.845">
    </testcase>
  </testsuite>
  <testsuite name="LightCells test post_export_bmp_picture test" tests="1" errors="0" failures="1" skipped="0" timestamp="2024-06-21T13:03:41" time="200.014">
    <testcase classname="LightCells test post_export_bmp_picture test" name="should call PostExport successfully" time="200.013">
      <failure message="Timeout of 200000ms exceeded. For async tests and hooks, ensure &quot;done()&quot; is called; if returning a Promise, ensure it resolves. (D:\CloudSdk\aspose-cells-cloud-node\test\Document\tests_light_cells.ts)"></failure>
    </testcase>
  </testsuite>
  <testsuite name="LightCells test post_export_csv_listobject test" tests="1" errors="0" failures="0" skipped="0" timestamp="2024-06-21T13:07:01" time="6.279">
    <testcase classname="LightCells test post_export_csv_listobject test" name="should call PostExport successfully" time="6.279">
    </testcase>
  </testsuite>
  <testsuite name="LightCells test post_export_xls_listobject test" tests="1" errors="0" failures="0" skipped="0" timestamp="2024-06-21T13:07:07" time="4.558">
    <testcase classname="LightCells test post_export_xls_listobject test" name="should call PostExport successfully" time="4.557">
    </testcase>
  </testsuite>
  <testsuite name="LightCells test post_export_html_listobject test" tests="1" errors="0" failures="0" skipped="0" timestamp="2024-06-21T13:07:12" time="3.983">
    <testcase classname="LightCells test post_export_html_listobject test" name="should call PostExport successfully" time="3.981">
    </testcase>
  </testsuite>
  <testsuite name="LightCells test post_export_mhtml_listobject test" tests="1" errors="0" failures="0" skipped="0" timestamp="2024-06-21T13:07:16" time="6.209">
    <testcase classname="LightCells test post_export_mhtml_listobject test" name="should call PostExport successfully" time="6.207">
    </testcase>
  </testsuite>
  <testsuite name="LightCells test post_export_ods_listobject test" tests="1" errors="0" failures="0" skipped="0" timestamp="2024-06-21T13:07:22" time="4.388">
    <testcase classname="LightCells test post_export_ods_listobject test" name="should call PostExport successfully" time="4.387">
    </testcase>
  </testsuite>
  <testsuite name="LightCells test post_export_pdf_listobject test" tests="1" errors="0" failures="0" skipped="0" timestamp="2024-06-21T13:07:26" time="4.106">
    <testcase classname="LightCells test post_export_pdf_listobject test" name="should call PostExport successfully" time="4.105">
    </testcase>
  </testsuite>
  <testsuite name="LightCells test post_export_xml_listobject test" tests="1" errors="0" failures="0" skipped="0" timestamp="2024-06-21T13:07:30" time="3.923">
    <testcase classname="LightCells test post_export_xml_listobject test" name="should call PostExport successfully" time="3.923">
    </testcase>
  </testsuite>
  <testsuite name="LightCells test post_export_txt_listobject test" tests="1" errors="0" failures="0" skipped="0" timestamp="2024-06-21T13:07:34" time="1.696">
    <testcase classname="LightCells test post_export_txt_listobject test" name="should call PostExport successfully" time="1.695">
    </testcase>
  </testsuite>
  <testsuite name="LightCells test post_export_tif_listobject test" tests="1" errors="0" failures="0" skipped="0" timestamp="2024-06-21T13:07:36" time="5.006">
    <testcase classname="LightCells test post_export_tif_listobject test" name="should call PostExport successfully" time="5.004">
    </testcase>
  </testsuite>
  <testsuite name="LightCells test post_export_xlsb_listobject test" tests="1" errors="0" failures="0" skipped="0" timestamp="2024-06-21T13:07:41" time="4.736">
    <testcase classname="LightCells test post_export_xlsb_listobject test" name="should call PostExport successfully" time="4.733">
    </testcase>
  </testsuite>
  <testsuite name="LightCells test post_export_xlsm_listobject test" tests="1" errors="0" failures="0" skipped="0" timestamp="2024-06-21T13:07:46" time="4.188">
    <testcase classname="LightCells test post_export_xlsm_listobject test" name="should call PostExport successfully" time="4.186">
    </testcase>
  </testsuite>
  <testsuite name="LightCells test post_export_xlsx_listobject test" tests="1" errors="0" failures="0" skipped="0" timestamp="2024-06-21T13:07:50" time="4.399">
    <testcase classname="LightCells test post_export_xlsx_listobject test" name="should call PostExport successfully" time="4.397">
    </testcase>
  </testsuite>
  <testsuite name="LightCells test post_export_xltm_listobject test" tests="1" errors="0" failures="0" skipped="0" timestamp="2024-06-21T13:07:54" time="4.816">
    <testcase classname="LightCells test post_export_xltm_listobject test" name="should call PostExport successfully" time="4.816">
    </testcase>
  </testsuite>
  <testsuite name="LightCells test post_export_xltx_listobject test" tests="1" errors="0" failures="0" skipped="0" timestamp="2024-06-21T13:07:59" time="5.671">
    <testcase classname="LightCells test post_export_xltx_listobject test" name="should call PostExport successfully" time="5.671">
    </testcase>
  </testsuite>
  <testsuite name="LightCells test post_export_xps_listobject test" tests="1" errors="0" failures="0" skipped="0" timestamp="2024-06-21T13:08:05" time="6.587">
    <testcase classname="LightCells test post_export_xps_listobject test" name="should call PostExport successfully" time="6.587">
    </testcase>
  </testsuite>
  <testsuite name="LightCells test post_export_png_listobject test" tests="1" errors="0" failures="0" skipped="0" timestamp="2024-06-21T13:08:11" time="5.9">
    <testcase classname="LightCells test post_export_png_listobject test" name="should call PostExport successfully" time="5.899">
    </testcase>
  </testsuite>
  <testsuite name="LightCells test post_export_jpg_listobject test" tests="1" errors="0" failures="0" skipped="0" timestamp="2024-06-21T13:08:17" time="8.531">
    <testcase classname="LightCells test post_export_jpg_listobject test" name="should call PostExport successfully" time="8.53">
    </testcase>
  </testsuite>
  <testsuite name="LightCells test post_export_gif_listobject test" tests="1" errors="0" failures="0" skipped="0" timestamp="2024-06-21T13:08:26" time="4.728">
    <testcase classname="LightCells test post_export_gif_listobject test" name="should call PostExport successfully" time="4.728">
    </testcase>
  </testsuite>
  <testsuite name="LightCells test post_export_emf_listobject test" tests="1" errors="0" failures="0" skipped="0" timestamp="2024-06-21T13:08:31" time="11.173">
    <testcase classname="LightCells test post_export_emf_listobject test" name="should call PostExport successfully" time="11.173">
    </testcase>
  </testsuite>
  <testsuite name="LightCells test post_export_bmp_listobject test" tests="1" errors="0" failures="1" skipped="0" timestamp="2024-06-21T13:08:42" time="200.008">
    <testcase classname="LightCells test post_export_bmp_listobject test" name="should call PostExport successfully" time="200.007">
      <failure message="Timeout of 200000ms exceeded. For async tests and hooks, ensure &quot;done()&quot; is called; if returning a Promise, ensure it resolves. (D:\CloudSdk\aspose-cells-cloud-node\test\Document\tests_light_cells.ts)"></failure>
    </testcase>
  </testsuite>
  <testsuite name="LightCells test post_export_md_listobject test" tests="1" errors="0" failures="0" skipped="0" timestamp="2024-06-21T13:12:02" time="4.405">
    <testcase classname="LightCells test post_export_md_listobject test" name="should call PostExport successfully" time="4.404">
    </testcase>
  </testsuite>
  <testsuite name="LightCells test post_export_numbers_listobject test" tests="1" errors="0" failures="0" skipped="0" timestamp="2024-06-21T13:12:06" time="5.504">
    <testcase classname="LightCells test post_export_numbers_listobject test" name="should call PostExport successfully" time="5.503">
    </testcase>
  </testsuite>
  <testsuite name="LightCells test post_export_wmf_listobject test" tests="1" errors="0" failures="0" skipped="0" timestamp="2024-06-21T13:12:12" time="10.246">
    <testcase classname="LightCells test post_export_wmf_listobject test" name="should call PostExport successfully" time="10.244">
    </testcase>
  </testsuite>
  <testsuite name="LightCells test post_export_svg_listobject test" tests="1" errors="0" failures="0" skipped="0" timestamp="2024-06-21T13:12:22" time="10.214">
    <testcase classname="LightCells test post_export_svg_listobject test" name="should call PostExport successfully" time="10.213">
    </testcase>
  </testsuite>
  <testsuite name="LightCells test post_export_docx_listobject test" tests="1" errors="0" failures="1" skipped="0" timestamp="2024-06-21T13:12:32" time="200.015">
    <testcase classname="LightCells test post_export_docx_listobject test" name="should call PostExport successfully" time="200.014">
      <failure message="Timeout of 200000ms exceeded. For async tests and hooks, ensure &quot;done()&quot; is called; if returning a Promise, ensure it resolves. (D:\CloudSdk\aspose-cells-cloud-node\test\Document\tests_light_cells.ts)"></failure>
    </testcase>
  </testsuite>
  <testsuite name="LightCells test post_export_pptx_listobject test" tests="1" errors="0" failures="0" skipped="0" timestamp="2024-06-21T13:15:52" time="11.941">
    <testcase classname="LightCells test post_export_pptx_listobject test" name="should call PostExport successfully" time="11.938">
    </testcase>
  </testsuite>
  <testsuite name="LightCells test post_export_json_listobject test" tests="1" errors="0" failures="0" skipped="0" timestamp="2024-06-21T13:16:04" time="3.209">
    <testcase classname="LightCells test post_export_json_listobject test" name="should call PostExport successfully" time="3.208">
    </testcase>
  </testsuite>
  <testsuite name="LightCells test post_export_sql_listobject test" tests="1" errors="0" failures="0" skipped="0" timestamp="2024-06-21T13:16:07" time="0.919">
    <testcase classname="LightCells test post_export_sql_listobject test" name="should call PostExport successfully" time="0.918">
    </testcase>
  </testsuite>
  <testsuite name="LightCells test post_export_png_oleobject test" tests="1" errors="0" failures="0" skipped="0" timestamp="2024-06-21T13:16:08" time="4.403">
    <testcase classname="LightCells test post_export_png_oleobject test" name="should call PostExport successfully" time="4.402">
    </testcase>
  </testsuite>
  <testsuite name="LightCells test post_export_jpg_oleobject test" tests="1" errors="0" failures="0" skipped="0" timestamp="2024-06-21T13:16:13" time="5.932">
    <testcase classname="LightCells test post_export_jpg_oleobject test" name="should call PostExport successfully" time="5.93">
    </testcase>
  </testsuite>
  <testsuite name="LightCells test post_export_gif_oleobject test" tests="1" errors="0" failures="0" skipped="0" timestamp="2024-06-21T13:16:19" time="4.152">
    <testcase classname="LightCells test post_export_gif_oleobject test" name="should call PostExport successfully" time="4.15">
    </testcase>
  </testsuite>
  <testsuite name="LightCells test post_export_emf_oleobject test" tests="1" errors="0" failures="0" skipped="0" timestamp="2024-06-21T13:16:23" time="7.899">
    <testcase classname="LightCells test post_export_emf_oleobject test" name="should call PostExport successfully" time="7.898">
    </testcase>
  </testsuite>
  <testsuite name="LightCells test post_export_bmp_oleobject test" tests="1" errors="0" failures="0" skipped="0" timestamp="2024-06-21T13:16:31" time="37.241">
    <testcase classname="LightCells test post_export_bmp_oleobject test" name="should call PostExport successfully" time="37.239">
    </testcase>
  </testsuite>
  <testsuite name="LightCells test post_compress_50 test" tests="1" errors="0" failures="0" skipped="0" timestamp="2024-06-21T13:17:08" time="6.16">
    <testcase classname="LightCells test post_compress_50 test" name="should call PostCompress successfully" time="6.159">
    </testcase>
  </testsuite>
  <testsuite name="LightCells test post_compress_90 test" tests="1" errors="0" failures="0" skipped="0" timestamp="2024-06-21T13:17:14" time="5.106">
    <testcase classname="LightCells test post_compress_90 test" name="should call PostCompress successfully" time="5.105">
    </testcase>
  </testsuite>
  <testsuite name="LightCells test post_merge_csv_true test" tests="1" errors="0" failures="0" skipped="0" timestamp="2024-06-21T13:17:19" time="1.202">
    <testcase classname="LightCells test post_merge_csv_true test" name="should call PostMerge successfully" time="1.201">
    </testcase>
  </testsuite>
  <testsuite name="LightCells test post_merge_xls_true test" tests="1" errors="0" failures="0" skipped="0" timestamp="2024-06-21T13:17:20" time="4.891">
    <testcase classname="LightCells test post_merge_xls_true test" name="should call PostMerge successfully" time="4.891">
    </testcase>
  </testsuite>
  <testsuite name="LightCells test post_merge_html_true test" tests="1" errors="0" failures="0" skipped="0" timestamp="2024-06-21T13:17:25" time="3.886">
    <testcase classname="LightCells test post_merge_html_true test" name="should call PostMerge successfully" time="3.886">
    </testcase>
  </testsuite>
  <testsuite name="LightCells test post_merge_mhtml_true test" tests="1" errors="0" failures="0" skipped="0" timestamp="2024-06-21T13:17:29" time="3.852">
    <testcase classname="LightCells test post_merge_mhtml_true test" name="should call PostMerge successfully" time="3.852">
    </testcase>
  </testsuite>
  <testsuite name="LightCells test post_merge_ods_true test" tests="1" errors="0" failures="0" skipped="0" timestamp="2024-06-21T13:17:33" time="3.281">
    <testcase classname="LightCells test post_merge_ods_true test" name="should call PostMerge successfully" time="3.281">
    </testcase>
  </testsuite>
  <testsuite name="LightCells test post_merge_pdf_true test" tests="1" errors="0" failures="0" skipped="0" timestamp="2024-06-21T13:17:36" time="3.354">
    <testcase classname="LightCells test post_merge_pdf_true test" name="should call PostMerge successfully" time="3.354">
    </testcase>
  </testsuite>
  <testsuite name="LightCells test post_merge_xml_true test" tests="1" errors="0" failures="0" skipped="0" timestamp="2024-06-21T13:17:40" time="0.715">
    <testcase classname="LightCells test post_merge_xml_true test" name="should call PostMerge successfully" time="0.713">
    </testcase>
  </testsuite>
  <testsuite name="LightCells test post_merge_txt_true test" tests="1" errors="0" failures="0" skipped="0" timestamp="2024-06-21T13:17:40" time="0.723">
    <testcase classname="LightCells test post_merge_txt_true test" name="should call PostMerge successfully" time="0.721">
    </testcase>
  </testsuite>
  <testsuite name="LightCells test post_merge_tif_true test" tests="1" errors="0" failures="0" skipped="0" timestamp="2024-06-21T13:17:41" time="3.345">
    <testcase classname="LightCells test post_merge_tif_true test" name="should call PostMerge successfully" time="3.344">
    </testcase>
  </testsuite>
  <testsuite name="LightCells test post_merge_xlsb_true test" tests="1" errors="0" failures="0" skipped="0" timestamp="2024-06-21T13:17:44" time="3.848">
    <testcase classname="LightCells test post_merge_xlsb_true test" name="should call PostMerge successfully" time="3.847">
    </testcase>
  </testsuite>
  <testsuite name="LightCells test post_merge_xlsm_true test" tests="1" errors="0" failures="0" skipped="0" timestamp="2024-06-21T13:17:48" time="5.313">
    <testcase classname="LightCells test post_merge_xlsm_true test" name="should call PostMerge successfully" time="5.312">
    </testcase>
  </testsuite>
  <testsuite name="LightCells test post_merge_xlsx_true test" tests="1" errors="0" failures="0" skipped="0" timestamp="2024-06-21T13:17:54" time="3.589">
    <testcase classname="LightCells test post_merge_xlsx_true test" name="should call PostMerge successfully" time="3.588">
    </testcase>
  </testsuite>
  <testsuite name="LightCells test post_merge_xltm_true test" tests="1" errors="0" failures="0" skipped="0" timestamp="2024-06-21T13:17:57" time="3.34">
    <testcase classname="LightCells test post_merge_xltm_true test" name="should call PostMerge successfully" time="3.338">
    </testcase>
  </testsuite>
  <testsuite name="LightCells test post_merge_xltx_true test" tests="1" errors="0" failures="0" skipped="0" timestamp="2024-06-21T13:18:01" time="3.41">
    <testcase classname="LightCells test post_merge_xltx_true test" name="should call PostMerge successfully" time="3.409">
    </testcase>
  </testsuite>
  <testsuite name="LightCells test post_merge_xps_true test" tests="1" errors="0" failures="0" skipped="0" timestamp="2024-06-21T13:18:04" time="4.254">
    <testcase classname="LightCells test post_merge_xps_true test" name="should call PostMerge successfully" time="4.253">
    </testcase>
  </testsuite>
  <testsuite name="LightCells test post_merge_png_true test" tests="1" errors="0" failures="0" skipped="0" timestamp="2024-06-21T13:18:08" time="3.393">
    <testcase classname="LightCells test post_merge_png_true test" name="should call PostMerge successfully" time="3.392">
    </testcase>
  </testsuite>
  <testsuite name="LightCells test post_merge_jpg_true test" tests="1" errors="0" failures="0" skipped="0" timestamp="2024-06-21T13:18:12" time="3.434">
    <testcase classname="LightCells test post_merge_jpg_true test" name="should call PostMerge successfully" time="3.434">
    </testcase>
  </testsuite>
  <testsuite name="LightCells test post_merge_gif_true test" tests="1" errors="0" failures="0" skipped="0" timestamp="2024-06-21T13:18:15" time="5.958">
    <testcase classname="LightCells test post_merge_gif_true test" name="should call PostMerge successfully" time="5.957">
    </testcase>
  </testsuite>
  <testsuite name="LightCells test post_merge_emf_true test" tests="1" errors="0" failures="0" skipped="0" timestamp="2024-06-21T13:18:21" time="12.972">
    <testcase classname="LightCells test post_merge_emf_true test" name="should call PostMerge successfully" time="12.971">
    </testcase>
  </testsuite>
  <testsuite name="LightCells test post_merge_bmp_true test" tests="1" errors="0" failures="0" skipped="0" timestamp="2024-06-21T13:18:34" time="53.726">
    <testcase classname="LightCells test post_merge_bmp_true test" name="should call PostMerge successfully" time="53.725">
    </testcase>
  </testsuite>
  <testsuite name="LightCells test post_merge_md_true test" tests="1" errors="0" failures="0" skipped="0" timestamp="2024-06-21T13:19:28" time="1.799">
    <testcase classname="LightCells test post_merge_md_true test" name="should call PostMerge successfully" time="1.798">
    </testcase>
  </testsuite>
  <testsuite name="LightCells test post_merge_numbers_true test" tests="1" errors="0" failures="0" skipped="0" timestamp="2024-06-21T13:19:29" time="4.116">
    <testcase classname="LightCells test post_merge_numbers_true test" name="should call PostMerge successfully" time="4.115">
    </testcase>
  </testsuite>
  <testsuite name="LightCells test post_merge_wmf_true test" tests="1" errors="0" failures="0" skipped="0" timestamp="2024-06-21T13:19:34" time="13.697">
    <testcase classname="LightCells test post_merge_wmf_true test" name="should call PostMerge successfully" time="13.695">
    </testcase>
  </testsuite>
  <testsuite name="LightCells test post_merge_svg_true test" tests="1" errors="0" failures="0" skipped="0" timestamp="2024-06-21T13:19:47" time="4.654">
    <testcase classname="LightCells test post_merge_svg_true test" name="should call PostMerge successfully" time="4.652">
    </testcase>
  </testsuite>
  <testsuite name="LightCells test post_merge_docx_false test" tests="1" errors="0" failures="0" skipped="0" timestamp="2024-06-21T13:19:52" time="4.461">
    <testcase classname="LightCells test post_merge_docx_false test" name="should call PostMerge successfully" time="4.444">
    </testcase>
  </testsuite>
  <testsuite name="LightCells test post_merge_pptx_false test" tests="1" errors="0" failures="0" skipped="0" timestamp="2024-06-21T13:19:56" time="7.327">
    <testcase classname="LightCells test post_merge_pptx_false test" name="should call PostMerge successfully" time="7.326">
    </testcase>
  </testsuite>
  <testsuite name="LightCells test post_merge_json_false test" tests="1" errors="0" failures="0" skipped="0" timestamp="2024-06-21T13:20:04" time="1.04">
    <testcase classname="LightCells test post_merge_json_false test" name="should call PostMerge successfully" time="1.038">
    </testcase>
  </testsuite>
  <testsuite name="LightCells test post_merge_sql_false test" tests="1" errors="0" failures="0" skipped="0" timestamp="2024-06-21T13:20:05" time="0.73">
    <testcase classname="LightCells test post_merge_sql_false test" name="should call PostMerge successfully" time="0.729">
    </testcase>
  </testsuite>
  <testsuite name="LightCells test post_unlock test" tests="1" errors="0" failures="0" skipped="0" timestamp="2024-06-21T13:20:05" time="32.206">
    <testcase classname="LightCells test post_unlock test" name="should call PostUnlock successfully" time="32.205">
    </testcase>
  </testsuite>
  <testsuite name="LightCells test post_protect test" tests="1" errors="0" failures="0" skipped="0" timestamp="2024-06-21T13:20:38" time="5.056">
    <testcase classname="LightCells test post_protect test" name="should call PostProtect successfully" time="5.055">
    </testcase>
  </testsuite>
  <testsuite name="LightCells test post_protect__protect_workbook_request test" tests="1" errors="0" failures="0" skipped="0" timestamp="2024-06-21T13:20:43" time="4.905">
    <testcase classname="LightCells test post_protect__protect_workbook_request test" name="should call PostProtect successfully" time="4.905">
    </testcase>
  </testsuite>
  <testsuite name="LightCells test post_search test" tests="1" errors="0" failures="0" skipped="0" timestamp="2024-06-21T13:20:48" time="0.716">
    <testcase classname="LightCells test post_search test" name="should call PostSearch successfully" time="0.716">
    </testcase>
  </testsuite>
  <testsuite name="LightCells test post_replace test" tests="1" errors="0" failures="0" skipped="0" timestamp="2024-06-21T13:20:48" time="5.765">
    <testcase classname="LightCells test post_replace test" name="should call PostReplace successfully" time="5.763">
    </testcase>
  </testsuite>
  <testsuite name="LightCells test post_replace_only_sheetname test" tests="1" errors="0" failures="0" skipped="0" timestamp="2024-06-21T13:20:54" time="9.247">
    <testcase classname="LightCells test post_replace_only_sheetname test" name="should call PostReplace successfully" time="9.245">
    </testcase>
  </testsuite>
  <testsuite name="LightCells test post_watermark test" tests="1" errors="0" failures="0" skipped="0" timestamp="2024-06-21T13:21:03" time="8.808">
    <testcase classname="LightCells test post_watermark test" name="should call PostWatermark successfully" time="8.807">
    </testcase>
  </testsuite>
  <testsuite name="LightCells test post_clear_objects_chart test" tests="1" errors="0" failures="0" skipped="0" timestamp="2024-06-21T13:21:12" time="20.157">
    <testcase classname="LightCells test post_clear_objects_chart test" name="should call PostClearObjects successfully" time="20.155">
    </testcase>
  </testsuite>
  <testsuite name="LightCells test post_clear_objects_comment test" tests="1" errors="0" failures="0" skipped="0" timestamp="2024-06-21T13:21:32" time="18.243">
    <testcase classname="LightCells test post_clear_objects_comment test" name="should call PostClearObjects successfully" time="18.241">
    </testcase>
  </testsuite>
  <testsuite name="LightCells test post_clear_objects_picture test" tests="1" errors="0" failures="0" skipped="0" timestamp="2024-06-21T13:21:51" time="21.177">
    <testcase classname="LightCells test post_clear_objects_picture test" name="should call PostClearObjects successfully" time="21.174">
    </testcase>
  </testsuite>
  <testsuite name="LightCells test post_clear_objects_shape test" tests="1" errors="0" failures="0" skipped="0" timestamp="2024-06-21T13:22:12" time="7.382">
    <testcase classname="LightCells test post_clear_objects_shape test" name="should call PostClearObjects successfully" time="7.381">
    </testcase>
  </testsuite>
  <testsuite name="LightCells test post_clear_objects_listobject test" tests="1" errors="0" failures="0" skipped="0" timestamp="2024-06-21T13:22:19" time="24.855">
    <testcase classname="LightCells test post_clear_objects_listobject test" name="should call PostClearObjects successfully" time="24.854">
    </testcase>
  </testsuite>
  <testsuite name="LightCells test post_clear_objects_hyperlink test" tests="1" errors="0" failures="0" skipped="0" timestamp="2024-06-21T13:22:44" time="19.115">
    <testcase classname="LightCells test post_clear_objects_hyperlink test" name="should call PostClearObjects successfully" time="19.115">
    </testcase>
  </testsuite>
  <testsuite name="LightCells test post_clear_objects_oleobject test" tests="1" errors="0" failures="0" skipped="0" timestamp="2024-06-21T13:23:03" time="13.219">
    <testcase classname="LightCells test post_clear_objects_oleobject test" name="should call PostClearObjects successfully" time="13.218">
    </testcase>
  </testsuite>
  <testsuite name="LightCells test post_clear_objects_pivottable test" tests="1" errors="0" failures="0" skipped="0" timestamp="2024-06-21T13:23:16" time="19.391">
    <testcase classname="LightCells test post_clear_objects_pivottable test" name="should call PostClearObjects successfully" time="19.391">
    </testcase>
  </testsuite>
  <testsuite name="LightCells test post_clear_objects_validation test" tests="1" errors="0" failures="0" skipped="0" timestamp="2024-06-21T13:23:36" time="19.828">
    <testcase classname="LightCells test post_clear_objects_validation test" name="should call PostClearObjects successfully" time="19.827">
    </testcase>
  </testsuite>
  <testsuite name="LightCells test post_clear_objects__background test" tests="1" errors="0" failures="0" skipped="0" timestamp="2024-06-21T13:23:56" time="16.707">
    <testcase classname="LightCells test post_clear_objects__background test" name="should call PostClearObjects successfully" time="16.705">
    </testcase>
  </testsuite>
  <testsuite name="LightCells test post_repair_xlsx test" tests="1" errors="0" failures="0" skipped="0" timestamp="2024-06-21T13:24:12" time="22.539">
    <testcase classname="LightCells test post_repair_xlsx test" name="should call PostRepair successfully" time="22.539">
    </testcase>
  </testsuite>
  <testsuite name="LightCells test post_repair_pdf test" tests="1" errors="0" failures="0" skipped="0" timestamp="2024-06-21T13:24:35" time="15.022">
    <testcase classname="LightCells test post_repair_pdf test" name="should call PostRepair successfully" time="15.022">
    </testcase>
  </testsuite>
  <testsuite name="LightCells test post_repair_csv test" tests="1" errors="0" failures="0" skipped="0" timestamp="2024-06-21T13:24:50" time="3.478">
    <testcase classname="LightCells test post_repair_csv test" name="should call PostRepair successfully" time="3.477">
    </testcase>
  </testsuite>
  <testsuite name="LightCells test post_repair_png test" tests="1" errors="0" failures="0" skipped="0" timestamp="2024-06-21T13:24:53" time="41.262">
    <testcase classname="LightCells test post_repair_png test" name="should call PostRepair successfully" time="41.26">
    </testcase>
  </testsuite>
  <testsuite name="LightCells test post_reverse_rows_pdf test" tests="1" errors="0" failures="0" skipped="0" timestamp="2024-06-21T13:25:35" time="16.588">
    <testcase classname="LightCells test post_reverse_rows_pdf test" name="should call PostReverse successfully" time="16.587">
    </testcase>
  </testsuite>
  <testsuite name="LightCells test post_reverse_cols_pdf test" tests="1" errors="0" failures="0" skipped="0" timestamp="2024-06-21T13:25:51" time="20.448">
    <testcase classname="LightCells test post_reverse_cols_pdf test" name="should call PostReverse successfully" time="20.447">
    </testcase>
  </testsuite>
  <testsuite name="LightCells test post_reverse_both_pdf test" tests="1" errors="0" failures="0" skipped="0" timestamp="2024-06-21T13:26:12" time="15.49">
    <testcase classname="LightCells test post_reverse_both_pdf test" name="should call PostReverse successfully" time="15.488">
    </testcase>
  </testsuite>
  <testsuite name="LightCells test post_reverse_rows_csv test" tests="1" errors="0" failures="0" skipped="0" timestamp="2024-06-21T13:26:27" time="2.46">
    <testcase classname="LightCells test post_reverse_rows_csv test" name="should call PostReverse successfully" time="2.459">
    </testcase>
  </testsuite>
  <testsuite name="LightCells test post_reverse_cols_png test" tests="1" errors="0" failures="0" skipped="0" timestamp="2024-06-21T13:26:30" time="30.559">
    <testcase classname="LightCells test post_reverse_cols_png test" name="should call PostReverse successfully" time="30.559">
    </testcase>
  </testsuite>
  <testsuite name="LightCells test post_reverse_both_xlsx test" tests="1" errors="0" failures="0" skipped="0" timestamp="2024-06-21T13:27:00" time="20.842">
    <testcase classname="LightCells test post_reverse_both_xlsx test" name="should call PostReverse successfully" time="20.842">
    </testcase>
  </testsuite>
  <testsuite name="LightCells test get_metadata test" tests="1" errors="0" failures="0" skipped="0" timestamp="2024-06-21T13:27:21" time="3.31">
    <testcase classname="LightCells test get_metadata test" name="should call GetMetadata successfully" time="3.31">
    </testcase>
  </testsuite>
  <testsuite name="LightCells test delete_metadata test" tests="1" errors="0" failures="0" skipped="0" timestamp="2024-06-21T13:27:24" time="20.422">
    <testcase classname="LightCells test delete_metadata test" name="should call DeleteMetadata successfully" time="20.42">
    </testcase>
  </testsuite>
  <testsuite name="LightCells test post_metadata test" tests="1" errors="0" failures="0" skipped="0" timestamp="2024-06-21T13:27:45" time="2.522">
    <testcase classname="LightCells test post_metadata test" name="should call PostMetadata successfully" time="2.521">
    </testcase>
  </testsuite>
</testsuites>