<testsuites name="Mocha Tests">
  <testsuite name="AutoFilterController test get_worksheet_auto_filter test" tests="1" errors="0" failures="0" skipped="0" timestamp="2025-01-25T04:56:38" time="2.144">
    <testcase classname="AutoFilterController test get_worksheet_auto_filter test" name="should call GetWorksheetAutoFilter successfully" time="2.139">
    </testcase>
  </testsuite>
  <testsuite name="AutoFilterController test put_worksheet_date_filter test" tests="1" errors="0" failures="0" skipped="0" timestamp="2025-01-25T04:56:41" time="1.394">
    <testcase classname="AutoFilterController test put_worksheet_date_filter test" name="should call PutWorksheetDateFilter successfully" time="1.391">
    </testcase>
  </testsuite>
  <testsuite name="AutoFilterController test put_worksheet_filter test" tests="1" errors="0" failures="0" skipped="0" timestamp="2025-01-25T04:56:42" time="1.006">
    <testcase classname="AutoFilterController test put_worksheet_filter test" name="should call PutWorksheetFilter successfully" time="1.005">
    </testcase>
  </testsuite>
  <testsuite name="AutoFilterController test put_worksheet_icon_filter test" tests="1" errors="0" failures="0" skipped="0" timestamp="2025-01-25T04:56:43" time="1.021">
    <testcase classname="AutoFilterController test put_worksheet_icon_filter test" name="should call PutWorksheetIconFilter successfully" time="1.019">
    </testcase>
  </testsuite>
  <testsuite name="AutoFilterController test put_worksheet_custom_filter test" tests="1" errors="0" failures="0" skipped="0" timestamp="2025-01-25T04:56:44" time="0.953">
    <testcase classname="AutoFilterController test put_worksheet_custom_filter test" name="should call PutWorksheetCustomFilter successfully" time="0.948">
    </testcase>
  </testsuite>
  <testsuite name="AutoFilterController test put_worksheet_dynamic_filter test" tests="1" errors="0" failures="0" skipped="0" timestamp="2025-01-25T04:56:45" time="0.804">
    <testcase classname="AutoFilterController test put_worksheet_dynamic_filter test" name="should call PutWorksheetDynamicFilter successfully" time="0.802">
    </testcase>
  </testsuite>
  <testsuite name="AutoFilterController test put_worksheet_filter_top10 test" tests="1" errors="0" failures="0" skipped="0" timestamp="2025-01-25T04:56:46" time="0.793">
    <testcase classname="AutoFilterController test put_worksheet_filter_top10 test" name="should call PutWorksheetFilterTop10 successfully" time="0.789">
    </testcase>
  </testsuite>
  <testsuite name="AutoFilterController test put_worksheet_color_filter test" tests="1" errors="0" failures="0" skipped="0" timestamp="2025-01-25T04:56:47" time="0.729">
    <testcase classname="AutoFilterController test put_worksheet_color_filter test" name="should call PutWorksheetColorFilter successfully" time="0.727">
    </testcase>
  </testsuite>
  <testsuite name="AutoFilterController test post_worksheet_match_blanks test" tests="1" errors="0" failures="0" skipped="0" timestamp="2025-01-25T04:56:47" time="0.765">
    <testcase classname="AutoFilterController test post_worksheet_match_blanks test" name="should call PostWorksheetMatchBlanks successfully" time="0.762">
    </testcase>
  </testsuite>
  <testsuite name="AutoFilterController test post_worksheet_match_non_blanks test" tests="1" errors="0" failures="0" skipped="0" timestamp="2025-01-25T04:56:48" time="0.891">
    <testcase classname="AutoFilterController test post_worksheet_match_non_blanks test" name="should call PostWorksheetMatchNonBlanks successfully" time="0.889">
    </testcase>
  </testsuite>
  <testsuite name="AutoFilterController test post_worksheet_auto_filter_refresh test" tests="1" errors="0" failures="0" skipped="0" timestamp="2025-01-25T04:56:49" time="0.939">
    <testcase classname="AutoFilterController test post_worksheet_auto_filter_refresh test" name="should call PostWorksheetAutoFilterRefresh successfully" time="0.937">
    </testcase>
  </testsuite>
  <testsuite name="AutoFilterController test delete_worksheet_date_filter test" tests="1" errors="0" failures="0" skipped="0" timestamp="2025-01-25T04:56:50" time="0.756">
    <testcase classname="AutoFilterController test delete_worksheet_date_filter test" name="should call DeleteWorksheetDateFilter successfully" time="0.753">
    </testcase>
  </testsuite>
  <testsuite name="AutoFilterController test delete_worksheet_filter test" tests="1" errors="0" failures="0" skipped="0" timestamp="2025-01-25T04:56:51" time="0.888">
    <testcase classname="AutoFilterController test delete_worksheet_filter test" name="should call DeleteWorksheetFilter successfully" time="0.887">
    </testcase>
  </testsuite>
  <testsuite name="BatchController test post_batch_convert test" tests="1" errors="0" failures="0" skipped="0" timestamp="2025-01-25T04:56:52" time="2.334">
    <testcase classname="BatchController test post_batch_convert test" name="should call PostBatchConvert successfully" time="2.333">
    </testcase>
  </testsuite>
  <testsuite name="BatchController test post_batch_protect test" tests="1" errors="0" failures="0" skipped="0" timestamp="2025-01-25T04:56:54" time="1.31">
    <testcase classname="BatchController test post_batch_protect test" name="should call PostBatchProtect successfully" time="1.307">
    </testcase>
  </testsuite>
  <testsuite name="BatchController test post_batch_lock test" tests="1" errors="0" failures="0" skipped="0" timestamp="2025-01-25T04:56:55" time="1.452">
    <testcase classname="BatchController test post_batch_lock test" name="should call PostBatchLock successfully" time="1.449">
    </testcase>
  </testsuite>
  <testsuite name="BatchController test post_batch_unlock test" tests="1" errors="0" failures="0" skipped="0" timestamp="2025-01-25T04:56:57" time="1.222">
    <testcase classname="BatchController test post_batch_unlock test" name="should call PostBatchUnlock successfully" time="1.216">
    </testcase>
  </testsuite>
  <testsuite name="CellsController test post_clear_contents test" tests="1" errors="0" failures="0" skipped="0" timestamp="2025-01-25T04:56:58" time="1.044">
    <testcase classname="CellsController test post_clear_contents test" name="should call PostClearContents successfully" time="1.041">
    </testcase>
  </testsuite>
  <testsuite name="CellsController test post_clear_formats test" tests="1" errors="0" failures="0" skipped="0" timestamp="2025-01-25T04:56:59" time="1.026">
    <testcase classname="CellsController test post_clear_formats test" name="should call PostClearFormats successfully" time="1.024">
    </testcase>
  </testsuite>
  <testsuite name="CellsController test post_update_worksheet_range_style test" tests="1" errors="0" failures="0" skipped="0" timestamp="2025-01-25T04:57:00" time="0.844">
    <testcase classname="CellsController test post_update_worksheet_range_style test" name="should call PostUpdateWorksheetRangeStyle successfully" time="0.841">
    </testcase>
  </testsuite>
  <testsuite name="CellsController test post_worksheet_merge test" tests="1" errors="0" failures="0" skipped="0" timestamp="2025-01-25T04:57:01" time="0.769">
    <testcase classname="CellsController test post_worksheet_merge test" name="should call PostWorksheetMerge successfully" time="0.766">
    </testcase>
  </testsuite>
  <testsuite name="CellsController test post_worksheet_unmerge test" tests="1" errors="0" failures="0" skipped="0" timestamp="2025-01-25T04:57:02" time="0.845">
    <testcase classname="CellsController test post_worksheet_unmerge test" name="should call PostWorksheetUnmerge successfully" time="0.844">
    </testcase>
  </testsuite>
  <testsuite name="CellsController test get_worksheet_cells test" tests="1" errors="0" failures="0" skipped="0" timestamp="2025-01-25T04:57:03" time="0.363">
    <testcase classname="CellsController test get_worksheet_cells test" name="should call GetWorksheetCells successfully" time="0.362">
    </testcase>
  </testsuite>
  <testsuite name="CellsController test get_worksheet_cell test" tests="1" errors="0" failures="0" skipped="0" timestamp="2025-01-25T04:57:03" time="0.519">
    <testcase classname="CellsController test get_worksheet_cell test" name="should call GetWorksheetCell successfully" time="0.515">
    </testcase>
  </testsuite>
  <testsuite name="CellsController test get_worksheet_cell_style test" tests="1" errors="0" failures="0" skipped="0" timestamp="2025-01-25T04:57:03" time="1.232">
    <testcase classname="CellsController test get_worksheet_cell_style test" name="should call GetWorksheetCellStyle successfully" time="1.231">
    </testcase>
  </testsuite>
  <testsuite name="CellsController test post_worksheet_cell_set_value test" tests="1" errors="0" failures="0" skipped="0" timestamp="2025-01-25T04:57:05" time="0.724">
    <testcase classname="CellsController test post_worksheet_cell_set_value test" name="should call PostWorksheetCellSetValue successfully" time="0.721">
    </testcase>
  </testsuite>
  <testsuite name="CellsController test post_update_worksheet_cell_style test" tests="1" errors="0" failures="0" skipped="0" timestamp="2025-01-25T04:57:05" time="0.753">
    <testcase classname="CellsController test post_update_worksheet_cell_style test" name="should call PostUpdateWorksheetCellStyle successfully" time="0.751">
    </testcase>
  </testsuite>
  <testsuite name="CellsController test post_set_cell_range_value test" tests="1" errors="0" failures="0" skipped="0" timestamp="2025-01-25T04:57:06" time="0.926">
    <testcase classname="CellsController test post_set_cell_range_value test" name="should call PostSetCellRangeValue successfully" time="0.923">
    </testcase>
  </testsuite>
  <testsuite name="CellsController test post_copy_cell_into_cell test" tests="1" errors="0" failures="0" skipped="0" timestamp="2025-01-25T04:57:07" time="1.042">
    <testcase classname="CellsController test post_copy_cell_into_cell test" name="should call PostCopyCellIntoCell successfully" time="1.039">
    </testcase>
  </testsuite>
  <testsuite name="CellsController test get_cell_html_string test" tests="1" errors="0" failures="0" skipped="0" timestamp="2025-01-25T04:57:08" time="0.308">
    <testcase classname="CellsController test get_cell_html_string test" name="should call GetCellHtmlString successfully" time="0.304">
    </testcase>
  </testsuite>
  <testsuite name="CellsController test post_set_cell_html_string test" tests="1" errors="0" failures="0" skipped="0" timestamp="2025-01-25T04:57:08" time="0.73">
    <testcase classname="CellsController test post_set_cell_html_string test" name="should call PostSetCellHtmlString successfully" time="0.728">
    </testcase>
  </testsuite>
  <testsuite name="CellsController test post_cell_calculate test" tests="1" errors="0" failures="0" skipped="0" timestamp="2025-01-25T04:57:09" time="1.319">
    <testcase classname="CellsController test post_cell_calculate test" name="should call PostCellCalculate successfully" time="1.318">
    </testcase>
  </testsuite>
  <testsuite name="CellsController test post_cell_characters test" tests="1" errors="0" failures="0" skipped="0" timestamp="2025-01-25T04:57:10" time="0.759">
    <testcase classname="CellsController test post_cell_characters test" name="should call PostCellCharacters successfully" time="0.755">
    </testcase>
  </testsuite>
  <testsuite name="CellsController test get_worksheet_columns test" tests="1" errors="0" failures="0" skipped="0" timestamp="2025-01-25T04:57:11" time="0.362">
    <testcase classname="CellsController test get_worksheet_columns test" name="should call GetWorksheetColumns successfully" time="0.355">
    </testcase>
  </testsuite>
  <testsuite name="CellsController test post_set_worksheet_column_width test" tests="1" errors="0" failures="0" skipped="0" timestamp="2025-01-25T04:57:12" time="0.707">
    <testcase classname="CellsController test post_set_worksheet_column_width test" name="should call PostSetWorksheetColumnWidth successfully" time="0.706">
    </testcase>
  </testsuite>
  <testsuite name="CellsController test get_worksheet_column test" tests="1" errors="0" failures="0" skipped="0" timestamp="2025-01-25T04:57:12" time="0.419">
    <testcase classname="CellsController test get_worksheet_column test" name="should call GetWorksheetColumn successfully" time="0.418">
    </testcase>
  </testsuite>
  <testsuite name="CellsController test put_insert_worksheet_columns test" tests="1" errors="0" failures="0" skipped="0" timestamp="2025-01-25T04:57:13" time="0.769">
    <testcase classname="CellsController test put_insert_worksheet_columns test" name="should call PutInsertWorksheetColumns successfully" time="0.767">
    </testcase>
  </testsuite>
  <testsuite name="CellsController test delete_worksheet_columns test" tests="1" errors="0" failures="0" skipped="0" timestamp="2025-01-25T04:57:13" time="0.761">
    <testcase classname="CellsController test delete_worksheet_columns test" name="should call DeleteWorksheetColumns successfully" time="0.759">
    </testcase>
  </testsuite>
  <testsuite name="CellsController test post_hide_worksheet_columns test" tests="1" errors="0" failures="0" skipped="0" timestamp="2025-01-25T04:57:14" time="0.743">
    <testcase classname="CellsController test post_hide_worksheet_columns test" name="should call PostHideWorksheetColumns successfully" time="0.741">
    </testcase>
  </testsuite>
  <testsuite name="CellsController test post_unhide_worksheet_columns test" tests="1" errors="0" failures="0" skipped="0" timestamp="2025-01-25T04:57:15" time="0.82">
    <testcase classname="CellsController test post_unhide_worksheet_columns test" name="should call PostUnhideWorksheetColumns successfully" time="0.817">
    </testcase>
  </testsuite>
  <testsuite name="CellsController test post_group_worksheet_columns test" tests="1" errors="0" failures="0" skipped="0" timestamp="2025-01-25T04:57:16" time="0.784">
    <testcase classname="CellsController test post_group_worksheet_columns test" name="should call PostGroupWorksheetColumns successfully" time="0.782">
    </testcase>
  </testsuite>
  <testsuite name="CellsController test post_ungroup_worksheet_columns test" tests="1" errors="0" failures="0" skipped="0" timestamp="2025-01-25T04:57:17" time="0.81">
    <testcase classname="CellsController test post_ungroup_worksheet_columns test" name="should call PostUngroupWorksheetColumns successfully" time="0.808">
    </testcase>
  </testsuite>
  <testsuite name="CellsController test post_copy_worksheet_columns test" tests="1" errors="0" failures="0" skipped="0" timestamp="2025-01-25T04:57:17" time="0.772">
    <testcase classname="CellsController test post_copy_worksheet_columns test" name="should call PostCopyWorksheetColumns successfully" time="0.77">
    </testcase>
  </testsuite>
  <testsuite name="CellsController test post_column_style test" tests="1" errors="0" failures="0" skipped="0" timestamp="2025-01-25T04:57:18" time="0.823">
    <testcase classname="CellsController test post_column_style test" name="should call PostColumnStyle successfully" time="0.82">
    </testcase>
  </testsuite>
  <testsuite name="CellsController test get_worksheet_rows test" tests="1" errors="0" failures="0" skipped="0" timestamp="2025-01-25T04:57:19" time="0.323">
    <testcase classname="CellsController test get_worksheet_rows test" name="should call GetWorksheetRows successfully" time="0.32">
    </testcase>
  </testsuite>
  <testsuite name="CellsController test get_worksheet_row test" tests="1" errors="0" failures="0" skipped="0" timestamp="2025-01-25T04:57:19" time="0.513">
    <testcase classname="CellsController test get_worksheet_row test" name="should call GetWorksheetRow successfully" time="0.51">
    </testcase>
  </testsuite>
  <testsuite name="CellsController test delete_worksheet_row test" tests="1" errors="0" failures="0" skipped="0" timestamp="2025-01-25T04:57:20" time="0.962">
    <testcase classname="CellsController test delete_worksheet_row test" name="should call DeleteWorksheetRow successfully" time="0.96">
    </testcase>
  </testsuite>
  <testsuite name="CellsController test delete_worksheet_rows test" tests="1" errors="0" failures="0" skipped="0" timestamp="2025-01-25T04:57:21" time="0.818">
    <testcase classname="CellsController test delete_worksheet_rows test" name="should call DeleteWorksheetRows successfully" time="0.813">
    </testcase>
  </testsuite>
  <testsuite name="CellsController test put_insert_worksheet_rows test" tests="1" errors="0" failures="0" skipped="0" timestamp="2025-01-25T04:57:22" time="0.758">
    <testcase classname="CellsController test put_insert_worksheet_rows test" name="should call PutInsertWorksheetRows successfully" time="0.756">
    </testcase>
  </testsuite>
  <testsuite name="CellsController test put_insert_worksheet_row test" tests="1" errors="0" failures="0" skipped="0" timestamp="2025-01-25T04:57:22" time="0.747">
    <testcase classname="CellsController test put_insert_worksheet_row test" name="should call PutInsertWorksheetRow successfully" time="0.745">
    </testcase>
  </testsuite>
  <testsuite name="CellsController test post_update_worksheet_row test" tests="1" errors="0" failures="0" skipped="0" timestamp="2025-01-25T04:57:23" time="0.771">
    <testcase classname="CellsController test post_update_worksheet_row test" name="should call PostUpdateWorksheetRow successfully" time="0.769">
    </testcase>
  </testsuite>
  <testsuite name="CellsController test post_hide_worksheet_rows test" tests="1" errors="0" failures="0" skipped="0" timestamp="2025-01-25T04:57:24" time="0.752">
    <testcase classname="CellsController test post_hide_worksheet_rows test" name="should call PostHideWorksheetRows successfully" time="0.75">
    </testcase>
  </testsuite>
  <testsuite name="CellsController test post_unhide_worksheet_rows test" tests="1" errors="0" failures="0" skipped="0" timestamp="2025-01-25T04:57:25" time="0.783">
    <testcase classname="CellsController test post_unhide_worksheet_rows test" name="should call PostUnhideWorksheetRows successfully" time="0.779">
    </testcase>
  </testsuite>
  <testsuite name="CellsController test post_group_worksheet_rows test" tests="1" errors="0" failures="0" skipped="0" timestamp="2025-01-25T04:57:25" time="0.983">
    <testcase classname="CellsController test post_group_worksheet_rows test" name="should call PostGroupWorksheetRows successfully" time="0.981">
    </testcase>
  </testsuite>
  <testsuite name="CellsController test post_ungroup_worksheet_rows test" tests="1" errors="0" failures="0" skipped="0" timestamp="2025-01-25T04:57:26" time="0.783">
    <testcase classname="CellsController test post_ungroup_worksheet_rows test" name="should call PostUngroupWorksheetRows successfully" time="0.779">
    </testcase>
  </testsuite>
  <testsuite name="CellsController test post_copy_worksheet_rows test" tests="1" errors="0" failures="0" skipped="0" timestamp="2025-01-25T04:57:27" time="0.735">
    <testcase classname="CellsController test post_copy_worksheet_rows test" name="should call PostCopyWorksheetRows successfully" time="0.733">
    </testcase>
  </testsuite>
  <testsuite name="CellsController test post_row_style test" tests="1" errors="0" failures="0" skipped="0" timestamp="2025-01-25T04:57:28" time="0.721">
    <testcase classname="CellsController test post_row_style test" name="should call PostRowStyle successfully" time="0.718">
    </testcase>
  </testsuite>
  <testsuite name="CellsStatusController test get_cells_cloud_services_health_check test" tests="1" errors="0" failures="0" skipped="0" timestamp="2025-01-25T04:57:29" time="0.527">
    <testcase classname="CellsStatusController test get_cells_cloud_services_health_check test" name="should call GetCellsCloudServicesHealthCheck successfully" time="0.525">
    </testcase>
  </testsuite>
  <testsuite name="CellsStatusController test get_cells_cloud_service_status test" tests="1" errors="0" failures="0" skipped="0" timestamp="2025-01-25T04:57:29" time="0.219">
    <testcase classname="CellsStatusController test get_cells_cloud_service_status test" name="should call GetCellsCloudServiceStatus successfully" time="0.217">
    </testcase>
  </testsuite>
  <testsuite name="ChartAreaController test get_chart_area test" tests="1" errors="0" failures="0" skipped="0" timestamp="2025-01-25T04:57:29" time="1.227">
    <testcase classname="ChartAreaController test get_chart_area test" name="should call GetChartArea successfully" time="1.223">
    </testcase>
  </testsuite>
  <testsuite name="ChartAreaController test get_chart_area_fill_format test" tests="1" errors="0" failures="0" skipped="0" timestamp="2025-01-25T04:57:31" time="0.436">
    <testcase classname="ChartAreaController test get_chart_area_fill_format test" name="should call GetChartAreaFillFormat successfully" time="0.431">
    </testcase>
  </testsuite>
  <testsuite name="ChartAreaController test get_chart_area_border test" tests="1" errors="0" failures="0" skipped="0" timestamp="2025-01-25T04:57:31" time="0.318">
    <testcase classname="ChartAreaController test get_chart_area_border test" name="should call GetChartAreaBorder successfully" time="0.316">
    </testcase>
  </testsuite>
  <testsuite name="ChartsController test get_worksheet_charts test" tests="1" errors="0" failures="0" skipped="0" timestamp="2025-01-25T04:57:31" time="0.614">
    <testcase classname="ChartsController test get_worksheet_charts test" name="should call GetWorksheetCharts successfully" time="0.611">
    </testcase>
  </testsuite>
  <testsuite name="ChartsController test get_worksheet_chart test" tests="1" errors="0" failures="0" skipped="0" timestamp="2025-01-25T04:57:32" time="0.698">
    <testcase classname="ChartsController test get_worksheet_chart test" name="should call GetWorksheetChart successfully" time="0.696">
    </testcase>
  </testsuite>
  <testsuite name="ChartsController test put_worksheet_chart test" tests="1" errors="0" failures="0" skipped="0" timestamp="2025-01-25T04:57:33" time="0.814">
    <testcase classname="ChartsController test put_worksheet_chart test" name="should call PutWorksheetChart successfully" time="0.812">
    </testcase>
  </testsuite>
  <testsuite name="ChartsController test delete_worksheet_chart test" tests="1" errors="0" failures="0" skipped="0" timestamp="2025-01-25T04:57:34" time="0.739">
    <testcase classname="ChartsController test delete_worksheet_chart test" name="should call DeleteWorksheetChart successfully" time="0.738">
    </testcase>
  </testsuite>
  <testsuite name="ChartsController test post_worksheet_chart test" tests="1" errors="0" failures="0" skipped="0" timestamp="2025-01-25T04:57:34" time="0.749">
    <testcase classname="ChartsController test post_worksheet_chart test" name="should call PostWorksheetChart successfully" time="0.747">
    </testcase>
  </testsuite>
  <testsuite name="ChartsController test get_worksheet_chart_legend test" tests="1" errors="0" failures="0" skipped="0" timestamp="2025-01-25T04:57:35" time="0.347">
    <testcase classname="ChartsController test get_worksheet_chart_legend test" name="should call GetWorksheetChartLegend successfully" time="0.345">
    </testcase>
  </testsuite>
  <testsuite name="ChartsController test post_worksheet_chart_legend test" tests="1" errors="0" failures="0" skipped="0" timestamp="2025-01-25T04:57:35" time="0.756">
    <testcase classname="ChartsController test post_worksheet_chart_legend test" name="should call PostWorksheetChartLegend successfully" time="0.753">
    </testcase>
  </testsuite>
  <testsuite name="ChartsController test put_worksheet_chart_legend test" tests="1" errors="0" failures="0" skipped="0" timestamp="2025-01-25T04:57:36" time="1.615">
    <testcase classname="ChartsController test put_worksheet_chart_legend test" name="should call PutWorksheetChartLegend successfully" time="1.614">
    </testcase>
  </testsuite>
  <testsuite name="ChartsController test delete_worksheet_chart_legend test" tests="1" errors="0" failures="0" skipped="0" timestamp="2025-01-25T04:57:38" time="1.032">
    <testcase classname="ChartsController test delete_worksheet_chart_legend test" name="should call DeleteWorksheetChartLegend successfully" time="1.029">
    </testcase>
  </testsuite>
  <testsuite name="ChartsController test delete_worksheet_charts test" tests="1" errors="0" failures="0" skipped="0" timestamp="2025-01-25T04:57:39" time="0.945">
    <testcase classname="ChartsController test delete_worksheet_charts test" name="should call DeleteWorksheetCharts successfully" time="0.944">
    </testcase>
  </testsuite>
  <testsuite name="ChartsController test get_worksheet_chart_title test" tests="1" errors="0" failures="1" skipped="0" timestamp="2025-01-25T04:57:40" time="0.543">
    <testcase classname="ChartsController test get_worksheet_chart_title test" name="should call GetWorksheetChartTitle successfully" time="0.53">
      <failure message="the object {
  &quot;code&quot;: 400
  &quot;message&quot;: [undefined]
} was thrown, throw an Error :)"></failure>
    </testcase>
  </testsuite>
  <testsuite name="ChartsController test post_worksheet_chart_title test" tests="1" errors="0" failures="0" skipped="0" timestamp="2025-01-25T04:57:40" time="1.006">
    <testcase classname="ChartsController test post_worksheet_chart_title test" name="should call PostWorksheetChartTitle successfully" time="1.001">
    </testcase>
  </testsuite>
  <testsuite name="ChartsController test put_worksheet_chart_title test" tests="1" errors="0" failures="0" skipped="0" timestamp="2025-01-25T04:57:41" time="0.756">
    <testcase classname="ChartsController test put_worksheet_chart_title test" name="should call PutWorksheetChartTitle successfully" time="0.753">
    </testcase>
  </testsuite>
  <testsuite name="ChartsController test delete_worksheet_chart_title test" tests="1" errors="0" failures="0" skipped="0" timestamp="2025-01-25T04:57:42" time="0.911">
    <testcase classname="ChartsController test delete_worksheet_chart_title test" name="should call DeleteWorksheetChartTitle successfully" time="0.905">
    </testcase>
  </testsuite>
  <testsuite name="ConditionalFormattingsController test get_worksheet_conditional_formattings test" tests="1" errors="0" failures="0" skipped="0" timestamp="2025-01-25T04:57:43" time="1.052">
    <testcase classname="ConditionalFormattingsController test get_worksheet_conditional_formattings test" name="should call GetWorksheetConditionalFormattings successfully" time="1.049">
    </testcase>
  </testsuite>
  <testsuite name="ConditionalFormattingsController test get_worksheet_conditional_formatting test" tests="1" errors="0" failures="0" skipped="0" timestamp="2025-01-25T04:57:44" time="0.338">
    <testcase classname="ConditionalFormattingsController test get_worksheet_conditional_formatting test" name="should call GetWorksheetConditionalFormatting successfully" time="0.335">
    </testcase>
  </testsuite>
  <testsuite name="ConditionalFormattingsController test put_worksheet_conditional_formatting test" tests="1" errors="0" failures="0" skipped="0" timestamp="2025-01-25T04:57:44" time="0.807">
    <testcase classname="ConditionalFormattingsController test put_worksheet_conditional_formatting test" name="should call PutWorksheetConditionalFormatting successfully" time="0.805">
    </testcase>
  </testsuite>
  <testsuite name="ConditionalFormattingsController test put_worksheet_format_condition test" tests="1" errors="0" failures="0" skipped="0" timestamp="2025-01-25T04:57:45" time="0.853">
    <testcase classname="ConditionalFormattingsController test put_worksheet_format_condition test" name="should call PutWorksheetFormatCondition successfully" time="0.85">
    </testcase>
  </testsuite>
  <testsuite name="ConditionalFormattingsController test put_worksheet_format_condition_area test" tests="1" errors="0" failures="0" skipped="0" timestamp="2025-01-25T04:57:46" time="0.726">
    <testcase classname="ConditionalFormattingsController test put_worksheet_format_condition_area test" name="should call PutWorksheetFormatConditionArea successfully" time="0.722">
    </testcase>
  </testsuite>
  <testsuite name="ConditionalFormattingsController test put_worksheet_format_condition_condition test" tests="1" errors="0" failures="0" skipped="0" timestamp="2025-01-25T04:57:47" time="0.853">
    <testcase classname="ConditionalFormattingsController test put_worksheet_format_condition_condition test" name="should call PutWorksheetFormatConditionCondition successfully" time="0.851">
    </testcase>
  </testsuite>
  <testsuite name="ConditionalFormattingsController test delete_worksheet_conditional_formattings test" tests="1" errors="0" failures="0" skipped="0" timestamp="2025-01-25T04:57:48" time="0.719">
    <testcase classname="ConditionalFormattingsController test delete_worksheet_conditional_formattings test" name="should call DeleteWorksheetConditionalFormattings successfully" time="0.718">
    </testcase>
  </testsuite>
  <testsuite name="ConditionalFormattingsController test delete_worksheet_conditional_formatting test" tests="1" errors="0" failures="0" skipped="0" timestamp="2025-01-25T04:57:48" time="1.005">
    <testcase classname="ConditionalFormattingsController test delete_worksheet_conditional_formatting test" name="should call DeleteWorksheetConditionalFormatting successfully" time="1.002">
    </testcase>
  </testsuite>
  <testsuite name="ConditionalFormattingsController test delete_worksheet_conditional_formatting_area test" tests="1" errors="0" failures="0" skipped="0" timestamp="2025-01-25T04:57:49" time="0.745">
    <testcase classname="ConditionalFormattingsController test delete_worksheet_conditional_formatting_area test" name="should call DeleteWorksheetConditionalFormattingArea successfully" time="0.738">
    </testcase>
  </testsuite>
  <testsuite name="DataProcessingController test post_workbook_data_cleansing test" tests="1" errors="0" failures="0" skipped="0" timestamp="2025-01-25T04:57:50" time="1.6">
    <testcase classname="DataProcessingController test post_workbook_data_cleansing test" name="should call PostWorkbookDataCleansing successfully" time="1.599">
    </testcase>
  </testsuite>
  <testsuite name="DataProcessingController test post_workbook_data_deduplication test" tests="1" errors="0" failures="0" skipped="0" timestamp="2025-01-25T04:57:52" time="0.751">
    <testcase classname="DataProcessingController test post_workbook_data_deduplication test" name="should call PostWorkbookDataDeduplication successfully" time="0.748">
    </testcase>
  </testsuite>
  <testsuite name="DataProcessingController test post_workbook_data_fill test" tests="1" errors="0" failures="0" skipped="0" timestamp="2025-01-25T04:57:53" time="0.68">
    <testcase classname="DataProcessingController test post_workbook_data_fill test" name="should call PostWorkbookDataFill successfully" time="0.678">
    </testcase>
  </testsuite>
  <testsuite name="DataProcessingController test post_data_transformation test" tests="1" errors="0" failures="1" skipped="0" timestamp="2025-01-25T04:57:53" time="0.31">
    <testcase classname="DataProcessingController test post_data_transformation test" name="should call PostDataTransformation successfully" time="0.307">
      <failure message="the object {
  &quot;code&quot;: 404
  &quot;message&quot;: [undefined]
} was thrown, throw an Error :)"></failure>
    </testcase>
  </testsuite>
  <testsuite name="FileController test download_file test" tests="1" errors="0" failures="0" skipped="0" timestamp="2025-01-25T04:57:54" time="3.561">
    <testcase classname="FileController test download_file test" name="should call DownloadFile successfully" time="3.552">
    </testcase>
  </testsuite>
  <testsuite name="FileController test upload_file test" tests="1" errors="0" failures="0" skipped="0" timestamp="2025-01-25T04:57:57" time="0.713">
    <testcase classname="FileController test upload_file test" name="should call UploadFile successfully" time="0.71">
    </testcase>
  </testsuite>
  <testsuite name="FileController test copy_file test" tests="1" errors="0" failures="0" skipped="0" timestamp="2025-01-25T04:57:58" time="0.454">
    <testcase classname="FileController test copy_file test" name="should call CopyFile successfully" time="0.453">
    </testcase>
  </testsuite>
  <testsuite name="FolderController test get_files_list test" tests="1" errors="0" failures="0" skipped="0" timestamp="2025-01-25T04:57:58" time="0.71">
    <testcase classname="FolderController test get_files_list test" name="should call GetFilesList successfully" time="0.707">
    </testcase>
  </testsuite>
  <testsuite name="FolderController test create_folder test" tests="1" errors="0" failures="0" skipped="0" timestamp="2025-01-25T04:57:59" time="0.293">
    <testcase classname="FolderController test create_folder test" name="should call CreateFolder successfully" time="0.29">
    </testcase>
  </testsuite>
  <testsuite name="FolderController test copy_folder test" tests="1" errors="0" failures="0" skipped="0" timestamp="2025-01-25T04:57:59" time="2.613">
    <testcase classname="FolderController test copy_folder test" name="should call CopyFolder successfully" time="2.612">
    </testcase>
  </testsuite>
  <testsuite name="FolderController test move_folder test" tests="1" errors="0" failures="0" skipped="0" timestamp="2025-01-25T04:58:02" time="6.115">
    <testcase classname="FolderController test move_folder test" name="should call MoveFolder successfully" time="6.113">
    </testcase>
  </testsuite>
  <testsuite name="FolderController test delete_folder test" tests="1" errors="0" failures="0" skipped="0" timestamp="2025-01-25T04:58:08" time="0.289">
    <testcase classname="FolderController test delete_folder test" name="should call DeleteFolder successfully" time="0.286">
    </testcase>
  </testsuite>
  <testsuite name="HypelinksController test get_worksheet_hyperlinks test" tests="1" errors="0" failures="0" skipped="0" timestamp="2025-01-25T04:58:08" time="1.511">
    <testcase classname="HypelinksController test get_worksheet_hyperlinks test" name="should call GetWorksheetHyperlinks successfully" time="1.508">
    </testcase>
  </testsuite>
  <testsuite name="HypelinksController test get_worksheet_hyperlink test" tests="1" errors="0" failures="0" skipped="0" timestamp="2025-01-25T04:58:10" time="0.331">
    <testcase classname="HypelinksController test get_worksheet_hyperlink test" name="should call GetWorksheetHyperlink successfully" time="0.33">
    </testcase>
  </testsuite>
  <testsuite name="HypelinksController test delete_worksheet_hyperlink test" tests="1" errors="0" failures="0" skipped="0" timestamp="2025-01-25T04:58:10" time="0.834">
    <testcase classname="HypelinksController test delete_worksheet_hyperlink test" name="should call DeleteWorksheetHyperlink successfully" time="0.832">
    </testcase>
  </testsuite>
  <testsuite name="HypelinksController test post_worksheet_hyperlink test" tests="1" errors="0" failures="0" skipped="0" timestamp="2025-01-25T04:58:11" time="0.805">
    <testcase classname="HypelinksController test post_worksheet_hyperlink test" name="should call PostWorksheetHyperlink successfully" time="0.803">
    </testcase>
  </testsuite>
  <testsuite name="HypelinksController test put_worksheet_hyperlink test" tests="1" errors="0" failures="0" skipped="0" timestamp="2025-01-25T04:58:12" time="0.807">
    <testcase classname="HypelinksController test put_worksheet_hyperlink test" name="should call PutWorksheetHyperlink successfully" time="0.806">
    </testcase>
  </testsuite>
  <testsuite name="HypelinksController test delete_worksheet_hyperlinks test" tests="1" errors="0" failures="0" skipped="0" timestamp="2025-01-25T04:58:13" time="0.751">
    <testcase classname="HypelinksController test delete_worksheet_hyperlinks test" name="should call DeleteWorksheetHyperlinks successfully" time="0.748">
    </testcase>
  </testsuite>
  <testsuite name="ListObjectsController test get_worksheet_list_objects test" tests="1" errors="0" failures="0" skipped="0" timestamp="2025-01-25T04:58:13" time="0.607">
    <testcase classname="ListObjectsController test get_worksheet_list_objects test" name="should call GetWorksheetListObjects successfully" time="0.604">
    </testcase>
  </testsuite>
  <testsuite name="ListObjectsController test get_worksheet_list_object test" tests="1" errors="0" failures="0" skipped="0" timestamp="2025-01-25T04:58:14" time="0.738">
    <testcase classname="ListObjectsController test get_worksheet_list_object test" name="should call GetWorksheetListObject successfully" time="0.736">
    </testcase>
  </testsuite>
  <testsuite name="ListObjectsController test put_worksheet_list_object test" tests="1" errors="0" failures="0" skipped="0" timestamp="2025-01-25T04:58:15" time="0.971">
    <testcase classname="ListObjectsController test put_worksheet_list_object test" name="should call PutWorksheetListObject successfully" time="0.97">
    </testcase>
  </testsuite>
  <testsuite name="ListObjectsController test delete_worksheet_list_objects test" tests="1" errors="0" failures="0" skipped="0" timestamp="2025-01-25T04:58:16" time="0.863">
    <testcase classname="ListObjectsController test delete_worksheet_list_objects test" name="should call DeleteWorksheetListObjects successfully" time="0.86">
    </testcase>
  </testsuite>
  <testsuite name="ListObjectsController test delete_worksheet_list_object test" tests="1" errors="0" failures="1" skipped="0" timestamp="2025-01-25T04:58:17" time="0.463">
    <testcase classname="ListObjectsController test delete_worksheet_list_object test" name="should call DeleteWorksheetListObject successfully" time="0.459">
      <failure message="the object {
  &quot;code&quot;: 400
  &quot;message&quot;: [undefined]
} was thrown, throw an Error :)"></failure>
    </testcase>
  </testsuite>
  <testsuite name="ListObjectsController test post_worksheet_list_object test" tests="1" errors="0" failures="0" skipped="0" timestamp="2025-01-25T04:58:17" time="1.114">
    <testcase classname="ListObjectsController test post_worksheet_list_object test" name="should call PostWorksheetListObject successfully" time="1.111">
    </testcase>
  </testsuite>
  <testsuite name="ListObjectsController test post_worksheet_list_object_convert_to_range test" tests="1" errors="0" failures="0" skipped="0" timestamp="2025-01-25T04:58:18" time="0.747">
    <testcase classname="ListObjectsController test post_worksheet_list_object_convert_to_range test" name="should call PostWorksheetListObjectConvertToRange successfully" time="0.743">
    </testcase>
  </testsuite>
  <testsuite name="ListObjectsController test post_worksheet_list_object_summarize_with_pivot_table test" tests="1" errors="0" failures="0" skipped="0" timestamp="2025-01-25T04:58:19" time="0.861">
    <testcase classname="ListObjectsController test post_worksheet_list_object_summarize_with_pivot_table test" name="should call PostWorksheetListObjectSummarizeWithPivotTable successfully" time="0.859">
    </testcase>
  </testsuite>
  <testsuite name="ListObjectsController test post_worksheet_list_object_sort_table test" tests="1" errors="0" failures="0" skipped="0" timestamp="2025-01-25T04:58:20" time="0.984">
    <testcase classname="ListObjectsController test post_worksheet_list_object_sort_table test" name="should call PostWorksheetListObjectSortTable successfully" time="0.982">
    </testcase>
  </testsuite>
  <testsuite name="ListObjectsController test post_worksheet_list_column test" tests="1" errors="0" failures="0" skipped="0" timestamp="2025-01-25T04:58:21" time="1.018">
    <testcase classname="ListObjectsController test post_worksheet_list_column test" name="should call PostWorksheetListColumn successfully" time="1.016">
    </testcase>
  </testsuite>
  <testsuite name="ListObjectsController test post_worksheet_list_columns_total test" tests="1" errors="0" failures="0" skipped="0" timestamp="2025-01-25T04:58:22" time="0.877">
    <testcase classname="ListObjectsController test post_worksheet_list_columns_total test" name="should call PostWorksheetListColumnsTotal successfully" time="0.87">
    </testcase>
  </testsuite>
  <testsuite name="ListObjectsController test post_worksheet_list_object_remove_duplicates test" tests="1" errors="0" failures="0" skipped="0" timestamp="2025-01-25T04:58:23" time="0.7">
    <testcase classname="ListObjectsController test post_worksheet_list_object_remove_duplicates test" name="should call PostWorksheetListObjectRemoveDuplicates successfully" time="0.698">
    </testcase>
  </testsuite>
  <testsuite name="ListObjectsController test post_worksheet_list_object_insert_slicer test" tests="1" errors="0" failures="0" skipped="0" timestamp="2025-01-25T04:58:23" time="0.701">
    <testcase classname="ListObjectsController test post_worksheet_list_object_insert_slicer test" name="should call PostWorksheetListObjectInsertSlicer successfully" time="0.697">
    </testcase>
  </testsuite>
  <testsuite name="OleObjectsController test get_worksheet_ole_objects test" tests="1" errors="0" failures="0" skipped="0" timestamp="2025-01-25T04:58:24" time="0.628">
    <testcase classname="OleObjectsController test get_worksheet_ole_objects test" name="should call GetWorksheetOleObjects successfully" time="0.625">
    </testcase>
  </testsuite>
  <testsuite name="OleObjectsController test get_worksheet_ole_object test" tests="1" errors="0" failures="0" skipped="0" timestamp="2025-01-25T04:58:25" time="0.634">
    <testcase classname="OleObjectsController test get_worksheet_ole_object test" name="should call GetWorksheetOleObject successfully" time="0.631">
    </testcase>
  </testsuite>
  <testsuite name="OleObjectsController test delete_worksheet_ole_objects test" tests="1" errors="0" failures="0" skipped="0" timestamp="2025-01-25T04:58:25" time="0.79">
    <testcase classname="OleObjectsController test delete_worksheet_ole_objects test" name="should call DeleteWorksheetOleObjects successfully" time="0.789">
    </testcase>
  </testsuite>
  <testsuite name="OleObjectsController test delete_worksheet_ole_object test" tests="1" errors="0" failures="1" skipped="0" timestamp="2025-01-25T04:58:26" time="0.486">
    <testcase classname="OleObjectsController test delete_worksheet_ole_object test" name="should call DeleteWorksheetOleObject successfully" time="0.483">
      <failure message="the object {
  &quot;code&quot;: 400
  &quot;message&quot;: [undefined]
} was thrown, throw an Error :)"></failure>
    </testcase>
  </testsuite>
  <testsuite name="OleObjectsController test post_update_worksheet_ole_object test" tests="1" errors="0" failures="0" skipped="0" timestamp="2025-01-25T04:58:27" time="0.798">
    <testcase classname="OleObjectsController test post_update_worksheet_ole_object test" name="should call PostUpdateWorksheetOleObject successfully" time="0.797">
    </testcase>
  </testsuite>
  <testsuite name="OleObjectsController test put_worksheet_ole_object test" tests="1" errors="0" failures="0" skipped="0" timestamp="2025-01-25T04:58:27" time="0.967">
    <testcase classname="OleObjectsController test put_worksheet_ole_object test" name="should call PutWorksheetOleObject successfully" time="0.964">
    </testcase>
  </testsuite>
  <testsuite name="PageBreaksController test get_vertical_page_breaks test" tests="1" errors="0" failures="0" skipped="0" timestamp="2025-01-25T04:58:28" time="0.757">
    <testcase classname="PageBreaksController test get_vertical_page_breaks test" name="should call GetVerticalPageBreaks successfully" time="0.752">
    </testcase>
  </testsuite>
  <testsuite name="PageBreaksController test get_horizontal_page_breaks test" tests="1" errors="0" failures="0" skipped="0" timestamp="2025-01-25T04:58:29" time="0.356">
    <testcase classname="PageBreaksController test get_horizontal_page_breaks test" name="should call GetHorizontalPageBreaks successfully" time="0.354">
    </testcase>
  </testsuite>
  <testsuite name="PageBreaksController test get_vertical_page_break test" tests="1" errors="0" failures="0" skipped="0" timestamp="2025-01-25T04:58:29" time="0.384">
    <testcase classname="PageBreaksController test get_vertical_page_break test" name="should call GetVerticalPageBreak successfully" time="0.38">
    </testcase>
  </testsuite>
  <testsuite name="PageBreaksController test get_horizontal_page_break test" tests="1" errors="0" failures="0" skipped="0" timestamp="2025-01-25T04:58:30" time="0.515">
    <testcase classname="PageBreaksController test get_horizontal_page_break test" name="should call GetHorizontalPageBreak successfully" time="0.512">
    </testcase>
  </testsuite>
  <testsuite name="PageBreaksController test put_vertical_page_break test" tests="1" errors="0" failures="0" skipped="0" timestamp="2025-01-25T04:58:30" time="0.825">
    <testcase classname="PageBreaksController test put_vertical_page_break test" name="should call PutVerticalPageBreak successfully" time="0.821">
    </testcase>
  </testsuite>
  <testsuite name="PageBreaksController test put_horizontal_page_break test" tests="1" errors="0" failures="0" skipped="0" timestamp="2025-01-25T04:58:31" time="0.88">
    <testcase classname="PageBreaksController test put_horizontal_page_break test" name="should call PutHorizontalPageBreak successfully" time="0.879">
    </testcase>
  </testsuite>
  <testsuite name="PageBreaksController test delete_vertical_page_breaks test" tests="1" errors="0" failures="0" skipped="0" timestamp="2025-01-25T04:58:32" time="0.989">
    <testcase classname="PageBreaksController test delete_vertical_page_breaks test" name="should call DeleteVerticalPageBreaks successfully" time="0.986">
    </testcase>
  </testsuite>
  <testsuite name="PageBreaksController test delete_horizontal_page_breaks test" tests="1" errors="0" failures="0" skipped="0" timestamp="2025-01-25T04:58:33" time="0.764">
    <testcase classname="PageBreaksController test delete_horizontal_page_breaks test" name="should call DeleteHorizontalPageBreaks successfully" time="0.762">
    </testcase>
  </testsuite>
  <testsuite name="PageBreaksController test delete_vertical_page_break test" tests="1" errors="0" failures="0" skipped="0" timestamp="2025-01-25T04:58:34" time="0.761">
    <testcase classname="PageBreaksController test delete_vertical_page_break test" name="should call DeleteVerticalPageBreak successfully" time="0.759">
    </testcase>
  </testsuite>
  <testsuite name="PageBreaksController test delete_horizontal_page_break test" tests="1" errors="0" failures="0" skipped="0" timestamp="2025-01-25T04:58:35" time="0.876">
    <testcase classname="PageBreaksController test delete_horizontal_page_break test" name="should call DeleteHorizontalPageBreak successfully" time="0.874">
    </testcase>
  </testsuite>
  <testsuite name="PageSetupController test get_page_setup test" tests="1" errors="0" failures="0" skipped="0" timestamp="2025-01-25T04:58:35" time="0.669">
    <testcase classname="PageSetupController test get_page_setup test" name="should call GetPageSetup successfully" time="0.666">
    </testcase>
  </testsuite>
  <testsuite name="PageSetupController test post_page_setup test" tests="1" errors="0" failures="0" skipped="0" timestamp="2025-01-25T04:58:36" time="0.867">
    <testcase classname="PageSetupController test post_page_setup test" name="should call PostPageSetup successfully" time="0.773">
    </testcase>
  </testsuite>
  <testsuite name="PageSetupController test delete_header_footer test" tests="1" errors="0" failures="0" skipped="0" timestamp="2025-01-25T04:58:37" time="0.747">
    <testcase classname="PageSetupController test delete_header_footer test" name="should call DeleteHeaderFooter successfully" time="0.745">
    </testcase>
  </testsuite>
  <testsuite name="PageSetupController test get_header test" tests="1" errors="0" failures="0" skipped="0" timestamp="2025-01-25T04:58:38" time="0.798">
    <testcase classname="PageSetupController test get_header test" name="should call GetHeader successfully" time="0.794">
    </testcase>
  </testsuite>
  <testsuite name="PageSetupController test post_header test" tests="1" errors="0" failures="0" skipped="0" timestamp="2025-01-25T04:58:39" time="0.999">
    <testcase classname="PageSetupController test post_header test" name="should call PostHeader successfully" time="0.997">
    </testcase>
  </testsuite>
  <testsuite name="PageSetupController test get_footer test" tests="1" errors="0" failures="0" skipped="0" timestamp="2025-01-25T04:58:40" time="0.323">
    <testcase classname="PageSetupController test get_footer test" name="should call GetFooter successfully" time="0.32">
    </testcase>
  </testsuite>
  <testsuite name="PageSetupController test post_footer test" tests="1" errors="0" failures="0" skipped="0" timestamp="2025-01-25T04:58:40" time="0.775">
    <testcase classname="PageSetupController test post_footer test" name="should call PostFooter successfully" time="0.771">
    </testcase>
  </testsuite>
  <testsuite name="PageSetupController test post_fit_wide_to_pages test" tests="1" errors="0" failures="0" skipped="0" timestamp="2025-01-25T04:58:41" time="0.773">
    <testcase classname="PageSetupController test post_fit_wide_to_pages test" name="should call PostFitWideToPages successfully" time="0.77">
    </testcase>
  </testsuite>
  <testsuite name="PageSetupController test post_fit_tall_to_pages test" tests="1" errors="0" failures="0" skipped="0" timestamp="2025-01-25T04:58:41" time="0.8">
    <testcase classname="PageSetupController test post_fit_tall_to_pages test" name="should call PostFitTallToPages successfully" time="0.797">
    </testcase>
  </testsuite>
  <testsuite name="PicturesController test get_worksheet_pictures test" tests="1" errors="0" failures="0" skipped="0" timestamp="2025-01-25T04:58:42" time="1.732">
    <testcase classname="PicturesController test get_worksheet_pictures test" name="should call GetWorksheetPictures successfully" time="1.722">
    </testcase>
  </testsuite>
  <testsuite name="PicturesController test get_worksheet_picture_with_format test" tests="1" errors="0" failures="0" skipped="0" timestamp="2025-01-25T04:58:44" time="1.018">
    <testcase classname="PicturesController test get_worksheet_picture_with_format test" name="should call GetWorksheetPictureWithFormat successfully" time="1.016">
    </testcase>
  </testsuite>
  <testsuite name="PicturesController test put_worksheet_add_picture test" tests="1" errors="0" failures="0" skipped="0" timestamp="2025-01-25T04:58:45" time="0.902">
    <testcase classname="PicturesController test put_worksheet_add_picture test" name="should call PutWorksheetAddPicture successfully" time="0.9">
    </testcase>
  </testsuite>
  <testsuite name="PicturesController test post_worksheet_picture test" tests="1" errors="0" failures="0" skipped="0" timestamp="2025-01-25T04:58:46" time="1.129">
    <testcase classname="PicturesController test post_worksheet_picture test" name="should call PostWorksheetPicture successfully" time="1.126">
    </testcase>
  </testsuite>
  <testsuite name="PicturesController test delete_worksheet_picture test" tests="1" errors="0" failures="0" skipped="0" timestamp="2025-01-25T04:58:47" time="0.746">
    <testcase classname="PicturesController test delete_worksheet_picture test" name="should call DeleteWorksheetPicture successfully" time="0.743">
    </testcase>
  </testsuite>
  <testsuite name="PicturesController test delete_worksheet_pictures test" tests="1" errors="0" failures="0" skipped="0" timestamp="2025-01-25T04:58:48" time="0.703">
    <testcase classname="PicturesController test delete_worksheet_pictures test" name="should call DeleteWorksheetPictures successfully" time="0.7">
    </testcase>
  </testsuite>
  <testsuite name="PivotTablesController test get_worksheet_pivot_tables test" tests="1" errors="0" failures="0" skipped="0" timestamp="2025-01-25T04:58:49" time="1.113">
    <testcase classname="PivotTablesController test get_worksheet_pivot_tables test" name="should call GetWorksheetPivotTables successfully" time="1.111">
    </testcase>
  </testsuite>
  <testsuite name="PivotTablesController test get_worksheet_pivot_table test" tests="1" errors="0" failures="0" skipped="0" timestamp="2025-01-25T04:58:50" time="0.565">
    <testcase classname="PivotTablesController test get_worksheet_pivot_table test" name="should call GetWorksheetPivotTable successfully" time="0.563">
    </testcase>
  </testsuite>
  <testsuite name="PivotTablesController test get_pivot_table_field test" tests="1" errors="0" failures="0" skipped="0" timestamp="2025-01-25T04:58:50" time="0.332">
    <testcase classname="PivotTablesController test get_pivot_table_field test" name="should call GetPivotTableField successfully" time="0.331">
    </testcase>
  </testsuite>
  <testsuite name="PivotTablesController test get_worksheet_pivot_table_filters test" tests="1" errors="0" failures="0" skipped="0" timestamp="2025-01-25T04:58:51" time="0.326">
    <testcase classname="PivotTablesController test get_worksheet_pivot_table_filters test" name="should call GetWorksheetPivotTableFilters successfully" time="0.323">
    </testcase>
  </testsuite>
  <testsuite name="PivotTablesController test get_worksheet_pivot_table_filter test" tests="1" errors="0" failures="1" skipped="0" timestamp="2025-01-25T04:58:51" time="0.332">
    <testcase classname="PivotTablesController test get_worksheet_pivot_table_filter test" name="should call GetWorksheetPivotTableFilter successfully" time="0.328">
      <failure message="the object {
  &quot;code&quot;: 400
  &quot;message&quot;: [undefined]
} was thrown, throw an Error :)"></failure>
    </testcase>
  </testsuite>
  <testsuite name="PivotTablesController test put_worksheet_pivot_table test" tests="1" errors="0" failures="0" skipped="0" timestamp="2025-01-25T04:58:51" time="0.736">
    <testcase classname="PivotTablesController test put_worksheet_pivot_table test" name="should call PutWorksheetPivotTable successfully" time="0.734">
    </testcase>
  </testsuite>
  <testsuite name="PivotTablesController test put_pivot_table_field test" tests="1" errors="0" failures="0" skipped="0" timestamp="2025-01-25T04:58:52" time="0.809">
    <testcase classname="PivotTablesController test put_pivot_table_field test" name="should call PutPivotTableField successfully" time="0.805">
    </testcase>
  </testsuite>
  <testsuite name="PivotTablesController test put_worksheet_pivot_table_filter test" tests="1" errors="0" failures="1" skipped="0" timestamp="2025-01-25T04:58:53" time="0.1">
    <testcase classname="PivotTablesController test put_worksheet_pivot_table_filter test" name="should call PutWorksheetPivotTableFilter successfully" time="0">
      <failure message="Top10Filter is not defined"></failure>
    </testcase>
  </testsuite>
  <testsuite name="PivotTablesController test post_pivot_table_field_hide_item test" tests="1" errors="0" failures="0" skipped="0" timestamp="2025-01-25T04:58:53" time="1.004">
    <testcase classname="PivotTablesController test post_pivot_table_field_hide_item test" name="should call PostPivotTableFieldHideItem successfully" time="0.998">
    </testcase>
  </testsuite>
  <testsuite name="PivotTablesController test post_pivot_table_field_move_to test" tests="1" errors="0" failures="0" skipped="0" timestamp="2025-01-25T04:58:54" time="0.814">
    <testcase classname="PivotTablesController test post_pivot_table_field_move_to test" name="should call PostPivotTableFieldMoveTo successfully" time="0.811">
    </testcase>
  </testsuite>
  <testsuite name="PivotTablesController test post_pivot_table_cell_style test" tests="1" errors="0" failures="0" skipped="0" timestamp="2025-01-25T04:58:55" time="0.663">
    <testcase classname="PivotTablesController test post_pivot_table_cell_style test" name="should call PostPivotTableCellStyle successfully" time="0.66">
    </testcase>
  </testsuite>
  <testsuite name="PivotTablesController test post_pivot_table_style test" tests="1" errors="0" failures="0" skipped="0" timestamp="2025-01-25T04:58:55" time="0.729">
    <testcase classname="PivotTablesController test post_pivot_table_style test" name="should call PostPivotTableStyle successfully" time="0.724">
    </testcase>
  </testsuite>
  <testsuite name="PivotTablesController test post_pivot_table_update_pivot_fields test" tests="1" errors="0" failures="0" skipped="0" timestamp="2025-01-25T04:58:56" time="0.889">
    <testcase classname="PivotTablesController test post_pivot_table_update_pivot_fields test" name="should call PostPivotTableUpdatePivotFields successfully" time="0.881">
    </testcase>
  </testsuite>
  <testsuite name="PivotTablesController test post_pivot_table_update_pivot_field test" tests="1" errors="0" failures="0" skipped="0" timestamp="2025-01-25T04:58:57" time="0.75">
    <testcase classname="PivotTablesController test post_pivot_table_update_pivot_field test" name="should call PostPivotTableUpdatePivotField successfully" time="0.748">
    </testcase>
  </testsuite>
  <testsuite name="PivotTablesController test post_worksheet_pivot_table_calculate test" tests="1" errors="0" failures="0" skipped="0" timestamp="2025-01-25T04:58:58" time="0.677">
    <testcase classname="PivotTablesController test post_worksheet_pivot_table_calculate test" name="should call PostWorksheetPivotTableCalculate successfully" time="0.674">
    </testcase>
  </testsuite>
  <testsuite name="PivotTablesController test post_worksheet_pivot_table_move test" tests="1" errors="0" failures="0" skipped="0" timestamp="2025-01-25T04:58:58" time="0.783">
    <testcase classname="PivotTablesController test post_worksheet_pivot_table_move test" name="should call PostWorksheetPivotTableMove successfully" time="0.773">
    </testcase>
  </testsuite>
  <testsuite name="PivotTablesController test delete_worksheet_pivot_tables test" tests="1" errors="0" failures="0" skipped="0" timestamp="2025-01-25T04:58:59" time="0.863">
    <testcase classname="PivotTablesController test delete_worksheet_pivot_tables test" name="should call DeleteWorksheetPivotTables successfully" time="0.861">
    </testcase>
  </testsuite>
  <testsuite name="PivotTablesController test delete_worksheet_pivot_table test" tests="1" errors="0" failures="1" skipped="0" timestamp="2025-01-25T04:59:00" time="0.435">
    <testcase classname="PivotTablesController test delete_worksheet_pivot_table test" name="should call DeleteWorksheetPivotTable successfully" time="0.432">
      <failure message="the object {
  &quot;code&quot;: 400
  &quot;message&quot;: [undefined]
} was thrown, throw an Error :)"></failure>
    </testcase>
  </testsuite>
  <testsuite name="PivotTablesController test delete_pivot_table_field test" tests="1" errors="0" failures="0" skipped="0" timestamp="2025-01-25T04:59:01" time="0.823">
    <testcase classname="PivotTablesController test delete_pivot_table_field test" name="should call DeletePivotTableField successfully" time="0.821">
    </testcase>
  </testsuite>
  <testsuite name="PivotTablesController test delete_worksheet_pivot_table_filters test" tests="1" errors="0" failures="0" skipped="0" timestamp="2025-01-25T04:59:01" time="0.819">
    <testcase classname="PivotTablesController test delete_worksheet_pivot_table_filters test" name="should call DeleteWorksheetPivotTableFilters successfully" time="0.817">
    </testcase>
  </testsuite>
  <testsuite name="PivotTablesController test delete_worksheet_pivot_table_filter test" tests="1" errors="0" failures="1" skipped="0" timestamp="2025-01-25T04:59:02" time="0.499">
    <testcase classname="PivotTablesController test delete_worksheet_pivot_table_filter test" name="should call DeleteWorksheetPivotTableFilter successfully" time="0.496">
      <failure message="the object {
  &quot;code&quot;: 400
  &quot;message&quot;: [undefined]
} was thrown, throw an Error :)"></failure>
    </testcase>
  </testsuite>
  <testsuite name="PropertiesController test get_document_properties test" tests="1" errors="0" failures="0" skipped="0" timestamp="2025-01-25T04:59:03" time="0.713">
    <testcase classname="PropertiesController test get_document_properties test" name="should call GetDocumentProperties successfully" time="0.711">
    </testcase>
  </testsuite>
  <testsuite name="PropertiesController test get_document_property test" tests="1" errors="0" failures="0" skipped="0" timestamp="2025-01-25T04:59:03" time="0.332">
    <testcase classname="PropertiesController test get_document_property test" name="should call GetDocumentProperty successfully" time="0.331">
    </testcase>
  </testsuite>
  <testsuite name="PropertiesController test put_document_property test" tests="1" errors="0" failures="0" skipped="0" timestamp="2025-01-25T04:59:04" time="0.953">
    <testcase classname="PropertiesController test put_document_property test" name="should call PutDocumentProperty successfully" time="0.951">
    </testcase>
  </testsuite>
  <testsuite name="PropertiesController test delete_document_property test" tests="1" errors="0" failures="0" skipped="0" timestamp="2025-01-25T04:59:05" time="0.877">
    <testcase classname="PropertiesController test delete_document_property test" name="should call DeleteDocumentProperty successfully" time="0.874">
    </testcase>
  </testsuite>
  <testsuite name="PropertiesController test delete_document_properties test" tests="1" errors="0" failures="0" skipped="0" timestamp="2025-01-25T04:59:06" time="0.935">
    <testcase classname="PropertiesController test delete_document_properties test" name="should call DeleteDocumentProperties successfully" time="0.932">
    </testcase>
  </testsuite>
  <testsuite name="RangesController test post_worksheet_cells_ranges_copy test" tests="1" errors="0" failures="0" skipped="0" timestamp="2025-01-25T04:59:07" time="1.175">
    <testcase classname="RangesController test post_worksheet_cells_ranges_copy test" name="should call PostWorksheetCellsRangesCopy successfully" time="1.172">
    </testcase>
  </testsuite>
  <testsuite name="RangesController test post_worksheet_cells_range_merge test" tests="1" errors="0" failures="0" skipped="0" timestamp="2025-01-25T04:59:08" time="0.755">
    <testcase classname="RangesController test post_worksheet_cells_range_merge test" name="should call PostWorksheetCellsRangeMerge successfully" time="0.752">
    </testcase>
  </testsuite>
  <testsuite name="RangesController test post_worksheet_cells_range_un_merge test" tests="1" errors="0" failures="0" skipped="0" timestamp="2025-01-25T04:59:08" time="0.946">
    <testcase classname="RangesController test post_worksheet_cells_range_un_merge test" name="should call PostWorksheetCellsRangeUnMerge successfully" time="0.943">
    </testcase>
  </testsuite>
  <testsuite name="RangesController test post_worksheet_cells_range_style test" tests="1" errors="0" failures="0" skipped="0" timestamp="2025-01-25T04:59:09" time="0.76">
    <testcase classname="RangesController test post_worksheet_cells_range_style test" name="should call PostWorksheetCellsRangeStyle successfully" time="0.757">
    </testcase>
  </testsuite>
  <testsuite name="RangesController test get_worksheet_cells_range_value test" tests="1" errors="0" failures="0" skipped="0" timestamp="2025-01-25T04:59:10" time="1.299">
    <testcase classname="RangesController test get_worksheet_cells_range_value test" name="should call GetWorksheetCellsRangeValue successfully" time="1.297">
    </testcase>
  </testsuite>
  <testsuite name="RangesController test post_worksheet_cells_range_value test" tests="1" errors="0" failures="0" skipped="0" timestamp="2025-01-25T04:59:11" time="0.74">
    <testcase classname="RangesController test post_worksheet_cells_range_value test" name="should call PostWorksheetCellsRangeValue successfully" time="0.738">
    </testcase>
  </testsuite>
  <testsuite name="RangesController test post_worksheet_cells_range_move_to test" tests="1" errors="0" failures="0" skipped="0" timestamp="2025-01-25T04:59:12" time="0.753">
    <testcase classname="RangesController test post_worksheet_cells_range_move_to test" name="should call PostWorksheetCellsRangeMoveTo successfully" time="0.751">
    </testcase>
  </testsuite>
  <testsuite name="RangesController test post_worksheet_cells_range_outline_border test" tests="1" errors="0" failures="0" skipped="0" timestamp="2025-01-25T04:59:13" time="0.739">
    <testcase classname="RangesController test post_worksheet_cells_range_outline_border test" name="should call PostWorksheetCellsRangeOutlineBorder successfully" time="0.735">
    </testcase>
  </testsuite>
  <testsuite name="RangesController test post_worksheet_cells_range_column_width test" tests="1" errors="0" failures="0" skipped="0" timestamp="2025-01-25T04:59:14" time="0.741">
    <testcase classname="RangesController test post_worksheet_cells_range_column_width test" name="should call PostWorksheetCellsRangeColumnWidth successfully" time="0.737">
    </testcase>
  </testsuite>
  <testsuite name="RangesController test post_worksheet_cells_range_row_height test" tests="1" errors="0" failures="0" skipped="0" timestamp="2025-01-25T04:59:14" time="0.775">
    <testcase classname="RangesController test post_worksheet_cells_range_row_height test" name="should call PostWorksheetCellsRangeRowHeight successfully" time="0.772">
    </testcase>
  </testsuite>
  <testsuite name="RangesController test put_worksheet_cells_range test" tests="1" errors="0" failures="0" skipped="0" timestamp="2025-01-25T04:59:15" time="0.723">
    <testcase classname="RangesController test put_worksheet_cells_range test" name="should call PutWorksheetCellsRange successfully" time="0.719">
    </testcase>
  </testsuite>
  <testsuite name="RangesController test delete_worksheet_cells_range test" tests="1" errors="0" failures="0" skipped="0" timestamp="2025-01-25T04:59:16" time="0.733">
    <testcase classname="RangesController test delete_worksheet_cells_range test" name="should call DeleteWorksheetCellsRange successfully" time="0.731">
    </testcase>
  </testsuite>
  <testsuite name="RangesController test post_worksheet_cells_range_sort test" tests="1" errors="0" failures="0" skipped="0" timestamp="2025-01-25T04:59:17" time="0.681">
    <testcase classname="RangesController test post_worksheet_cells_range_sort test" name="should call PostWorksheetCellsRangeSort successfully" time="0.677">
    </testcase>
  </testsuite>
  <testsuite name="ShapesController test get_worksheet_shapes test" tests="1" errors="0" failures="0" skipped="0" timestamp="2025-01-25T04:59:17" time="0.623">
    <testcase classname="ShapesController test get_worksheet_shapes test" name="should call GetWorksheetShapes successfully" time="0.621">
    </testcase>
  </testsuite>
  <testsuite name="ShapesController test get_worksheet_shape test" tests="1" errors="0" failures="0" skipped="0" timestamp="2025-01-25T04:59:18" time="0.337">
    <testcase classname="ShapesController test get_worksheet_shape test" name="should call GetWorksheetShape successfully" time="0.329">
    </testcase>
  </testsuite>
  <testsuite name="ShapesController test put_worksheet_shape test" tests="1" errors="0" failures="0" skipped="0" timestamp="2025-01-25T04:59:18" time="0.752">
    <testcase classname="ShapesController test put_worksheet_shape test" name="should call PutWorksheetShape successfully" time="0.75">
    </testcase>
  </testsuite>
  <testsuite name="ShapesController test delete_worksheet_shapes test" tests="1" errors="0" failures="0" skipped="0" timestamp="2025-01-25T04:59:19" time="1.453">
    <testcase classname="ShapesController test delete_worksheet_shapes test" name="should call DeleteWorksheetShapes successfully" time="1.449">
    </testcase>
  </testsuite>
  <testsuite name="ShapesController test delete_worksheet_shape test" tests="1" errors="0" failures="1" skipped="0" timestamp="2025-01-25T04:59:21" time="0.483">
    <testcase classname="ShapesController test delete_worksheet_shape test" name="should call DeleteWorksheetShape successfully" time="0.48">
      <failure message="the object {
  &quot;code&quot;: 400
  &quot;message&quot;: [undefined]
} was thrown, throw an Error :)"></failure>
    </testcase>
  </testsuite>
  <testsuite name="ShapesController test post_worksheet_shape test" tests="1" errors="0" failures="0" skipped="0" timestamp="2025-01-25T04:59:21" time="0.751">
    <testcase classname="ShapesController test post_worksheet_shape test" name="should call PostWorksheetShape successfully" time="0.75">
    </testcase>
  </testsuite>
  <testsuite name="ShapesController test post_worksheet_group_shape test" tests="1" errors="0" failures="0" skipped="0" timestamp="2025-01-25T04:59:22" time="1.107">
    <testcase classname="ShapesController test post_worksheet_group_shape test" name="should call PostWorksheetGroupShape successfully" time="1.105">
    </testcase>
  </testsuite>
  <testsuite name="ShapesController test post_worksheet_ungroup_shape test" tests="1" errors="0" failures="0" skipped="0" timestamp="2025-01-25T04:59:23" time="0.775">
    <testcase classname="ShapesController test post_worksheet_ungroup_shape test" name="should call PostWorksheetUngroupShape successfully" time="0.77">
    </testcase>
  </testsuite>
  <testsuite name="SparklineGroupsController test get_worksheet_sparkline_groups test" tests="1" errors="0" failures="0" skipped="0" timestamp="2025-01-25T04:59:24" time="0.925">
    <testcase classname="SparklineGroupsController test get_worksheet_sparkline_groups test" name="should call GetWorksheetSparklineGroups successfully" time="0.921">
    </testcase>
  </testsuite>
  <testsuite name="SparklineGroupsController test get_worksheet_sparkline_group test" tests="1" errors="0" failures="0" skipped="0" timestamp="2025-01-25T04:59:25" time="0.641">
    <testcase classname="SparklineGroupsController test get_worksheet_sparkline_group test" name="should call GetWorksheetSparklineGroup successfully" time="0.639">
    </testcase>
  </testsuite>
  <testsuite name="SparklineGroupsController test delete_worksheet_sparkline_groups test" tests="1" errors="0" failures="0" skipped="0" timestamp="2025-01-25T04:59:25" time="0.688">
    <testcase classname="SparklineGroupsController test delete_worksheet_sparkline_groups test" name="should call DeleteWorksheetSparklineGroups successfully" time="0.685">
    </testcase>
  </testsuite>
  <testsuite name="SparklineGroupsController test delete_worksheet_sparkline_group test" tests="1" errors="0" failures="1" skipped="0" timestamp="2025-01-25T04:59:26" time="0.474">
    <testcase classname="SparklineGroupsController test delete_worksheet_sparkline_group test" name="should call DeleteWorksheetSparklineGroup successfully" time="0.469">
      <failure message="the object {
  &quot;code&quot;: 400
  &quot;message&quot;: [undefined]
} was thrown, throw an Error :)"></failure>
    </testcase>
  </testsuite>
  <testsuite name="SparklineGroupsController test put_worksheet_sparkline_group test" tests="1" errors="0" failures="0" skipped="0" timestamp="2025-01-25T04:59:26" time="0.717">
    <testcase classname="SparklineGroupsController test put_worksheet_sparkline_group test" name="should call PutWorksheetSparklineGroup successfully" time="0.714">
    </testcase>
  </testsuite>
  <testsuite name="SparklineGroupsController test post_worksheet_sparkline_group test" tests="1" errors="0" failures="0" skipped="0" timestamp="2025-01-25T04:59:27" time="0.715">
    <testcase classname="SparklineGroupsController test post_worksheet_sparkline_group test" name="should call PostWorksheetSparklineGroup successfully" time="0.712">
    </testcase>
  </testsuite>
  <testsuite name="StorageController test storage_exists test" tests="1" errors="0" failures="0" skipped="0" timestamp="2025-01-25T04:59:28" time="1.202">
    <testcase classname="StorageController test storage_exists test" name="should call StorageExists successfully" time="1.199">
    </testcase>
  </testsuite>
  <testsuite name="StorageController test object_exists test" tests="1" errors="0" failures="0" skipped="0" timestamp="2025-01-25T04:59:29" time="0.369">
    <testcase classname="StorageController test object_exists test" name="should call ObjectExists successfully" time="0.368">
    </testcase>
  </testsuite>
  <testsuite name="StorageController test get_disc_usage test" tests="1" errors="0" failures="0" skipped="0" timestamp="2025-01-25T04:59:29" time="2.287">
    <testcase classname="StorageController test get_disc_usage test" name="should call GetDiscUsage successfully" time="2.284">
    </testcase>
  </testsuite>
  <testsuite name="StorageController test get_file_versions test" tests="1" errors="0" failures="0" skipped="0" timestamp="2025-01-25T04:59:32" time="0.562">
    <testcase classname="StorageController test get_file_versions test" name="should call GetFileVersions successfully" time="0.559">
    </testcase>
  </testsuite>
  <testsuite name="TextProcessingController test post_add_text_content test" tests="1" errors="0" failures="1" skipped="0" timestamp="2025-01-25T04:59:32" time="0.58">
    <testcase classname="TextProcessingController test post_add_text_content test" name="should call PostAddTextContent successfully" time="0.576">
      <failure message="the object {
  &quot;code&quot;: 404
  &quot;message&quot;: [undefined]
} was thrown, throw an Error :)"></failure>
    </testcase>
  </testsuite>
  <testsuite name="TextProcessingController test post_trim_content test" tests="1" errors="0" failures="1" skipped="0" timestamp="2025-01-25T04:59:33" time="0.302">
    <testcase classname="TextProcessingController test post_trim_content test" name="should call PostTrimContent successfully" time="0.299">
      <failure message="the object {
  &quot;code&quot;: 404
  &quot;message&quot;: [undefined]
} was thrown, throw an Error :)"></failure>
    </testcase>
  </testsuite>
  <testsuite name="TextProcessingController test post_update_word_case test" tests="1" errors="0" failures="1" skipped="0" timestamp="2025-01-25T04:59:33" time="0.318">
    <testcase classname="TextProcessingController test post_update_word_case test" name="should call PostUpdateWordCase successfully" time="0.315">
      <failure message="the object {
  &quot;code&quot;: 404
  &quot;message&quot;: [undefined]
} was thrown, throw an Error :)"></failure>
    </testcase>
  </testsuite>
  <testsuite name="WorkbookController test post_digital_signature test" tests="1" errors="0" failures="0" skipped="0" timestamp="2025-01-25T04:59:33" time="1.934">
    <testcase classname="WorkbookController test post_digital_signature test" name="should call PostDigitalSignature successfully" time="1.93">
    </testcase>
  </testsuite>
  <testsuite name="WorkbookController test post_encrypt_workbook test" tests="1" errors="0" failures="0" skipped="0" timestamp="2025-01-25T04:59:35" time="0.879">
    <testcase classname="WorkbookController test post_encrypt_workbook test" name="should call PostEncryptWorkbook successfully" time="0.877">
    </testcase>
  </testsuite>
  <testsuite name="WorkbookController test delete_decrypt_workbook test" tests="1" errors="0" failures="0" skipped="0" timestamp="2025-01-25T04:59:36" time="0.913">
    <testcase classname="WorkbookController test delete_decrypt_workbook test" name="should call DeleteDecryptWorkbook successfully" time="0.911">
    </testcase>
  </testsuite>
  <testsuite name="WorkbookController test post_protect_workbook test" tests="1" errors="0" failures="0" skipped="0" timestamp="2025-01-25T04:59:37" time="1.056">
    <testcase classname="WorkbookController test post_protect_workbook test" name="should call PostProtectWorkbook successfully" time="1.055">
    </testcase>
  </testsuite>
  <testsuite name="WorkbookController test delete_un_protect_workbook test" tests="1" errors="0" failures="1" skipped="0" timestamp="2025-01-25T04:59:38" time="0.557">
    <testcase classname="WorkbookController test delete_un_protect_workbook test" name="should call DeleteUnProtectWorkbook successfully" time="0.554">
      <failure message="the object {
  &quot;code&quot;: 400
  &quot;message&quot;: [undefined]
} was thrown, throw an Error :)"></failure>
    </testcase>
  </testsuite>
  <testsuite name="WorkbookController test get_workbook_default_style test" tests="1" errors="0" failures="0" skipped="0" timestamp="2025-01-25T04:59:39" time="0.626">
    <testcase classname="WorkbookController test get_workbook_default_style test" name="should call GetWorkbookDefaultStyle successfully" time="0.623">
    </testcase>
  </testsuite>
  <testsuite name="WorkbookController test get_workbook_text_items test" tests="1" errors="0" failures="0" skipped="0" timestamp="2025-01-25T04:59:39" time="0.84">
    <testcase classname="WorkbookController test get_workbook_text_items test" name="should call GetWorkbookTextItems successfully" time="0.834">
    </testcase>
  </testsuite>
  <testsuite name="WorkbookController test get_workbook_names test" tests="1" errors="0" failures="0" skipped="0" timestamp="2025-01-25T04:59:40" time="0.319">
    <testcase classname="WorkbookController test get_workbook_names test" name="should call GetWorkbookNames successfully" time="0.318">
    </testcase>
  </testsuite>
  <testsuite name="WorkbookController test put_workbook_name test" tests="1" errors="0" failures="0" skipped="0" timestamp="2025-01-25T04:59:41" time="0.768">
    <testcase classname="WorkbookController test put_workbook_name test" name="should call PutWorkbookName successfully" time="0.765">
    </testcase>
  </testsuite>
  <testsuite name="WorkbookController test get_workbook_name test" tests="1" errors="0" failures="0" skipped="0" timestamp="2025-01-25T04:59:41" time="0.387">
    <testcase classname="WorkbookController test get_workbook_name test" name="should call GetWorkbookName successfully" time="0.381">
    </testcase>
  </testsuite>
  <testsuite name="WorkbookController test post_workbook_name test" tests="1" errors="0" failures="0" skipped="0" timestamp="2025-01-25T04:59:42" time="1.016">
    <testcase classname="WorkbookController test post_workbook_name test" name="should call PostWorkbookName successfully" time="1.014">
    </testcase>
  </testsuite>
  <testsuite name="WorkbookController test get_workbook_name_value test" tests="1" errors="0" failures="1" skipped="0" timestamp="2025-01-25T04:59:43" time="0.405">
    <testcase classname="WorkbookController test get_workbook_name_value test" name="should call GetWorkbookNameValue successfully" time="0.403">
      <failure message="the object {
  &quot;code&quot;: 400
  &quot;message&quot;: [undefined]
} was thrown, throw an Error :)"></failure>
    </testcase>
  </testsuite>
  <testsuite name="WorkbookController test delete_workbook_names test" tests="1" errors="0" failures="0" skipped="0" timestamp="2025-01-25T04:59:43" time="0.785">
    <testcase classname="WorkbookController test delete_workbook_names test" name="should call DeleteWorkbookNames successfully" time="0.782">
    </testcase>
  </testsuite>
  <testsuite name="WorkbookController test delete_workbook_name test" tests="1" errors="0" failures="0" skipped="0" timestamp="2025-01-25T04:59:44" time="0.996">
    <testcase classname="WorkbookController test delete_workbook_name test" name="should call DeleteWorkbookName successfully" time="0.991">
    </testcase>
  </testsuite>
  <testsuite name="WorkbookController test put_document_protect_from_changes test" tests="1" errors="0" failures="0" skipped="0" timestamp="2025-01-25T04:59:45" time="0.993">
    <testcase classname="WorkbookController test put_document_protect_from_changes test" name="should call PutDocumentProtectFromChanges successfully" time="0.991">
    </testcase>
  </testsuite>
  <testsuite name="WorkbookController test delete_document_un_protect_from_changes test" tests="1" errors="0" failures="0" skipped="0" timestamp="2025-01-25T04:59:46" time="0.778">
[...]
    </testcase>
  </testsuite>
  <testsuite name="LightCells test post_export_jpg_oleobject test" tests="1" errors="0" failures="0" skipped="0" timestamp="2025-01-25T05:42:27" time="0.679">
    <testcase classname="LightCells test post_export_jpg_oleobject test" name="should call PostExport successfully" time="0.671">
    </testcase>
  </testsuite>
  <testsuite name="LightCells test post_export_gif_oleobject test" tests="1" errors="0" failures="0" skipped="0" timestamp="2025-01-25T05:42:28" time="0.494">
    <testcase classname="LightCells test post_export_gif_oleobject test" name="should call PostExport successfully" time="0.489">
    </testcase>
  </testsuite>
  <testsuite name="LightCells test post_export_emf_oleobject test" tests="1" errors="0" failures="0" skipped="0" timestamp="2025-01-25T05:42:28" time="1.016">
    <testcase classname="LightCells test post_export_emf_oleobject test" name="should call PostExport successfully" time="1.013">
    </testcase>
  </testsuite>
  <testsuite name="LightCells test post_export_bmp_oleobject test" tests="1" errors="0" failures="0" skipped="0" timestamp="2025-01-25T05:42:29" time="4.154">
    <testcase classname="LightCells test post_export_bmp_oleobject test" name="should call PostExport successfully" time="4.151">
    </testcase>
  </testsuite>
  <testsuite name="LightCells test post_compress_50 test" tests="1" errors="0" failures="0" skipped="0" timestamp="2025-01-25T05:42:33" time="0.441">
    <testcase classname="LightCells test post_compress_50 test" name="should call PostCompress successfully" time="0.438">
    </testcase>
  </testsuite>
  <testsuite name="LightCells test post_compress_90 test" tests="1" errors="0" failures="0" skipped="0" timestamp="2025-01-25T05:42:34" time="0.453">
    <testcase classname="LightCells test post_compress_90 test" name="should call PostCompress successfully" time="0.451">
    </testcase>
  </testsuite>
  <testsuite name="LightCells test post_merge_csv_true test" tests="1" errors="0" failures="0" skipped="0" timestamp="2025-01-25T05:42:34" time="0.437">
    <testcase classname="LightCells test post_merge_csv_true test" name="should call PostMerge successfully" time="0.434">
    </testcase>
  </testsuite>
  <testsuite name="LightCells test post_merge_xls_true test" tests="1" errors="0" failures="0" skipped="0" timestamp="2025-01-25T05:42:35" time="0.448">
    <testcase classname="LightCells test post_merge_xls_true test" name="should call PostMerge successfully" time="0.446">
    </testcase>
  </testsuite>
  <testsuite name="LightCells test post_merge_html_true test" tests="1" errors="0" failures="0" skipped="0" timestamp="2025-01-25T05:42:35" time="0.45">
    <testcase classname="LightCells test post_merge_html_true test" name="should call PostMerge successfully" time="0.447">
    </testcase>
  </testsuite>
  <testsuite name="LightCells test post_merge_mhtml_true test" tests="1" errors="0" failures="0" skipped="0" timestamp="2025-01-25T05:42:36" time="0.439">
    <testcase classname="LightCells test post_merge_mhtml_true test" name="should call PostMerge successfully" time="0.437">
    </testcase>
  </testsuite>
  <testsuite name="LightCells test post_merge_ods_true test" tests="1" errors="0" failures="0" skipped="0" timestamp="2025-01-25T05:42:36" time="0.44">
    <testcase classname="LightCells test post_merge_ods_true test" name="should call PostMerge successfully" time="0.437">
    </testcase>
  </testsuite>
  <testsuite name="LightCells test post_merge_pdf_true test" tests="1" errors="0" failures="0" skipped="0" timestamp="2025-01-25T05:42:37" time="0.437">
    <testcase classname="LightCells test post_merge_pdf_true test" name="should call PostMerge successfully" time="0.436">
    </testcase>
  </testsuite>
  <testsuite name="LightCells test post_merge_xml_true test" tests="1" errors="0" failures="0" skipped="0" timestamp="2025-01-25T05:42:37" time="0.445">
    <testcase classname="LightCells test post_merge_xml_true test" name="should call PostMerge successfully" time="0.442">
    </testcase>
  </testsuite>
  <testsuite name="LightCells test post_merge_txt_true test" tests="1" errors="0" failures="0" skipped="0" timestamp="2025-01-25T05:42:37" time="0.445">
    <testcase classname="LightCells test post_merge_txt_true test" name="should call PostMerge successfully" time="0.441">
    </testcase>
  </testsuite>
  <testsuite name="LightCells test post_merge_tif_true test" tests="1" errors="0" failures="0" skipped="0" timestamp="2025-01-25T05:42:38" time="0.466">
    <testcase classname="LightCells test post_merge_tif_true test" name="should call PostMerge successfully" time="0.463">
    </testcase>
  </testsuite>
  <testsuite name="LightCells test post_merge_xlsb_true test" tests="1" errors="0" failures="0" skipped="0" timestamp="2025-01-25T05:42:38" time="0.447">
    <testcase classname="LightCells test post_merge_xlsb_true test" name="should call PostMerge successfully" time="0.444">
    </testcase>
  </testsuite>
  <testsuite name="LightCells test post_merge_xlsm_true test" tests="1" errors="0" failures="0" skipped="0" timestamp="2025-01-25T05:42:39" time="1.374">
    <testcase classname="LightCells test post_merge_xlsm_true test" name="should call PostMerge successfully" time="1.371">
    </testcase>
  </testsuite>
  <testsuite name="LightCells test post_merge_xlsx_true test" tests="1" errors="0" failures="0" skipped="0" timestamp="2025-01-25T05:42:40" time="0.448">
    <testcase classname="LightCells test post_merge_xlsx_true test" name="should call PostMerge successfully" time="0.445">
    </testcase>
  </testsuite>
  <testsuite name="LightCells test post_merge_xltm_true test" tests="1" errors="0" failures="0" skipped="0" timestamp="2025-01-25T05:42:41" time="0.448">
    <testcase classname="LightCells test post_merge_xltm_true test" name="should call PostMerge successfully" time="0.447">
    </testcase>
  </testsuite>
  <testsuite name="LightCells test post_merge_xltx_true test" tests="1" errors="0" failures="0" skipped="0" timestamp="2025-01-25T05:42:41" time="0.453">
    <testcase classname="LightCells test post_merge_xltx_true test" name="should call PostMerge successfully" time="0.452">
    </testcase>
  </testsuite>
  <testsuite name="LightCells test post_merge_xps_true test" tests="1" errors="0" failures="0" skipped="0" timestamp="2025-01-25T05:42:42" time="0.662">
    <testcase classname="LightCells test post_merge_xps_true test" name="should call PostMerge successfully" time="0.659">
    </testcase>
  </testsuite>
  <testsuite name="LightCells test post_merge_png_true test" tests="1" errors="0" failures="0" skipped="0" timestamp="2025-01-25T05:42:42" time="0.454">
    <testcase classname="LightCells test post_merge_png_true test" name="should call PostMerge successfully" time="0.451">
    </testcase>
  </testsuite>
  <testsuite name="LightCells test post_merge_jpg_true test" tests="1" errors="0" failures="0" skipped="0" timestamp="2025-01-25T05:42:43" time="0.451">
    <testcase classname="LightCells test post_merge_jpg_true test" name="should call PostMerge successfully" time="0.449">
    </testcase>
  </testsuite>
  <testsuite name="LightCells test post_merge_gif_true test" tests="1" errors="0" failures="0" skipped="0" timestamp="2025-01-25T05:42:43" time="0.462">
    <testcase classname="LightCells test post_merge_gif_true test" name="should call PostMerge successfully" time="0.461">
    </testcase>
  </testsuite>
  <testsuite name="LightCells test post_merge_emf_true test" tests="1" errors="0" failures="0" skipped="0" timestamp="2025-01-25T05:42:44" time="2.319">
    <testcase classname="LightCells test post_merge_emf_true test" name="should call PostMerge successfully" time="2.316">
    </testcase>
  </testsuite>
  <testsuite name="LightCells test post_merge_bmp_true test" tests="1" errors="0" failures="0" skipped="0" timestamp="2025-01-25T05:42:46" time="4.76">
    <testcase classname="LightCells test post_merge_bmp_true test" name="should call PostMerge successfully" time="4.752">
    </testcase>
  </testsuite>
  <testsuite name="LightCells test post_merge_md_true test" tests="1" errors="0" failures="0" skipped="0" timestamp="2025-01-25T05:42:51" time="0.436">
    <testcase classname="LightCells test post_merge_md_true test" name="should call PostMerge successfully" time="0.435">
    </testcase>
  </testsuite>
  <testsuite name="LightCells test post_merge_numbers_true test" tests="1" errors="0" failures="0" skipped="0" timestamp="2025-01-25T05:42:51" time="0.441">
    <testcase classname="LightCells test post_merge_numbers_true test" name="should call PostMerge successfully" time="0.439">
    </testcase>
  </testsuite>
  <testsuite name="LightCells test post_merge_wmf_true test" tests="1" errors="0" failures="0" skipped="0" timestamp="2025-01-25T05:42:52" time="0.895">
    <testcase classname="LightCells test post_merge_wmf_true test" name="should call PostMerge successfully" time="0.893">
    </testcase>
  </testsuite>
  <testsuite name="LightCells test post_merge_svg_true test" tests="1" errors="0" failures="0" skipped="0" timestamp="2025-01-25T05:42:52" time="0.451">
    <testcase classname="LightCells test post_merge_svg_true test" name="should call PostMerge successfully" time="0.446">
    </testcase>
  </testsuite>
  <testsuite name="LightCells test post_merge_docx_false test" tests="1" errors="0" failures="0" skipped="0" timestamp="2025-01-25T05:42:53" time="0.46">
    <testcase classname="LightCells test post_merge_docx_false test" name="should call PostMerge successfully" time="0.456">
    </testcase>
  </testsuite>
  <testsuite name="LightCells test post_merge_pptx_false test" tests="1" errors="0" failures="0" skipped="0" timestamp="2025-01-25T05:42:53" time="0.475">
    <testcase classname="LightCells test post_merge_pptx_false test" name="should call PostMerge successfully" time="0.472">
    </testcase>
  </testsuite>
  <testsuite name="LightCells test post_merge_json_false test" tests="1" errors="0" failures="0" skipped="0" timestamp="2025-01-25T05:42:54" time="0.523">
    <testcase classname="LightCells test post_merge_json_false test" name="should call PostMerge successfully" time="0.522">
    </testcase>
  </testsuite>
  <testsuite name="LightCells test post_merge_sql_false test" tests="1" errors="0" failures="0" skipped="0" timestamp="2025-01-25T05:42:54" time="0.453">
    <testcase classname="LightCells test post_merge_sql_false test" name="should call PostMerge successfully" time="0.451">
    </testcase>
  </testsuite>
  <testsuite name="LightCells test post_unlock test" tests="1" errors="0" failures="0" skipped="0" timestamp="2025-01-25T05:42:55" time="1.543">
    <testcase classname="LightCells test post_unlock test" name="should call PostUnlock successfully" time="1.542">
    </testcase>
  </testsuite>
  <testsuite name="LightCells test post_protect test" tests="1" errors="0" failures="0" skipped="0" timestamp="2025-01-25T05:42:56" time="0.715">
    <testcase classname="LightCells test post_protect test" name="should call PostProtect successfully" time="0.714">
    </testcase>
  </testsuite>
  <testsuite name="LightCells test post_protect__protect_workbook_request test" tests="1" errors="0" failures="0" skipped="0" timestamp="2025-01-25T05:42:57" time="0.44">
    <testcase classname="LightCells test post_protect__protect_workbook_request test" name="should call PostProtect successfully" time="0.438">
    </testcase>
  </testsuite>
  <testsuite name="LightCells test post_search test" tests="1" errors="0" failures="0" skipped="0" timestamp="2025-01-25T05:42:58" time="0.45">
    <testcase classname="LightCells test post_search test" name="should call PostSearch successfully" time="0.447">
    </testcase>
  </testsuite>
  <testsuite name="LightCells test post_replace test" tests="1" errors="0" failures="0" skipped="0" timestamp="2025-01-25T05:42:58" time="0.449">
    <testcase classname="LightCells test post_replace test" name="should call PostReplace successfully" time="0.447">
    </testcase>
  </testsuite>
  <testsuite name="LightCells test post_replace_only_sheetname test" tests="1" errors="0" failures="0" skipped="0" timestamp="2025-01-25T05:42:58" time="0.455">
    <testcase classname="LightCells test post_replace_only_sheetname test" name="should call PostReplace successfully" time="0.453">
    </testcase>
  </testsuite>
  <testsuite name="LightCells test post_watermark test" tests="1" errors="0" failures="0" skipped="0" timestamp="2025-01-25T05:42:59" time="0.444">
    <testcase classname="LightCells test post_watermark test" name="should call PostWatermark successfully" time="0.441">
    </testcase>
  </testsuite>
  <testsuite name="LightCells test post_clear_objects_chart test" tests="1" errors="0" failures="0" skipped="0" timestamp="2025-01-25T05:42:59" time="0.701">
    <testcase classname="LightCells test post_clear_objects_chart test" name="should call PostClearObjects successfully" time="0.699">
    </testcase>
  </testsuite>
  <testsuite name="LightCells test post_clear_objects_comment test" tests="1" errors="0" failures="0" skipped="0" timestamp="2025-01-25T05:43:00" time="1.027">
    <testcase classname="LightCells test post_clear_objects_comment test" name="should call PostClearObjects successfully" time="1.025">
    </testcase>
  </testsuite>
  <testsuite name="LightCells test post_clear_objects_picture test" tests="1" errors="0" failures="0" skipped="0" timestamp="2025-01-25T05:43:01" time="0.724">
    <testcase classname="LightCells test post_clear_objects_picture test" name="should call PostClearObjects successfully" time="0.721">
    </testcase>
  </testsuite>
  <testsuite name="LightCells test post_clear_objects_shape test" tests="1" errors="0" failures="0" skipped="0" timestamp="2025-01-25T05:43:02" time="0.491">
    <testcase classname="LightCells test post_clear_objects_shape test" name="should call PostClearObjects successfully" time="0.488">
    </testcase>
  </testsuite>
  <testsuite name="LightCells test post_clear_objects_listobject test" tests="1" errors="0" failures="0" skipped="0" timestamp="2025-01-25T05:43:02" time="0.722">
    <testcase classname="LightCells test post_clear_objects_listobject test" name="should call PostClearObjects successfully" time="0.717">
    </testcase>
  </testsuite>
  <testsuite name="LightCells test post_clear_objects_hyperlink test" tests="1" errors="0" failures="0" skipped="0" timestamp="2025-01-25T05:43:03" time="0.845">
    <testcase classname="LightCells test post_clear_objects_hyperlink test" name="should call PostClearObjects successfully" time="0.842">
    </testcase>
  </testsuite>
  <testsuite name="LightCells test post_clear_objects_oleobject test" tests="1" errors="0" failures="0" skipped="0" timestamp="2025-01-25T05:43:04" time="0.523">
    <testcase classname="LightCells test post_clear_objects_oleobject test" name="should call PostClearObjects successfully" time="0.521">
    </testcase>
  </testsuite>
  <testsuite name="LightCells test post_clear_objects_pivottable test" tests="1" errors="0" failures="0" skipped="0" timestamp="2025-01-25T05:43:04" time="0.728">
    <testcase classname="LightCells test post_clear_objects_pivottable test" name="should call PostClearObjects successfully" time="0.725">
    </testcase>
  </testsuite>
  <testsuite name="LightCells test post_clear_objects_validation test" tests="1" errors="0" failures="0" skipped="0" timestamp="2025-01-25T05:43:05" time="0.727">
    <testcase classname="LightCells test post_clear_objects_validation test" name="should call PostClearObjects successfully" time="0.723">
    </testcase>
  </testsuite>
  <testsuite name="LightCells test post_clear_objects__background test" tests="1" errors="0" failures="0" skipped="0" timestamp="2025-01-25T05:43:06" time="0.724">
    <testcase classname="LightCells test post_clear_objects__background test" name="should call PostClearObjects successfully" time="0.721">
    </testcase>
  </testsuite>
  <testsuite name="LightCells test post_repair_xlsx test" tests="1" errors="0" failures="0" skipped="0" timestamp="2025-01-25T05:43:07" time="0.732">
    <testcase classname="LightCells test post_repair_xlsx test" name="should call PostRepair successfully" time="0.729">
    </testcase>
  </testsuite>
  <testsuite name="LightCells test post_repair_pdf test" tests="1" errors="0" failures="0" skipped="0" timestamp="2025-01-25T05:43:07" time="0.667">
    <testcase classname="LightCells test post_repair_pdf test" name="should call PostRepair successfully" time="0.664">
    </testcase>
  </testsuite>
  <testsuite name="LightCells test post_repair_csv test" tests="1" errors="0" failures="0" skipped="0" timestamp="2025-01-25T05:43:08" time="0.483">
    <testcase classname="LightCells test post_repair_csv test" name="should call PostRepair successfully" time="0.479">
    </testcase>
  </testsuite>
  <testsuite name="LightCells test post_repair_png test" tests="1" errors="0" failures="0" skipped="0" timestamp="2025-01-25T05:43:08" time="1.201">
    <testcase classname="LightCells test post_repair_png test" name="should call PostRepair successfully" time="1.199">
    </testcase>
  </testsuite>
  <testsuite name="LightCells test post_reverse_rows_pdf test" tests="1" errors="0" failures="0" skipped="0" timestamp="2025-01-25T05:43:10" time="0.672">
    <testcase classname="LightCells test post_reverse_rows_pdf test" name="should call PostReverse successfully" time="0.669">
    </testcase>
  </testsuite>
  <testsuite name="LightCells test post_reverse_cols_pdf test" tests="1" errors="0" failures="0" skipped="0" timestamp="2025-01-25T05:43:10" time="0.66">
    <testcase classname="LightCells test post_reverse_cols_pdf test" name="should call PostReverse successfully" time="0.658">
    </testcase>
  </testsuite>
  <testsuite name="LightCells test post_reverse_both_pdf test" tests="1" errors="0" failures="0" skipped="0" timestamp="2025-01-25T05:43:11" time="0.591">
    <testcase classname="LightCells test post_reverse_both_pdf test" name="should call PostReverse successfully" time="0.588">
    </testcase>
  </testsuite>
  <testsuite name="LightCells test post_reverse_rows_csv test" tests="1" errors="0" failures="0" skipped="0" timestamp="2025-01-25T05:43:12" time="0.486">
    <testcase classname="LightCells test post_reverse_rows_csv test" name="should call PostReverse successfully" time="0.484">
    </testcase>
  </testsuite>
  <testsuite name="LightCells test post_reverse_cols_png test" tests="1" errors="0" failures="0" skipped="0" timestamp="2025-01-25T05:43:12" time="1.336">
    <testcase classname="LightCells test post_reverse_cols_png test" name="should call PostReverse successfully" time="1.327">
    </testcase>
  </testsuite>
  <testsuite name="LightCells test post_reverse_both_xlsx test" tests="1" errors="0" failures="0" skipped="0" timestamp="2025-01-25T05:43:13" time="0.498">
    <testcase classname="LightCells test post_reverse_both_xlsx test" name="should call PostReverse successfully" time="0.497">
    </testcase>
  </testsuite>
  <testsuite name="LightCells test get_metadata test" tests="1" errors="0" failures="0" skipped="0" timestamp="2025-01-25T05:43:14" time="0.458">
    <testcase classname="LightCells test get_metadata test" name="should call GetMetadata successfully" time="0.455">
    </testcase>
  </testsuite>
  <testsuite name="LightCells test delete_metadata test" tests="1" errors="0" failures="0" skipped="0" timestamp="2025-01-25T05:43:14" time="0.518">
    <testcase classname="LightCells test delete_metadata test" name="should call DeleteMetadata successfully" time="0.515">
    </testcase>
  </testsuite>
  <testsuite name="LightCells test post_metadata test" tests="1" errors="0" failures="0" skipped="0" timestamp="2025-01-25T05:43:15" time="0.47">
    <testcase classname="LightCells test post_metadata test" name="should call PostMetadata successfully" time="0.466">
    </testcase>
  </testsuite>
</testsuites>