<testsuites name="Mocha Tests">
  <testsuite name="AutoFilterController test get_worksheet_auto_filter test" tests="1" errors="0" failures="0" skipped="0" timestamp="2025-03-18T03:14:58" time="1.783">
    <testcase classname="AutoFilterController test get_worksheet_auto_filter test" name="should call GetWorksheetAutoFilter successfully" time="1.779">
    </testcase>
  </testsuite>
  <testsuite name="AutoFilterController test put_worksheet_date_filter test" tests="1" errors="0" failures="0" skipped="0" timestamp="2025-03-18T03:15:00" time="1.232">
    <testcase classname="AutoFilterController test put_worksheet_date_filter test" name="should call PutWorksheetDateFilter successfully" time="1.229">
    </testcase>
  </testsuite>
  <testsuite name="AutoFilterController test put_worksheet_filter test" tests="1" errors="0" failures="0" skipped="0" timestamp="2025-03-18T03:15:01" time="0.782">
    <testcase classname="AutoFilterController test put_worksheet_filter test" name="should call PutWorksheetFilter successfully" time="0.78">
    </testcase>
  </testsuite>
  <testsuite name="AutoFilterController test put_worksheet_icon_filter test" tests="1" errors="0" failures="0" skipped="0" timestamp="2025-03-18T03:15:02" time="0.976">
    <testcase classname="AutoFilterController test put_worksheet_icon_filter test" name="should call PutWorksheetIconFilter successfully" time="0.974">
    </testcase>
  </testsuite>
  <testsuite name="AutoFilterController test put_worksheet_custom_filter test" tests="1" errors="0" failures="0" skipped="0" timestamp="2025-03-18T03:15:03" time="1.177">
    <testcase classname="AutoFilterController test put_worksheet_custom_filter test" name="should call PutWorksheetCustomFilter successfully" time="1.174">
    </testcase>
  </testsuite>
  <testsuite name="AutoFilterController test put_worksheet_dynamic_filter test" tests="1" errors="0" failures="0" skipped="0" timestamp="2025-03-18T03:15:04" time="0.859">
    <testcase classname="AutoFilterController test put_worksheet_dynamic_filter test" name="should call PutWorksheetDynamicFilter successfully" time="0.856">
    </testcase>
  </testsuite>
  <testsuite name="AutoFilterController test put_worksheet_filter_top10 test" tests="1" errors="0" failures="0" skipped="0" timestamp="2025-03-18T03:15:05" time="0.702">
    <testcase classname="AutoFilterController test put_worksheet_filter_top10 test" name="should call PutWorksheetFilterTop10 successfully" time="0.699">
    </testcase>
  </testsuite>
  <testsuite name="AutoFilterController test put_worksheet_color_filter test" tests="1" errors="0" failures="0" skipped="0" timestamp="2025-03-18T03:15:06" time="0.984">
    <testcase classname="AutoFilterController test put_worksheet_color_filter test" name="should call PutWorksheetColorFilter successfully" time="0.982">
    </testcase>
  </testsuite>
  <testsuite name="AutoFilterController test post_worksheet_match_blanks test" tests="1" errors="0" failures="0" skipped="0" timestamp="2025-03-18T03:15:07" time="1.201">
    <testcase classname="AutoFilterController test post_worksheet_match_blanks test" name="should call PostWorksheetMatchBlanks successfully" time="1.198">
    </testcase>
  </testsuite>
  <testsuite name="AutoFilterController test post_worksheet_match_non_blanks test" tests="1" errors="0" failures="0" skipped="0" timestamp="2025-03-18T03:15:08" time="1.056">
    <testcase classname="AutoFilterController test post_worksheet_match_non_blanks test" name="should call PostWorksheetMatchNonBlanks successfully" time="1.053">
    </testcase>
  </testsuite>
  <testsuite name="AutoFilterController test post_worksheet_auto_filter_refresh test" tests="1" errors="0" failures="0" skipped="0" timestamp="2025-03-18T03:15:09" time="1.008">
    <testcase classname="AutoFilterController test post_worksheet_auto_filter_refresh test" name="should call PostWorksheetAutoFilterRefresh successfully" time="1.005">
    </testcase>
  </testsuite>
  <testsuite name="AutoFilterController test delete_worksheet_date_filter test" tests="1" errors="0" failures="0" skipped="0" timestamp="2025-03-18T03:15:10" time="0.945">
    <testcase classname="AutoFilterController test delete_worksheet_date_filter test" name="should call DeleteWorksheetDateFilter successfully" time="0.943">
    </testcase>
  </testsuite>
  <testsuite name="AutoFilterController test delete_worksheet_filter test" tests="1" errors="0" failures="0" skipped="0" timestamp="2025-03-18T03:15:11" time="0.698">
    <testcase classname="AutoFilterController test delete_worksheet_filter test" name="should call DeleteWorksheetFilter successfully" time="0.695">
    </testcase>
  </testsuite>
  <testsuite name="BatchController test post_batch_convert test" tests="1" errors="0" failures="0" skipped="0" timestamp="2025-03-18T03:15:12" time="2.426">
    <testcase classname="BatchController test post_batch_convert test" name="should call PostBatchConvert successfully" time="2.423">
    </testcase>
  </testsuite>
  <testsuite name="BatchController test post_batch_protect test" tests="1" errors="0" failures="0" skipped="0" timestamp="2025-03-18T03:15:14" time="1.496">
    <testcase classname="BatchController test post_batch_protect test" name="should call PostBatchProtect successfully" time="1.493">
    </testcase>
  </testsuite>
  <testsuite name="BatchController test post_batch_lock test" tests="1" errors="0" failures="0" skipped="0" timestamp="2025-03-18T03:15:15" time="1.435">
    <testcase classname="BatchController test post_batch_lock test" name="should call PostBatchLock successfully" time="1.432">
    </testcase>
  </testsuite>
  <testsuite name="BatchController test post_batch_unlock test" tests="1" errors="0" failures="0" skipped="0" timestamp="2025-03-18T03:15:17" time="1.189">
    <testcase classname="BatchController test post_batch_unlock test" name="should call PostBatchUnlock successfully" time="1.187">
    </testcase>
  </testsuite>
  <testsuite name="CellsController test post_clear_contents test" tests="1" errors="0" failures="0" skipped="0" timestamp="2025-03-18T03:15:18" time="1.08">
    <testcase classname="CellsController test post_clear_contents test" name="should call PostClearContents successfully" time="1.077">
    </testcase>
  </testsuite>
  <testsuite name="CellsController test post_clear_formats test" tests="1" errors="0" failures="0" skipped="0" timestamp="2025-03-18T03:15:19" time="0.759">
    <testcase classname="CellsController test post_clear_formats test" name="should call PostClearFormats successfully" time="0.757">
    </testcase>
  </testsuite>
  <testsuite name="CellsController test post_update_worksheet_range_style test" tests="1" errors="0" failures="0" skipped="0" timestamp="2025-03-18T03:15:20" time="0.728">
    <testcase classname="CellsController test post_update_worksheet_range_style test" name="should call PostUpdateWorksheetRangeStyle successfully" time="0.726">
    </testcase>
  </testsuite>
  <testsuite name="CellsController test post_worksheet_merge test" tests="1" errors="0" failures="0" skipped="0" timestamp="2025-03-18T03:15:21" time="0.812">
    <testcase classname="CellsController test post_worksheet_merge test" name="should call PostWorksheetMerge successfully" time="0.809">
    </testcase>
  </testsuite>
  <testsuite name="CellsController test post_worksheet_unmerge test" tests="1" errors="0" failures="0" skipped="0" timestamp="2025-03-18T03:15:22" time="0.694">
    <testcase classname="CellsController test post_worksheet_unmerge test" name="should call PostWorksheetUnmerge successfully" time="0.692">
    </testcase>
  </testsuite>
  <testsuite name="CellsController test get_worksheet_cells test" tests="1" errors="0" failures="0" skipped="0" timestamp="2025-03-18T03:15:22" time="0.345">
    <testcase classname="CellsController test get_worksheet_cells test" name="should call GetWorksheetCells successfully" time="0.343">
    </testcase>
  </testsuite>
  <testsuite name="CellsController test get_worksheet_cell test" tests="1" errors="0" failures="0" skipped="0" timestamp="2025-03-18T03:15:23" time="0.539">
    <testcase classname="CellsController test get_worksheet_cell test" name="should call GetWorksheetCell successfully" time="0.536">
    </testcase>
  </testsuite>
  <testsuite name="CellsController test get_worksheet_cell_style test" tests="1" errors="0" failures="0" skipped="0" timestamp="2025-03-18T03:15:23" time="0.43">
    <testcase classname="CellsController test get_worksheet_cell_style test" name="should call GetWorksheetCellStyle successfully" time="0.427">
    </testcase>
  </testsuite>
  <testsuite name="CellsController test post_worksheet_cell_set_value test" tests="1" errors="0" failures="0" skipped="0" timestamp="2025-03-18T03:15:24" time="3.884">
    <testcase classname="CellsController test post_worksheet_cell_set_value test" name="should call PostWorksheetCellSetValue successfully" time="3.882">
    </testcase>
  </testsuite>
  <testsuite name="CellsController test post_update_worksheet_cell_style test" tests="1" errors="0" failures="0" skipped="0" timestamp="2025-03-18T03:15:27" time="0.885">
    <testcase classname="CellsController test post_update_worksheet_cell_style test" name="should call PostUpdateWorksheetCellStyle successfully" time="0.882">
    </testcase>
  </testsuite>
  <testsuite name="CellsController test post_set_cell_range_value test" tests="1" errors="0" failures="0" skipped="0" timestamp="2025-03-18T03:15:28" time="0.762">
    <testcase classname="CellsController test post_set_cell_range_value test" name="should call PostSetCellRangeValue successfully" time="0.758">
    </testcase>
  </testsuite>
  <testsuite name="CellsController test post_copy_cell_into_cell test" tests="1" errors="0" failures="0" skipped="0" timestamp="2025-03-18T03:15:29" time="1.017">
    <testcase classname="CellsController test post_copy_cell_into_cell test" name="should call PostCopyCellIntoCell successfully" time="1.016">
    </testcase>
  </testsuite>
  <testsuite name="CellsController test get_cell_html_string test" tests="1" errors="0" failures="0" skipped="0" timestamp="2025-03-18T03:15:30" time="0.315">
    <testcase classname="CellsController test get_cell_html_string test" name="should call GetCellHtmlString successfully" time="0.312">
    </testcase>
  </testsuite>
  <testsuite name="CellsController test post_set_cell_html_string test" tests="1" errors="0" failures="0" skipped="0" timestamp="2025-03-18T03:15:30" time="0.709">
    <testcase classname="CellsController test post_set_cell_html_string test" name="should call PostSetCellHtmlString successfully" time="0.707">
    </testcase>
  </testsuite>
  <testsuite name="CellsController test post_cell_calculate test" tests="1" errors="0" failures="0" skipped="0" timestamp="2025-03-18T03:15:31" time="1.326">
    <testcase classname="CellsController test post_cell_calculate test" name="should call PostCellCalculate successfully" time="1.324">
    </testcase>
  </testsuite>
  <testsuite name="CellsController test post_cell_characters test" tests="1" errors="0" failures="0" skipped="0" timestamp="2025-03-18T03:15:32" time="1.004">
    <testcase classname="CellsController test post_cell_characters test" name="should call PostCellCharacters successfully" time="1.001">
    </testcase>
  </testsuite>
  <testsuite name="CellsController test get_worksheet_columns test" tests="1" errors="0" failures="0" skipped="0" timestamp="2025-03-18T03:15:33" time="0.481">
    <testcase classname="CellsController test get_worksheet_columns test" name="should call GetWorksheetColumns successfully" time="0.478">
    </testcase>
  </testsuite>
  <testsuite name="CellsController test post_set_worksheet_column_width test" tests="1" errors="0" failures="0" skipped="0" timestamp="2025-03-18T03:15:34" time="0.92">
    <testcase classname="CellsController test post_set_worksheet_column_width test" name="should call PostSetWorksheetColumnWidth successfully" time="0.918">
    </testcase>
  </testsuite>
  <testsuite name="CellsController test get_worksheet_column test" tests="1" errors="0" failures="0" skipped="0" timestamp="2025-03-18T03:15:35" time="0.332">
    <testcase classname="CellsController test get_worksheet_column test" name="should call GetWorksheetColumn successfully" time="0.33">
    </testcase>
  </testsuite>
  <testsuite name="CellsController test put_insert_worksheet_columns test" tests="1" errors="0" failures="0" skipped="0" timestamp="2025-03-18T03:15:35" time="0.736">
    <testcase classname="CellsController test put_insert_worksheet_columns test" name="should call PutInsertWorksheetColumns successfully" time="0.731">
    </testcase>
  </testsuite>
  <testsuite name="CellsController test delete_worksheet_columns test" tests="1" errors="0" failures="0" skipped="0" timestamp="2025-03-18T03:15:36" time="0.806">
    <testcase classname="CellsController test delete_worksheet_columns test" name="should call DeleteWorksheetColumns successfully" time="0.804">
    </testcase>
  </testsuite>
  <testsuite name="CellsController test post_hide_worksheet_columns test" tests="1" errors="0" failures="0" skipped="0" timestamp="2025-03-18T03:15:37" time="0.901">
    <testcase classname="CellsController test post_hide_worksheet_columns test" name="should call PostHideWorksheetColumns successfully" time="0.899">
    </testcase>
  </testsuite>
  <testsuite name="CellsController test post_unhide_worksheet_columns test" tests="1" errors="0" failures="0" skipped="0" timestamp="2025-03-18T03:15:38" time="0.721">
    <testcase classname="CellsController test post_unhide_worksheet_columns test" name="should call PostUnhideWorksheetColumns successfully" time="0.72">
    </testcase>
  </testsuite>
  <testsuite name="CellsController test post_group_worksheet_columns test" tests="1" errors="0" failures="0" skipped="0" timestamp="2025-03-18T03:15:38" time="0.801">
    <testcase classname="CellsController test post_group_worksheet_columns test" name="should call PostGroupWorksheetColumns successfully" time="0.799">
    </testcase>
  </testsuite>
  <testsuite name="CellsController test post_ungroup_worksheet_columns test" tests="1" errors="0" failures="0" skipped="0" timestamp="2025-03-18T03:15:39" time="0.745">
    <testcase classname="CellsController test post_ungroup_worksheet_columns test" name="should call PostUngroupWorksheetColumns successfully" time="0.74">
    </testcase>
  </testsuite>
  <testsuite name="CellsController test post_copy_worksheet_columns test" tests="1" errors="0" failures="0" skipped="0" timestamp="2025-03-18T03:15:40" time="0.799">
    <testcase classname="CellsController test post_copy_worksheet_columns test" name="should call PostCopyWorksheetColumns successfully" time="0.798">
    </testcase>
  </testsuite>
  <testsuite name="CellsController test post_column_style test" tests="1" errors="0" failures="0" skipped="0" timestamp="2025-03-18T03:15:41" time="1.074">
    <testcase classname="CellsController test post_column_style test" name="should call PostColumnStyle successfully" time="1.071">
    </testcase>
  </testsuite>
  <testsuite name="CellsController test get_worksheet_rows test" tests="1" errors="0" failures="0" skipped="0" timestamp="2025-03-18T03:15:42" time="0.596">
    <testcase classname="CellsController test get_worksheet_rows test" name="should call GetWorksheetRows successfully" time="0.593">
    </testcase>
  </testsuite>
  <testsuite name="CellsController test get_worksheet_row test" tests="1" errors="0" failures="0" skipped="0" timestamp="2025-03-18T03:15:42" time="0.349">
    <testcase classname="CellsController test get_worksheet_row test" name="should call GetWorksheetRow successfully" time="0.346">
    </testcase>
  </testsuite>
  <testsuite name="CellsController test delete_worksheet_row test" tests="1" errors="0" failures="0" skipped="0" timestamp="2025-03-18T03:15:43" time="0.781">
    <testcase classname="CellsController test delete_worksheet_row test" name="should call DeleteWorksheetRow successfully" time="0.778">
    </testcase>
  </testsuite>
  <testsuite name="CellsController test delete_worksheet_rows test" tests="1" errors="0" failures="0" skipped="0" timestamp="2025-03-18T03:15:44" time="0.8">
    <testcase classname="CellsController test delete_worksheet_rows test" name="should call DeleteWorksheetRows successfully" time="0.798">
    </testcase>
  </testsuite>
  <testsuite name="CellsController test put_insert_worksheet_rows test" tests="1" errors="0" failures="0" skipped="0" timestamp="2025-03-18T03:15:44" time="0.754">
    <testcase classname="CellsController test put_insert_worksheet_rows test" name="should call PutInsertWorksheetRows successfully" time="0.752">
    </testcase>
  </testsuite>
  <testsuite name="CellsController test put_insert_worksheet_row test" tests="1" errors="0" failures="0" skipped="0" timestamp="2025-03-18T03:15:45" time="0.735">
    <testcase classname="CellsController test put_insert_worksheet_row test" name="should call PutInsertWorksheetRow successfully" time="0.734">
    </testcase>
  </testsuite>
  <testsuite name="CellsController test post_update_worksheet_row test" tests="1" errors="0" failures="0" skipped="0" timestamp="2025-03-18T03:15:46" time="0.823">
    <testcase classname="CellsController test post_update_worksheet_row test" name="should call PostUpdateWorksheetRow successfully" time="0.821">
    </testcase>
  </testsuite>
  <testsuite name="CellsController test post_hide_worksheet_rows test" tests="1" errors="0" failures="0" skipped="0" timestamp="2025-03-18T03:15:47" time="1.046">
    <testcase classname="CellsController test post_hide_worksheet_rows test" name="should call PostHideWorksheetRows successfully" time="1.044">
    </testcase>
  </testsuite>
  <testsuite name="CellsController test post_unhide_worksheet_rows test" tests="1" errors="0" failures="0" skipped="0" timestamp="2025-03-18T03:15:48" time="0.771">
    <testcase classname="CellsController test post_unhide_worksheet_rows test" name="should call PostUnhideWorksheetRows successfully" time="0.769">
    </testcase>
  </testsuite>
  <testsuite name="CellsController test post_group_worksheet_rows test" tests="1" errors="0" failures="0" skipped="0" timestamp="2025-03-18T03:15:48" time="1.537">
    <testcase classname="CellsController test post_group_worksheet_rows test" name="should call PostGroupWorksheetRows successfully" time="1.532">
    </testcase>
  </testsuite>
  <testsuite name="CellsController test post_ungroup_worksheet_rows test" tests="1" errors="0" failures="0" skipped="0" timestamp="2025-03-18T03:15:50" time="0.771">
    <testcase classname="CellsController test post_ungroup_worksheet_rows test" name="should call PostUngroupWorksheetRows successfully" time="0.769">
    </testcase>
  </testsuite>
  <testsuite name="CellsController test post_copy_worksheet_rows test" tests="1" errors="0" failures="0" skipped="0" timestamp="2025-03-18T03:15:51" time="0.746">
    <testcase classname="CellsController test post_copy_worksheet_rows test" name="should call PostCopyWorksheetRows successfully" time="0.744">
    </testcase>
  </testsuite>
  <testsuite name="CellsController test post_row_style test" tests="1" errors="0" failures="0" skipped="0" timestamp="2025-03-18T03:15:52" time="0.738">
    <testcase classname="CellsController test post_row_style test" name="should call PostRowStyle successfully" time="0.733">
    </testcase>
  </testsuite>
  <testsuite name="CellsStatusController test get_cells_cloud_services_health_check test" tests="1" errors="0" failures="0" skipped="0" timestamp="2025-03-18T03:15:52" time="0.484">
    <testcase classname="CellsStatusController test get_cells_cloud_services_health_check test" name="should call GetCellsCloudServicesHealthCheck successfully" time="0.482">
    </testcase>
  </testsuite>
  <testsuite name="CellsStatusController test get_cells_cloud_service_status test" tests="1" errors="0" failures="0" skipped="0" timestamp="2025-03-18T03:15:53" time="0.233">
    <testcase classname="CellsStatusController test get_cells_cloud_service_status test" name="should call GetCellsCloudServiceStatus successfully" time="0.231">
    </testcase>
  </testsuite>
  <testsuite name="ChartAreaController test get_chart_area test" tests="1" errors="0" failures="0" skipped="0" timestamp="2025-03-18T03:15:53" time="0.625">
    <testcase classname="ChartAreaController test get_chart_area test" name="should call GetChartArea successfully" time="0.621">
    </testcase>
  </testsuite>
  <testsuite name="ChartAreaController test get_chart_area_fill_format test" tests="1" errors="0" failures="0" skipped="0" timestamp="2025-03-18T03:15:54" time="0.329">
    <testcase classname="ChartAreaController test get_chart_area_fill_format test" name="should call GetChartAreaFillFormat successfully" time="0.326">
    </testcase>
  </testsuite>
  <testsuite name="ChartAreaController test get_chart_area_border test" tests="1" errors="0" failures="0" skipped="0" timestamp="2025-03-18T03:15:54" time="0.435">
    <testcase classname="ChartAreaController test get_chart_area_border test" name="should call GetChartAreaBorder successfully" time="0.433">
    </testcase>
  </testsuite>
  <testsuite name="ChartsController test get_worksheet_charts test" tests="1" errors="0" failures="0" skipped="0" timestamp="2025-03-18T03:15:54" time="0.744">
    <testcase classname="ChartsController test get_worksheet_charts test" name="should call GetWorksheetCharts successfully" time="0.742">
    </testcase>
  </testsuite>
  <testsuite name="ChartsController test get_worksheet_chart test" tests="1" errors="0" failures="0" skipped="0" timestamp="2025-03-18T03:15:55" time="0.557">
    <testcase classname="ChartsController test get_worksheet_chart test" name="should call GetWorksheetChart successfully" time="0.554">
    </testcase>
  </testsuite>
  <testsuite name="ChartsController test put_worksheet_chart test" tests="1" errors="0" failures="0" skipped="0" timestamp="2025-03-18T03:15:56" time="0.84">
    <testcase classname="ChartsController test put_worksheet_chart test" name="should call PutWorksheetChart successfully" time="0.837">
    </testcase>
  </testsuite>
  <testsuite name="ChartsController test delete_worksheet_chart test" tests="1" errors="0" failures="0" skipped="0" timestamp="2025-03-18T03:15:57" time="0.783">
    <testcase classname="ChartsController test delete_worksheet_chart test" name="should call DeleteWorksheetChart successfully" time="0.781">
    </testcase>
  </testsuite>
  <testsuite name="ChartsController test post_worksheet_chart test" tests="1" errors="0" failures="0" skipped="0" timestamp="2025-03-18T03:15:57" time="0.753">
    <testcase classname="ChartsController test post_worksheet_chart test" name="should call PostWorksheetChart successfully" time="0.749">
    </testcase>
  </testsuite>
  <testsuite name="ChartsController test get_worksheet_chart_legend test" tests="1" errors="0" failures="0" skipped="0" timestamp="2025-03-18T03:15:58" time="0.333">
    <testcase classname="ChartsController test get_worksheet_chart_legend test" name="should call GetWorksheetChartLegend successfully" time="0.33">
    </testcase>
  </testsuite>
  <testsuite name="ChartsController test post_worksheet_chart_legend test" tests="1" errors="0" failures="0" skipped="0" timestamp="2025-03-18T03:15:58" time="0.823">
    <testcase classname="ChartsController test post_worksheet_chart_legend test" name="should call PostWorksheetChartLegend successfully" time="0.821">
    </testcase>
  </testsuite>
  <testsuite name="ChartsController test put_worksheet_chart_legend test" tests="1" errors="0" failures="0" skipped="0" timestamp="2025-03-18T03:15:59" time="0.838">
    <testcase classname="ChartsController test put_worksheet_chart_legend test" name="should call PutWorksheetChartLegend successfully" time="0.836">
    </testcase>
  </testsuite>
  <testsuite name="ChartsController test delete_worksheet_chart_legend test" tests="1" errors="0" failures="0" skipped="0" timestamp="2025-03-18T03:16:00" time="0.702">
    <testcase classname="ChartsController test delete_worksheet_chart_legend test" name="should call DeleteWorksheetChartLegend successfully" time="0.7">
    </testcase>
  </testsuite>
  <testsuite name="ChartsController test delete_worksheet_charts test" tests="1" errors="0" failures="0" skipped="0" timestamp="2025-03-18T03:16:01" time="1.211">
    <testcase classname="ChartsController test delete_worksheet_charts test" name="should call DeleteWorksheetCharts successfully" time="1.209">
    </testcase>
  </testsuite>
  <testsuite name="ChartsController test get_worksheet_chart_title test" tests="1" errors="0" failures="1" skipped="0" timestamp="2025-03-18T03:16:02" time="0.314">
    <testcase classname="ChartsController test get_worksheet_chart_title test" name="should call GetWorksheetChartTitle successfully" time="0.308">
      <failure message="the object {
  &quot;code&quot;: 400
  &quot;message&quot;: [undefined]
} was thrown, throw an Error :)"></failure>
    </testcase>
  </testsuite>
  <testsuite name="ChartsController test post_worksheet_chart_title test" tests="1" errors="0" failures="0" skipped="0" timestamp="2025-03-18T03:16:02" time="0.723">
    <testcase classname="ChartsController test post_worksheet_chart_title test" name="should call PostWorksheetChartTitle successfully" time="0.72">
    </testcase>
  </testsuite>
  <testsuite name="ChartsController test put_worksheet_chart_title test" tests="1" errors="0" failures="0" skipped="0" timestamp="2025-03-18T03:16:03" time="0.905">
    <testcase classname="ChartsController test put_worksheet_chart_title test" name="should call PutWorksheetChartTitle successfully" time="0.902">
    </testcase>
  </testsuite>
  <testsuite name="ChartsController test delete_worksheet_chart_title test" tests="1" errors="0" failures="0" skipped="0" timestamp="2025-03-18T03:16:04" time="0.728">
    <testcase classname="ChartsController test delete_worksheet_chart_title test" name="should call DeleteWorksheetChartTitle successfully" time="0.724">
    </testcase>
  </testsuite>
  <testsuite name="ConditionalFormattingsController test get_worksheet_conditional_formattings test" tests="1" errors="0" failures="0" skipped="0" timestamp="2025-03-18T03:16:05" time="1.025">
    <testcase classname="ConditionalFormattingsController test get_worksheet_conditional_formattings test" name="should call GetWorksheetConditionalFormattings successfully" time="1.021">
    </testcase>
  </testsuite>
  <testsuite name="ConditionalFormattingsController test get_worksheet_conditional_formatting test" tests="1" errors="0" failures="0" skipped="0" timestamp="2025-03-18T03:16:06" time="0.381">
    <testcase classname="ConditionalFormattingsController test get_worksheet_conditional_formatting test" name="should call GetWorksheetConditionalFormatting successfully" time="0.378">
    </testcase>
  </testsuite>
  <testsuite name="ConditionalFormattingsController test put_worksheet_conditional_formatting test" tests="1" errors="0" failures="0" skipped="0" timestamp="2025-03-18T03:16:06" time="0.754">
    <testcase classname="ConditionalFormattingsController test put_worksheet_conditional_formatting test" name="should call PutWorksheetConditionalFormatting successfully" time="0.751">
    </testcase>
  </testsuite>
  <testsuite name="ConditionalFormattingsController test put_worksheet_format_condition test" tests="1" errors="0" failures="0" skipped="0" timestamp="2025-03-18T03:16:07" time="0.723">
    <testcase classname="ConditionalFormattingsController test put_worksheet_format_condition test" name="should call PutWorksheetFormatCondition successfully" time="0.721">
    </testcase>
  </testsuite>
  <testsuite name="ConditionalFormattingsController test put_worksheet_format_condition_area test" tests="1" errors="0" failures="0" skipped="0" timestamp="2025-03-18T03:16:08" time="0.996">
    <testcase classname="ConditionalFormattingsController test put_worksheet_format_condition_area test" name="should call PutWorksheetFormatConditionArea successfully" time="0.993">
    </testcase>
  </testsuite>
  <testsuite name="ConditionalFormattingsController test put_worksheet_format_condition_condition test" tests="1" errors="0" failures="0" skipped="0" timestamp="2025-03-18T03:16:09" time="0.717">
    <testcase classname="ConditionalFormattingsController test put_worksheet_format_condition_condition test" name="should call PutWorksheetFormatConditionCondition successfully" time="0.714">
    </testcase>
  </testsuite>
  <testsuite name="ConditionalFormattingsController test delete_worksheet_conditional_formattings test" tests="1" errors="0" failures="0" skipped="0" timestamp="2025-03-18T03:16:09" time="0.712">
    <testcase classname="ConditionalFormattingsController test delete_worksheet_conditional_formattings test" name="should call DeleteWorksheetConditionalFormattings successfully" time="0.71">
    </testcase>
  </testsuite>
  <testsuite name="ConditionalFormattingsController test delete_worksheet_conditional_formatting test" tests="1" errors="0" failures="1" skipped="0" timestamp="2025-03-18T03:16:10" time="0.441">
    <testcase classname="ConditionalFormattingsController test delete_worksheet_conditional_formatting test" name="should call DeleteWorksheetConditionalFormatting successfully" time="0.436">
      <failure message="the object {
  &quot;code&quot;: 400
  &quot;message&quot;: [undefined]
} was thrown, throw an Error :)"></failure>
    </testcase>
  </testsuite>
  <testsuite name="ConditionalFormattingsController test delete_worksheet_conditional_formatting_area test" tests="1" errors="0" failures="0" skipped="0" timestamp="2025-03-18T03:16:10" time="0.803">
    <testcase classname="ConditionalFormattingsController test delete_worksheet_conditional_formatting_area test" name="should call DeleteWorksheetConditionalFormattingArea successfully" time="0.798">
    </testcase>
  </testsuite>
  <testsuite name="DataProcessingController test post_workbook_data_cleansing test" tests="1" errors="0" failures="0" skipped="0" timestamp="2025-03-18T03:16:11" time="1.031">
    <testcase classname="DataProcessingController test post_workbook_data_cleansing test" name="should call PostWorkbookDataCleansing successfully" time="1.03">
    </testcase>
  </testsuite>
  <testsuite name="DataProcessingController test post_workbook_data_deduplication test" tests="1" errors="0" failures="0" skipped="0" timestamp="2025-03-18T03:16:12" time="0.691">
    <testcase classname="DataProcessingController test post_workbook_data_deduplication test" name="should call PostWorkbookDataDeduplication successfully" time="0.688">
    </testcase>
  </testsuite>
  <testsuite name="DataProcessingController test post_workbook_data_fill test" tests="1" errors="0" failures="0" skipped="0" timestamp="2025-03-18T03:16:13" time="0.67">
    <testcase classname="DataProcessingController test post_workbook_data_fill test" name="should call PostWorkbookDataFill successfully" time="0.668">
    </testcase>
  </testsuite>
  <testsuite name="DataProcessingController test post_data_transformation test" tests="1" errors="0" failures="1" skipped="0" timestamp="2025-03-18T03:16:14" time="0.289">
    <testcase classname="DataProcessingController test post_data_transformation test" name="should call PostDataTransformation successfully" time="0.287">
      <failure message="the object {
  &quot;code&quot;: 404
  &quot;message&quot;: [undefined]
} was thrown, throw an Error :)"></failure>
    </testcase>
  </testsuite>
  <testsuite name="FileController test download_file test" tests="1" errors="0" failures="0" skipped="0" timestamp="2025-03-18T03:16:14" time="1.2">
    <testcase classname="FileController test download_file test" name="should call DownloadFile successfully" time="1.199">
    </testcase>
  </testsuite>
  <testsuite name="FileController test upload_file test" tests="1" errors="0" failures="0" skipped="0" timestamp="2025-03-18T03:16:15" time="0.609">
    <testcase classname="FileController test upload_file test" name="should call UploadFile successfully" time="0.606">
    </testcase>
  </testsuite>
  <testsuite name="FileController test copy_file test" tests="1" errors="0" failures="0" skipped="0" timestamp="2025-03-18T03:16:16" time="0.323">
    <testcase classname="FileController test copy_file test" name="should call CopyFile successfully" time="0.321">
    </testcase>
  </testsuite>
  <testsuite name="FolderController test get_files_list test" tests="1" errors="0" failures="0" skipped="0" timestamp="2025-03-18T03:16:16" time="0.783">
    <testcase classname="FolderController test get_files_list test" name="should call GetFilesList successfully" time="0.78">
    </testcase>
  </testsuite>
  <testsuite name="FolderController test create_folder test" tests="1" errors="0" failures="0" skipped="0" timestamp="2025-03-18T03:16:17" time="0.303">
    <testcase classname="FolderController test create_folder test" name="should call CreateFolder successfully" time="0.299">
    </testcase>
  </testsuite>
  <testsuite name="FolderController test copy_folder test" tests="1" errors="0" failures="0" skipped="0" timestamp="2025-03-18T03:16:17" time="2.603">
    <testcase classname="FolderController test copy_folder test" name="should call CopyFolder successfully" time="2.601">
    </testcase>
  </testsuite>
  <testsuite name="FolderController test move_folder test" tests="1" errors="0" failures="0" skipped="0" timestamp="2025-03-18T03:16:20" time="6.311">
    <testcase classname="FolderController test move_folder test" name="should call MoveFolder successfully" time="6.309">
    </testcase>
  </testsuite>
  <testsuite name="FolderController test delete_folder test" tests="1" errors="0" failures="0" skipped="0" timestamp="2025-03-18T03:16:26" time="0.289">
    <testcase classname="FolderController test delete_folder test" name="should call DeleteFolder successfully" time="0.286">
    </testcase>
  </testsuite>
  <testsuite name="HypelinksController test get_worksheet_hyperlinks test" tests="1" errors="0" failures="0" skipped="0" timestamp="2025-03-18T03:16:26" time="1.897">
    <testcase classname="HypelinksController test get_worksheet_hyperlinks test" name="should call GetWorksheetHyperlinks successfully" time="1.896">
    </testcase>
  </testsuite>
  <testsuite name="HypelinksController test get_worksheet_hyperlink test" tests="1" errors="0" failures="0" skipped="0" timestamp="2025-03-18T03:16:28" time="0.534">
    <testcase classname="HypelinksController test get_worksheet_hyperlink test" name="should call GetWorksheetHyperlink successfully" time="0.53">
    </testcase>
  </testsuite>
  <testsuite name="HypelinksController test delete_worksheet_hyperlink test" tests="1" errors="0" failures="0" skipped="0" timestamp="2025-03-18T03:16:29" time="0.767">
    <testcase classname="HypelinksController test delete_worksheet_hyperlink test" name="should call DeleteWorksheetHyperlink successfully" time="0.764">
    </testcase>
  </testsuite>
  <testsuite name="HypelinksController test post_worksheet_hyperlink test" tests="1" errors="0" failures="0" skipped="0" timestamp="2025-03-18T03:16:30" time="1.179">
    <testcase classname="HypelinksController test post_worksheet_hyperlink test" name="should call PostWorksheetHyperlink successfully" time="1.178">
    </testcase>
  </testsuite>
  <testsuite name="HypelinksController test put_worksheet_hyperlink test" tests="1" errors="0" failures="0" skipped="0" timestamp="2025-03-18T03:16:31" time="0.858">
    <testcase classname="HypelinksController test put_worksheet_hyperlink test" name="should call PutWorksheetHyperlink successfully" time="0.854">
    </testcase>
  </testsuite>
  <testsuite name="HypelinksController test delete_worksheet_hyperlinks test" tests="1" errors="0" failures="0" skipped="0" timestamp="2025-03-18T03:16:32" time="1.062">
    <testcase classname="HypelinksController test delete_worksheet_hyperlinks test" name="should call DeleteWorksheetHyperlinks successfully" time="1.059">
    </testcase>
  </testsuite>
  <testsuite name="ListObjectsController test get_worksheet_list_objects test" tests="1" errors="0" failures="0" skipped="0" timestamp="2025-03-18T03:16:33" time="0.896">
    <testcase classname="ListObjectsController test get_worksheet_list_objects test" name="should call GetWorksheetListObjects successfully" time="0.893">
    </testcase>
  </testsuite>
  <testsuite name="ListObjectsController test get_worksheet_list_object test" tests="1" errors="0" failures="0" skipped="0" timestamp="2025-03-18T03:16:34" time="0.544">
    <testcase classname="ListObjectsController test get_worksheet_list_object test" name="should call GetWorksheetListObject successfully" time="0.542">
    </testcase>
  </testsuite>
  <testsuite name="ListObjectsController test put_worksheet_list_object test" tests="1" errors="0" failures="0" skipped="0" timestamp="2025-03-18T03:16:34" time="1.144">
    <testcase classname="ListObjectsController test put_worksheet_list_object test" name="should call PutWorksheetListObject successfully" time="1.142">
    </testcase>
  </testsuite>
  <testsuite name="ListObjectsController test delete_worksheet_list_objects test" tests="1" errors="0" failures="0" skipped="0" timestamp="2025-03-18T03:16:35" time="0.731">
    <testcase classname="ListObjectsController test delete_worksheet_list_objects test" name="should call DeleteWorksheetListObjects successfully" time="0.728">
    </testcase>
  </testsuite>
  <testsuite name="ListObjectsController test delete_worksheet_list_object test" tests="1" errors="0" failures="1" skipped="0" timestamp="2025-03-18T03:16:36" time="0.705">
    <testcase classname="ListObjectsController test delete_worksheet_list_object test" name="should call DeleteWorksheetListObject successfully" time="0.701">
      <failure message="the object {
  &quot;code&quot;: 400
  &quot;message&quot;: [undefined]
} was thrown, throw an Error :)"></failure>
    </testcase>
  </testsuite>
  <testsuite name="ListObjectsController test post_worksheet_list_object test" tests="1" errors="0" failures="0" skipped="0" timestamp="2025-03-18T03:16:37" time="0.912">
    <testcase classname="ListObjectsController test post_worksheet_list_object test" name="should call PostWorksheetListObject successfully" time="0.909">
    </testcase>
  </testsuite>
  <testsuite name="ListObjectsController test post_worksheet_list_object_convert_to_range test" tests="1" errors="0" failures="0" skipped="0" timestamp="2025-03-18T03:16:38" time="1.01">
    <testcase classname="ListObjectsController test post_worksheet_list_object_convert_to_range test" name="should call PostWorksheetListObjectConvertToRange successfully" time="1.008">
    </testcase>
  </testsuite>
  <testsuite name="ListObjectsController test post_worksheet_list_object_summarize_with_pivot_table test" tests="1" errors="0" failures="0" skipped="0" timestamp="2025-03-18T03:16:39" time="0.803">
    <testcase classname="ListObjectsController test post_worksheet_list_object_summarize_with_pivot_table test" name="should call PostWorksheetListObjectSummarizeWithPivotTable successfully" time="0.8">
    </testcase>
  </testsuite>
  <testsuite name="ListObjectsController test post_worksheet_list_object_sort_table test" tests="1" errors="0" failures="0" skipped="0" timestamp="2025-03-18T03:16:39" time="0.787">
    <testcase classname="ListObjectsController test post_worksheet_list_object_sort_table test" name="should call PostWorksheetListObjectSortTable successfully" time="0.785">
    </testcase>
  </testsuite>
  <testsuite name="ListObjectsController test post_worksheet_list_column test" tests="1" errors="0" failures="0" skipped="0" timestamp="2025-03-18T03:16:40" time="0.808">
    <testcase classname="ListObjectsController test post_worksheet_list_column test" name="should call PostWorksheetListColumn successfully" time="0.805">
    </testcase>
  </testsuite>
  <testsuite name="ListObjectsController test post_worksheet_list_columns_total test" tests="1" errors="0" failures="0" skipped="0" timestamp="2025-03-18T03:16:41" time="0.967">
    <testcase classname="ListObjectsController test post_worksheet_list_columns_total test" name="should call PostWorksheetListColumnsTotal successfully" time="0.965">
    </testcase>
  </testsuite>
  <testsuite name="ListObjectsController test post_worksheet_list_object_remove_duplicates test" tests="1" errors="0" failures="0" skipped="0" timestamp="2025-03-18T03:16:42" time="0.735">
    <testcase classname="ListObjectsController test post_worksheet_list_object_remove_duplicates test" name="should call PostWorksheetListObjectRemoveDuplicates successfully" time="0.733">
    </testcase>
  </testsuite>
  <testsuite name="ListObjectsController test post_worksheet_list_object_insert_slicer test" tests="1" errors="0" failures="0" skipped="0" timestamp="2025-03-18T03:16:43" time="0.661">
    <testcase classname="ListObjectsController test post_worksheet_list_object_insert_slicer test" name="should call PostWorksheetListObjectInsertSlicer successfully" time="0.658">
    </testcase>
  </testsuite>
  <testsuite name="OleObjectsController test get_worksheet_ole_objects test" tests="1" errors="0" failures="0" skipped="0" timestamp="2025-03-18T03:16:43" time="0.608">
    <testcase classname="OleObjectsController test get_worksheet_ole_objects test" name="should call GetWorksheetOleObjects successfully" time="0.607">
    </testcase>
  </testsuite>
  <testsuite name="OleObjectsController test get_worksheet_ole_object test" tests="1" errors="0" failures="0" skipped="0" timestamp="2025-03-18T03:16:44" time="0.689">
    <testcase classname="OleObjectsController test get_worksheet_ole_object test" name="should call GetWorksheetOleObject successfully" time="0.687">
    </testcase>
  </testsuite>
  <testsuite name="OleObjectsController test delete_worksheet_ole_objects test" tests="1" errors="0" failures="0" skipped="0" timestamp="2025-03-18T03:16:45" time="0.945">
    <testcase classname="OleObjectsController test delete_worksheet_ole_objects test" name="should call DeleteWorksheetOleObjects successfully" time="0.943">
    </testcase>
  </testsuite>
  <testsuite name="OleObjectsController test delete_worksheet_ole_object test" tests="1" errors="0" failures="0" skipped="0" timestamp="2025-03-18T03:16:46" time="0.727">
    <testcase classname="OleObjectsController test delete_worksheet_ole_object test" name="should call DeleteWorksheetOleObject successfully" time="0.725">
    </testcase>
  </testsuite>
  <testsuite name="OleObjectsController test post_update_worksheet_ole_object test" tests="1" errors="0" failures="0" skipped="0" timestamp="2025-03-18T03:16:46" time="0.709">
    <testcase classname="OleObjectsController test post_update_worksheet_ole_object test" name="should call PostUpdateWorksheetOleObject successfully" time="0.706">
    </testcase>
  </testsuite>
  <testsuite name="OleObjectsController test put_worksheet_ole_object test" tests="1" errors="0" failures="0" skipped="0" timestamp="2025-03-18T03:16:47" time="0.972">
    <testcase classname="OleObjectsController test put_worksheet_ole_object test" name="should call PutWorksheetOleObject successfully" time="0.969">
    </testcase>
  </testsuite>
  <testsuite name="PageBreaksController test get_vertical_page_breaks test" tests="1" errors="0" failures="0" skipped="0" timestamp="2025-03-18T03:16:48" time="0.577">
    <testcase classname="PageBreaksController test get_vertical_page_breaks test" name="should call GetVerticalPageBreaks successfully" time="0.573">
    </testcase>
  </testsuite>
  <testsuite name="PageBreaksController test get_horizontal_page_breaks test" tests="1" errors="0" failures="0" skipped="0" timestamp="2025-03-18T03:16:49" time="0.368">
    <testcase classname="PageBreaksController test get_horizontal_page_breaks test" name="should call GetHorizontalPageBreaks successfully" time="0.366">
    </testcase>
  </testsuite>
  <testsuite name="PageBreaksController test get_vertical_page_break test" tests="1" errors="0" failures="0" skipped="0" timestamp="2025-03-18T03:16:49" time="0.349">
    <testcase classname="PageBreaksController test get_vertical_page_break test" name="should call GetVerticalPageBreak successfully" time="0.347">
    </testcase>
  </testsuite>
  <testsuite name="PageBreaksController test get_horizontal_page_break test" tests="1" errors="0" failures="0" skipped="0" timestamp="2025-03-18T03:16:49" time="0.413">
    <testcase classname="PageBreaksController test get_horizontal_page_break test" name="should call GetHorizontalPageBreak successfully" time="0.41">
    </testcase>
  </testsuite>
  <testsuite name="PageBreaksController test put_vertical_page_break test" tests="1" errors="0" failures="0" skipped="0" timestamp="2025-03-18T03:16:50" time="0.748">
    <testcase classname="PageBreaksController test put_vertical_page_break test" name="should call PutVerticalPageBreak successfully" time="0.745">
    </testcase>
  </testsuite>
  <testsuite name="PageBreaksController test put_horizontal_page_break test" tests="1" errors="0" failures="0" skipped="0" timestamp="2025-03-18T03:16:51" time="0.786">
    <testcase classname="PageBreaksController test put_horizontal_page_break test" name="should call PutHorizontalPageBreak successfully" time="0.782">
    </testcase>
  </testsuite>
  <testsuite name="PageBreaksController test delete_vertical_page_breaks test" tests="1" errors="0" failures="0" skipped="0" timestamp="2025-03-18T03:16:51" time="0.799">
    <testcase classname="PageBreaksController test delete_vertical_page_breaks test" name="should call DeleteVerticalPageBreaks successfully" time="0.797">
    </testcase>
  </testsuite>
  <testsuite name="PageBreaksController test delete_horizontal_page_breaks test" tests="1" errors="0" failures="0" skipped="0" timestamp="2025-03-18T03:16:52" time="0.924">
    <testcase classname="PageBreaksController test delete_horizontal_page_breaks test" name="should call DeleteHorizontalPageBreaks successfully" time="0.922">
    </testcase>
  </testsuite>
  <testsuite name="PageBreaksController test delete_vertical_page_break test" tests="1" errors="0" failures="0" skipped="0" timestamp="2025-03-18T03:16:53" time="0.937">
    <testcase classname="PageBreaksController test delete_vertical_page_break test" name="should call DeleteVerticalPageBreak successfully" time="0.935">
    </testcase>
  </testsuite>
  <testsuite name="PageBreaksController test delete_horizontal_page_break test" tests="1" errors="0" failures="0" skipped="0" timestamp="2025-03-18T03:16:54" time="0.705">
    <testcase classname="PageBreaksController test delete_horizontal_page_break test" name="should call DeleteHorizontalPageBreak successfully" time="0.702">
    </testcase>
  </testsuite>
  <testsuite name="PageSetupController test get_page_setup test" tests="1" errors="0" failures="0" skipped="0" timestamp="2025-03-18T03:16:55" time="0.914">
    <testcase classname="PageSetupController test get_page_setup test" name="should call GetPageSetup successfully" time="0.911">
    </testcase>
  </testsuite>
  <testsuite name="PageSetupController test post_page_setup test" tests="1" errors="0" failures="0" skipped="0" timestamp="2025-03-18T03:16:56" time="0.731">
    <testcase classname="PageSetupController test post_page_setup test" name="should call PostPageSetup successfully" time="0.729">
    </testcase>
  </testsuite>
  <testsuite name="PageSetupController test delete_header_footer test" tests="1" errors="0" failures="0" skipped="0" timestamp="2025-03-18T03:16:56" time="0.71">
    <testcase classname="PageSetupController test delete_header_footer test" name="should call DeleteHeaderFooter successfully" time="0.707">
    </testcase>
  </testsuite>
  <testsuite name="PageSetupController test get_header test" tests="1" errors="0" failures="0" skipped="0" timestamp="2025-03-18T03:16:57" time="0.317">
    <testcase classname="PageSetupController test get_header test" name="should call GetHeader successfully" time="0.314">
    </testcase>
  </testsuite>
  <testsuite name="PageSetupController test post_header test" tests="1" errors="0" failures="0" skipped="0" timestamp="2025-03-18T03:16:57" time="0.77">
    <testcase classname="PageSetupController test post_header test" name="should call PostHeader successfully" time="0.767">
    </testcase>
  </testsuite>
  <testsuite name="PageSetupController test get_footer test" tests="1" errors="0" failures="0" skipped="0" timestamp="2025-03-18T03:16:58" time="0.326">
    <testcase classname="PageSetupController test get_footer test" name="should call GetFooter successfully" time="0.323">
    </testcase>
  </testsuite>
  <testsuite name="PageSetupController test post_footer test" tests="1" errors="0" failures="0" skipped="0" timestamp="2025-03-18T03:16:58" time="0.696">
    <testcase classname="PageSetupController test post_footer test" name="should call PostFooter successfully" time="0.694">
    </testcase>
  </testsuite>
  <testsuite name="PageSetupController test post_fit_wide_to_pages test" tests="1" errors="0" failures="0" skipped="0" timestamp="2025-03-18T03:16:59" time="0.984">
    <testcase classname="PageSetupController test post_fit_wide_to_pages test" name="should call PostFitWideToPages successfully" time="0.981">
    </testcase>
  </testsuite>
  <testsuite name="PageSetupController test post_fit_tall_to_pages test" tests="1" errors="0" failures="0" skipped="0" timestamp="2025-03-18T03:17:00" time="0.872">
    <testcase classname="PageSetupController test post_fit_tall_to_pages test" name="should call PostFitTallToPages successfully" time="0.87">
    </testcase>
  </testsuite>
  <testsuite name="PicturesController test get_worksheet_pictures test" tests="1" errors="0" failures="0" skipped="0" timestamp="2025-03-18T03:17:01" time="0.85">
    <testcase classname="PicturesController test get_worksheet_pictures test" name="should call GetWorksheetPictures successfully" time="0.848">
    </testcase>
  </testsuite>
  <testsuite name="PicturesController test get_worksheet_picture_with_format test" tests="1" errors="0" failures="0" skipped="0" timestamp="2025-03-18T03:17:02" time="0.727">
    <testcase classname="PicturesController test get_worksheet_picture_with_format test" name="should call GetWorksheetPictureWithFormat successfully" time="0.724">
    </testcase>
  </testsuite>
  <testsuite name="PicturesController test put_worksheet_add_picture test" tests="1" errors="0" failures="0" skipped="0" timestamp="2025-03-18T03:17:03" time="0.889">
    <testcase classname="PicturesController test put_worksheet_add_picture test" name="should call PutWorksheetAddPicture successfully" time="0.887">
    </testcase>
  </testsuite>
  <testsuite name="PicturesController test post_worksheet_picture test" tests="1" errors="0" failures="0" skipped="0" timestamp="2025-03-18T03:17:04" time="0.921">
    <testcase classname="PicturesController test post_worksheet_picture test" name="should call PostWorksheetPicture successfully" time="0.918">
    </testcase>
  </testsuite>
  <testsuite name="PicturesController test delete_worksheet_picture test" tests="1" errors="0" failures="0" skipped="0" timestamp="2025-03-18T03:17:04" time="0.797">
    <testcase classname="PicturesController test delete_worksheet_picture test" name="should call DeleteWorksheetPicture successfully" time="0.794">
    </testcase>
  </testsuite>
  <testsuite name="PicturesController test delete_worksheet_pictures test" tests="1" errors="0" failures="0" skipped="0" timestamp="2025-03-18T03:17:05" time="0.917">
    <testcase classname="PicturesController test delete_worksheet_pictures test" name="should call DeleteWorksheetPictures successfully" time="0.915">
    </testcase>
  </testsuite>
  <testsuite name="PivotTablesController test get_worksheet_pivot_tables test" tests="1" errors="0" failures="0" skipped="0" timestamp="2025-03-18T03:17:06" time="0.695">
    <testcase classname="PivotTablesController test get_worksheet_pivot_tables test" name="should call GetWorksheetPivotTables successfully" time="0.693">
    </testcase>
  </testsuite>
  <testsuite name="PivotTablesController test get_worksheet_pivot_table test" tests="1" errors="0" failures="0" skipped="0" timestamp="2025-03-18T03:17:07" time="0.32">
    <testcase classname="PivotTablesController test get_worksheet_pivot_table test" name="should call GetWorksheetPivotTable successfully" time="0.316">
    </testcase>
  </testsuite>
  <testsuite name="PivotTablesController test get_pivot_table_field test" tests="1" errors="0" failures="0" skipped="0" timestamp="2025-03-18T03:17:07" time="0.293">
    <testcase classname="PivotTablesController test get_pivot_table_field test" name="should call GetPivotTableField successfully" time="0.29">
    </testcase>
  </testsuite>
  <testsuite name="PivotTablesController test get_worksheet_pivot_table_filters test" tests="1" errors="0" failures="0" skipped="0" timestamp="2025-03-18T03:17:07" time="0.299">
    <testcase classname="PivotTablesController test get_worksheet_pivot_table_filters test" name="should call GetWorksheetPivotTableFilters successfully" time="0.297">
    </testcase>
  </testsuite>
  <testsuite name="PivotTablesController test put_worksheet_pivot_table test" tests="1" errors="0" failures="0" skipped="0" timestamp="2025-03-18T03:17:08" time="0.702">
    <testcase classname="PivotTablesController test put_worksheet_pivot_table test" name="should call PutWorksheetPivotTable successfully" time="0.699">
    </testcase>
  </testsuite>
  <testsuite name="PivotTablesController test put_pivot_table_field test" tests="1" errors="0" failures="0" skipped="0" timestamp="2025-03-18T03:17:08" time="0.678">
    <testcase classname="PivotTablesController test put_pivot_table_field test" name="should call PutPivotTableField successfully" time="0.673">
    </testcase>
  </testsuite>
  <testsuite name="PivotTablesController test put_worksheet_pivot_table_filter test" tests="1" errors="0" failures="0" skipped="0" timestamp="2025-03-18T03:17:09" time="0.74">
    <testcase classname="PivotTablesController test put_worksheet_pivot_table_filter test" name="should call PutWorksheetPivotTableFilter successfully" time="0.737">
    </testcase>
  </testsuite>
  <testsuite name="PivotTablesController test post_pivot_table_field_hide_item test" tests="1" errors="0" failures="0" skipped="0" timestamp="2025-03-18T03:17:10" time="0.776">
    <testcase classname="PivotTablesController test post_pivot_table_field_hide_item test" name="should call PostPivotTableFieldHideItem successfully" time="0.773">
    </testcase>
  </testsuite>
  <testsuite name="PivotTablesController test post_pivot_table_field_move_to test" tests="1" errors="0" failures="0" skipped="0" timestamp="2025-03-18T03:17:11" time="0.714">
    <testcase classname="PivotTablesController test post_pivot_table_field_move_to test" name="should call PostPivotTableFieldMoveTo successfully" time="0.711">
    </testcase>
  </testsuite>
  <testsuite name="PivotTablesController test post_pivot_table_cell_style test" tests="1" errors="0" failures="0" skipped="0" timestamp="2025-03-18T03:17:11" time="0.694">
    <testcase classname="PivotTablesController test post_pivot_table_cell_style test" name="should call PostPivotTableCellStyle successfully" time="0.692">
    </testcase>
  </testsuite>
  <testsuite name="PivotTablesController test post_pivot_table_style test" tests="1" errors="0" failures="0" skipped="0" timestamp="2025-03-18T03:17:12" time="0.891">
    <testcase classname="PivotTablesController test post_pivot_table_style test" name="should call PostPivotTableStyle successfully" time="0.889">
    </testcase>
  </testsuite>
  <testsuite name="PivotTablesController test post_pivot_table_update_pivot_fields test" tests="1" errors="0" failures="0" skipped="0" timestamp="2025-03-18T03:17:13" time="0.793">
    <testcase classname="PivotTablesController test post_pivot_table_update_pivot_fields test" name="should call PostPivotTableUpdatePivotFields successfully" time="0.791">
    </testcase>
  </testsuite>
  <testsuite name="PivotTablesController test post_pivot_table_update_pivot_field test" tests="1" errors="0" failures="0" skipped="0" timestamp="2025-03-18T03:17:14" time="0.723">
    <testcase classname="PivotTablesController test post_pivot_table_update_pivot_field test" name="should call PostPivotTableUpdatePivotField successfully" time="0.721">
    </testcase>
  </testsuite>
  <testsuite name="PivotTablesController test post_worksheet_pivot_table_calculate test" tests="1" errors="0" failures="0" skipped="0" timestamp="2025-03-18T03:17:15" time="0.824">
    <testcase classname="PivotTablesController test post_worksheet_pivot_table_calculate test" name="should call PostWorksheetPivotTableCalculate successfully" time="0.823">
    </testcase>
  </testsuite>
  <testsuite name="PivotTablesController test post_worksheet_pivot_table_move test" tests="1" errors="0" failures="0" skipped="0" timestamp="2025-03-18T03:17:15" time="1.373">
    <testcase classname="PivotTablesController test post_worksheet_pivot_table_move test" name="should call PostWorksheetPivotTableMove successfully" time="1.372">
    </testcase>
  </testsuite>
  <testsuite name="PivotTablesController test delete_worksheet_pivot_tables test" tests="1" errors="0" failures="0" skipped="0" timestamp="2025-03-18T03:17:17" time="0.684">
    <testcase classname="PivotTablesController test delete_worksheet_pivot_tables test" name="should call DeleteWorksheetPivotTables successfully" time="0.681">
    </testcase>
  </testsuite>
  <testsuite name="PivotTablesController test delete_worksheet_pivot_table test" tests="1" errors="0" failures="1" skipped="0" timestamp="2025-03-18T03:17:17" time="0.431">
    <testcase classname="PivotTablesController test delete_worksheet_pivot_table test" name="should call DeleteWorksheetPivotTable successfully" time="0.428">
      <failure message="the object {
  &quot;code&quot;: 400
  &quot;message&quot;: [undefined]
} was thrown, throw an Error :)"></failure>
    </testcase>
  </testsuite>
  <testsuite name="PivotTablesController test delete_pivot_table_field test" tests="1" errors="0" failures="1" skipped="0" timestamp="2025-03-18T03:17:18" time="0.492">
    <testcase classname="PivotTablesController test delete_pivot_table_field test" name="should call DeletePivotTableField successfully" time="0.489">
      <failure message="the object {
  &quot;code&quot;: 400
  &quot;message&quot;: [undefined]
} was thrown, throw an Error :)"></failure>
    </testcase>
  </testsuite>
  <testsuite name="PivotTablesController test delete_worksheet_pivot_table_filters test" tests="1" errors="0" failures="0" skipped="0" timestamp="2025-03-18T03:17:18" time="0.939">
    <testcase classname="PivotTablesController test delete_worksheet_pivot_table_filters test" name="should call DeleteWorksheetPivotTableFilters successfully" time="0.938">
    </testcase>
  </testsuite>
  <testsuite name="PivotTablesController test delete_worksheet_pivot_table_filter test" tests="1" errors="0" failures="0" skipped="0" timestamp="2025-03-18T03:17:19" time="0.742">
    <testcase classname="PivotTablesController test delete_worksheet_pivot_table_filter test" name="should call DeleteWorksheetPivotTableFilter successfully" time="0.739">
    </testcase>
  </testsuite>
  <testsuite name="PropertiesController test get_document_properties test" tests="1" errors="0" failures="0" skipped="0" timestamp="2025-03-18T03:17:20" time="0.945">
    <testcase classname="PropertiesController test get_document_properties test" name="should call GetDocumentProperties successfully" time="0.943">
    </testcase>
  </testsuite>
  <testsuite name="PropertiesController test get_document_property test" tests="1" errors="0" failures="0" skipped="0" timestamp="2025-03-18T03:17:21" time="0.402">
    <testcase classname="PropertiesController test get_document_property test" name="should call GetDocumentProperty successfully" time="0.399">
    </testcase>
  </testsuite>
  <testsuite name="PropertiesController test put_document_property test" tests="1" errors="0" failures="0" skipped="0" timestamp="2025-03-18T03:17:21" time="0.777">
    <testcase classname="PropertiesController test put_document_property test" name="should call PutDocumentProperty successfully" time="0.773">
    </testcase>
  </testsuite>
  <testsuite name="PropertiesController test delete_document_property test" tests="1" errors="0" failures="0" skipped="0" timestamp="2025-03-18T03:17:22" time="1.095">
    <testcase classname="PropertiesController test delete_document_property test" name="should call DeleteDocumentProperty successfully" time="1.092">
    </testcase>
  </testsuite>
  <testsuite name="PropertiesController test delete_document_properties test" tests="1" errors="0" failures="0" skipped="0" timestamp="2025-03-18T03:17:23" time="0.736">
    <testcase classname="PropertiesController test delete_document_properties test" name="should call DeleteDocumentProperties successfully" time="0.733">
    </testcase>
  </testsuite>
  <testsuite name="RangesController test post_worksheet_cells_ranges_copy test" tests="1" errors="0" failures="0" skipped="0" timestamp="2025-03-18T03:17:24" time="1.338">
    <testcase classname="RangesController test post_worksheet_cells_ranges_copy test" name="should call PostWorksheetCellsRangesCopy successfully" time="1.337">
    </testcase>
  </testsuite>
  <testsuite name="RangesController test post_worksheet_cells_range_merge test" tests="1" errors="0" failures="0" skipped="0" timestamp="2025-03-18T03:17:25" time="0.8">
    <testcase classname="RangesController test post_worksheet_cells_range_merge test" name="should call PostWorksheetCellsRangeMerge successfully" time="0.797">
    </testcase>
  </testsuite>
  <testsuite name="RangesController test post_worksheet_cells_range_un_merge test" tests="1" errors="0" failures="0" skipped="0" timestamp="2025-03-18T03:17:26" time="1.026">
    <testcase classname="RangesController test post_worksheet_cells_range_un_merge test" name="should call PostWorksheetCellsRangeUnMerge successfully" time="1.024">
    </testcase>
  </testsuite>
  <testsuite name="RangesController test post_worksheet_cells_range_style test" tests="1" errors="0" failures="0" skipped="0" timestamp="2025-03-18T03:17:27" time="0.783">
    <testcase classname="RangesController test post_worksheet_cells_range_style test" name="should call PostWorksheetCellsRangeStyle successfully" time="0.78">
    </testcase>
  </testsuite>
  <testsuite name="RangesController test get_worksheet_cells_range_value test" tests="1" errors="0" failures="0" skipped="0" timestamp="2025-03-18T03:17:28" time="0.403">
    <testcase classname="RangesController test get_worksheet_cells_range_value test" name="should call GetWorksheetCellsRangeValue successfully" time="0.4">
    </testcase>
  </testsuite>
  <testsuite name="RangesController test post_worksheet_cells_range_value test" tests="1" errors="0" failures="0" skipped="0" timestamp="2025-03-18T03:17:28" time="0.903">
    <testcase classname="RangesController test post_worksheet_cells_range_value test" name="should call PostWorksheetCellsRangeValue successfully" time="0.9">
    </testcase>
  </testsuite>
  <testsuite name="RangesController test post_worksheet_cells_range_move_to test" tests="1" errors="0" failures="0" skipped="0" timestamp="2025-03-18T03:17:29" time="0.961">
    <testcase classname="RangesController test post_worksheet_cells_range_move_to test" name="should call PostWorksheetCellsRangeMoveTo successfully" time="0.958">
    </testcase>
  </testsuite>
  <testsuite name="RangesController test post_worksheet_cells_range_outline_border test" tests="1" errors="0" failures="0" skipped="0" timestamp="2025-03-18T03:17:30" time="0.741">
    <testcase classname="RangesController test post_worksheet_cells_range_outline_border test" name="should call PostWorksheetCellsRangeOutlineBorder successfully" time="0.738">
    </testcase>
  </testsuite>
  <testsuite name="RangesController test post_worksheet_cells_range_column_width test" tests="1" errors="0" failures="0" skipped="0" timestamp="2025-03-18T03:17:31" time="0.839">
    <testcase classname="RangesController test post_worksheet_cells_range_column_width test" name="should call PostWorksheetCellsRangeColumnWidth successfully" time="0.836">
    </testcase>
  </testsuite>
  <testsuite name="RangesController test post_worksheet_cells_range_row_height test" tests="1" errors="0" failures="0" skipped="0" timestamp="2025-03-18T03:17:32" time="1.255">
    <testcase classname="RangesController test post_worksheet_cells_range_row_height test" name="should call PostWorksheetCellsRangeRowHeight successfully" time="1.253">
    </testcase>
  </testsuite>
  <testsuite name="RangesController test put_worksheet_cells_range test" tests="1" errors="0" failures="0" skipped="0" timestamp="2025-03-18T03:17:33" time="0.901">
    <testcase classname="RangesController test put_worksheet_cells_range test" name="should call PutWorksheetCellsRange successfully" time="0.899">
    </testcase>
  </testsuite>
  <testsuite name="RangesController test delete_worksheet_cells_range test" tests="1" errors="0" failures="0" skipped="0" timestamp="2025-03-18T03:17:34" time="0.916">
    <testcase classname="RangesController test delete_worksheet_cells_range test" name="should call DeleteWorksheetCellsRange successfully" time="0.913">
    </testcase>
  </testsuite>
  <testsuite name="RangesController test post_worksheet_cells_range_sort test" tests="1" errors="0" failures="0" skipped="0" timestamp="2025-03-18T03:17:35" time="0.673">
    <testcase classname="RangesController test post_worksheet_cells_range_sort test" name="should call PostWorksheetCellsRangeSort successfully" time="0.671">
    </testcase>
  </testsuite>
  <testsuite name="ShapesController test get_worksheet_shapes test" tests="1" errors="0" failures="0" skipped="0" timestamp="2025-03-18T03:17:36" time="0.615">
    <testcase classname="ShapesController test get_worksheet_shapes test" name="should call GetWorksheetShapes successfully" time="0.612">
    </testcase>
  </testsuite>
  <testsuite name="ShapesController test get_worksheet_shape test" tests="1" errors="0" failures="0" skipped="0" timestamp="2025-03-18T03:17:36" time="0.399">
    <testcase classname="ShapesController test get_worksheet_shape test" name="should call GetWorksheetShape successfully" time="0.396">
    </testcase>
  </testsuite>
  <testsuite name="ShapesController test put_worksheet_shape test" tests="1" errors="0" failures="0" skipped="0" timestamp="2025-03-18T03:17:37" time="0.866">
    <testcase classname="ShapesController test put_worksheet_shape test" name="should call PutWorksheetShape successfully" time="0.864">
    </testcase>
  </testsuite>
  <testsuite name="ShapesController test delete_worksheet_shapes test" tests="1" errors="0" failures="0" skipped="0" timestamp="2025-03-18T03:17:37" time="0.918">
    <testcase classname="ShapesController test delete_worksheet_shapes test" name="should call DeleteWorksheetShapes successfully" time="0.917">
    </testcase>
  </testsuite>
  <testsuite name="ShapesController test delete_worksheet_shape test" tests="1" errors="0" failures="1" skipped="0" timestamp="2025-03-18T03:17:38" time="0.502">
    <testcase classname="ShapesController test delete_worksheet_shape test" name="should call DeleteWorksheetShape successfully" time="0.5">
      <failure message="the object {
  &quot;code&quot;: 400
  &quot;message&quot;: [undefined]
} was thrown, throw an Error :)"></failure>
    </testcase>
  </testsuite>
  <testsuite name="ShapesController test post_worksheet_shape test" tests="1" errors="0" failures="0" skipped="0" timestamp="2025-03-18T03:17:39" time="0.86">
    <testcase classname="ShapesController test post_worksheet_shape test" name="should call PostWorksheetShape successfully" time="0.857">
    </testcase>
  </testsuite>
  <testsuite name="ShapesController test post_worksheet_group_shape test" tests="1" errors="0" failures="0" skipped="0" timestamp="2025-03-18T03:17:40" time="1.497">
    <testcase classname="ShapesController test post_worksheet_group_shape test" name="should call PostWorksheetGroupShape successfully" time="1.494">
    </testcase>
  </testsuite>
  <testsuite name="ShapesController test post_worksheet_ungroup_shape test" tests="1" errors="0" failures="0" skipped="0" timestamp="2025-03-18T03:17:41" time="0.753">
    <testcase classname="ShapesController test post_worksheet_ungroup_shape test" name="should call PostWorksheetUngroupShape successfully" time="0.75">
    </testcase>
  </testsuite>
  <testsuite name="SparklineGroupsController test get_worksheet_sparkline_groups test" tests="1" errors="0" failures="0" skipped="0" timestamp="2025-03-18T03:17:42" time="0.679">
    <testcase classname="SparklineGroupsController test get_worksheet_sparkline_groups test" name="should call GetWorksheetSparklineGroups successfully" time="0.677">
    </testcase>
  </testsuite>
  <testsuite name="SparklineGroupsController test get_worksheet_sparkline_group test" tests="1" errors="0" failures="0" skipped="0" timestamp="2025-03-18T03:17:43" time="0.32">
    <testcase classname="SparklineGroupsController test get_worksheet_sparkline_group test" name="should call GetWorksheetSparklineGroup successfully" time="0.316">
    </testcase>
  </testsuite>
  <testsuite name="SparklineGroupsController test delete_worksheet_sparkline_groups test" tests="1" errors="0" failures="0" skipped="0" timestamp="2025-03-18T03:17:43" time="0.783">
    <testcase classname="SparklineGroupsController test delete_worksheet_sparkline_groups test" name="should call DeleteWorksheetSparklineGroups successfully" time="0.779">
    </testcase>
  </testsuite>
  <testsuite name="SparklineGroupsController test delete_worksheet_sparkline_group test" tests="1" errors="0" failures="1" skipped="0" timestamp="2025-03-18T03:17:44" time="0.545">
    <testcase classname="SparklineGroupsController test delete_worksheet_sparkline_group test" name="should call DeleteWorksheetSparklineGroup successfully" time="0.542">
      <failure message="the object {
  &quot;code&quot;: 400
  &quot;message&quot;: [undefined]
} was thrown, throw an Error :)"></failure>
    </testcase>
  </testsuite>
  <testsuite name="SparklineGroupsController test put_worksheet_sparkline_group test" tests="1" errors="0" failures="0" skipped="0" timestamp="2025-03-18T03:17:44" time="0.774">
    <testcase classname="SparklineGroupsController test put_worksheet_sparkline_group test" name="should call PutWorksheetSparklineGroup successfully" time="0.771">
    </testcase>
  </testsuite>
  <testsuite name="SparklineGroupsController test post_worksheet_sparkline_group test" tests="1" errors="0" failures="0" skipped="0" timestamp="2025-03-18T03:17:45" time="1.471">
    <testcase classname="SparklineGroupsController test post_worksheet_sparkline_group test" name="should call PostWorksheetSparklineGroup successfully" time="1.469">
    </testcase>
  </testsuite>
  <testsuite name="StorageController test storage_exists test" tests="1" errors="0" failures="0" skipped="0" timestamp="2025-03-18T03:17:47" time="0.686">
    <testcase classname="StorageController test storage_exists test" name="should call StorageExists successfully" time="0.683">
    </testcase>
  </testsuite>
  <testsuite name="StorageController test object_exists test" tests="1" errors="0" failures="0" skipped="0" timestamp="2025-03-18T03:17:47" time="0.452">
    <testcase classname="StorageController test object_exists test" name="should call ObjectExists successfully" time="0.449">
    </testcase>
  </testsuite>
  <testsuite name="StorageController test get_disc_usage test" tests="1" errors="0" failures="0" skipped="0" timestamp="2025-03-18T03:17:48" time="1.717">
    <testcase classname="StorageController test get_disc_usage test" name="should call GetDiscUsage successfully" time="1.711">
    </testcase>
  </testsuite>
  <testsuite name="StorageController test get_file_versions test" tests="1" errors="0" failures="0" skipped="0" timestamp="2025-03-18T03:17:49" time="0.483">
    <testcase classname="StorageController test get_file_versions test" name="should call GetFileVersions successfully" time="0.479">
    </testcase>
  </testsuite>
  <testsuite name="TextProcessingController test post_add_text_content test" tests="1" errors="0" failures="0" skipped="0" timestamp="2025-03-18T03:17:50" time="0.847">
    <testcase classname="TextProcessingController test post_add_text_content test" name="should call PostAddTextContent successfully" time="0.845">
    </testcase>
  </testsuite>
  <testsuite name="TextProcessingController test post_trim_content test" tests="1" errors="0" failures="0" skipped="0" timestamp="2025-03-18T03:17:51" time="0.384">
    <testcase classname="TextProcessingController test post_trim_content test" name="should call PostTrimContent successfully" time="0.38">
    </testcase>
  </testsuite>
  <testsuite name="TextProcessingController test post_update_word_case test" tests="1" errors="0" failures="0" skipped="0" timestamp="2025-03-18T03:17:51" time="0.633">
    <testcase classname="TextProcessingController test post_update_word_case test" name="should call PostUpdateWordCase successfully" time="0.632">
    </testcase>
  </testsuite>
  <testsuite name="WorkbookController test post_digital_signature test" tests="1" errors="0" failures="0" skipped="0" timestamp="2025-03-18T03:17:52" time="1.314">
    <testcase classname="WorkbookController test post_digital_signature test" name="should call PostDigitalSignature successfully" time="1.311">
    </testcase>
  </testsuite>
  <testsuite name="WorkbookController test post_encrypt_workbook test" tests="1" errors="0" failures="0" skipped="0" timestamp="2025-03-18T03:17:53" time="0.993">
    <testcase classname="WorkbookController test post_encrypt_workbook test" name="should call PostEncryptWorkbook successfully" time="0.991">
    </testcase>
  </testsuite>
  <testsuite name="WorkbookController test delete_decrypt_workbook test" tests="1" errors="0" failures="0" skipped="0" timestamp="2025-03-18T03:17:54" time="1.064">
    <testcase classname="WorkbookController test delete_decrypt_workbook test" name="should call DeleteDecryptWorkbook successfully" time="1.062">
    </testcase>
  </testsuite>
  <testsuite name="WorkbookController test post_protect_workbook test" tests="1" errors="0" failures="0" skipped="0" timestamp="2025-03-18T03:17:55" time="1.06">
    <testcase classname="WorkbookController test post_protect_workbook test" name="should call PostProtectWorkbook successfully" time="1.058">
    </testcase>
  </testsuite>
  <testsuite name="WorkbookController test delete_un_protect_workbook test" tests="1" errors="0" failures="1" skipped="0" timestamp="2025-03-18T03:17:56" time="0.627">
    <testcase classname="WorkbookController test delete_un_protect_workbook test" name="should call DeleteUnProtectWorkbook successfully" time="0.624">
      <failure message="the object {
  &quot;code&quot;: 400
  &quot;message&quot;: [undefined]
} was thrown, throw an Error :)"></failure>
    </testcase>
  </testsuite>
  <testsuite name="WorkbookController test get_workbook_default_style test" tests="1" errors="0" failures="0" skipped="0" timestamp="2025-03-18T03:17:57" time="0.342">
    <testcase classname="WorkbookController test get_workbook_default_style test" name="should call GetWorkbookDefaultStyle successfully" time="0.34">
    </testcase>
  </testsuite>
  <testsuite name="WorkbookController test get_workbook_text_items test" tests="1" errors="0" failures="0" skipped="0" timestamp="2025-03-18T03:17:57" time="0.548">
    <testcase classname="WorkbookController test get_workbook_text_items test" name="should call GetWorkbookTextItems successfully" time="0.547">
    </testcase>
  </testsuite>
  <testsuite name="WorkbookController test get_workbook_names test" tests="1" errors="0" failures="0" skipped="0" timestamp="2025-03-18T03:17:58" time="0.406">
    <testcase classname="WorkbookController test get_workbook_names test" name="should call GetWorkbookNames successfully" time="0.404">
    </testcase>
  </testsuite>
  <testsuite name="WorkbookController test put_workbook_name test" tests="1" errors="0" failures="0" skipped="0" timestamp="2025-03-18T03:17:58" time="0.767">
    <testcase classname="WorkbookController test put_workbook_name test" name="should call PutWorkbookName successfully" time="0.763">
    </testcase>
  </testsuite>
  <testsuite name="WorkbookController test get_workbook_name test" tests="1" errors="0" failures="0" skipped="0" timestamp="2025-03-18T03:17:59" time="0.349">
    <testcase classname="WorkbookController test get_workbook_name test" name="should call GetWorkbookName successfully" time="0.346">
    </testcase>
  </testsuite>
  <testsuite name="WorkbookController test post_workbook_name test" tests="1" errors="0" failures="0" skipped="0" timestamp="2025-03-18T03:17:59" time="0.821">
    <testcase classname="WorkbookController test post_workbook_name test" name="should call PostWorkbookName successfully" time="0.818">
    </testcase>
  </testsuite>
  <testsuite name="WorkbookController test get_workbook_name_value test" tests="1" errors="0" failures="0" skipped="0" timestamp="2025-03-18T03:18:00" time="0.343">
    <testcase classname="WorkbookController test get_workbook_name_value test" name="should call GetWorkbookNameValue successfully" time="0.34">
    </testcase>
  </testsuite>
  <testsuite name="WorkbookController test delete_workbook_names test" tests="1" errors="0" failures="0" skipped="0" timestamp="2025-03-18T03:18:00" time="0.804">
    <testcase classname="WorkbookController test delete_workbook_names test" name="should call DeleteWorkbookNames successfully" time="0.802">
    </testcase>
  </testsuite>
  <testsuite name="WorkbookController test delete_workbook_name test" tests="1" errors="0" failures="0" skipped="0" timestamp="2025-03-18T03:18:01" time="1.124">
    <testcase classname="WorkbookController test delete_workbook_name test" name="should call DeleteWorkbookName successfully" time="1.122">
    </testcase>
  </testsuite>
  <testsuite name="WorkbookController test put_document_protect_from_changes test" tests="1" errors="0" failures="0" skipped="0" timestamp="2025-03-18T03:18:02" time="0.824">
    <testcase classname="WorkbookController test put_document_protect_from_changes test" name="should call PutDocumentProtectFromChanges successfully" time="0.822">
    </testcase>
  </testsuite>
  <testsuite name="WorkbookController test delete_document_un_protect_from_changes test" tests="1" errors="0" failures="0" skipped="0" timestamp="2025-03-18T03:18:03" time="0.822">
    <testcase classname="WorkbookController test delete_document_un_protect_from_changes test" name="should call DeleteDocumentUnProtectFromChanges successfully" time="0.819">
    </testcase>
  </testsuite>
  <testsuite name="WorkbookController test post_workbooks_merge test" tests="1" errors="0" failures="0" skipped="0" timestamp="2025-03-18T03:18:04" time="1.028">
    <testcase classname="WorkbookController test post_workbooks_merge test" name="should call PostWorkbooksMerge successfully" time="1.025">
    </testcase>
  </testsuite>
  <testsuite name="WorkbookController test post_workbooks_text_search test" tests="1" errors="0" failures="0" skipped="0" timestamp="2025-03-18T03:18:05" time="0.619">
    <testcase classname="WorkbookController test post_workbooks_text_search test" name="should call PostWorkbooksTextSearch successfully" time="0.617">
    </testcase>
  </testsuite>
  <testsuite name="WorkbookController test post_workbook_text_replace test" tests="1" errors="0" failures="0" skipped="0" timestamp="2025-03-18T03:18:06" time="0.825">
[...]
    </testcase>
  </testsuite>
  <testsuite name="LightCells test post_export_jpg_oleobject test" tests="1" errors="0" failures="0" skipped="0" timestamp="2025-03-18T03:36:17" time="0.464">
    <testcase classname="LightCells test post_export_jpg_oleobject test" name="should call PostExport successfully" time="0.462">
    </testcase>
  </testsuite>
  <testsuite name="LightCells test post_export_gif_oleobject test" tests="1" errors="0" failures="0" skipped="0" timestamp="2025-03-18T03:36:17" time="0.477">
    <testcase classname="LightCells test post_export_gif_oleobject test" name="should call PostExport successfully" time="0.475">
    </testcase>
  </testsuite>
  <testsuite name="LightCells test post_export_emf_oleobject test" tests="1" errors="0" failures="0" skipped="0" timestamp="2025-03-18T03:36:18" time="0.625">
    <testcase classname="LightCells test post_export_emf_oleobject test" name="should call PostExport successfully" time="0.623">
    </testcase>
  </testsuite>
  <testsuite name="LightCells test post_export_bmp_oleobject test" tests="1" errors="0" failures="0" skipped="0" timestamp="2025-03-18T03:36:19" time="2.026">
    <testcase classname="LightCells test post_export_bmp_oleobject test" name="should call PostExport successfully" time="2.023">
    </testcase>
  </testsuite>
  <testsuite name="LightCells test post_compress_50 test" tests="1" errors="0" failures="0" skipped="0" timestamp="2025-03-18T03:36:21" time="0.42">
    <testcase classname="LightCells test post_compress_50 test" name="should call PostCompress successfully" time="0.415">
    </testcase>
  </testsuite>
  <testsuite name="LightCells test post_compress_90 test" tests="1" errors="0" failures="0" skipped="0" timestamp="2025-03-18T03:36:21" time="0.422">
    <testcase classname="LightCells test post_compress_90 test" name="should call PostCompress successfully" time="0.419">
    </testcase>
  </testsuite>
  <testsuite name="LightCells test post_merge_csv_true test" tests="1" errors="0" failures="0" skipped="0" timestamp="2025-03-18T03:36:21" time="0.441">
    <testcase classname="LightCells test post_merge_csv_true test" name="should call PostMerge successfully" time="0.438">
    </testcase>
  </testsuite>
  <testsuite name="LightCells test post_merge_xls_true test" tests="1" errors="0" failures="0" skipped="0" timestamp="2025-03-18T03:36:22" time="0.423">
    <testcase classname="LightCells test post_merge_xls_true test" name="should call PostMerge successfully" time="0.421">
    </testcase>
  </testsuite>
  <testsuite name="LightCells test post_merge_html_true test" tests="1" errors="0" failures="0" skipped="0" timestamp="2025-03-18T03:36:22" time="0.43">
    <testcase classname="LightCells test post_merge_html_true test" name="should call PostMerge successfully" time="0.426">
    </testcase>
  </testsuite>
  <testsuite name="LightCells test post_merge_mhtml_true test" tests="1" errors="0" failures="0" skipped="0" timestamp="2025-03-18T03:36:23" time="0.42">
    <testcase classname="LightCells test post_merge_mhtml_true test" name="should call PostMerge successfully" time="0.419">
    </testcase>
  </testsuite>
  <testsuite name="LightCells test post_merge_ods_true test" tests="1" errors="0" failures="0" skipped="0" timestamp="2025-03-18T03:36:23" time="0.411">
    <testcase classname="LightCells test post_merge_ods_true test" name="should call PostMerge successfully" time="0.409">
    </testcase>
  </testsuite>
  <testsuite name="LightCells test post_merge_pdf_true test" tests="1" errors="0" failures="0" skipped="0" timestamp="2025-03-18T03:36:24" time="0.413">
    <testcase classname="LightCells test post_merge_pdf_true test" name="should call PostMerge successfully" time="0.41">
    </testcase>
  </testsuite>
  <testsuite name="LightCells test post_merge_xml_true test" tests="1" errors="0" failures="0" skipped="0" timestamp="2025-03-18T03:36:24" time="0.395">
    <testcase classname="LightCells test post_merge_xml_true test" name="should call PostMerge successfully" time="0.394">
    </testcase>
  </testsuite>
  <testsuite name="LightCells test post_merge_txt_true test" tests="1" errors="0" failures="0" skipped="0" timestamp="2025-03-18T03:36:24" time="0.407">
    <testcase classname="LightCells test post_merge_txt_true test" name="should call PostMerge successfully" time="0.405">
    </testcase>
  </testsuite>
  <testsuite name="LightCells test post_merge_tif_true test" tests="1" errors="0" failures="0" skipped="0" timestamp="2025-03-18T03:36:25" time="0.5">
    <testcase classname="LightCells test post_merge_tif_true test" name="should call PostMerge successfully" time="0.496">
    </testcase>
  </testsuite>
  <testsuite name="LightCells test post_merge_xlsb_true test" tests="1" errors="0" failures="0" skipped="0" timestamp="2025-03-18T03:36:25" time="0.445">
    <testcase classname="LightCells test post_merge_xlsb_true test" name="should call PostMerge successfully" time="0.441">
    </testcase>
  </testsuite>
  <testsuite name="LightCells test post_merge_xlsm_true test" tests="1" errors="0" failures="0" skipped="0" timestamp="2025-03-18T03:36:26" time="0.413">
    <testcase classname="LightCells test post_merge_xlsm_true test" name="should call PostMerge successfully" time="0.411">
    </testcase>
  </testsuite>
  <testsuite name="LightCells test post_merge_xlsx_true test" tests="1" errors="0" failures="0" skipped="0" timestamp="2025-03-18T03:36:26" time="0.445">
    <testcase classname="LightCells test post_merge_xlsx_true test" name="should call PostMerge successfully" time="0.443">
    </testcase>
  </testsuite>
  <testsuite name="LightCells test post_merge_xltm_true test" tests="1" errors="0" failures="0" skipped="0" timestamp="2025-03-18T03:36:27" time="0.408">
    <testcase classname="LightCells test post_merge_xltm_true test" name="should call PostMerge successfully" time="0.407">
    </testcase>
  </testsuite>
  <testsuite name="LightCells test post_merge_xltx_true test" tests="1" errors="0" failures="0" skipped="0" timestamp="2025-03-18T03:36:27" time="0.39">
    <testcase classname="LightCells test post_merge_xltx_true test" name="should call PostMerge successfully" time="0.388">
    </testcase>
  </testsuite>
  <testsuite name="LightCells test post_merge_xps_true test" tests="1" errors="0" failures="0" skipped="0" timestamp="2025-03-18T03:36:27" time="0.417">
    <testcase classname="LightCells test post_merge_xps_true test" name="should call PostMerge successfully" time="0.414">
    </testcase>
  </testsuite>
  <testsuite name="LightCells test post_merge_png_true test" tests="1" errors="0" failures="0" skipped="0" timestamp="2025-03-18T03:36:28" time="0.448">
    <testcase classname="LightCells test post_merge_png_true test" name="should call PostMerge successfully" time="0.445">
    </testcase>
  </testsuite>
  <testsuite name="LightCells test post_merge_jpg_true test" tests="1" errors="0" failures="0" skipped="0" timestamp="2025-03-18T03:36:28" time="0.401">
    <testcase classname="LightCells test post_merge_jpg_true test" name="should call PostMerge successfully" time="0.399">
    </testcase>
  </testsuite>
  <testsuite name="LightCells test post_merge_gif_true test" tests="1" errors="0" failures="0" skipped="0" timestamp="2025-03-18T03:36:29" time="0.418">
    <testcase classname="LightCells test post_merge_gif_true test" name="should call PostMerge successfully" time="0.415">
    </testcase>
  </testsuite>
  <testsuite name="LightCells test post_merge_emf_true test" tests="1" errors="0" failures="0" skipped="0" timestamp="2025-03-18T03:36:29" time="0.845">
    <testcase classname="LightCells test post_merge_emf_true test" name="should call PostMerge successfully" time="0.843">
    </testcase>
  </testsuite>
  <testsuite name="LightCells test post_merge_bmp_true test" tests="1" errors="0" failures="0" skipped="0" timestamp="2025-03-18T03:36:30" time="2.948">
    <testcase classname="LightCells test post_merge_bmp_true test" name="should call PostMerge successfully" time="2.947">
    </testcase>
  </testsuite>
  <testsuite name="LightCells test post_merge_md_true test" tests="1" errors="0" failures="0" skipped="0" timestamp="2025-03-18T03:36:33" time="0.787">
    <testcase classname="LightCells test post_merge_md_true test" name="should call PostMerge successfully" time="0.785">
    </testcase>
  </testsuite>
  <testsuite name="LightCells test post_merge_numbers_true test" tests="1" errors="0" failures="0" skipped="0" timestamp="2025-03-18T03:36:34" time="0.922">
    <testcase classname="LightCells test post_merge_numbers_true test" name="should call PostMerge successfully" time="0.918">
    </testcase>
  </testsuite>
  <testsuite name="LightCells test post_merge_wmf_true test" tests="1" errors="0" failures="0" skipped="0" timestamp="2025-03-18T03:36:35" time="1.058">
    <testcase classname="LightCells test post_merge_wmf_true test" name="should call PostMerge successfully" time="1.056">
    </testcase>
  </testsuite>
  <testsuite name="LightCells test post_merge_svg_true test" tests="1" errors="0" failures="0" skipped="0" timestamp="2025-03-18T03:36:36" time="0.408">
    <testcase classname="LightCells test post_merge_svg_true test" name="should call PostMerge successfully" time="0.406">
    </testcase>
  </testsuite>
  <testsuite name="LightCells test post_merge_docx_false test" tests="1" errors="0" failures="0" skipped="0" timestamp="2025-03-18T03:36:36" time="0.456">
    <testcase classname="LightCells test post_merge_docx_false test" name="should call PostMerge successfully" time="0.454">
    </testcase>
  </testsuite>
  <testsuite name="LightCells test post_merge_pptx_false test" tests="1" errors="0" failures="0" skipped="0" timestamp="2025-03-18T03:36:36" time="0.487">
    <testcase classname="LightCells test post_merge_pptx_false test" name="should call PostMerge successfully" time="0.486">
    </testcase>
  </testsuite>
  <testsuite name="LightCells test post_merge_json_false test" tests="1" errors="0" failures="0" skipped="0" timestamp="2025-03-18T03:36:37" time="0.44">
    <testcase classname="LightCells test post_merge_json_false test" name="should call PostMerge successfully" time="0.437">
    </testcase>
  </testsuite>
  <testsuite name="LightCells test post_merge_sql_false test" tests="1" errors="0" failures="0" skipped="0" timestamp="2025-03-18T03:36:37" time="0.398">
    <testcase classname="LightCells test post_merge_sql_false test" name="should call PostMerge successfully" time="0.396">
    </testcase>
  </testsuite>
  <testsuite name="LightCells test post_unlock test" tests="1" errors="0" failures="0" skipped="0" timestamp="2025-03-18T03:36:38" time="2.516">
    <testcase classname="LightCells test post_unlock test" name="should call PostUnlock successfully" time="2.512">
    </testcase>
  </testsuite>
  <testsuite name="LightCells test post_protect test" tests="1" errors="0" failures="0" skipped="0" timestamp="2025-03-18T03:36:40" time="0.478">
    <testcase classname="LightCells test post_protect test" name="should call PostProtect successfully" time="0.477">
    </testcase>
  </testsuite>
  <testsuite name="LightCells test post_protect__protect_workbook_request test" tests="1" errors="0" failures="0" skipped="0" timestamp="2025-03-18T03:36:41" time="0.424">
    <testcase classname="LightCells test post_protect__protect_workbook_request test" name="should call PostProtect successfully" time="0.419">
    </testcase>
  </testsuite>
  <testsuite name="LightCells test post_search test" tests="1" errors="0" failures="0" skipped="0" timestamp="2025-03-18T03:36:41" time="0.401">
    <testcase classname="LightCells test post_search test" name="should call PostSearch successfully" time="0.399">
    </testcase>
  </testsuite>
  <testsuite name="LightCells test post_replace test" tests="1" errors="0" failures="0" skipped="0" timestamp="2025-03-18T03:36:42" time="0.411">
    <testcase classname="LightCells test post_replace test" name="should call PostReplace successfully" time="0.408">
    </testcase>
  </testsuite>
  <testsuite name="LightCells test post_replace_only_sheetname test" tests="1" errors="0" failures="0" skipped="0" timestamp="2025-03-18T03:36:42" time="0.404">
    <testcase classname="LightCells test post_replace_only_sheetname test" name="should call PostReplace successfully" time="0.401">
    </testcase>
  </testsuite>
  <testsuite name="LightCells test post_watermark test" tests="1" errors="0" failures="0" skipped="0" timestamp="2025-03-18T03:36:42" time="0.438">
    <testcase classname="LightCells test post_watermark test" name="should call PostWatermark successfully" time="0.434">
    </testcase>
  </testsuite>
  <testsuite name="LightCells test post_clear_objects_chart test" tests="1" errors="0" failures="0" skipped="0" timestamp="2025-03-18T03:36:43" time="2.015">
    <testcase classname="LightCells test post_clear_objects_chart test" name="should call PostClearObjects successfully" time="2.013">
    </testcase>
  </testsuite>
  <testsuite name="LightCells test post_clear_objects_comment test" tests="1" errors="0" failures="0" skipped="0" timestamp="2025-03-18T03:36:45" time="1.851">
    <testcase classname="LightCells test post_clear_objects_comment test" name="should call PostClearObjects successfully" time="1.846">
    </testcase>
  </testsuite>
  <testsuite name="LightCells test post_clear_objects_picture test" tests="1" errors="0" failures="0" skipped="0" timestamp="2025-03-18T03:36:47" time="1.55">
    <testcase classname="LightCells test post_clear_objects_picture test" name="should call PostClearObjects successfully" time="1.548">
    </testcase>
  </testsuite>
  <testsuite name="LightCells test post_clear_objects_shape test" tests="1" errors="0" failures="0" skipped="0" timestamp="2025-03-18T03:36:48" time="1.029">
    <testcase classname="LightCells test post_clear_objects_shape test" name="should call PostClearObjects successfully" time="1.027">
    </testcase>
  </testsuite>
  <testsuite name="LightCells test post_clear_objects_listobject test" tests="1" errors="0" failures="0" skipped="0" timestamp="2025-03-18T03:36:49" time="2.267">
    <testcase classname="LightCells test post_clear_objects_listobject test" name="should call PostClearObjects successfully" time="2.264">
    </testcase>
  </testsuite>
  <testsuite name="LightCells test post_clear_objects_hyperlink test" tests="1" errors="0" failures="0" skipped="0" timestamp="2025-03-18T03:36:52" time="2.098">
    <testcase classname="LightCells test post_clear_objects_hyperlink test" name="should call PostClearObjects successfully" time="2.095">
    </testcase>
  </testsuite>
  <testsuite name="LightCells test post_clear_objects_oleobject test" tests="1" errors="0" failures="0" skipped="0" timestamp="2025-03-18T03:36:54" time="1.414">
    <testcase classname="LightCells test post_clear_objects_oleobject test" name="should call PostClearObjects successfully" time="1.412">
    </testcase>
  </testsuite>
  <testsuite name="LightCells test post_clear_objects_pivottable test" tests="1" errors="0" failures="0" skipped="0" timestamp="2025-03-18T03:36:55" time="1.598">
    <testcase classname="LightCells test post_clear_objects_pivottable test" name="should call PostClearObjects successfully" time="1.596">
    </testcase>
  </testsuite>
  <testsuite name="LightCells test post_clear_objects_validation test" tests="1" errors="0" failures="0" skipped="0" timestamp="2025-03-18T03:36:57" time="2.081">
    <testcase classname="LightCells test post_clear_objects_validation test" name="should call PostClearObjects successfully" time="2.078">
    </testcase>
  </testsuite>
  <testsuite name="LightCells test post_clear_objects__background test" tests="1" errors="0" failures="0" skipped="0" timestamp="2025-03-18T03:36:59" time="1.74">
    <testcase classname="LightCells test post_clear_objects__background test" name="should call PostClearObjects successfully" time="1.724">
    </testcase>
  </testsuite>
  <testsuite name="LightCells test post_repair_xlsx test" tests="1" errors="0" failures="0" skipped="0" timestamp="2025-03-18T03:37:01" time="1.537">
    <testcase classname="LightCells test post_repair_xlsx test" name="should call PostRepair successfully" time="1.535">
    </testcase>
  </testsuite>
  <testsuite name="LightCells test post_repair_pdf test" tests="1" errors="0" failures="0" skipped="0" timestamp="2025-03-18T03:37:02" time="1.182">
    <testcase classname="LightCells test post_repair_pdf test" name="should call PostRepair successfully" time="1.179">
    </testcase>
  </testsuite>
  <testsuite name="LightCells test post_repair_csv test" tests="1" errors="0" failures="0" skipped="0" timestamp="2025-03-18T03:37:03" time="0.466">
    <testcase classname="LightCells test post_repair_csv test" name="should call PostRepair successfully" time="0.464">
    </testcase>
  </testsuite>
  <testsuite name="LightCells test post_repair_png test" tests="1" errors="0" failures="0" skipped="0" timestamp="2025-03-18T03:37:04" time="2.269">
    <testcase classname="LightCells test post_repair_png test" name="should call PostRepair successfully" time="2.266">
    </testcase>
  </testsuite>
  <testsuite name="LightCells test post_reverse_rows_pdf test" tests="1" errors="0" failures="0" skipped="0" timestamp="2025-03-18T03:37:06" time="1.141">
    <testcase classname="LightCells test post_reverse_rows_pdf test" name="should call PostReverse successfully" time="1.138">
    </testcase>
  </testsuite>
  <testsuite name="LightCells test post_reverse_cols_pdf test" tests="1" errors="0" failures="0" skipped="0" timestamp="2025-03-18T03:37:07" time="1.607">
    <testcase classname="LightCells test post_reverse_cols_pdf test" name="should call PostReverse successfully" time="1.604">
    </testcase>
  </testsuite>
  <testsuite name="LightCells test post_reverse_both_pdf test" tests="1" errors="0" failures="0" skipped="0" timestamp="2025-03-18T03:37:09" time="1.462">
    <testcase classname="LightCells test post_reverse_both_pdf test" name="should call PostReverse successfully" time="1.458">
    </testcase>
  </testsuite>
  <testsuite name="LightCells test post_reverse_rows_csv test" tests="1" errors="0" failures="0" skipped="0" timestamp="2025-03-18T03:37:10" time="0.473">
    <testcase classname="LightCells test post_reverse_rows_csv test" name="should call PostReverse successfully" time="0.471">
    </testcase>
  </testsuite>
  <testsuite name="LightCells test post_reverse_cols_png test" tests="1" errors="0" failures="0" skipped="0" timestamp="2025-03-18T03:37:11" time="2.18">
    <testcase classname="LightCells test post_reverse_cols_png test" name="should call PostReverse successfully" time="2.178">
    </testcase>
  </testsuite>
  <testsuite name="LightCells test post_reverse_both_xlsx test" tests="1" errors="0" failures="0" skipped="0" timestamp="2025-03-18T03:37:13" time="1.364">
    <testcase classname="LightCells test post_reverse_both_xlsx test" name="should call PostReverse successfully" time="1.361">
    </testcase>
  </testsuite>
  <testsuite name="LightCells test get_metadata test" tests="1" errors="0" failures="0" skipped="0" timestamp="2025-03-18T03:37:14" time="1.194">
    <testcase classname="LightCells test get_metadata test" name="should call GetMetadata successfully" time="1.192">
    </testcase>
  </testsuite>
  <testsuite name="LightCells test delete_metadata test" tests="1" errors="0" failures="0" skipped="0" timestamp="2025-03-18T03:37:15" time="2.514">
    <testcase classname="LightCells test delete_metadata test" name="should call DeleteMetadata successfully" time="2.511">
    </testcase>
  </testsuite>
  <testsuite name="LightCells test post_metadata test" tests="1" errors="0" failures="0" skipped="0" timestamp="2025-03-18T03:37:18" time="1.063">
    <testcase classname="LightCells test post_metadata test" name="should call PostMetadata successfully" time="1.061">
    </testcase>
  </testsuite>
</testsuites>