<testsuites name="Mocha Tests">
  <testsuite name="AutoFilterController test get_worksheet_auto_filter test" tests="1" errors="0" failures="1" skipped="0" timestamp="2024-11-24T14:06:06" time="0.105">
    <testcase classname="AutoFilterController test get_worksheet_auto_filter test" name="should call GetWorksheetAutoFilter successfully" time="0.013">
      <failure message="ENOENT: no such file or directory, open &apos;D:\CloudSdk\aspose-cells-cloud-node\TestData\Book1.xlsx&apos;"></failure>
    </testcase>
  </testsuite>
  <testsuite name="AutoFilterController test put_worksheet_date_filter test" tests="1" errors="0" failures="1" skipped="0" timestamp="2024-11-24T14:06:06" time="0.007">
    <testcase classname="AutoFilterController test put_worksheet_date_filter test" name="should call PutWorksheetDateFilter successfully" time="0.002">
      <failure message="ENOENT: no such file or directory, open &apos;D:\CloudSdk\aspose-cells-cloud-node\TestData\Book1.xlsx&apos;"></failure>
    </testcase>
  </testsuite>
  <testsuite name="AutoFilterController test put_worksheet_filter test" tests="1" errors="0" failures="1" skipped="0" timestamp="2024-11-24T14:06:06" time="0.008">
    <testcase classname="AutoFilterController test put_worksheet_filter test" name="should call PutWorksheetFilter successfully" time="0.004">
      <failure message="ENOENT: no such file or directory, open &apos;D:\CloudSdk\aspose-cells-cloud-node\TestData\Book1.xlsx&apos;"></failure>
    </testcase>
  </testsuite>
  <testsuite name="AutoFilterController test put_worksheet_icon_filter test" tests="1" errors="0" failures="1" skipped="0" timestamp="2024-11-24T14:06:06" time="0.005">
    <testcase classname="AutoFilterController test put_worksheet_icon_filter test" name="should call PutWorksheetIconFilter successfully" time="0.002">
      <failure message="ENOENT: no such file or directory, open &apos;D:\CloudSdk\aspose-cells-cloud-node\TestData\Book1.xlsx&apos;"></failure>
    </testcase>
  </testsuite>
  <testsuite name="AutoFilterController test put_worksheet_custom_filter test" tests="1" errors="0" failures="1" skipped="0" timestamp="2024-11-24T14:06:06" time="0.015">
    <testcase classname="AutoFilterController test put_worksheet_custom_filter test" name="should call PutWorksheetCustomFilter successfully" time="0.002">
      <failure message="ENOENT: no such file or directory, open &apos;D:\CloudSdk\aspose-cells-cloud-node\TestData\Book1.xlsx&apos;"></failure>
    </testcase>
  </testsuite>
  <testsuite name="AutoFilterController test put_worksheet_dynamic_filter test" tests="1" errors="0" failures="1" skipped="0" timestamp="2024-11-24T14:06:06" time="0.011">
    <testcase classname="AutoFilterController test put_worksheet_dynamic_filter test" name="should call PutWorksheetDynamicFilter successfully" time="0.008">
      <failure message="ENOENT: no such file or directory, open &apos;D:\CloudSdk\aspose-cells-cloud-node\TestData\Book1.xlsx&apos;"></failure>
    </testcase>
  </testsuite>
  <testsuite name="AutoFilterController test put_worksheet_filter_top10 test" tests="1" errors="0" failures="1" skipped="0" timestamp="2024-11-24T14:06:06" time="0.004">
    <testcase classname="AutoFilterController test put_worksheet_filter_top10 test" name="should call PutWorksheetFilterTop10 successfully" time="0.002">
      <failure message="ENOENT: no such file or directory, open &apos;D:\CloudSdk\aspose-cells-cloud-node\TestData\Book1.xlsx&apos;"></failure>
    </testcase>
  </testsuite>
  <testsuite name="AutoFilterController test put_worksheet_color_filter test" tests="1" errors="0" failures="1" skipped="0" timestamp="2024-11-24T14:06:06" time="0.007">
    <testcase classname="AutoFilterController test put_worksheet_color_filter test" name="should call PutWorksheetColorFilter successfully" time="0.004">
      <failure message="ENOENT: no such file or directory, open &apos;D:\CloudSdk\aspose-cells-cloud-node\TestData\Book1.xlsx&apos;"></failure>
    </testcase>
  </testsuite>
  <testsuite name="AutoFilterController test post_worksheet_match_blanks test" tests="1" errors="0" failures="1" skipped="0" timestamp="2024-11-24T14:06:06" time="0.007">
    <testcase classname="AutoFilterController test post_worksheet_match_blanks test" name="should call PostWorksheetMatchBlanks successfully" time="0.003">
      <failure message="ENOENT: no such file or directory, open &apos;D:\CloudSdk\aspose-cells-cloud-node\TestData\Book1.xlsx&apos;"></failure>
    </testcase>
  </testsuite>
  <testsuite name="AutoFilterController test post_worksheet_match_non_blanks test" tests="1" errors="0" failures="1" skipped="0" timestamp="2024-11-24T14:06:06" time="0.007">
    <testcase classname="AutoFilterController test post_worksheet_match_non_blanks test" name="should call PostWorksheetMatchNonBlanks successfully" time="0.002">
      <failure message="ENOENT: no such file or directory, open &apos;D:\CloudSdk\aspose-cells-cloud-node\TestData\Book1.xlsx&apos;"></failure>
    </testcase>
  </testsuite>
  <testsuite name="AutoFilterController test post_worksheet_auto_filter_refresh test" tests="1" errors="0" failures="1" skipped="0" timestamp="2024-11-24T14:06:06" time="0.006">
    <testcase classname="AutoFilterController test post_worksheet_auto_filter_refresh test" name="should call PostWorksheetAutoFilterRefresh successfully" time="0.002">
      <failure message="ENOENT: no such file or directory, open &apos;D:\CloudSdk\aspose-cells-cloud-node\TestData\Book1.xlsx&apos;"></failure>
    </testcase>
  </testsuite>
  <testsuite name="AutoFilterController test delete_worksheet_date_filter test" tests="1" errors="0" failures="1" skipped="0" timestamp="2024-11-24T14:06:06" time="0.009">
    <testcase classname="AutoFilterController test delete_worksheet_date_filter test" name="should call DeleteWorksheetDateFilter successfully" time="0.002">
      <failure message="ENOENT: no such file or directory, open &apos;D:\CloudSdk\aspose-cells-cloud-node\TestData\Book1.xlsx&apos;"></failure>
    </testcase>
  </testsuite>
  <testsuite name="AutoFilterController test delete_worksheet_filter test" tests="1" errors="0" failures="1" skipped="0" timestamp="2024-11-24T14:06:06" time="0.005">
    <testcase classname="AutoFilterController test delete_worksheet_filter test" name="should call DeleteWorksheetFilter successfully" time="0.001">
      <failure message="ENOENT: no such file or directory, open &apos;D:\CloudSdk\aspose-cells-cloud-node\TestData\Book1.xlsx&apos;"></failure>
    </testcase>
  </testsuite>
  <testsuite name="BatchController test post_batch_convert test" tests="1" errors="0" failures="1" skipped="0" timestamp="2024-11-24T14:06:06" time="0.01">
    <testcase classname="BatchController test post_batch_convert test" name="should call PostBatchConvert successfully" time="0.002">
      <failure message="ENOENT: no such file or directory, open &apos;D:\CloudSdk\aspose-cells-cloud-node\TestData\myDocument.xlsx&apos;"></failure>
    </testcase>
  </testsuite>
  <testsuite name="BatchController test post_batch_protect test" tests="1" errors="0" failures="1" skipped="0" timestamp="2024-11-24T14:06:06" time="0.009">
    <testcase classname="BatchController test post_batch_protect test" name="should call PostBatchProtect successfully" time="0.002">
      <failure message="ENOENT: no such file or directory, open &apos;D:\CloudSdk\aspose-cells-cloud-node\TestData\myDocument.xlsx&apos;"></failure>
    </testcase>
  </testsuite>
  <testsuite name="BatchController test post_batch_lock test" tests="1" errors="0" failures="1" skipped="0" timestamp="2024-11-24T14:06:06" time="0.007">
    <testcase classname="BatchController test post_batch_lock test" name="should call PostBatchLock successfully" time="0.002">
      <failure message="ENOENT: no such file or directory, open &apos;D:\CloudSdk\aspose-cells-cloud-node\TestData\Book1.xlsx&apos;"></failure>
    </testcase>
  </testsuite>
  <testsuite name="BatchController test post_batch_unlock test" tests="1" errors="0" failures="1" skipped="0" timestamp="2024-11-24T14:06:06" time="0.011">
    <testcase classname="BatchController test post_batch_unlock test" name="should call PostBatchUnlock successfully" time="0.002">
      <failure message="ENOENT: no such file or directory, open &apos;D:\CloudSdk\aspose-cells-cloud-node\TestData\Book1.xlsx&apos;"></failure>
    </testcase>
  </testsuite>
  <testsuite name="CellsController test post_clear_contents test" tests="1" errors="0" failures="1" skipped="0" timestamp="2024-11-24T14:06:06" time="0.005">
    <testcase classname="CellsController test post_clear_contents test" name="should call PostClearContents successfully" time="0.001">
      <failure message="ENOENT: no such file or directory, open &apos;D:\CloudSdk\aspose-cells-cloud-node\TestData\Book1.xlsx&apos;"></failure>
    </testcase>
  </testsuite>
  <testsuite name="CellsController test post_clear_formats test" tests="1" errors="0" failures="1" skipped="0" timestamp="2024-11-24T14:06:06" time="0.008">
    <testcase classname="CellsController test post_clear_formats test" name="should call PostClearFormats successfully" time="0.004">
      <failure message="ENOENT: no such file or directory, open &apos;D:\CloudSdk\aspose-cells-cloud-node\TestData\Book1.xlsx&apos;"></failure>
    </testcase>
  </testsuite>
  <testsuite name="CellsController test post_update_worksheet_range_style test" tests="1" errors="0" failures="1" skipped="0" timestamp="2024-11-24T14:06:06" time="0.005">
    <testcase classname="CellsController test post_update_worksheet_range_style test" name="should call PostUpdateWorksheetRangeStyle successfully" time="0.002">
      <failure message="ENOENT: no such file or directory, open &apos;D:\CloudSdk\aspose-cells-cloud-node\TestData\Book1.xlsx&apos;"></failure>
    </testcase>
  </testsuite>
  <testsuite name="CellsController test post_worksheet_merge test" tests="1" errors="0" failures="1" skipped="0" timestamp="2024-11-24T14:06:06" time="0.008">
    <testcase classname="CellsController test post_worksheet_merge test" name="should call PostWorksheetMerge successfully" time="0.004">
      <failure message="ENOENT: no such file or directory, open &apos;D:\CloudSdk\aspose-cells-cloud-node\TestData\Book1.xlsx&apos;"></failure>
    </testcase>
  </testsuite>
  <testsuite name="CellsController test post_worksheet_unmerge test" tests="1" errors="0" failures="1" skipped="0" timestamp="2024-11-24T14:06:06" time="0.006">
    <testcase classname="CellsController test post_worksheet_unmerge test" name="should call PostWorksheetUnmerge successfully" time="0.002">
      <failure message="ENOENT: no such file or directory, open &apos;D:\CloudSdk\aspose-cells-cloud-node\TestData\Book1.xlsx&apos;"></failure>
    </testcase>
  </testsuite>
  <testsuite name="CellsController test get_worksheet_cells test" tests="1" errors="0" failures="1" skipped="0" timestamp="2024-11-24T14:06:06" time="0.007">
    <testcase classname="CellsController test get_worksheet_cells test" name="should call GetWorksheetCells successfully" time="0.001">
      <failure message="ENOENT: no such file or directory, open &apos;D:\CloudSdk\aspose-cells-cloud-node\TestData\Book1.xlsx&apos;"></failure>
    </testcase>
  </testsuite>
  <testsuite name="CellsController test get_worksheet_cell test" tests="1" errors="0" failures="1" skipped="0" timestamp="2024-11-24T14:06:06" time="0.006">
    <testcase classname="CellsController test get_worksheet_cell test" name="should call GetWorksheetCell successfully" time="0.001">
      <failure message="ENOENT: no such file or directory, open &apos;D:\CloudSdk\aspose-cells-cloud-node\TestData\Book1.xlsx&apos;"></failure>
    </testcase>
  </testsuite>
  <testsuite name="CellsController test get_worksheet_cell_style test" tests="1" errors="0" failures="1" skipped="0" timestamp="2024-11-24T14:06:06" time="0.008">
    <testcase classname="CellsController test get_worksheet_cell_style test" name="should call GetWorksheetCellStyle successfully" time="0.002">
      <failure message="ENOENT: no such file or directory, open &apos;D:\CloudSdk\aspose-cells-cloud-node\TestData\Book1.xlsx&apos;"></failure>
    </testcase>
  </testsuite>
  <testsuite name="CellsController test post_worksheet_cell_set_value test" tests="1" errors="0" failures="1" skipped="0" timestamp="2024-11-24T14:06:06" time="0.019">
    <testcase classname="CellsController test post_worksheet_cell_set_value test" name="should call PostWorksheetCellSetValue successfully" time="0.002">
      <failure message="ENOENT: no such file or directory, open &apos;D:\CloudSdk\aspose-cells-cloud-node\TestData\Book1.xlsx&apos;"></failure>
    </testcase>
  </testsuite>
  <testsuite name="CellsController test post_update_worksheet_cell_style test" tests="1" errors="0" failures="1" skipped="0" timestamp="2024-11-24T14:06:06" time="0.01">
    <testcase classname="CellsController test post_update_worksheet_cell_style test" name="should call PostUpdateWorksheetCellStyle successfully" time="0.001">
      <failure message="ENOENT: no such file or directory, open &apos;D:\CloudSdk\aspose-cells-cloud-node\TestData\Book1.xlsx&apos;"></failure>
    </testcase>
  </testsuite>
  <testsuite name="CellsController test post_set_cell_range_value test" tests="1" errors="0" failures="1" skipped="0" timestamp="2024-11-24T14:06:06" time="0.007">
    <testcase classname="CellsController test post_set_cell_range_value test" name="should call PostSetCellRangeValue successfully" time="0.002">
      <failure message="ENOENT: no such file or directory, open &apos;D:\CloudSdk\aspose-cells-cloud-node\TestData\Book1.xlsx&apos;"></failure>
    </testcase>
  </testsuite>
  <testsuite name="CellsController test post_copy_cell_into_cell test" tests="1" errors="0" failures="1" skipped="0" timestamp="2024-11-24T14:06:06" time="0.011">
    <testcase classname="CellsController test post_copy_cell_into_cell test" name="should call PostCopyCellIntoCell successfully" time="0.002">
      <failure message="ENOENT: no such file or directory, open &apos;D:\CloudSdk\aspose-cells-cloud-node\TestData\Book1.xlsx&apos;"></failure>
    </testcase>
  </testsuite>
  <testsuite name="CellsController test get_cell_html_string test" tests="1" errors="0" failures="1" skipped="0" timestamp="2024-11-24T14:06:06" time="0.006">
    <testcase classname="CellsController test get_cell_html_string test" name="should call GetCellHtmlString successfully" time="0.002">
      <failure message="ENOENT: no such file or directory, open &apos;D:\CloudSdk\aspose-cells-cloud-node\TestData\Book1.xlsx&apos;"></failure>
    </testcase>
  </testsuite>
  <testsuite name="CellsController test post_set_cell_html_string test" tests="1" errors="0" failures="1" skipped="0" timestamp="2024-11-24T14:06:06" time="0.009">
    <testcase classname="CellsController test post_set_cell_html_string test" name="should call PostSetCellHtmlString successfully" time="0.003">
      <failure message="ENOENT: no such file or directory, open &apos;D:\CloudSdk\aspose-cells-cloud-node\TestData\Book1.xlsx&apos;"></failure>
    </testcase>
  </testsuite>
  <testsuite name="CellsController test post_cell_calculate test" tests="1" errors="0" failures="1" skipped="0" timestamp="2024-11-24T14:06:06" time="0.006">
    <testcase classname="CellsController test post_cell_calculate test" name="should call PostCellCalculate successfully" time="0.002">
      <failure message="ENOENT: no such file or directory, open &apos;D:\CloudSdk\aspose-cells-cloud-node\TestData\Book1.xlsx&apos;"></failure>
    </testcase>
  </testsuite>
  <testsuite name="CellsController test post_cell_characters test" tests="1" errors="0" failures="1" skipped="0" timestamp="2024-11-24T14:06:06" time="0.01">
    <testcase classname="CellsController test post_cell_characters test" name="should call PostCellCharacters successfully" time="0.002">
      <failure message="ENOENT: no such file or directory, open &apos;D:\CloudSdk\aspose-cells-cloud-node\TestData\Book1.xlsx&apos;"></failure>
    </testcase>
  </testsuite>
  <testsuite name="CellsController test get_worksheet_columns test" tests="1" errors="0" failures="1" skipped="0" timestamp="2024-11-24T14:06:06" time="0.009">
    <testcase classname="CellsController test get_worksheet_columns test" name="should call GetWorksheetColumns successfully" time="0.002">
      <failure message="ENOENT: no such file or directory, open &apos;D:\CloudSdk\aspose-cells-cloud-node\TestData\Book1.xlsx&apos;"></failure>
    </testcase>
  </testsuite>
  <testsuite name="CellsController test post_set_worksheet_column_width test" tests="1" errors="0" failures="1" skipped="0" timestamp="2024-11-24T14:06:06" time="0.006">
    <testcase classname="CellsController test post_set_worksheet_column_width test" name="should call PostSetWorksheetColumnWidth successfully" time="0.002">
      <failure message="ENOENT: no such file or directory, open &apos;D:\CloudSdk\aspose-cells-cloud-node\TestData\Book1.xlsx&apos;"></failure>
    </testcase>
  </testsuite>
  <testsuite name="CellsController test get_worksheet_column test" tests="1" errors="0" failures="1" skipped="0" timestamp="2024-11-24T14:06:06" time="0.007">
    <testcase classname="CellsController test get_worksheet_column test" name="should call GetWorksheetColumn successfully" time="0.003">
      <failure message="ENOENT: no such file or directory, open &apos;D:\CloudSdk\aspose-cells-cloud-node\TestData\Book1.xlsx&apos;"></failure>
    </testcase>
  </testsuite>
  <testsuite name="CellsController test put_insert_worksheet_columns test" tests="1" errors="0" failures="1" skipped="0" timestamp="2024-11-24T14:06:06" time="0.006">
    <testcase classname="CellsController test put_insert_worksheet_columns test" name="should call PutInsertWorksheetColumns successfully" time="0.001">
      <failure message="ENOENT: no such file or directory, open &apos;D:\CloudSdk\aspose-cells-cloud-node\TestData\Book1.xlsx&apos;"></failure>
    </testcase>
  </testsuite>
  <testsuite name="CellsController test delete_worksheet_columns test" tests="1" errors="0" failures="1" skipped="0" timestamp="2024-11-24T14:06:06" time="0.011">
    <testcase classname="CellsController test delete_worksheet_columns test" name="should call DeleteWorksheetColumns successfully" time="0.004">
      <failure message="ENOENT: no such file or directory, open &apos;D:\CloudSdk\aspose-cells-cloud-node\TestData\Book1.xlsx&apos;"></failure>
    </testcase>
  </testsuite>
  <testsuite name="CellsController test post_hide_worksheet_columns test" tests="1" errors="0" failures="1" skipped="0" timestamp="2024-11-24T14:06:06" time="0.01">
    <testcase classname="CellsController test post_hide_worksheet_columns test" name="should call PostHideWorksheetColumns successfully" time="0.002">
      <failure message="ENOENT: no such file or directory, open &apos;D:\CloudSdk\aspose-cells-cloud-node\TestData\Book1.xlsx&apos;"></failure>
    </testcase>
  </testsuite>
  <testsuite name="CellsController test post_unhide_worksheet_columns test" tests="1" errors="0" failures="1" skipped="0" timestamp="2024-11-24T14:06:06" time="0.008">
    <testcase classname="CellsController test post_unhide_worksheet_columns test" name="should call PostUnhideWorksheetColumns successfully" time="0.002">
      <failure message="ENOENT: no such file or directory, open &apos;D:\CloudSdk\aspose-cells-cloud-node\TestData\Book1.xlsx&apos;"></failure>
    </testcase>
  </testsuite>
  <testsuite name="CellsController test post_group_worksheet_columns test" tests="1" errors="0" failures="1" skipped="0" timestamp="2024-11-24T14:06:06" time="0.018">
    <testcase classname="CellsController test post_group_worksheet_columns test" name="should call PostGroupWorksheetColumns successfully" time="0.003">
      <failure message="ENOENT: no such file or directory, open &apos;D:\CloudSdk\aspose-cells-cloud-node\TestData\Book1.xlsx&apos;"></failure>
    </testcase>
  </testsuite>
  <testsuite name="CellsController test post_ungroup_worksheet_columns test" tests="1" errors="0" failures="1" skipped="0" timestamp="2024-11-24T14:06:06" time="0.007">
    <testcase classname="CellsController test post_ungroup_worksheet_columns test" name="should call PostUngroupWorksheetColumns successfully" time="0.002">
      <failure message="ENOENT: no such file or directory, open &apos;D:\CloudSdk\aspose-cells-cloud-node\TestData\Book1.xlsx&apos;"></failure>
    </testcase>
  </testsuite>
  <testsuite name="CellsController test post_copy_worksheet_columns test" tests="1" errors="0" failures="1" skipped="0" timestamp="2024-11-24T14:06:06" time="0.009">
    <testcase classname="CellsController test post_copy_worksheet_columns test" name="should call PostCopyWorksheetColumns successfully" time="0.002">
      <failure message="ENOENT: no such file or directory, open &apos;D:\CloudSdk\aspose-cells-cloud-node\TestData\Book1.xlsx&apos;"></failure>
    </testcase>
  </testsuite>
  <testsuite name="CellsController test post_column_style test" tests="1" errors="0" failures="1" skipped="0" timestamp="2024-11-24T14:06:06" time="0.006">
    <testcase classname="CellsController test post_column_style test" name="should call PostColumnStyle successfully" time="0.001">
      <failure message="ENOENT: no such file or directory, open &apos;D:\CloudSdk\aspose-cells-cloud-node\TestData\Book1.xlsx&apos;"></failure>
    </testcase>
  </testsuite>
  <testsuite name="CellsController test get_worksheet_rows test" tests="1" errors="0" failures="1" skipped="0" timestamp="2024-11-24T14:06:06" time="0.008">
    <testcase classname="CellsController test get_worksheet_rows test" name="should call GetWorksheetRows successfully" time="0.002">
      <failure message="ENOENT: no such file or directory, open &apos;D:\CloudSdk\aspose-cells-cloud-node\TestData\Book1.xlsx&apos;"></failure>
    </testcase>
  </testsuite>
  <testsuite name="CellsController test get_worksheet_row test" tests="1" errors="0" failures="1" skipped="0" timestamp="2024-11-24T14:06:06" time="0.006">
    <testcase classname="CellsController test get_worksheet_row test" name="should call GetWorksheetRow successfully" time="0.001">
      <failure message="ENOENT: no such file or directory, open &apos;D:\CloudSdk\aspose-cells-cloud-node\TestData\Book1.xlsx&apos;"></failure>
    </testcase>
  </testsuite>
  <testsuite name="CellsController test delete_worksheet_row test" tests="1" errors="0" failures="1" skipped="0" timestamp="2024-11-24T14:06:06" time="0.009">
    <testcase classname="CellsController test delete_worksheet_row test" name="should call DeleteWorksheetRow successfully" time="0.001">
      <failure message="ENOENT: no such file or directory, open &apos;D:\CloudSdk\aspose-cells-cloud-node\TestData\Book1.xlsx&apos;"></failure>
    </testcase>
  </testsuite>
  <testsuite name="CellsController test delete_worksheet_rows test" tests="1" errors="0" failures="1" skipped="0" timestamp="2024-11-24T14:06:06" time="0.007">
    <testcase classname="CellsController test delete_worksheet_rows test" name="should call DeleteWorksheetRows successfully" time="0.002">
      <failure message="ENOENT: no such file or directory, open &apos;D:\CloudSdk\aspose-cells-cloud-node\TestData\Book1.xlsx&apos;"></failure>
    </testcase>
  </testsuite>
  <testsuite name="CellsController test put_insert_worksheet_rows test" tests="1" errors="0" failures="1" skipped="0" timestamp="2024-11-24T14:06:06" time="0.009">
    <testcase classname="CellsController test put_insert_worksheet_rows test" name="should call PutInsertWorksheetRows successfully" time="0.002">
      <failure message="ENOENT: no such file or directory, open &apos;D:\CloudSdk\aspose-cells-cloud-node\TestData\Book1.xlsx&apos;"></failure>
    </testcase>
  </testsuite>
  <testsuite name="CellsController test put_insert_worksheet_row test" tests="1" errors="0" failures="1" skipped="0" timestamp="2024-11-24T14:06:06" time="0.006">
    <testcase classname="CellsController test put_insert_worksheet_row test" name="should call PutInsertWorksheetRow successfully" time="0.001">
      <failure message="ENOENT: no such file or directory, open &apos;D:\CloudSdk\aspose-cells-cloud-node\TestData\Book1.xlsx&apos;"></failure>
    </testcase>
  </testsuite>
  <testsuite name="CellsController test post_update_worksheet_row test" tests="1" errors="0" failures="1" skipped="0" timestamp="2024-11-24T14:06:06" time="0.009">
    <testcase classname="CellsController test post_update_worksheet_row test" name="should call PostUpdateWorksheetRow successfully" time="0.002">
      <failure message="ENOENT: no such file or directory, open &apos;D:\CloudSdk\aspose-cells-cloud-node\TestData\Book1.xlsx&apos;"></failure>
    </testcase>
  </testsuite>
  <testsuite name="CellsController test post_hide_worksheet_rows test" tests="1" errors="0" failures="1" skipped="0" timestamp="2024-11-24T14:06:06" time="0.029">
    <testcase classname="CellsController test post_hide_worksheet_rows test" name="should call PostHideWorksheetRows successfully" time="0.002">
      <failure message="ENOENT: no such file or directory, open &apos;D:\CloudSdk\aspose-cells-cloud-node\TestData\Book1.xlsx&apos;"></failure>
    </testcase>
  </testsuite>
  <testsuite name="CellsController test post_unhide_worksheet_rows test" tests="1" errors="0" failures="1" skipped="0" timestamp="2024-11-24T14:06:06" time="0.008">
    <testcase classname="CellsController test post_unhide_worksheet_rows test" name="should call PostUnhideWorksheetRows successfully" time="0.002">
      <failure message="ENOENT: no such file or directory, open &apos;D:\CloudSdk\aspose-cells-cloud-node\TestData\Book1.xlsx&apos;"></failure>
    </testcase>
  </testsuite>
  <testsuite name="CellsController test post_group_worksheet_rows test" tests="1" errors="0" failures="1" skipped="0" timestamp="2024-11-24T14:06:06" time="0.007">
    <testcase classname="CellsController test post_group_worksheet_rows test" name="should call PostGroupWorksheetRows successfully" time="0.002">
      <failure message="ENOENT: no such file or directory, open &apos;D:\CloudSdk\aspose-cells-cloud-node\TestData\Book1.xlsx&apos;"></failure>
    </testcase>
  </testsuite>
  <testsuite name="CellsController test post_ungroup_worksheet_rows test" tests="1" errors="0" failures="1" skipped="0" timestamp="2024-11-24T14:06:06" time="0.009">
    <testcase classname="CellsController test post_ungroup_worksheet_rows test" name="should call PostUngroupWorksheetRows successfully" time="0.001">
      <failure message="ENOENT: no such file or directory, open &apos;D:\CloudSdk\aspose-cells-cloud-node\TestData\Book1.xlsx&apos;"></failure>
    </testcase>
  </testsuite>
  <testsuite name="CellsController test post_copy_worksheet_rows test" tests="1" errors="0" failures="1" skipped="0" timestamp="2024-11-24T14:06:06" time="0.007">
    <testcase classname="CellsController test post_copy_worksheet_rows test" name="should call PostCopyWorksheetRows successfully" time="0.002">
      <failure message="ENOENT: no such file or directory, open &apos;D:\CloudSdk\aspose-cells-cloud-node\TestData\Book1.xlsx&apos;"></failure>
    </testcase>
  </testsuite>
  <testsuite name="CellsController test post_row_style test" tests="1" errors="0" failures="1" skipped="0" timestamp="2024-11-24T14:06:06" time="0.009">
    <testcase classname="CellsController test post_row_style test" name="should call PostRowStyle successfully" time="0.004">
      <failure message="ENOENT: no such file or directory, open &apos;D:\CloudSdk\aspose-cells-cloud-node\TestData\Book1.xlsx&apos;"></failure>
    </testcase>
  </testsuite>
  <testsuite name="CellsStatusController test get_cells_cloud_services_health_check test" tests="1" errors="0" failures="1" skipped="0" timestamp="2024-11-24T14:06:06" time="0.009">
    <testcase classname="CellsStatusController test get_cells_cloud_services_health_check test" name="should call GetCellsCloudServicesHealthCheck successfully" time="0.002">
      <failure message="ENOENT: no such file or directory, open &apos;D:\CloudSdk\aspose-cells-cloud-node\TestData\Book1.xlsx&apos;"></failure>
    </testcase>
  </testsuite>
  <testsuite name="CellsStatusController test get_cells_cloud_service_status test" tests="1" errors="0" failures="1" skipped="0" timestamp="2024-11-24T14:06:06" time="0.007">
    <testcase classname="CellsStatusController test get_cells_cloud_service_status test" name="should call GetCellsCloudServiceStatus successfully" time="0.002">
      <failure message="ENOENT: no such file or directory, open &apos;D:\CloudSdk\aspose-cells-cloud-node\TestData\Book1.xlsx&apos;"></failure>
    </testcase>
  </testsuite>
  <testsuite name="ChartAreaController test get_chart_area test" tests="1" errors="0" failures="1" skipped="0" timestamp="2024-11-24T14:06:06" time="0.009">
    <testcase classname="ChartAreaController test get_chart_area test" name="should call GetChartArea successfully" time="0.002">
      <failure message="ENOENT: no such file or directory, open &apos;D:\CloudSdk\aspose-cells-cloud-node\TestData\Book1.xlsx&apos;"></failure>
    </testcase>
  </testsuite>
  <testsuite name="ChartAreaController test get_chart_area_fill_format test" tests="1" errors="0" failures="1" skipped="0" timestamp="2024-11-24T14:06:06" time="0.007">
    <testcase classname="ChartAreaController test get_chart_area_fill_format test" name="should call GetChartAreaFillFormat successfully" time="0.002">
      <failure message="ENOENT: no such file or directory, open &apos;D:\CloudSdk\aspose-cells-cloud-node\TestData\Book1.xlsx&apos;"></failure>
    </testcase>
  </testsuite>
  <testsuite name="ChartAreaController test get_chart_area_border test" tests="1" errors="0" failures="1" skipped="0" timestamp="2024-11-24T14:06:06" time="0.009">
    <testcase classname="ChartAreaController test get_chart_area_border test" name="should call GetChartAreaBorder successfully" time="0.001">
      <failure message="ENOENT: no such file or directory, open &apos;D:\CloudSdk\aspose-cells-cloud-node\TestData\Book1.xlsx&apos;"></failure>
    </testcase>
  </testsuite>
  <testsuite name="ChartsController test get_worksheet_charts test" tests="1" errors="0" failures="1" skipped="0" timestamp="2024-11-24T14:06:06" time="0.009">
    <testcase classname="ChartsController test get_worksheet_charts test" name="should call GetWorksheetCharts successfully" time="0.001">
      <failure message="ENOENT: no such file or directory, open &apos;D:\CloudSdk\aspose-cells-cloud-node\TestData\Book1.xlsx&apos;"></failure>
    </testcase>
  </testsuite>
  <testsuite name="ChartsController test get_worksheet_chart test" tests="1" errors="0" failures="1" skipped="0" timestamp="2024-11-24T14:06:06" time="0.007">
    <testcase classname="ChartsController test get_worksheet_chart test" name="should call GetWorksheetChart successfully" time="0.001">
      <failure message="ENOENT: no such file or directory, open &apos;D:\CloudSdk\aspose-cells-cloud-node\TestData\Book1.xlsx&apos;"></failure>
    </testcase>
  </testsuite>
  <testsuite name="ChartsController test put_worksheet_chart test" tests="1" errors="0" failures="1" skipped="0" timestamp="2024-11-24T14:06:06" time="0.009">
    <testcase classname="ChartsController test put_worksheet_chart test" name="should call PutWorksheetChart successfully" time="0.002">
      <failure message="ENOENT: no such file or directory, open &apos;D:\CloudSdk\aspose-cells-cloud-node\TestData\Book1.xlsx&apos;"></failure>
    </testcase>
  </testsuite>
  <testsuite name="ChartsController test delete_worksheet_chart test" tests="1" errors="0" failures="1" skipped="0" timestamp="2024-11-24T14:06:06" time="0.006">
    <testcase classname="ChartsController test delete_worksheet_chart test" name="should call DeleteWorksheetChart successfully" time="0.001">
      <failure message="ENOENT: no such file or directory, open &apos;D:\CloudSdk\aspose-cells-cloud-node\TestData\Book1.xlsx&apos;"></failure>
    </testcase>
  </testsuite>
  <testsuite name="ChartsController test post_worksheet_chart test" tests="1" errors="0" failures="1" skipped="0" timestamp="2024-11-24T14:06:06" time="0.008">
    <testcase classname="ChartsController test post_worksheet_chart test" name="should call PostWorksheetChart successfully" time="0.002">
      <failure message="ENOENT: no such file or directory, open &apos;D:\CloudSdk\aspose-cells-cloud-node\TestData\Book1.xlsx&apos;"></failure>
    </testcase>
  </testsuite>
  <testsuite name="ChartsController test get_worksheet_chart_legend test" tests="1" errors="0" failures="1" skipped="0" timestamp="2024-11-24T14:06:06" time="0.007">
    <testcase classname="ChartsController test get_worksheet_chart_legend test" name="should call GetWorksheetChartLegend successfully" time="0.001">
      <failure message="ENOENT: no such file or directory, open &apos;D:\CloudSdk\aspose-cells-cloud-node\TestData\Book1.xlsx&apos;"></failure>
    </testcase>
  </testsuite>
  <testsuite name="ChartsController test post_worksheet_chart_legend test" tests="1" errors="0" failures="1" skipped="0" timestamp="2024-11-24T14:06:06" time="0.009">
    <testcase classname="ChartsController test post_worksheet_chart_legend test" name="should call PostWorksheetChartLegend successfully" time="0.002">
      <failure message="ENOENT: no such file or directory, open &apos;D:\CloudSdk\aspose-cells-cloud-node\TestData\Book1.xlsx&apos;"></failure>
    </testcase>
  </testsuite>
  <testsuite name="ChartsController test put_worksheet_chart_legend test" tests="1" errors="0" failures="1" skipped="0" timestamp="2024-11-24T14:06:06" time="0.009">
    <testcase classname="ChartsController test put_worksheet_chart_legend test" name="should call PutWorksheetChartLegend successfully" time="0.001">
      <failure message="ENOENT: no such file or directory, open &apos;D:\CloudSdk\aspose-cells-cloud-node\TestData\Book1.xlsx&apos;"></failure>
    </testcase>
  </testsuite>
  <testsuite name="ChartsController test delete_worksheet_chart_legend test" tests="1" errors="0" failures="1" skipped="0" timestamp="2024-11-24T14:06:06" time="0.009">
    <testcase classname="ChartsController test delete_worksheet_chart_legend test" name="should call DeleteWorksheetChartLegend successfully" time="0.002">
      <failure message="ENOENT: no such file or directory, open &apos;D:\CloudSdk\aspose-cells-cloud-node\TestData\Book1.xlsx&apos;"></failure>
    </testcase>
  </testsuite>
  <testsuite name="ChartsController test delete_worksheet_charts test" tests="1" errors="0" failures="1" skipped="0" timestamp="2024-11-24T14:06:06" time="0.008">
    <testcase classname="ChartsController test delete_worksheet_charts test" name="should call DeleteWorksheetCharts successfully" time="0.002">
      <failure message="ENOENT: no such file or directory, open &apos;D:\CloudSdk\aspose-cells-cloud-node\TestData\Book1.xlsx&apos;"></failure>
    </testcase>
  </testsuite>
  <testsuite name="ChartsController test get_worksheet_chart_title test" tests="1" errors="0" failures="1" skipped="0" timestamp="2024-11-24T14:06:06" time="0.011">
    <testcase classname="ChartsController test get_worksheet_chart_title test" name="should call GetWorksheetChartTitle successfully" time="0.002">
      <failure message="ENOENT: no such file or directory, open &apos;D:\CloudSdk\aspose-cells-cloud-node\TestData\Book1.xlsx&apos;"></failure>
    </testcase>
  </testsuite>
  <testsuite name="ChartsController test post_worksheet_chart_title test" tests="1" errors="0" failures="1" skipped="0" timestamp="2024-11-24T14:06:06" time="0.008">
    <testcase classname="ChartsController test post_worksheet_chart_title test" name="should call PostWorksheetChartTitle successfully" time="0.001">
      <failure message="ENOENT: no such file or directory, open &apos;D:\CloudSdk\aspose-cells-cloud-node\TestData\Book1.xlsx&apos;"></failure>
    </testcase>
  </testsuite>
  <testsuite name="ChartsController test put_worksheet_chart_title test" tests="1" errors="0" failures="1" skipped="0" timestamp="2024-11-24T14:06:06" time="0.007">
    <testcase classname="ChartsController test put_worksheet_chart_title test" name="should call PutWorksheetChartTitle successfully" time="0.002">
      <failure message="ENOENT: no such file or directory, open &apos;D:\CloudSdk\aspose-cells-cloud-node\TestData\Book1.xlsx&apos;"></failure>
    </testcase>
  </testsuite>
  <testsuite name="ChartsController test delete_worksheet_chart_title test" tests="1" errors="0" failures="1" skipped="0" timestamp="2024-11-24T14:06:06" time="0.009">
    <testcase classname="ChartsController test delete_worksheet_chart_title test" name="should call DeleteWorksheetChartTitle successfully" time="0.002">
      <failure message="ENOENT: no such file or directory, open &apos;D:\CloudSdk\aspose-cells-cloud-node\TestData\Book1.xlsx&apos;"></failure>
    </testcase>
  </testsuite>
  <testsuite name="ConditionalFormattingsController test get_worksheet_conditional_formattings test" tests="1" errors="0" failures="1" skipped="0" timestamp="2024-11-24T14:06:06" time="0.006">
    <testcase classname="ConditionalFormattingsController test get_worksheet_conditional_formattings test" name="should call GetWorksheetConditionalFormattings successfully" time="0.002">
      <failure message="ENOENT: no such file or directory, open &apos;D:\CloudSdk\aspose-cells-cloud-node\TestData\Book1.xlsx&apos;"></failure>
    </testcase>
  </testsuite>
  <testsuite name="ConditionalFormattingsController test get_worksheet_conditional_formatting test" tests="1" errors="0" failures="1" skipped="0" timestamp="2024-11-24T14:06:06" time="0.007">
    <testcase classname="ConditionalFormattingsController test get_worksheet_conditional_formatting test" name="should call GetWorksheetConditionalFormatting successfully" time="0.003">
      <failure message="ENOENT: no such file or directory, open &apos;D:\CloudSdk\aspose-cells-cloud-node\TestData\Book1.xlsx&apos;"></failure>
    </testcase>
  </testsuite>
  <testsuite name="ConditionalFormattingsController test put_worksheet_conditional_formatting test" tests="1" errors="0" failures="1" skipped="0" timestamp="2024-11-24T14:06:06" time="0.007">
    <testcase classname="ConditionalFormattingsController test put_worksheet_conditional_formatting test" name="should call PutWorksheetConditionalFormatting successfully" time="0.001">
      <failure message="ENOENT: no such file or directory, open &apos;D:\CloudSdk\aspose-cells-cloud-node\TestData\Book1.xlsx&apos;"></failure>
    </testcase>
  </testsuite>
  <testsuite name="ConditionalFormattingsController test put_worksheet_format_condition test" tests="1" errors="0" failures="1" skipped="0" timestamp="2024-11-24T14:06:06" time="0.009">
    <testcase classname="ConditionalFormattingsController test put_worksheet_format_condition test" name="should call PutWorksheetFormatCondition successfully" time="0.001">
      <failure message="ENOENT: no such file or directory, open &apos;D:\CloudSdk\aspose-cells-cloud-node\TestData\Book1.xlsx&apos;"></failure>
    </testcase>
  </testsuite>
  <testsuite name="ConditionalFormattingsController test put_worksheet_format_condition_area test" tests="1" errors="0" failures="1" skipped="0" timestamp="2024-11-24T14:06:07" time="0.018">
    <testcase classname="ConditionalFormattingsController test put_worksheet_format_condition_area test" name="should call PutWorksheetFormatConditionArea successfully" time="0.001">
      <failure message="ENOENT: no such file or directory, open &apos;D:\CloudSdk\aspose-cells-cloud-node\TestData\Book1.xlsx&apos;"></failure>
    </testcase>
  </testsuite>
  <testsuite name="ConditionalFormattingsController test put_worksheet_format_condition_condition test" tests="1" errors="0" failures="1" skipped="0" timestamp="2024-11-24T14:06:07" time="0.011">
    <testcase classname="ConditionalFormattingsController test put_worksheet_format_condition_condition test" name="should call PutWorksheetFormatConditionCondition successfully" time="0.002">
      <failure message="ENOENT: no such file or directory, open &apos;D:\CloudSdk\aspose-cells-cloud-node\TestData\Book1.xlsx&apos;"></failure>
    </testcase>
  </testsuite>
  <testsuite name="ConditionalFormattingsController test delete_worksheet_conditional_formattings test" tests="1" errors="0" failures="1" skipped="0" timestamp="2024-11-24T14:06:07" time="0.01">
    <testcase classname="ConditionalFormattingsController test delete_worksheet_conditional_formattings test" name="should call DeleteWorksheetConditionalFormattings successfully" time="0.001">
      <failure message="ENOENT: no such file or directory, open &apos;D:\CloudSdk\aspose-cells-cloud-node\TestData\Book1.xlsx&apos;"></failure>
    </testcase>
  </testsuite>
  <testsuite name="ConditionalFormattingsController test delete_worksheet_conditional_formatting test" tests="1" errors="0" failures="1" skipped="0" timestamp="2024-11-24T14:06:07" time="0.015">
    <testcase classname="ConditionalFormattingsController test delete_worksheet_conditional_formatting test" name="should call DeleteWorksheetConditionalFormatting successfully" time="0.001">
      <failure message="ENOENT: no such file or directory, open &apos;D:\CloudSdk\aspose-cells-cloud-node\TestData\Book1.xlsx&apos;"></failure>
    </testcase>
  </testsuite>
  <testsuite name="ConditionalFormattingsController test delete_worksheet_conditional_formatting_area test" tests="1" errors="0" failures="1" skipped="0" timestamp="2024-11-24T14:06:07" time="0.006">
    <testcase classname="ConditionalFormattingsController test delete_worksheet_conditional_formatting_area test" name="should call DeleteWorksheetConditionalFormattingArea successfully" time="0.002">
      <failure message="ENOENT: no such file or directory, open &apos;D:\CloudSdk\aspose-cells-cloud-node\TestData\Book1.xlsx&apos;"></failure>
    </testcase>
  </testsuite>
  <testsuite name="DataProcessingController test post_workbook_data_cleansing test" tests="1" errors="0" failures="1" skipped="0" timestamp="2024-11-24T14:06:07" time="0.009">
    <testcase classname="DataProcessingController test post_workbook_data_cleansing test" name="should call PostWorkbookDataCleansing successfully" time="0.001">
      <failure message="ENOENT: no such file or directory, open &apos;D:\CloudSdk\aspose-cells-cloud-node\TestData\BookCsvDuplicateData.csv&apos;"></failure>
    </testcase>
  </testsuite>
  <testsuite name="DataProcessingController test post_workbook_data_deduplication test" tests="1" errors="0" failures="1" skipped="0" timestamp="2024-11-24T14:06:07" time="0.02">
    <testcase classname="DataProcessingController test post_workbook_data_deduplication test" name="should call PostWorkbookDataDeduplication successfully" time="0.002">
      <failure message="ENOENT: no such file or directory, open &apos;D:\CloudSdk\aspose-cells-cloud-node\TestData\BookCsvDuplicateData.csv&apos;"></failure>
    </testcase>
  </testsuite>
  <testsuite name="DataProcessingController test post_workbook_data_fill test" tests="1" errors="0" failures="1" skipped="0" timestamp="2024-11-24T14:06:07" time="0.006">
    <testcase classname="DataProcessingController test post_workbook_data_fill test" name="should call PostWorkbookDataFill successfully" time="0.001">
      <failure message="ENOENT: no such file or directory, open &apos;D:\CloudSdk\aspose-cells-cloud-node\TestData\BookCsvDuplicateData.csv&apos;"></failure>
    </testcase>
  </testsuite>
  <testsuite name="DataProcessingController test post_data_transformation test" tests="1" errors="0" failures="1" skipped="0" timestamp="2024-11-24T14:06:07" time="0.014">
    <testcase classname="DataProcessingController test post_data_transformation test" name="should call PostDataTransformation successfully" time="0.001">
      <failure message="ENOENT: no such file or directory, open &apos;D:\CloudSdk\aspose-cells-cloud-node\TestData\BookTableL2W.xlsx&apos;"></failure>
    </testcase>
  </testsuite>
  <testsuite name="FileController test download_file test" tests="1" errors="0" failures="1" skipped="0" timestamp="2024-11-24T14:06:07" time="0.008">
    <testcase classname="FileController test download_file test" name="should call DownloadFile successfully" time="0.002">
      <failure message="ENOENT: no such file or directory, open &apos;D:\CloudSdk\aspose-cells-cloud-node\TestData\Book1.xlsx&apos;"></failure>
    </testcase>
  </testsuite>
  <testsuite name="FileController test upload_file test" tests="1" errors="0" failures="1" skipped="0" timestamp="2024-11-24T14:06:07" time="0.007">
    <testcase classname="FileController test upload_file test" name="should call UploadFile successfully" time="0.001">
      <failure message="ENOENT: no such file or directory, open &apos;D:\CloudSdk\aspose-cells-cloud-node\TestData\Book1.xlsx&apos;"></failure>
    </testcase>
  </testsuite>
  <testsuite name="FileController test copy_file test" tests="1" errors="0" failures="1" skipped="0" timestamp="2024-11-24T14:06:07" time="0.01">
    <testcase classname="FileController test copy_file test" name="should call CopyFile successfully" time="0.002">
      <failure message="ENOENT: no such file or directory, open &apos;D:\CloudSdk\aspose-cells-cloud-node\TestData\Book1.xlsx&apos;"></failure>
    </testcase>
  </testsuite>
  <testsuite name="FolderController test get_files_list test" tests="1" errors="0" failures="1" skipped="0" timestamp="2024-11-24T14:06:07" time="0.006">
    <testcase classname="FolderController test get_files_list test" name="should call GetFilesList successfully" time="0.002">
      <failure message="ENOENT: no such file or directory, open &apos;D:\CloudSdk\aspose-cells-cloud-node\TestData\Book1.xlsx&apos;"></failure>
    </testcase>
  </testsuite>
  <testsuite name="FolderController test create_folder test" tests="1" errors="0" failures="1" skipped="0" timestamp="2024-11-24T14:06:07" time="0.012">
    <testcase classname="FolderController test create_folder test" name="should call CreateFolder successfully" time="0.001">
      <failure message="ENOENT: no such file or directory, open &apos;D:\CloudSdk\aspose-cells-cloud-node\TestData\Book1.xlsx&apos;"></failure>
    </testcase>
  </testsuite>
  <testsuite name="FolderController test copy_folder test" tests="1" errors="0" failures="1" skipped="0" timestamp="2024-11-24T14:06:07" time="0.011">
    <testcase classname="FolderController test copy_folder test" name="should call CopyFolder successfully" time="0.004">
      <failure message="ENOENT: no such file or directory, open &apos;D:\CloudSdk\aspose-cells-cloud-node\TestData\Book1.xlsx&apos;"></failure>
    </testcase>
  </testsuite>
  <testsuite name="FolderController test move_folder test" tests="1" errors="0" failures="1" skipped="0" timestamp="2024-11-24T14:06:07" time="0.006">
    <testcase classname="FolderController test move_folder test" name="should call MoveFolder successfully" time="0.001">
      <failure message="ENOENT: no such file or directory, open &apos;D:\CloudSdk\aspose-cells-cloud-node\TestData\Book1.xlsx&apos;"></failure>
    </testcase>
  </testsuite>
  <testsuite name="FolderController test delete_folder test" tests="1" errors="0" failures="1" skipped="0" timestamp="2024-11-24T14:06:07" time="0.007">
    <testcase classname="FolderController test delete_folder test" name="should call DeleteFolder successfully" time="0.002">
      <failure message="ENOENT: no such file or directory, open &apos;D:\CloudSdk\aspose-cells-cloud-node\TestData\Book1.xlsx&apos;"></failure>
    </testcase>
  </testsuite>
  <testsuite name="HypelinksController test get_worksheet_hyperlinks test" tests="1" errors="0" failures="1" skipped="0" timestamp="2024-11-24T14:06:07" time="0.009">
    <testcase classname="HypelinksController test get_worksheet_hyperlinks test" name="should call GetWorksheetHyperlinks successfully" time="0.002">
      <failure message="ENOENT: no such file or directory, open &apos;D:\CloudSdk\aspose-cells-cloud-node\TestData\Book1.xlsx&apos;"></failure>
    </testcase>
  </testsuite>
  <testsuite name="HypelinksController test get_worksheet_hyperlink test" tests="1" errors="0" failures="1" skipped="0" timestamp="2024-11-24T14:06:07" time="0.006">
    <testcase classname="HypelinksController test get_worksheet_hyperlink test" name="should call GetWorksheetHyperlink successfully" time="0.001">
      <failure message="ENOENT: no such file or directory, open &apos;D:\CloudSdk\aspose-cells-cloud-node\TestData\Book1.xlsx&apos;"></failure>
    </testcase>
  </testsuite>
  <testsuite name="HypelinksController test delete_worksheet_hyperlink test" tests="1" errors="0" failures="1" skipped="0" timestamp="2024-11-24T14:06:07" time="0.008">
    <testcase classname="HypelinksController test delete_worksheet_hyperlink test" name="should call DeleteWorksheetHyperlink successfully" time="0.004">
      <failure message="ENOENT: no such file or directory, open &apos;D:\CloudSdk\aspose-cells-cloud-node\TestData\Book1.xlsx&apos;"></failure>
    </testcase>
  </testsuite>
  <testsuite name="HypelinksController test post_worksheet_hyperlink test" tests="1" errors="0" failures="1" skipped="0" timestamp="2024-11-24T14:06:07" time="0.007">
    <testcase classname="HypelinksController test post_worksheet_hyperlink test" name="should call PostWorksheetHyperlink successfully" time="0.002">
      <failure message="ENOENT: no such file or directory, open &apos;D:\CloudSdk\aspose-cells-cloud-node\TestData\Book1.xlsx&apos;"></failure>
    </testcase>
  </testsuite>
  <testsuite name="HypelinksController test put_worksheet_hyperlink test" tests="1" errors="0" failures="1" skipped="0" timestamp="2024-11-24T14:06:07" time="0.009">
    <testcase classname="HypelinksController test put_worksheet_hyperlink test" name="should call PutWorksheetHyperlink successfully" time="0.001">
      <failure message="ENOENT: no such file or directory, open &apos;D:\CloudSdk\aspose-cells-cloud-node\TestData\Book1.xlsx&apos;"></failure>
    </testcase>
  </testsuite>
  <testsuite name="HypelinksController test delete_worksheet_hyperlinks test" tests="1" errors="0" failures="1" skipped="0" timestamp="2024-11-24T14:06:07" time="0.008">
    <testcase classname="HypelinksController test delete_worksheet_hyperlinks test" name="should call DeleteWorksheetHyperlinks successfully" time="0.001">
      <failure message="ENOENT: no such file or directory, open &apos;D:\CloudSdk\aspose-cells-cloud-node\TestData\Book1.xlsx&apos;"></failure>
    </testcase>
  </testsuite>
  <testsuite name="ListObjectsController test get_worksheet_list_objects test" tests="1" errors="0" failures="1" skipped="0" timestamp="2024-11-24T14:06:07" time="0.006">
    <testcase classname="ListObjectsController test get_worksheet_list_objects test" name="should call GetWorksheetListObjects successfully" time="0.001">
      <failure message="ENOENT: no such file or directory, open &apos;D:\CloudSdk\aspose-cells-cloud-node\TestData\Book1.xlsx&apos;"></failure>
    </testcase>
  </testsuite>
  <testsuite name="ListObjectsController test get_worksheet_list_object test" tests="1" errors="0" failures="1" skipped="0" timestamp="2024-11-24T14:06:07" time="0.008">
    <testcase classname="ListObjectsController test get_worksheet_list_object test" name="should call GetWorksheetListObject successfully" time="0.002">
      <failure message="ENOENT: no such file or directory, open &apos;D:\CloudSdk\aspose-cells-cloud-node\TestData\Book1.xlsx&apos;"></failure>
    </testcase>
  </testsuite>
  <testsuite name="ListObjectsController test put_worksheet_list_object test" tests="1" errors="0" failures="1" skipped="0" timestamp="2024-11-24T14:06:07" time="0.006">
    <testcase classname="ListObjectsController test put_worksheet_list_object test" name="should call PutWorksheetListObject successfully" time="0.002">
      <failure message="ENOENT: no such file or directory, open &apos;D:\CloudSdk\aspose-cells-cloud-node\TestData\Book1.xlsx&apos;"></failure>
    </testcase>
  </testsuite>
  <testsuite name="ListObjectsController test delete_worksheet_list_objects test" tests="1" errors="0" failures="1" skipped="0" timestamp="2024-11-24T14:06:07" time="0.009">
    <testcase classname="ListObjectsController test delete_worksheet_list_objects test" name="should call DeleteWorksheetListObjects successfully" time="0.002">
      <failure message="ENOENT: no such file or directory, open &apos;D:\CloudSdk\aspose-cells-cloud-node\TestData\Book1.xlsx&apos;"></failure>
    </testcase>
  </testsuite>
  <testsuite name="ListObjectsController test delete_worksheet_list_object test" tests="1" errors="0" failures="1" skipped="0" timestamp="2024-11-24T14:06:07" time="0.006">
    <testcase classname="ListObjectsController test delete_worksheet_list_object test" name="should call DeleteWorksheetListObject successfully" time="0.002">
      <failure message="ENOENT: no such file or directory, open &apos;D:\CloudSdk\aspose-cells-cloud-node\TestData\Book1.xlsx&apos;"></failure>
    </testcase>
  </testsuite>
  <testsuite name="ListObjectsController test post_worksheet_list_object test" tests="1" errors="0" failures="1" skipped="0" timestamp="2024-11-24T14:06:07" time="0.012">
    <testcase classname="ListObjectsController test post_worksheet_list_object test" name="should call PostWorksheetListObject successfully" time="0.001">
      <failure message="ENOENT: no such file or directory, open &apos;D:\CloudSdk\aspose-cells-cloud-node\TestData\Book1.xlsx&apos;"></failure>
    </testcase>
  </testsuite>
  <testsuite name="ListObjectsController test post_worksheet_list_object_convert_to_range test" tests="1" errors="0" failures="1" skipped="0" timestamp="2024-11-24T14:06:07" time="0.008">
    <testcase classname="ListObjectsController test post_worksheet_list_object_convert_to_range test" name="should call PostWorksheetListObjectConvertToRange successfully" time="0.002">
      <failure message="ENOENT: no such file or directory, open &apos;D:\CloudSdk\aspose-cells-cloud-node\TestData\Book1.xlsx&apos;"></failure>
    </testcase>
  </testsuite>
  <testsuite name="ListObjectsController test post_worksheet_list_object_summarize_with_pivot_table test" tests="1" errors="0" failures="1" skipped="0" timestamp="2024-11-24T14:06:07" time="0.007">
    <testcase classname="ListObjectsController test post_worksheet_list_object_summarize_with_pivot_table test" name="should call PostWorksheetListObjectSummarizeWithPivotTable successfully" time="0.003">
      <failure message="ENOENT: no such file or directory, open &apos;D:\CloudSdk\aspose-cells-cloud-node\TestData\Book1.xlsx&apos;"></failure>
    </testcase>
  </testsuite>
  <testsuite name="ListObjectsController test post_worksheet_list_object_sort_table test" tests="1" errors="0" failures="1" skipped="0" timestamp="2024-11-24T14:06:07" time="0.009">
    <testcase classname="ListObjectsController test post_worksheet_list_object_sort_table test" name="should call PostWorksheetListObjectSortTable successfully" time="0.002">
      <failure message="ENOENT: no such file or directory, open &apos;D:\CloudSdk\aspose-cells-cloud-node\TestData\Book1.xlsx&apos;"></failure>
    </testcase>
  </testsuite>
  <testsuite name="ListObjectsController test post_worksheet_list_column test" tests="1" errors="0" failures="1" skipped="0" timestamp="2024-11-24T14:06:07" time="0.009">
    <testcase classname="ListObjectsController test post_worksheet_list_column test" name="should call PostWorksheetListColumn successfully" time="0.001">
      <failure message="ENOENT: no such file or directory, open &apos;D:\CloudSdk\aspose-cells-cloud-node\TestData\Book1.xlsx&apos;"></failure>
    </testcase>
  </testsuite>
  <testsuite name="ListObjectsController test post_worksheet_list_columns_total test" tests="1" errors="0" failures="1" skipped="0" timestamp="2024-11-24T14:06:07" time="0.006">
    <testcase classname="ListObjectsController test post_worksheet_list_columns_total test" name="should call PostWorksheetListColumnsTotal successfully" time="0.002">
      <failure message="ENOENT: no such file or directory, open &apos;D:\CloudSdk\aspose-cells-cloud-node\TestData\Book1.xlsx&apos;"></failure>
    </testcase>
  </testsuite>
  <testsuite name="ListObjectsController test post_worksheet_list_object_remove_duplicates test" tests="1" errors="0" failures="1" skipped="0" timestamp="2024-11-24T14:06:07" time="0.008">
    <testcase classname="ListObjectsController test post_worksheet_list_object_remove_duplicates test" name="should call PostWorksheetListObjectRemoveDuplicates successfully" time="0.002">
      <failure message="ENOENT: no such file or directory, open &apos;D:\CloudSdk\aspose-cells-cloud-node\TestData\TestTables.xlsx&apos;"></failure>
    </testcase>
  </testsuite>
  <testsuite name="ListObjectsController test post_worksheet_list_object_insert_slicer test" tests="1" errors="0" failures="1" skipped="0" timestamp="2024-11-24T14:06:07" time="0.007">
    <testcase classname="ListObjectsController test post_worksheet_list_object_insert_slicer test" name="should call PostWorksheetListObjectInsertSlicer successfully" time="0.002">
      <failure message="ENOENT: no such file or directory, open &apos;D:\CloudSdk\aspose-cells-cloud-node\TestData\TestTables.xlsx&apos;"></failure>
    </testcase>
  </testsuite>
  <testsuite name="OleObjectsController test get_worksheet_ole_objects test" tests="1" errors="0" failures="1" skipped="0" timestamp="2024-11-24T14:06:07" time="0.008">
    <testcase classname="OleObjectsController test get_worksheet_ole_objects test" name="should call GetWorksheetOleObjects successfully" time="0.002">
      <failure message="ENOENT: no such file or directory, open &apos;D:\CloudSdk\aspose-cells-cloud-node\TestData\Book1.xlsx&apos;"></failure>
    </testcase>
  </testsuite>
  <testsuite name="OleObjectsController test get_worksheet_ole_object test" tests="1" errors="0" failures="1" skipped="0" timestamp="2024-11-24T14:06:07" time="0.006">
    <testcase classname="OleObjectsController test get_worksheet_ole_object test" name="should call GetWorksheetOleObject successfully" time="0.002">
      <failure message="ENOENT: no such file or directory, open &apos;D:\CloudSdk\aspose-cells-cloud-node\TestData\Book1.xlsx&apos;"></failure>
    </testcase>
  </testsuite>
  <testsuite name="OleObjectsController test delete_worksheet_ole_objects test" tests="1" errors="0" failures="1" skipped="0" timestamp="2024-11-24T14:06:07" time="0.009">
    <testcase classname="OleObjectsController test delete_worksheet_ole_objects test" name="should call DeleteWorksheetOleObjects successfully" time="0.002">
      <failure message="ENOENT: no such file or directory, open &apos;D:\CloudSdk\aspose-cells-cloud-node\TestData\Book1.xlsx&apos;"></failure>
    </testcase>
  </testsuite>
  <testsuite name="OleObjectsController test delete_worksheet_ole_object test" tests="1" errors="0" failures="1" skipped="0" timestamp="2024-11-24T14:06:07" time="0.006">
    <testcase classname="OleObjectsController test delete_worksheet_ole_object test" name="should call DeleteWorksheetOleObject successfully" time="0.001">
      <failure message="ENOENT: no such file or directory, open &apos;D:\CloudSdk\aspose-cells-cloud-node\TestData\Book1.xlsx&apos;"></failure>
    </testcase>
  </testsuite>
  <testsuite name="OleObjectsController test post_update_worksheet_ole_object test" tests="1" errors="0" failures="1" skipped="0" timestamp="2024-11-24T14:06:07" time="0.011">
    <testcase classname="OleObjectsController test post_update_worksheet_ole_object test" name="should call PostUpdateWorksheetOleObject successfully" time="0.001">
      <failure message="ENOENT: no such file or directory, open &apos;D:\CloudSdk\aspose-cells-cloud-node\TestData\Book1.xlsx&apos;"></failure>
    </testcase>
  </testsuite>
  <testsuite name="OleObjectsController test put_worksheet_ole_object test" tests="1" errors="0" failures="1" skipped="0" timestamp="2024-11-24T14:06:07" time="0.014">
    <testcase classname="OleObjectsController test put_worksheet_ole_object test" name="should call PutWorksheetOleObject successfully" time="0.002">
      <failure message="ENOENT: no such file or directory, open &apos;D:\CloudSdk\aspose-cells-cloud-node\TestData\Book1.xlsx&apos;"></failure>
    </testcase>
  </testsuite>
  <testsuite name="PageBreaksController test get_vertical_page_breaks test" tests="1" errors="0" failures="1" skipped="0" timestamp="2024-11-24T14:06:07" time="0.02">
    <testcase classname="PageBreaksController test get_vertical_page_breaks test" name="should call GetVerticalPageBreaks successfully" time="0.002">
      <failure message="ENOENT: no such file or directory, open &apos;D:\CloudSdk\aspose-cells-cloud-node\TestData\Book1.xlsx&apos;"></failure>
    </testcase>
  </testsuite>
  <testsuite name="PageBreaksController test get_horizontal_page_breaks test" tests="1" errors="0" failures="1" skipped="0" timestamp="2024-11-24T14:06:07" time="0.009">
    <testcase classname="PageBreaksController test get_horizontal_page_breaks test" name="should call GetHorizontalPageBreaks successfully" time="0.002">
      <failure message="ENOENT: no such file or directory, open &apos;D:\CloudSdk\aspose-cells-cloud-node\TestData\Book1.xlsx&apos;"></failure>
    </testcase>
  </testsuite>
  <testsuite name="PageBreaksController test get_vertical_page_break test" tests="1" errors="0" failures="1" skipped="0" timestamp="2024-11-24T14:06:07" time="0.015">
    <testcase classname="PageBreaksController test get_vertical_page_break test" name="should call GetVerticalPageBreak successfully" time="0.004">
      <failure message="ENOENT: no such file or directory, open &apos;D:\CloudSdk\aspose-cells-cloud-node\TestData\Book1.xlsx&apos;"></failure>
    </testcase>
  </testsuite>
  <testsuite name="PageBreaksController test get_horizontal_page_break test" tests="1" errors="0" failures="1" skipped="0" timestamp="2024-11-24T14:06:07" time="0.008">
    <testcase classname="PageBreaksController test get_horizontal_page_break test" name="should call GetHorizontalPageBreak successfully" time="0.001">
      <failure message="ENOENT: no such file or directory, open &apos;D:\CloudSdk\aspose-cells-cloud-node\TestData\Book1.xlsx&apos;"></failure>
    </testcase>
  </testsuite>
  <testsuite name="PageBreaksController test put_vertical_page_break test" tests="1" errors="0" failures="1" skipped="0" timestamp="2024-11-24T14:06:07" time="0.007">
    <testcase classname="PageBreaksController test put_vertical_page_break test" name="should call PutVerticalPageBreak successfully" time="0.002">
      <failure message="ENOENT: no such file or directory, open &apos;D:\CloudSdk\aspose-cells-cloud-node\TestData\Book1.xlsx&apos;"></failure>
    </testcase>
  </testsuite>
  <testsuite name="PageBreaksController test put_horizontal_page_break test" tests="1" errors="0" failures="1" skipped="0" timestamp="2024-11-24T14:06:07" time="0.009">
    <testcase classname="PageBreaksController test put_horizontal_page_break test" name="should call PutHorizontalPageBreak successfully" time="0.002">
      <failure message="ENOENT: no such file or directory, open &apos;D:\CloudSdk\aspose-cells-cloud-node\TestData\Book1.xlsx&apos;"></failure>
    </testcase>
  </testsuite>
  <testsuite name="PageBreaksController test delete_vertical_page_breaks test" tests="1" errors="0" failures="1" skipped="0" timestamp="2024-11-24T14:06:07" time="0.009">
    <testcase classname="PageBreaksController test delete_vertical_page_breaks test" name="should call DeleteVerticalPageBreaks successfully" time="0.001">
      <failure message="ENOENT: no such file or directory, open &apos;D:\CloudSdk\aspose-cells-cloud-node\TestData\Book1.xlsx&apos;"></failure>
    </testcase>
  </testsuite>
  <testsuite name="PageBreaksController test delete_horizontal_page_breaks test" tests="1" errors="0" failures="1" skipped="0" timestamp="2024-11-24T14:06:07" time="0.006">
    <testcase classname="PageBreaksController test delete_horizontal_page_breaks test" name="should call DeleteHorizontalPageBreaks successfully" time="0.002">
      <failure message="ENOENT: no such file or directory, open &apos;D:\CloudSdk\aspose-cells-cloud-node\TestData\Book1.xlsx&apos;"></failure>
    </testcase>
  </testsuite>
  <testsuite name="PageBreaksController test delete_vertical_page_break test" tests="1" errors="0" failures="1" skipped="0" timestamp="2024-11-24T14:06:07" time="0.01">
    <testcase classname="PageBreaksController test delete_vertical_page_break test" name="should call DeleteVerticalPageBreak successfully" time="0.002">
      <failure message="ENOENT: no such file or directory, open &apos;D:\CloudSdk\aspose-cells-cloud-node\TestData\Book1.xlsx&apos;"></failure>
    </testcase>
  </testsuite>
  <testsuite name="PageBreaksController test delete_horizontal_page_break test" tests="1" errors="0" failures="1" skipped="0" timestamp="2024-11-24T14:06:07" time="0.009">
    <testcase classname="PageBreaksController test delete_horizontal_page_break test" name="should call DeleteHorizontalPageBreak successfully" time="0.001">
      <failure message="ENOENT: no such file or directory, open &apos;D:\CloudSdk\aspose-cells-cloud-node\TestData\Book1.xlsx&apos;"></failure>
    </testcase>
  </testsuite>
  <testsuite name="PageSetupController test get_page_setup test" tests="1" errors="0" failures="1" skipped="0" timestamp="2024-11-24T14:06:07" time="0.007">
    <testcase classname="PageSetupController test get_page_setup test" name="should call GetPageSetup successfully" time="0.002">
      <failure message="ENOENT: no such file or directory, open &apos;D:\CloudSdk\aspose-cells-cloud-node\TestData\Book1.xlsx&apos;"></failure>
    </testcase>
  </testsuite>
  <testsuite name="PageSetupController test post_page_setup test" tests="1" errors="0" failures="1" skipped="0" timestamp="2024-11-24T14:06:07" time="0.01">
    <testcase classname="PageSetupController test post_page_setup test" name="should call PostPageSetup successfully" time="0.002">
      <failure message="ENOENT: no such file or directory, open &apos;D:\CloudSdk\aspose-cells-cloud-node\TestData\Book1.xlsx&apos;"></failure>
    </testcase>
  </testsuite>
  <testsuite name="PageSetupController test delete_header_footer test" tests="1" errors="0" failures="1" skipped="0" timestamp="2024-11-24T14:06:07" time="0.006">
    <testcase classname="PageSetupController test delete_header_footer test" name="should call DeleteHeaderFooter successfully" time="0.001">
      <failure message="ENOENT: no such file or directory, open &apos;D:\CloudSdk\aspose-cells-cloud-node\TestData\Book1.xlsx&apos;"></failure>
    </testcase>
  </testsuite>
  <testsuite name="PageSetupController test get_header test" tests="1" errors="0" failures="1" skipped="0" timestamp="2024-11-24T14:06:07" time="0.009">
    <testcase classname="PageSetupController test get_header test" name="should call GetHeader successfully" time="0.001">
      <failure message="ENOENT: no such file or directory, open &apos;D:\CloudSdk\aspose-cells-cloud-node\TestData\Book1.xlsx&apos;"></failure>
    </testcase>
  </testsuite>
  <testsuite name="PageSetupController test post_header test" tests="1" errors="0" failures="1" skipped="0" timestamp="2024-11-24T14:06:07" time="0.009">
    <testcase classname="PageSetupController test post_header test" name="should call PostHeader successfully" time="0.001">
      <failure message="ENOENT: no such file or directory, open &apos;D:\CloudSdk\aspose-cells-cloud-node\TestData\Book1.xlsx&apos;"></failure>
    </testcase>
  </testsuite>
  <testsuite name="PageSetupController test get_footer test" tests="1" errors="0" failures="1" skipped="0" timestamp="2024-11-24T14:06:07" time="0.008">
    <testcase classname="PageSetupController test get_footer test" name="should call GetFooter successfully" time="0.002">
      <failure message="ENOENT: no such file or directory, open &apos;D:\CloudSdk\aspose-cells-cloud-node\TestData\Book1.xlsx&apos;"></failure>
    </testcase>
  </testsuite>
  <testsuite name="PageSetupController test post_footer test" tests="1" errors="0" failures="1" skipped="0" timestamp="2024-11-24T14:06:07" time="0.009">
    <testcase classname="PageSetupController test post_footer test" name="should call PostFooter successfully" time="0.002">
      <failure message="ENOENT: no such file or directory, open &apos;D:\CloudSdk\aspose-cells-cloud-node\TestData\Book1.xlsx&apos;"></failure>
    </testcase>
  </testsuite>
  <testsuite name="PageSetupController test post_fit_wide_to_pages test" tests="1" errors="0" failures="1" skipped="0" timestamp="2024-11-24T14:06:07" time="0.007">
    <testcase classname="PageSetupController test post_fit_wide_to_pages test" name="should call PostFitWideToPages successfully" time="0.001">
      <failure message="ENOENT: no such file or directory, open &apos;D:\CloudSdk\aspose-cells-cloud-node\TestData\Book1.xlsx&apos;"></failure>
    </testcase>
  </testsuite>
  <testsuite name="PageSetupController test post_fit_tall_to_pages test" tests="1" errors="0" failures="1" skipped="0" timestamp="2024-11-24T14:06:07" time="0.007">
    <testcase classname="PageSetupController test post_fit_tall_to_pages test" name="should call PostFitTallToPages successfully" time="0.002">
      <failure message="ENOENT: no such file or directory, open &apos;D:\CloudSdk\aspose-cells-cloud-node\TestData\Book1.xlsx&apos;"></failure>
    </testcase>
  </testsuite>
  <testsuite name="PicturesController test get_worksheet_pictures test" tests="1" errors="0" failures="1" skipped="0" timestamp="2024-11-24T14:06:07" time="0.009">
    <testcase classname="PicturesController test get_worksheet_pictures test" name="should call GetWorksheetPictures successfully" time="0.001">
      <failure message="ENOENT: no such file or directory, open &apos;D:\CloudSdk\aspose-cells-cloud-node\TestData\Book1.xlsx&apos;"></failure>
    </testcase>
  </testsuite>
  <testsuite name="PicturesController test get_worksheet_picture_with_format test" tests="1" errors="0" failures="1" skipped="0" timestamp="2024-11-24T14:06:07" time="0.008">
    <testcase classname="PicturesController test get_worksheet_picture_with_format test" name="should call GetWorksheetPictureWithFormat successfully" time="0.002">
      <failure message="ENOENT: no such file or directory, open &apos;D:\CloudSdk\aspose-cells-cloud-node\TestData\Book1.xlsx&apos;"></failure>
    </testcase>
  </testsuite>
  <testsuite name="PicturesController test put_worksheet_add_picture test" tests="1" errors="0" failures="1" skipped="0" timestamp="2024-11-24T14:06:07" time="0.014">
    <testcase classname="PicturesController test put_worksheet_add_picture test" name="should call PutWorksheetAddPicture successfully" time="0.003">
      <failure message="ENOENT: no such file or directory, open &apos;D:\CloudSdk\aspose-cells-cloud-node\TestData\Book1.xlsx&apos;"></failure>
    </testcase>
  </testsuite>
  <testsuite name="PicturesController test post_worksheet_picture test" tests="1" errors="0" failures="1" skipped="0" timestamp="2024-11-24T14:06:07" time="0.007">
    <testcase classname="PicturesController test post_worksheet_picture test" name="should call PostWorksheetPicture successfully" time="0.002">
      <failure message="ENOENT: no such file or directory, open &apos;D:\CloudSdk\aspose-cells-cloud-node\TestData\Book1.xlsx&apos;"></failure>
    </testcase>
  </testsuite>
  <testsuite name="PicturesController test delete_worksheet_picture test" tests="1" errors="0" failures="1" skipped="0" timestamp="2024-11-24T14:06:07" time="0.006">
    <testcase classname="PicturesController test delete_worksheet_picture test" name="should call DeleteWorksheetPicture successfully" time="0.001">
      <failure message="ENOENT: no such file or directory, open &apos;D:\CloudSdk\aspose-cells-cloud-node\TestData\Book1.xlsx&apos;"></failure>
    </testcase>
  </testsuite>
  <testsuite name="PicturesController test delete_worksheet_pictures test" tests="1" errors="0" failures="1" skipped="0" timestamp="2024-11-24T14:06:07" time="0.009">
    <testcase classname="PicturesController test delete_worksheet_pictures test" name="should call DeleteWorksheetPictures successfully" time="0.002">
      <failure message="ENOENT: no such file or directory, open &apos;D:\CloudSdk\aspose-cells-cloud-node\TestData\Book1.xlsx&apos;"></failure>
    </testcase>
  </testsuite>
  <testsuite name="PivotTablesController test get_worksheet_pivot_tables test" tests="1" errors="0" failures="1" skipped="0" timestamp="2024-11-24T14:06:07" time="0.008">
    <testcase classname="PivotTablesController test get_worksheet_pivot_tables test" name="should call GetWorksheetPivotTables successfully" time="0.002">
      <failure message="ENOENT: no such file or directory, open &apos;D:\CloudSdk\aspose-cells-cloud-node\TestData\TestCase.xlsx&apos;"></failure>
    </testcase>
  </testsuite>
  <testsuite name="PivotTablesController test get_worksheet_pivot_table test" tests="1" errors="0" failures="1" skipped="0" timestamp="2024-11-24T14:06:07" time="0.006">
    <testcase classname="PivotTablesController test get_worksheet_pivot_table test" name="should call GetWorksheetPivotTable successfully" time="0.002">
      <failure message="ENOENT: no such file or directory, open &apos;D:\CloudSdk\aspose-cells-cloud-node\TestData\TestCase.xlsx&apos;"></failure>
    </testcase>
  </testsuite>
  <testsuite name="PivotTablesController test get_pivot_table_field test" tests="1" errors="0" failures="1" skipped="0" timestamp="2024-11-24T14:06:07" time="0.008">
    <testcase classname="PivotTablesController test get_pivot_table_field test" name="should call GetPivotTableField successfully" time="0.002">
      <failure message="ENOENT: no such file or directory, open &apos;D:\CloudSdk\aspose-cells-cloud-node\TestData\TestCase.xlsx&apos;"></failure>
    </testcase>
  </testsuite>
  <testsuite name="PivotTablesController test get_worksheet_pivot_table_filters test" tests="1" errors="0" failures="1" skipped="0" timestamp="2024-11-24T14:06:07" time="0.007">
    <testcase classname="PivotTablesController test get_worksheet_pivot_table_filters test" name="should call GetWorksheetPivotTableFilters successfully" time="0.003">
      <failure message="ENOENT: no such file or directory, open &apos;D:\CloudSdk\aspose-cells-cloud-node\TestData\TestCase.xlsx&apos;"></failure>
    </testcase>
  </testsuite>
  <testsuite name="PivotTablesController test get_worksheet_pivot_table_filter test" tests="1" errors="0" failures="1" skipped="0" timestamp="2024-11-24T14:06:07" time="0.007">
    <testcase classname="PivotTablesController test get_worksheet_pivot_table_filter test" name="should call GetWorksheetPivotTableFilter successfully" time="0.002">
      <failure message="ENOENT: no such file or directory, open &apos;D:\CloudSdk\aspose-cells-cloud-node\TestData\TestCase.xlsx&apos;"></failure>
    </testcase>
  </testsuite>
  <testsuite name="PivotTablesController test put_worksheet_pivot_table test" tests="1" errors="0" failures="1" skipped="0" timestamp="2024-11-24T14:06:07" time="0.007">
    <testcase classname="PivotTablesController test put_worksheet_pivot_table test" name="should call PutWorksheetPivotTable successfully" time="0.003">
      <failure message="ENOENT: no such file or directory, open &apos;D:\CloudSdk\aspose-cells-cloud-node\TestData\TestCase.xlsx&apos;"></failure>
    </testcase>
  </testsuite>
  <testsuite name="PivotTablesController test put_pivot_table_field test" tests="1" errors="0" failures="1" skipped="0" timestamp="2024-11-24T14:06:07" time="0.008">
    <testcase classname="PivotTablesController test put_pivot_table_field test" name="should call PutPivotTableField successfully" time="0.001">
      <failure message="ENOENT: no such file or directory, open &apos;D:\CloudSdk\aspose-cells-cloud-node\TestData\TestCase.xlsx&apos;"></failure>
    </testcase>
  </testsuite>
  <testsuite name="PivotTablesController test put_worksheet_pivot_table_filter test" tests="1" errors="0" failures="1" skipped="0" timestamp="2024-11-24T14:06:07" time="0.008">
    <testcase classname="PivotTablesController test put_worksheet_pivot_table_filter test" name="should call PutWorksheetPivotTableFilter successfully" time="0.002">
      <failure message="ENOENT: no such file or directory, open &apos;D:\CloudSdk\aspose-cells-cloud-node\TestData\TestCase.xlsx&apos;"></failure>
    </testcase>
  </testsuite>
  <testsuite name="PivotTablesController test post_pivot_table_field_hide_item test" tests="1" errors="0" failures="1" skipped="0" timestamp="2024-11-24T14:06:07" time="0.006">
    <testcase classname="PivotTablesController test post_pivot_table_field_hide_item test" name="should call PostPivotTableFieldHideItem successfully" time="0.001">
      <failure message="ENOENT: no such file or directory, open &apos;D:\CloudSdk\aspose-cells-cloud-node\TestData\TestCase.xlsx&apos;"></failure>
    </testcase>
  </testsuite>
  <testsuite name="PivotTablesController test post_pivot_table_field_move_to test" tests="1" errors="0" failures="1" skipped="0" timestamp="2024-11-24T14:06:07" time="0.012">
    <testcase classname="PivotTablesController test post_pivot_table_field_move_to test" name="should call PostPivotTableFieldMoveTo successfully" time="0.001">
      <failure message="ENOENT: no such file or directory, open &apos;D:\CloudSdk\aspose-cells-cloud-node\TestData\TestCase.xlsx&apos;"></failure>
    </testcase>
  </testsuite>
  <testsuite name="PivotTablesController test post_pivot_table_cell_style test" tests="1" errors="0" failures="1" skipped="0" timestamp="2024-11-24T14:06:07" time="0.007">
    <testcase classname="PivotTablesController test post_pivot_table_cell_style test" name="should call PostPivotTableCellStyle successfully" time="0.002">
      <failure message="ENOENT: no such file or directory, open &apos;D:\CloudSdk\aspose-cells-cloud-node\TestData\TestCase.xlsx&apos;"></failure>
    </testcase>
  </testsuite>
  <testsuite name="PivotTablesController test post_pivot_table_style test" tests="1" errors="0" failures="1" skipped="0" timestamp="2024-11-24T14:06:07" time="0.007">
    <testcase classname="PivotTablesController test post_pivot_table_style test" name="should call PostPivotTableStyle successfully" time="0.001">
      <failure message="ENOENT: no such file or directory, open &apos;D:\CloudSdk\aspose-cells-cloud-node\TestData\TestCase.xlsx&apos;"></failure>
    </testcase>
  </testsuite>
  <testsuite name="PivotTablesController test post_pivot_table_update_pivot_fields test" tests="1" errors="0" failures="1" skipped="0" timestamp="2024-11-24T14:06:07" time="0.009">
    <testcase classname="PivotTablesController test post_pivot_table_update_pivot_fields test" name="should call PostPivotTableUpdatePivotFields successfully" time="0.002">
      <failure message="ENOENT: no such file or directory, open &apos;D:\CloudSdk\aspose-cells-cloud-node\TestData\TestCase.xlsx&apos;"></failure>
    </testcase>
  </testsuite>
  <testsuite name="PivotTablesController test post_pivot_table_update_pivot_field test" tests="1" errors="0" failures="1" skipped="0" timestamp="2024-11-24T14:06:07" time="0.007">
    <testcase classname="PivotTablesController test post_pivot_table_update_pivot_field test" name="should call PostPivotTableUpdatePivotField successfully" time="0.002">
      <failure message="ENOENT: no such file or directory, open &apos;D:\CloudSdk\aspose-cells-cloud-node\TestData\TestCase.xlsx&apos;"></failure>
    </testcase>
  </testsuite>
  <testsuite name="PivotTablesController test post_worksheet_pivot_table_calculate test" tests="1" errors="0" failures="1" skipped="0" timestamp="2024-11-24T14:06:07" time="0.008">
[...]
      <failure message="ENOENT: no such file or directory, open &apos;D:\CloudSdk\aspose-cells-cloud-node\TestData\assemblytest.xlsx&apos;"></failure>
    </testcase>
  </testsuite>
  <testsuite name="LightCells test post_merge_png_true test" tests="1" errors="0" failures="1" skipped="0" timestamp="2024-11-24T14:06:11" time="0.004">
    <testcase classname="LightCells test post_merge_png_true test" name="should call PostMerge successfully" time="0">
      <failure message="ENOENT: no such file or directory, open &apos;D:\CloudSdk\aspose-cells-cloud-node\TestData\datasource.xlsx&apos;"></failure>
    </testcase>
  </testsuite>
  <testsuite name="LightCells test post_merge_jpg_true test" tests="1" errors="0" failures="1" skipped="0" timestamp="2024-11-24T14:06:11" time="0.007">
    <testcase classname="LightCells test post_merge_jpg_true test" name="should call PostMerge successfully" time="0.001">
      <failure message="ENOENT: no such file or directory, open &apos;D:\CloudSdk\aspose-cells-cloud-node\TestData\assemblytest.xlsx&apos;"></failure>
    </testcase>
  </testsuite>
  <testsuite name="LightCells test post_merge_gif_true test" tests="1" errors="0" failures="1" skipped="0" timestamp="2024-11-24T14:06:11" time="0.004">
    <testcase classname="LightCells test post_merge_gif_true test" name="should call PostMerge successfully" time="0.001">
      <failure message="ENOENT: no such file or directory, open &apos;D:\CloudSdk\aspose-cells-cloud-node\TestData\assemblytest.xlsx&apos;"></failure>
    </testcase>
  </testsuite>
  <testsuite name="LightCells test post_merge_emf_true test" tests="1" errors="0" failures="1" skipped="0" timestamp="2024-11-24T14:06:11" time="0.004">
    <testcase classname="LightCells test post_merge_emf_true test" name="should call PostMerge successfully" time="0.001">
      <failure message="ENOENT: no such file or directory, open &apos;D:\CloudSdk\aspose-cells-cloud-node\TestData\assemblytest.xlsx&apos;"></failure>
    </testcase>
  </testsuite>
  <testsuite name="LightCells test post_merge_bmp_true test" tests="1" errors="0" failures="1" skipped="0" timestamp="2024-11-24T14:06:11" time="0.007">
    <testcase classname="LightCells test post_merge_bmp_true test" name="should call PostMerge successfully" time="0.002">
      <failure message="ENOENT: no such file or directory, open &apos;D:\CloudSdk\aspose-cells-cloud-node\TestData\assemblytest.xlsx&apos;"></failure>
    </testcase>
  </testsuite>
  <testsuite name="LightCells test post_merge_md_true test" tests="1" errors="0" failures="1" skipped="0" timestamp="2024-11-24T14:06:11" time="0.004">
    <testcase classname="LightCells test post_merge_md_true test" name="should call PostMerge successfully" time="0.001">
      <failure message="ENOENT: no such file or directory, open &apos;D:\CloudSdk\aspose-cells-cloud-node\TestData\datasource.xlsx&apos;"></failure>
    </testcase>
  </testsuite>
  <testsuite name="LightCells test post_merge_numbers_true test" tests="1" errors="0" failures="1" skipped="0" timestamp="2024-11-24T14:06:11" time="0.006">
    <testcase classname="LightCells test post_merge_numbers_true test" name="should call PostMerge successfully" time="0.001">
      <failure message="ENOENT: no such file or directory, open &apos;D:\CloudSdk\aspose-cells-cloud-node\TestData\assemblytest.xlsx&apos;"></failure>
    </testcase>
  </testsuite>
  <testsuite name="LightCells test post_merge_wmf_true test" tests="1" errors="0" failures="1" skipped="0" timestamp="2024-11-24T14:06:11" time="0.005">
    <testcase classname="LightCells test post_merge_wmf_true test" name="should call PostMerge successfully" time="0.001">
      <failure message="ENOENT: no such file or directory, open &apos;D:\CloudSdk\aspose-cells-cloud-node\TestData\datasource.xlsx&apos;"></failure>
    </testcase>
  </testsuite>
  <testsuite name="LightCells test post_merge_svg_true test" tests="1" errors="0" failures="1" skipped="0" timestamp="2024-11-24T14:06:11" time="0.004">
    <testcase classname="LightCells test post_merge_svg_true test" name="should call PostMerge successfully" time="0.001">
      <failure message="ENOENT: no such file or directory, open &apos;D:\CloudSdk\aspose-cells-cloud-node\TestData\datasource.xlsx&apos;"></failure>
    </testcase>
  </testsuite>
  <testsuite name="LightCells test post_merge_docx_false test" tests="1" errors="0" failures="1" skipped="0" timestamp="2024-11-24T14:06:11" time="0.013">
    <testcase classname="LightCells test post_merge_docx_false test" name="should call PostMerge successfully" time="0.001">
      <failure message="ENOENT: no such file or directory, open &apos;D:\CloudSdk\aspose-cells-cloud-node\TestData\datasource.xlsx&apos;"></failure>
    </testcase>
  </testsuite>
  <testsuite name="LightCells test post_merge_pptx_false test" tests="1" errors="0" failures="1" skipped="0" timestamp="2024-11-24T14:06:11" time="0.007">
    <testcase classname="LightCells test post_merge_pptx_false test" name="should call PostMerge successfully" time="0.003">
      <failure message="ENOENT: no such file or directory, open &apos;D:\CloudSdk\aspose-cells-cloud-node\TestData\datasource.xlsx&apos;"></failure>
    </testcase>
  </testsuite>
  <testsuite name="LightCells test post_merge_json_false test" tests="1" errors="0" failures="1" skipped="0" timestamp="2024-11-24T14:06:11" time="0.005">
    <testcase classname="LightCells test post_merge_json_false test" name="should call PostMerge successfully" time="0.001">
      <failure message="ENOENT: no such file or directory, open &apos;D:\CloudSdk\aspose-cells-cloud-node\TestData\datasource.xlsx&apos;"></failure>
    </testcase>
  </testsuite>
  <testsuite name="LightCells test post_merge_sql_false test" tests="1" errors="0" failures="1" skipped="0" timestamp="2024-11-24T14:06:11" time="0.007">
    <testcase classname="LightCells test post_merge_sql_false test" name="should call PostMerge successfully" time="0">
      <failure message="ENOENT: no such file or directory, open &apos;D:\CloudSdk\aspose-cells-cloud-node\TestData\assemblytest.xlsx&apos;"></failure>
    </testcase>
  </testsuite>
  <testsuite name="LightCells test post_unlock test" tests="1" errors="0" failures="1" skipped="0" timestamp="2024-11-24T14:06:11" time="0.004">
    <testcase classname="LightCells test post_unlock test" name="should call PostUnlock successfully" time="0.001">
      <failure message="ENOENT: no such file or directory, open &apos;D:\CloudSdk\aspose-cells-cloud-node\TestData\needUnlock.xlsx&apos;"></failure>
    </testcase>
  </testsuite>
  <testsuite name="LightCells test post_protect test" tests="1" errors="0" failures="1" skipped="0" timestamp="2024-11-24T14:06:11" time="0.005">
    <testcase classname="LightCells test post_protect test" name="should call PostProtect successfully" time="0.001">
      <failure message="ENOENT: no such file or directory, open &apos;D:\CloudSdk\aspose-cells-cloud-node\TestData\datasource.xlsx&apos;"></failure>
    </testcase>
  </testsuite>
  <testsuite name="LightCells test post_protect__protect_workbook_request test" tests="1" errors="0" failures="1" skipped="0" timestamp="2024-11-24T14:06:11" time="0.004">
    <testcase classname="LightCells test post_protect__protect_workbook_request test" name="should call PostProtect successfully" time="0.001">
      <failure message="ENOENT: no such file or directory, open &apos;D:\CloudSdk\aspose-cells-cloud-node\TestData\assemblytest.xlsx&apos;"></failure>
    </testcase>
  </testsuite>
  <testsuite name="LightCells test post_search test" tests="1" errors="0" failures="1" skipped="0" timestamp="2024-11-24T14:06:11" time="0.004">
    <testcase classname="LightCells test post_search test" name="should call PostSearch successfully" time="0.001">
      <failure message="ENOENT: no such file or directory, open &apos;D:\CloudSdk\aspose-cells-cloud-node\TestData\assemblytest.xlsx&apos;"></failure>
    </testcase>
  </testsuite>
  <testsuite name="LightCells test post_replace test" tests="1" errors="0" failures="1" skipped="0" timestamp="2024-11-24T14:06:11" time="0.006">
    <testcase classname="LightCells test post_replace test" name="should call PostReplace successfully" time="0.002">
      <failure message="ENOENT: no such file or directory, open &apos;D:\CloudSdk\aspose-cells-cloud-node\TestData\assemblytest.xlsx&apos;"></failure>
    </testcase>
  </testsuite>
  <testsuite name="LightCells test post_replace_only_sheetname test" tests="1" errors="0" failures="1" skipped="0" timestamp="2024-11-24T14:06:11" time="0.004">
    <testcase classname="LightCells test post_replace_only_sheetname test" name="should call PostReplace successfully" time="0">
      <failure message="ENOENT: no such file or directory, open &apos;D:\CloudSdk\aspose-cells-cloud-node\TestData\datasource.xlsx&apos;"></failure>
    </testcase>
  </testsuite>
  <testsuite name="LightCells test post_watermark test" tests="1" errors="0" failures="1" skipped="0" timestamp="2024-11-24T14:06:11" time="0.007">
    <testcase classname="LightCells test post_watermark test" name="should call PostWatermark successfully" time="0.002">
      <failure message="ENOENT: no such file or directory, open &apos;D:\CloudSdk\aspose-cells-cloud-node\TestData\datasource.xlsx&apos;"></failure>
    </testcase>
  </testsuite>
  <testsuite name="LightCells test post_clear_objects_chart test" tests="1" errors="0" failures="1" skipped="0" timestamp="2024-11-24T14:06:11" time="0.004">
    <testcase classname="LightCells test post_clear_objects_chart test" name="should call PostClearObjects successfully" time="0.002">
      <failure message="ENOENT: no such file or directory, open &apos;D:\CloudSdk\aspose-cells-cloud-node\TestData\datasource.xlsx&apos;"></failure>
    </testcase>
  </testsuite>
  <testsuite name="LightCells test post_clear_objects_comment test" tests="1" errors="0" failures="1" skipped="0" timestamp="2024-11-24T14:06:11" time="0.005">
    <testcase classname="LightCells test post_clear_objects_comment test" name="should call PostClearObjects successfully" time="0.001">
      <failure message="ENOENT: no such file or directory, open &apos;D:\CloudSdk\aspose-cells-cloud-node\TestData\Book1.xlsx&apos;"></failure>
    </testcase>
  </testsuite>
  <testsuite name="LightCells test post_clear_objects_picture test" tests="1" errors="0" failures="1" skipped="0" timestamp="2024-11-24T14:06:11" time="0.009">
    <testcase classname="LightCells test post_clear_objects_picture test" name="should call PostClearObjects successfully" time="0">
      <failure message="ENOENT: no such file or directory, open &apos;D:\CloudSdk\aspose-cells-cloud-node\TestData\Book1.xlsx&apos;"></failure>
    </testcase>
  </testsuite>
  <testsuite name="LightCells test post_clear_objects_shape test" tests="1" errors="0" failures="1" skipped="0" timestamp="2024-11-24T14:06:11" time="0.004">
    <testcase classname="LightCells test post_clear_objects_shape test" name="should call PostClearObjects successfully" time="0.001">
      <failure message="ENOENT: no such file or directory, open &apos;D:\CloudSdk\aspose-cells-cloud-node\TestData\Book1.xlsx&apos;"></failure>
    </testcase>
  </testsuite>
  <testsuite name="LightCells test post_clear_objects_listobject test" tests="1" errors="0" failures="1" skipped="0" timestamp="2024-11-24T14:06:11" time="0.007">
    <testcase classname="LightCells test post_clear_objects_listobject test" name="should call PostClearObjects successfully" time="0.002">
      <failure message="ENOENT: no such file or directory, open &apos;D:\CloudSdk\aspose-cells-cloud-node\TestData\datasource.xlsx&apos;"></failure>
    </testcase>
  </testsuite>
  <testsuite name="LightCells test post_clear_objects_hyperlink test" tests="1" errors="0" failures="1" skipped="0" timestamp="2024-11-24T14:06:11" time="0.004">
    <testcase classname="LightCells test post_clear_objects_hyperlink test" name="should call PostClearObjects successfully" time="0.001">
      <failure message="ENOENT: no such file or directory, open &apos;D:\CloudSdk\aspose-cells-cloud-node\TestData\Book1.xlsx&apos;"></failure>
    </testcase>
  </testsuite>
  <testsuite name="LightCells test post_clear_objects_oleobject test" tests="1" errors="0" failures="1" skipped="0" timestamp="2024-11-24T14:06:11" time="0.008">
    <testcase classname="LightCells test post_clear_objects_oleobject test" name="should call PostClearObjects successfully" time="0.001">
      <failure message="ENOENT: no such file or directory, open &apos;D:\CloudSdk\aspose-cells-cloud-node\TestData\Book1.xlsx&apos;"></failure>
    </testcase>
  </testsuite>
  <testsuite name="LightCells test post_clear_objects_pivottable test" tests="1" errors="0" failures="1" skipped="0" timestamp="2024-11-24T14:06:11" time="0.004">
    <testcase classname="LightCells test post_clear_objects_pivottable test" name="should call PostClearObjects successfully" time="0.001">
      <failure message="ENOENT: no such file or directory, open &apos;D:\CloudSdk\aspose-cells-cloud-node\TestData\Book1.xlsx&apos;"></failure>
    </testcase>
  </testsuite>
  <testsuite name="LightCells test post_clear_objects_validation test" tests="1" errors="0" failures="1" skipped="0" timestamp="2024-11-24T14:06:11" time="0.003">
    <testcase classname="LightCells test post_clear_objects_validation test" name="should call PostClearObjects successfully" time="0.001">
      <failure message="ENOENT: no such file or directory, open &apos;D:\CloudSdk\aspose-cells-cloud-node\TestData\datasource.xlsx&apos;"></failure>
    </testcase>
  </testsuite>
  <testsuite name="LightCells test post_clear_objects__background test" tests="1" errors="0" failures="1" skipped="0" timestamp="2024-11-24T14:06:11" time="0.009">
    <testcase classname="LightCells test post_clear_objects__background test" name="should call PostClearObjects successfully" time="0.001">
      <failure message="ENOENT: no such file or directory, open &apos;D:\CloudSdk\aspose-cells-cloud-node\TestData\datasource.xlsx&apos;"></failure>
    </testcase>
  </testsuite>
  <testsuite name="LightCells test post_repair_xlsx test" tests="1" errors="0" failures="1" skipped="0" timestamp="2024-11-24T14:06:11" time="0.005">
    <testcase classname="LightCells test post_repair_xlsx test" name="should call PostRepair successfully" time="0.001">
      <failure message="ENOENT: no such file or directory, open &apos;D:\CloudSdk\aspose-cells-cloud-node\TestData\Book1.xlsx&apos;"></failure>
    </testcase>
  </testsuite>
  <testsuite name="LightCells test post_repair_pdf test" tests="1" errors="0" failures="1" skipped="0" timestamp="2024-11-24T14:06:11" time="0.008">
    <testcase classname="LightCells test post_repair_pdf test" name="should call PostRepair successfully" time="0.001">
      <failure message="ENOENT: no such file or directory, open &apos;D:\CloudSdk\aspose-cells-cloud-node\TestData\Book1.xlsx&apos;"></failure>
    </testcase>
  </testsuite>
  <testsuite name="LightCells test post_repair_csv test" tests="1" errors="0" failures="1" skipped="0" timestamp="2024-11-24T14:06:11" time="0.006">
    <testcase classname="LightCells test post_repair_csv test" name="should call PostRepair successfully" time="0.001">
      <failure message="ENOENT: no such file or directory, open &apos;D:\CloudSdk\aspose-cells-cloud-node\TestData\Book1.xlsx&apos;"></failure>
    </testcase>
  </testsuite>
  <testsuite name="LightCells test post_repair_png test" tests="1" errors="0" failures="1" skipped="0" timestamp="2024-11-24T14:06:11" time="0.004">
    <testcase classname="LightCells test post_repair_png test" name="should call PostRepair successfully" time="0.001">
      <failure message="ENOENT: no such file or directory, open &apos;D:\CloudSdk\aspose-cells-cloud-node\TestData\Book1.xlsx&apos;"></failure>
    </testcase>
  </testsuite>
  <testsuite name="LightCells test post_reverse_rows_pdf test" tests="1" errors="0" failures="1" skipped="0" timestamp="2024-11-24T14:06:11" time="0.004">
    <testcase classname="LightCells test post_reverse_rows_pdf test" name="should call PostReverse successfully" time="0.001">
      <failure message="ENOENT: no such file or directory, open &apos;D:\CloudSdk\aspose-cells-cloud-node\TestData\Book1.xlsx&apos;"></failure>
    </testcase>
  </testsuite>
  <testsuite name="LightCells test post_reverse_cols_pdf test" tests="1" errors="0" failures="1" skipped="0" timestamp="2024-11-24T14:06:11" time="0.007">
    <testcase classname="LightCells test post_reverse_cols_pdf test" name="should call PostReverse successfully" time="0.002">
      <failure message="ENOENT: no such file or directory, open &apos;D:\CloudSdk\aspose-cells-cloud-node\TestData\Book1.xlsx&apos;"></failure>
    </testcase>
  </testsuite>
  <testsuite name="LightCells test post_reverse_both_pdf test" tests="1" errors="0" failures="1" skipped="0" timestamp="2024-11-24T14:06:11" time="0.005">
    <testcase classname="LightCells test post_reverse_both_pdf test" name="should call PostReverse successfully" time="0.001">
      <failure message="ENOENT: no such file or directory, open &apos;D:\CloudSdk\aspose-cells-cloud-node\TestData\Book1.xlsx&apos;"></failure>
    </testcase>
  </testsuite>
  <testsuite name="LightCells test post_reverse_rows_csv test" tests="1" errors="0" failures="1" skipped="0" timestamp="2024-11-24T14:06:11" time="0.003">
    <testcase classname="LightCells test post_reverse_rows_csv test" name="should call PostReverse successfully" time="0.001">
      <failure message="ENOENT: no such file or directory, open &apos;D:\CloudSdk\aspose-cells-cloud-node\TestData\Book1.xlsx&apos;"></failure>
    </testcase>
  </testsuite>
  <testsuite name="LightCells test post_reverse_cols_png test" tests="1" errors="0" failures="1" skipped="0" timestamp="2024-11-24T14:06:11" time="0.006">
    <testcase classname="LightCells test post_reverse_cols_png test" name="should call PostReverse successfully" time="0.001">
      <failure message="ENOENT: no such file or directory, open &apos;D:\CloudSdk\aspose-cells-cloud-node\TestData\Book1.xlsx&apos;"></failure>
    </testcase>
  </testsuite>
  <testsuite name="LightCells test post_reverse_both_xlsx test" tests="1" errors="0" failures="1" skipped="0" timestamp="2024-11-24T14:06:11" time="0.003">
    <testcase classname="LightCells test post_reverse_both_xlsx test" name="should call PostReverse successfully" time="0">
      <failure message="ENOENT: no such file or directory, open &apos;D:\CloudSdk\aspose-cells-cloud-node\TestData\Book1.xlsx&apos;"></failure>
    </testcase>
  </testsuite>
  <testsuite name="LightCells test get_metadata test" tests="1" errors="0" failures="1" skipped="0" timestamp="2024-11-24T14:06:11" time="0.004">
    <testcase classname="LightCells test get_metadata test" name="should call GetMetadata successfully" time="0.001">
      <failure message="ENOENT: no such file or directory, open &apos;D:\CloudSdk\aspose-cells-cloud-node\TestData\Book1.xlsx&apos;"></failure>
    </testcase>
  </testsuite>
  <testsuite name="LightCells test delete_metadata test" tests="1" errors="0" failures="1" skipped="0" timestamp="2024-11-24T14:06:11" time="0.003">
    <testcase classname="LightCells test delete_metadata test" name="should call DeleteMetadata successfully" time="0.001">
      <failure message="ENOENT: no such file or directory, open &apos;D:\CloudSdk\aspose-cells-cloud-node\TestData\Book1.xlsx&apos;"></failure>
    </testcase>
  </testsuite>
  <testsuite name="LightCells test post_metadata test" tests="1" errors="0" failures="1" skipped="0" timestamp="2024-11-24T14:06:11" time="0.007">
    <testcase classname="LightCells test post_metadata test" name="should call PostMetadata successfully" time="0.003">
      <failure message="ENOENT: no such file or directory, open &apos;D:\CloudSdk\aspose-cells-cloud-node\TestData\Book1.xlsx&apos;"></failure>
    </testcase>
  </testsuite>
</testsuites>