<testsuites name="Mocha Tests">
  <testsuite name="AutoFilterController test get_worksheet_auto_filter test" tests="1" errors="0" failures="0" skipped="0" timestamp="2023-10-16T14:40:37" time="2.539">
    <testcase classname="AutoFilterController test get_worksheet_auto_filter test" name="should call GetWorksheetAutoFilter successfully" time="2.537">
    </testcase>
  </testsuite>
  <testsuite name="AutoFilterController test put_worksheet_date_filter test" tests="1" errors="0" failures="0" skipped="0" timestamp="2023-10-16T14:40:39" time="0.781">
    <testcase classname="AutoFilterController test put_worksheet_date_filter test" name="should call PutWorksheetDateFilter successfully" time="0.78">
    </testcase>
  </testsuite>
  <testsuite name="AutoFilterController test put_worksheet_filter test" tests="1" errors="0" failures="0" skipped="0" timestamp="2023-10-16T14:40:40" time="0.886">
    <testcase classname="AutoFilterController test put_worksheet_filter test" name="should call PutWorksheetFilter successfully" time="0.885">
    </testcase>
  </testsuite>
  <testsuite name="AutoFilterController test put_worksheet_icon_filter test" tests="1" errors="0" failures="0" skipped="0" timestamp="2023-10-16T14:40:41" time="0.904">
    <testcase classname="AutoFilterController test put_worksheet_icon_filter test" name="should call PutWorksheetIconFilter successfully" time="0.904">
    </testcase>
  </testsuite>
  <testsuite name="AutoFilterController test put_worksheet_custom_filter test" tests="1" errors="0" failures="0" skipped="0" timestamp="2023-10-16T14:40:42" time="0.915">
    <testcase classname="AutoFilterController test put_worksheet_custom_filter test" name="should call PutWorksheetCustomFilter successfully" time="0.913">
    </testcase>
  </testsuite>
  <testsuite name="AutoFilterController test put_worksheet_dynamic_filter test" tests="1" errors="0" failures="0" skipped="0" timestamp="2023-10-16T14:40:43" time="1.457">
    <testcase classname="AutoFilterController test put_worksheet_dynamic_filter test" name="should call PutWorksheetDynamicFilter successfully" time="1.456">
    </testcase>
  </testsuite>
  <testsuite name="AutoFilterController test put_worksheet_filter_top10 test" tests="1" errors="0" failures="0" skipped="0" timestamp="2023-10-16T14:40:44" time="0.964">
    <testcase classname="AutoFilterController test put_worksheet_filter_top10 test" name="should call PutWorksheetFilterTop10 successfully" time="0.962">
    </testcase>
  </testsuite>
  <testsuite name="AutoFilterController test put_worksheet_color_filter test" tests="1" errors="0" failures="0" skipped="0" timestamp="2023-10-16T14:40:45" time="0.914">
    <testcase classname="AutoFilterController test put_worksheet_color_filter test" name="should call PutWorksheetColorFilter successfully" time="0.914">
    </testcase>
  </testsuite>
  <testsuite name="AutoFilterController test post_worksheet_match_blanks test" tests="1" errors="0" failures="0" skipped="0" timestamp="2023-10-16T14:40:46" time="0.76">
    <testcase classname="AutoFilterController test post_worksheet_match_blanks test" name="should call PostWorksheetMatchBlanks successfully" time="0.759">
    </testcase>
  </testsuite>
  <testsuite name="AutoFilterController test post_worksheet_match_non_blanks test" tests="1" errors="0" failures="0" skipped="0" timestamp="2023-10-16T14:40:47" time="0.848">
    <testcase classname="AutoFilterController test post_worksheet_match_non_blanks test" name="should call PostWorksheetMatchNonBlanks successfully" time="0.846">
    </testcase>
  </testsuite>
  <testsuite name="AutoFilterController test post_worksheet_auto_filter_refresh test" tests="1" errors="0" failures="0" skipped="0" timestamp="2023-10-16T14:40:48" time="0.858">
    <testcase classname="AutoFilterController test post_worksheet_auto_filter_refresh test" name="should call PostWorksheetAutoFilterRefresh successfully" time="0.856">
    </testcase>
  </testsuite>
  <testsuite name="AutoFilterController test delete_worksheet_date_filter test" tests="1" errors="0" failures="0" skipped="0" timestamp="2023-10-16T14:40:48" time="0.845">
    <testcase classname="AutoFilterController test delete_worksheet_date_filter test" name="should call DeleteWorksheetDateFilter successfully" time="0.845">
    </testcase>
  </testsuite>
  <testsuite name="AutoFilterController test delete_worksheet_filter test" tests="1" errors="0" failures="0" skipped="0" timestamp="2023-10-16T14:40:49" time="0.764">
    <testcase classname="AutoFilterController test delete_worksheet_filter test" name="should call DeleteWorksheetFilter successfully" time="0.764">
    </testcase>
  </testsuite>
  <testsuite name="BatchController test post_batch_convert test" tests="1" errors="0" failures="0" skipped="0" timestamp="2023-10-16T14:40:50" time="1.633">
    <testcase classname="BatchController test post_batch_convert test" name="should call PostBatchConvert successfully" time="1.632">
      <system-out><![CDATA[BatchConvertRequest {
  sourceFolder: 'TestData/In',
  format: 'pdf',
  outFolder: 'TestResult',
  matchCondition: MatchConditionRequest { regexPattern: '(^Book)(.+)(xlsx$)' }
}
]]></system-out>
    </testcase>
  </testsuite>
  <testsuite name="BatchController test post_batch_protect test" tests="1" errors="0" failures="0" skipped="0" timestamp="2023-10-16T14:40:52" time="0.979">
    <testcase classname="BatchController test post_batch_protect test" name="should call PostBatchProtect successfully" time="0.979">
    </testcase>
  </testsuite>
  <testsuite name="BatchController test post_batch_lock test" tests="1" errors="0" failures="0" skipped="0" timestamp="2023-10-16T14:40:53" time="0.817">
    <testcase classname="BatchController test post_batch_lock test" name="should call PostBatchLock successfully" time="0.816">
    </testcase>
  </testsuite>
  <testsuite name="BatchController test post_batch_unlock test" tests="1" errors="0" failures="0" skipped="0" timestamp="2023-10-16T14:40:53" time="0.943">
    <testcase classname="BatchController test post_batch_unlock test" name="should call PostBatchUnlock successfully" time="0.942">
    </testcase>
  </testsuite>
  <testsuite name="CellsController test post_clear_contents test" tests="1" errors="0" failures="0" skipped="0" timestamp="2023-10-16T14:40:54" time="1.561">
    <testcase classname="CellsController test post_clear_contents test" name="should call PostClearContents successfully" time="1.559">
    </testcase>
  </testsuite>
  <testsuite name="CellsController test post_clear_formats test" tests="1" errors="0" failures="0" skipped="0" timestamp="2023-10-16T14:40:56" time="0.864">
    <testcase classname="CellsController test post_clear_formats test" name="should call PostClearFormats successfully" time="0.862">
    </testcase>
  </testsuite>
  <testsuite name="CellsController test post_update_worksheet_range_style test" tests="1" errors="0" failures="0" skipped="0" timestamp="2023-10-16T14:40:57" time="0.981">
    <testcase classname="CellsController test post_update_worksheet_range_style test" name="should call PostUpdateWorksheetRangeStyle successfully" time="0.98">
    </testcase>
  </testsuite>
  <testsuite name="CellsController test post_worksheet_merge test" tests="1" errors="0" failures="0" skipped="0" timestamp="2023-10-16T14:40:58" time="0.902">
    <testcase classname="CellsController test post_worksheet_merge test" name="should call PostWorksheetMerge successfully" time="0.901">
    </testcase>
  </testsuite>
  <testsuite name="CellsController test post_worksheet_unmerge test" tests="1" errors="0" failures="0" skipped="0" timestamp="2023-10-16T14:40:59" time="0.948">
    <testcase classname="CellsController test post_worksheet_unmerge test" name="should call PostWorksheetUnmerge successfully" time="0.947">
    </testcase>
  </testsuite>
  <testsuite name="CellsController test get_worksheet_cells test" tests="1" errors="0" failures="0" skipped="0" timestamp="2023-10-16T14:41:00" time="0.693">
    <testcase classname="CellsController test get_worksheet_cells test" name="should call GetWorksheetCells successfully" time="0.692">
    </testcase>
  </testsuite>
  <testsuite name="CellsController test get_worksheet_cell test" tests="1" errors="0" failures="0" skipped="0" timestamp="2023-10-16T14:41:00" time="0.706">
    <testcase classname="CellsController test get_worksheet_cell test" name="should call GetWorksheetCell successfully" time="0.705">
    </testcase>
  </testsuite>
  <testsuite name="CellsController test get_worksheet_cell_style test" tests="1" errors="0" failures="0" skipped="0" timestamp="2023-10-16T14:41:01" time="1.378">
    <testcase classname="CellsController test get_worksheet_cell_style test" name="should call GetWorksheetCellStyle successfully" time="1.376">
    </testcase>
  </testsuite>
  <testsuite name="CellsController test post_worksheet_cell_set_value test" tests="1" errors="0" failures="0" skipped="0" timestamp="2023-10-16T14:41:02" time="0.906">
    <testcase classname="CellsController test post_worksheet_cell_set_value test" name="should call PostWorksheetCellSetValue successfully" time="0.904">
    </testcase>
  </testsuite>
  <testsuite name="CellsController test post_update_worksheet_cell_style test" tests="1" errors="0" failures="0" skipped="0" timestamp="2023-10-16T14:41:03" time="0.908">
    <testcase classname="CellsController test post_update_worksheet_cell_style test" name="should call PostUpdateWorksheetCellStyle successfully" time="0.907">
    </testcase>
  </testsuite>
  <testsuite name="CellsController test post_set_cell_range_value test" tests="1" errors="0" failures="0" skipped="0" timestamp="2023-10-16T14:41:04" time="0.932">
    <testcase classname="CellsController test post_set_cell_range_value test" name="should call PostSetCellRangeValue successfully" time="0.932">
    </testcase>
  </testsuite>
  <testsuite name="CellsController test post_copy_cell_into_cell test" tests="1" errors="0" failures="0" skipped="0" timestamp="2023-10-16T14:41:05" time="0.759">
    <testcase classname="CellsController test post_copy_cell_into_cell test" name="should call PostCopyCellIntoCell successfully" time="0.758">
    </testcase>
  </testsuite>
  <testsuite name="CellsController test get_cell_html_string test" tests="1" errors="0" failures="0" skipped="0" timestamp="2023-10-16T14:41:06" time="0.7">
    <testcase classname="CellsController test get_cell_html_string test" name="should call GetCellHtmlString successfully" time="0.699">
    </testcase>
  </testsuite>
  <testsuite name="CellsController test post_set_cell_html_string test" tests="1" errors="0" failures="0" skipped="0" timestamp="2023-10-16T14:41:07" time="0.939">
    <testcase classname="CellsController test post_set_cell_html_string test" name="should call PostSetCellHtmlString successfully" time="0.939">
    </testcase>
  </testsuite>
  <testsuite name="CellsController test post_cell_calculate test" tests="1" errors="0" failures="0" skipped="0" timestamp="2023-10-16T14:41:08" time="0.955">
    <testcase classname="CellsController test post_cell_calculate test" name="should call PostCellCalculate successfully" time="0.955">
    </testcase>
  </testsuite>
  <testsuite name="CellsController test post_cell_characters test" tests="1" errors="0" failures="0" skipped="0" timestamp="2023-10-16T14:41:09" time="1.327">
    <testcase classname="CellsController test post_cell_characters test" name="should call PostCellCharacters successfully" time="1.326">
    </testcase>
  </testsuite>
  <testsuite name="CellsController test get_worksheet_columns test" tests="1" errors="0" failures="0" skipped="0" timestamp="2023-10-16T14:41:10" time="0.722">
    <testcase classname="CellsController test get_worksheet_columns test" name="should call GetWorksheetColumns successfully" time="0.721">
    </testcase>
  </testsuite>
  <testsuite name="CellsController test post_set_worksheet_column_width test" tests="1" errors="0" failures="0" skipped="0" timestamp="2023-10-16T14:41:11" time="0.807">
    <testcase classname="CellsController test post_set_worksheet_column_width test" name="should call PostSetWorksheetColumnWidth successfully" time="0.807">
    </testcase>
  </testsuite>
  <testsuite name="CellsController test get_worksheet_column test" tests="1" errors="0" failures="0" skipped="0" timestamp="2023-10-16T14:41:11" time="0.707">
    <testcase classname="CellsController test get_worksheet_column test" name="should call GetWorksheetColumn successfully" time="0.706">
    </testcase>
  </testsuite>
  <testsuite name="CellsController test put_insert_worksheet_columns test" tests="1" errors="0" failures="0" skipped="0" timestamp="2023-10-16T14:41:12" time="0.927">
    <testcase classname="CellsController test put_insert_worksheet_columns test" name="should call PutInsertWorksheetColumns successfully" time="0.926">
    </testcase>
  </testsuite>
  <testsuite name="CellsController test delete_worksheet_columns test" tests="1" errors="0" failures="0" skipped="0" timestamp="2023-10-16T14:41:13" time="0.981">
    <testcase classname="CellsController test delete_worksheet_columns test" name="should call DeleteWorksheetColumns successfully" time="0.98">
    </testcase>
  </testsuite>
  <testsuite name="CellsController test post_hide_worksheet_columns test" tests="1" errors="0" failures="0" skipped="0" timestamp="2023-10-16T14:41:14" time="0.856">
    <testcase classname="CellsController test post_hide_worksheet_columns test" name="should call PostHideWorksheetColumns successfully" time="0.856">
    </testcase>
  </testsuite>
  <testsuite name="CellsController test post_unhide_worksheet_columns test" tests="1" errors="0" failures="0" skipped="0" timestamp="2023-10-16T14:41:15" time="0.887">
    <testcase classname="CellsController test post_unhide_worksheet_columns test" name="should call PostUnhideWorksheetColumns successfully" time="0.886">
    </testcase>
  </testsuite>
  <testsuite name="CellsController test post_group_worksheet_columns test" tests="1" errors="0" failures="0" skipped="0" timestamp="2023-10-16T14:41:16" time="1.931">
    <testcase classname="CellsController test post_group_worksheet_columns test" name="should call PostGroupWorksheetColumns successfully" time="1.929">
    </testcase>
  </testsuite>
  <testsuite name="CellsController test post_ungroup_worksheet_columns test" tests="1" errors="0" failures="0" skipped="0" timestamp="2023-10-16T14:41:18" time="0.774">
    <testcase classname="CellsController test post_ungroup_worksheet_columns test" name="should call PostUngroupWorksheetColumns successfully" time="0.772">
    </testcase>
  </testsuite>
  <testsuite name="CellsController test post_copy_worksheet_columns test" tests="1" errors="0" failures="0" skipped="0" timestamp="2023-10-16T14:41:18" time="0.885">
    <testcase classname="CellsController test post_copy_worksheet_columns test" name="should call PostCopyWorksheetColumns successfully" time="0.884">
    </testcase>
  </testsuite>
  <testsuite name="CellsController test post_column_style test" tests="1" errors="0" failures="0" skipped="0" timestamp="2023-10-16T14:41:19" time="0.795">
    <testcase classname="CellsController test post_column_style test" name="should call PostColumnStyle successfully" time="0.795">
    </testcase>
  </testsuite>
  <testsuite name="CellsController test get_worksheet_rows test" tests="1" errors="0" failures="0" skipped="0" timestamp="2023-10-16T14:41:20" time="0.673">
    <testcase classname="CellsController test get_worksheet_rows test" name="should call GetWorksheetRows successfully" time="0.673">
    </testcase>
  </testsuite>
  <testsuite name="CellsController test get_worksheet_row test" tests="1" errors="0" failures="0" skipped="0" timestamp="2023-10-16T14:41:21" time="0.662">
    <testcase classname="CellsController test get_worksheet_row test" name="should call GetWorksheetRow successfully" time="0.661">
    </testcase>
  </testsuite>
  <testsuite name="CellsController test delete_worksheet_row test" tests="1" errors="0" failures="0" skipped="0" timestamp="2023-10-16T14:41:21" time="0.989">
    <testcase classname="CellsController test delete_worksheet_row test" name="should call DeleteWorksheetRow successfully" time="0.988">
    </testcase>
  </testsuite>
  <testsuite name="CellsController test delete_worksheet_rows test" tests="1" errors="0" failures="0" skipped="0" timestamp="2023-10-16T14:41:22" time="0.955">
    <testcase classname="CellsController test delete_worksheet_rows test" name="should call DeleteWorksheetRows successfully" time="0.954">
    </testcase>
  </testsuite>
  <testsuite name="CellsController test put_insert_worksheet_rows test" tests="1" errors="0" failures="0" skipped="0" timestamp="2023-10-16T14:41:23" time="0.866">
    <testcase classname="CellsController test put_insert_worksheet_rows test" name="should call PutInsertWorksheetRows successfully" time="0.866">
    </testcase>
  </testsuite>
  <testsuite name="CellsController test put_insert_worksheet_row test" tests="1" errors="0" failures="0" skipped="0" timestamp="2023-10-16T14:41:24" time="0.83">
    <testcase classname="CellsController test put_insert_worksheet_row test" name="should call PutInsertWorksheetRow successfully" time="0.828">
    </testcase>
  </testsuite>
  <testsuite name="CellsController test post_update_worksheet_row test" tests="1" errors="0" failures="0" skipped="0" timestamp="2023-10-16T14:41:25" time="0.916">
    <testcase classname="CellsController test post_update_worksheet_row test" name="should call PostUpdateWorksheetRow successfully" time="0.916">
    </testcase>
  </testsuite>
  <testsuite name="CellsController test post_hide_worksheet_rows test" tests="1" errors="0" failures="0" skipped="0" timestamp="2023-10-16T14:41:26" time="0.846">
    <testcase classname="CellsController test post_hide_worksheet_rows test" name="should call PostHideWorksheetRows successfully" time="0.845">
    </testcase>
  </testsuite>
  <testsuite name="CellsController test post_unhide_worksheet_rows test" tests="1" errors="0" failures="0" skipped="0" timestamp="2023-10-16T14:41:27" time="1.019">
    <testcase classname="CellsController test post_unhide_worksheet_rows test" name="should call PostUnhideWorksheetRows successfully" time="1.019">
    </testcase>
  </testsuite>
  <testsuite name="CellsController test post_group_worksheet_rows test" tests="1" errors="0" failures="0" skipped="0" timestamp="2023-10-16T14:41:28" time="0.85">
    <testcase classname="CellsController test post_group_worksheet_rows test" name="should call PostGroupWorksheetRows successfully" time="0.85">
    </testcase>
  </testsuite>
  <testsuite name="CellsController test post_ungroup_worksheet_rows test" tests="1" errors="0" failures="0" skipped="0" timestamp="2023-10-16T14:41:29" time="0.871">
    <testcase classname="CellsController test post_ungroup_worksheet_rows test" name="should call PostUngroupWorksheetRows successfully" time="0.87">
    </testcase>
  </testsuite>
  <testsuite name="CellsController test post_copy_worksheet_rows test" tests="1" errors="0" failures="0" skipped="0" timestamp="2023-10-16T14:41:30" time="0.872">
    <testcase classname="CellsController test post_copy_worksheet_rows test" name="should call PostCopyWorksheetRows successfully" time="0.871">
    </testcase>
  </testsuite>
  <testsuite name="CellsController test post_row_style test" tests="1" errors="0" failures="0" skipped="0" timestamp="2023-10-16T14:41:31" time="0.843">
    <testcase classname="CellsController test post_row_style test" name="should call PostRowStyle successfully" time="0.841">
    </testcase>
  </testsuite>
  <testsuite name="CellsStatusController test get_cells_cloud_services_health_check test" tests="1" errors="0" failures="0" skipped="0" timestamp="2023-10-16T14:41:31" time="1.338">
    <testcase classname="CellsStatusController test get_cells_cloud_services_health_check test" name="should call GetCellsCloudServicesHealthCheck successfully" time="1.337">
    </testcase>
  </testsuite>
  <testsuite name="CellsStatusController test get_cells_cloud_service_status test" tests="1" errors="0" failures="0" skipped="0" timestamp="2023-10-16T14:41:33" time="0.644">
    <testcase classname="CellsStatusController test get_cells_cloud_service_status test" name="should call GetCellsCloudServiceStatus successfully" time="0.644">
    </testcase>
  </testsuite>
  <testsuite name="ChartAreaController test get_chart_area test" tests="1" errors="0" failures="0" skipped="0" timestamp="2023-10-16T14:41:33" time="1.373">
    <testcase classname="ChartAreaController test get_chart_area test" name="should call GetChartArea successfully" time="1.371">
    </testcase>
  </testsuite>
  <testsuite name="ChartAreaController test get_chart_area_fill_format test" tests="1" errors="0" failures="0" skipped="0" timestamp="2023-10-16T14:41:35" time="0.658">
    <testcase classname="ChartAreaController test get_chart_area_fill_format test" name="should call GetChartAreaFillFormat successfully" time="0.657">
    </testcase>
  </testsuite>
  <testsuite name="ChartAreaController test get_chart_area_border test" tests="1" errors="0" failures="0" skipped="0" timestamp="2023-10-16T14:41:35" time="0.676">
    <testcase classname="ChartAreaController test get_chart_area_border test" name="should call GetChartAreaBorder successfully" time="0.675">
    </testcase>
  </testsuite>
  <testsuite name="ChartsController test get_worksheet_charts test" tests="1" errors="0" failures="0" skipped="0" timestamp="2023-10-16T14:41:36" time="1.342">
    <testcase classname="ChartsController test get_worksheet_charts test" name="should call GetWorksheetCharts successfully" time="1.341">
    </testcase>
  </testsuite>
  <testsuite name="ChartsController test get_worksheet_chart test" tests="1" errors="0" failures="0" skipped="0" timestamp="2023-10-16T14:41:37" time="0.746">
    <testcase classname="ChartsController test get_worksheet_chart test" name="should call GetWorksheetChart successfully" time="0.745">
    </testcase>
  </testsuite>
  <testsuite name="ChartsController test put_worksheet_add_chart test" tests="1" errors="0" failures="0" skipped="0" timestamp="2023-10-16T14:41:38" time="0.987">
    <testcase classname="ChartsController test put_worksheet_add_chart test" name="should call PutWorksheetAddChart successfully" time="0.987">
    </testcase>
  </testsuite>
  <testsuite name="ChartsController test delete_worksheet_delete_chart test" tests="1" errors="0" failures="0" skipped="0" timestamp="2023-10-16T14:41:39" time="0.917">
    <testcase classname="ChartsController test delete_worksheet_delete_chart test" name="should call DeleteWorksheetDeleteChart successfully" time="0.916">
    </testcase>
  </testsuite>
  <testsuite name="ChartsController test post_worksheet_chart test" tests="1" errors="0" failures="0" skipped="0" timestamp="2023-10-16T14:41:40" time="0.855">
    <testcase classname="ChartsController test post_worksheet_chart test" name="should call PostWorksheetChart successfully" time="0.854">
    </testcase>
  </testsuite>
  <testsuite name="ChartsController test get_worksheet_chart_legend test" tests="1" errors="0" failures="0" skipped="0" timestamp="2023-10-16T14:41:41" time="0.745">
    <testcase classname="ChartsController test get_worksheet_chart_legend test" name="should call GetWorksheetChartLegend successfully" time="0.745">
    </testcase>
  </testsuite>
  <testsuite name="ChartsController test post_worksheet_chart_legend test" tests="1" errors="0" failures="0" skipped="0" timestamp="2023-10-16T14:41:42" time="0.847">
    <testcase classname="ChartsController test post_worksheet_chart_legend test" name="should call PostWorksheetChartLegend successfully" time="0.845">
    </testcase>
  </testsuite>
  <testsuite name="ChartsController test put_worksheet_chart_legend test" tests="1" errors="0" failures="0" skipped="0" timestamp="2023-10-16T14:41:42" time="0.868">
    <testcase classname="ChartsController test put_worksheet_chart_legend test" name="should call PutWorksheetChartLegend successfully" time="0.868">
    </testcase>
  </testsuite>
  <testsuite name="ChartsController test delete_worksheet_chart_legend test" tests="1" errors="0" failures="0" skipped="0" timestamp="2023-10-16T14:41:43" time="0.923">
    <testcase classname="ChartsController test delete_worksheet_chart_legend test" name="should call DeleteWorksheetChartLegend successfully" time="0.922">
    </testcase>
  </testsuite>
  <testsuite name="ChartsController test delete_worksheet_clear_charts test" tests="1" errors="0" failures="0" skipped="0" timestamp="2023-10-16T14:41:44" time="0.822">
    <testcase classname="ChartsController test delete_worksheet_clear_charts test" name="should call DeleteWorksheetClearCharts successfully" time="0.821">
    </testcase>
  </testsuite>
  <testsuite name="ChartsController test get_worksheet_chart_title test" tests="1" errors="0" failures="0" skipped="0" timestamp="2023-10-16T14:41:45" time="0.753">
    <testcase classname="ChartsController test get_worksheet_chart_title test" name="should call GetWorksheetChartTitle successfully" time="0.752">
    </testcase>
  </testsuite>
  <testsuite name="ChartsController test post_worksheet_chart_title test" tests="1" errors="0" failures="0" skipped="0" timestamp="2023-10-16T14:41:46" time="0.886">
    <testcase classname="ChartsController test post_worksheet_chart_title test" name="should call PostWorksheetChartTitle successfully" time="0.885">
    </testcase>
  </testsuite>
  <testsuite name="ChartsController test put_worksheet_chart_title test" tests="1" errors="0" failures="0" skipped="0" timestamp="2023-10-16T14:41:47" time="0.82">
    <testcase classname="ChartsController test put_worksheet_chart_title test" name="should call PutWorksheetChartTitle successfully" time="0.819">
    </testcase>
  </testsuite>
  <testsuite name="ChartsController test delete_worksheet_chart_title test" tests="1" errors="0" failures="0" skipped="0" timestamp="2023-10-16T14:41:48" time="0.896">
    <testcase classname="ChartsController test delete_worksheet_chart_title test" name="should call DeleteWorksheetChartTitle successfully" time="0.895">
    </testcase>
  </testsuite>
  <testsuite name="ConditionalFormattingsController test get_worksheet_conditional_formattings test" tests="1" errors="0" failures="0" skipped="0" timestamp="2023-10-16T14:41:48" time="1.392">
    <testcase classname="ConditionalFormattingsController test get_worksheet_conditional_formattings test" name="should call GetWorksheetConditionalFormattings successfully" time="1.392">
    </testcase>
  </testsuite>
  <testsuite name="ConditionalFormattingsController test get_worksheet_conditional_formatting test" tests="1" errors="0" failures="0" skipped="0" timestamp="2023-10-16T14:41:50" time="0.677">
    <testcase classname="ConditionalFormattingsController test get_worksheet_conditional_formatting test" name="should call GetWorksheetConditionalFormatting successfully" time="0.676">
    </testcase>
  </testsuite>
  <testsuite name="ConditionalFormattingsController test put_worksheet_conditional_formatting test" tests="1" errors="0" failures="0" skipped="0" timestamp="2023-10-16T14:41:51" time="0.875">
    <testcase classname="ConditionalFormattingsController test put_worksheet_conditional_formatting test" name="should call PutWorksheetConditionalFormatting successfully" time="0.874">
    </testcase>
  </testsuite>
  <testsuite name="ConditionalFormattingsController test put_worksheet_format_condition test" tests="1" errors="0" failures="0" skipped="0" timestamp="2023-10-16T14:41:51" time="0.916">
    <testcase classname="ConditionalFormattingsController test put_worksheet_format_condition test" name="should call PutWorksheetFormatCondition successfully" time="0.914">
    </testcase>
  </testsuite>
  <testsuite name="ConditionalFormattingsController test put_worksheet_format_condition_area test" tests="1" errors="0" failures="0" skipped="0" timestamp="2023-10-16T14:41:52" time="0.831">
    <testcase classname="ConditionalFormattingsController test put_worksheet_format_condition_area test" name="should call PutWorksheetFormatConditionArea successfully" time="0.831">
    </testcase>
  </testsuite>
  <testsuite name="ConditionalFormattingsController test put_worksheet_format_condition_condition test" tests="1" errors="0" failures="0" skipped="0" timestamp="2023-10-16T14:41:53" time="0.753">
    <testcase classname="ConditionalFormattingsController test put_worksheet_format_condition_condition test" name="should call PutWorksheetFormatConditionCondition successfully" time="0.753">
    </testcase>
  </testsuite>
  <testsuite name="ConditionalFormattingsController test delete_worksheet_conditional_formattings test" tests="1" errors="0" failures="0" skipped="0" timestamp="2023-10-16T14:41:54" time="0.772">
    <testcase classname="ConditionalFormattingsController test delete_worksheet_conditional_formattings test" name="should call DeleteWorksheetConditionalFormattings successfully" time="0.771">
    </testcase>
  </testsuite>
  <testsuite name="ConditionalFormattingsController test delete_worksheet_conditional_formatting test" tests="1" errors="0" failures="0" skipped="0" timestamp="2023-10-16T14:41:55" time="0.877">
    <testcase classname="ConditionalFormattingsController test delete_worksheet_conditional_formatting test" name="should call DeleteWorksheetConditionalFormatting successfully" time="0.876">
    </testcase>
  </testsuite>
  <testsuite name="ConditionalFormattingsController test delete_worksheet_conditional_formatting_area test" tests="1" errors="0" failures="0" skipped="0" timestamp="2023-10-16T14:41:56" time="0.925">
    <testcase classname="ConditionalFormattingsController test delete_worksheet_conditional_formatting_area test" name="should call DeleteWorksheetConditionalFormattingArea successfully" time="0.923">
    </testcase>
  </testsuite>
  <testsuite name="FileController test download_file test" tests="1" errors="0" failures="0" skipped="0" timestamp="2023-10-16T14:41:56" time="1.963">
    <testcase classname="FileController test download_file test" name="should call DownloadFile successfully" time="1.961">
    </testcase>
  </testsuite>
  <testsuite name="FileController test upload_file test" tests="1" errors="0" failures="0" skipped="0" timestamp="2023-10-16T14:41:58" time="1.438">
    <testcase classname="FileController test upload_file test" name="should call UploadFile successfully" time="1.436">
    </testcase>
  </testsuite>
  <testsuite name="FileController test copy_file test" tests="1" errors="0" failures="0" skipped="0" timestamp="2023-10-16T14:42:00" time="0.994">
    <testcase classname="FileController test copy_file test" name="should call CopyFile successfully" time="0.993">
    </testcase>
  </testsuite>
  <testsuite name="FileController test move_file test" tests="1" errors="0" failures="0" skipped="0" timestamp="2023-10-16T14:42:01" time="11.347">
    <testcase classname="FileController test move_file test" name="should call MoveFile successfully" time="11.346">
    </testcase>
  </testsuite>
  <testsuite name="FileController test delete_file test" tests="1" errors="0" failures="0" skipped="0" timestamp="2023-10-16T14:42:12" time="0.78">
    <testcase classname="FileController test delete_file test" name="should call DeleteFile successfully" time="0.778">
    </testcase>
  </testsuite>
  <testsuite name="FolderController test get_files_list test" tests="1" errors="0" failures="0" skipped="0" timestamp="2023-10-16T14:42:13" time="1.328">
    <testcase classname="FolderController test get_files_list test" name="should call GetFilesList successfully" time="1.328">
    </testcase>
  </testsuite>
  <testsuite name="FolderController test create_folder test" tests="1" errors="0" failures="0" skipped="0" timestamp="2023-10-16T14:42:14" time="0.671">
    <testcase classname="FolderController test create_folder test" name="should call CreateFolder successfully" time="0.671">
    </testcase>
  </testsuite>
  <testsuite name="FolderController test copy_folder test" tests="1" errors="0" failures="0" skipped="0" timestamp="2023-10-16T14:42:15" time="2.998">
    <testcase classname="FolderController test copy_folder test" name="should call CopyFolder successfully" time="2.997">
    </testcase>
  </testsuite>
  <testsuite name="FolderController test move_folder test" tests="1" errors="0" failures="0" skipped="0" timestamp="2023-10-16T14:42:18" time="2.895">
    <testcase classname="FolderController test move_folder test" name="should call MoveFolder successfully" time="2.894">
    </testcase>
  </testsuite>
  <testsuite name="FolderController test delete_folder test" tests="1" errors="0" failures="0" skipped="0" timestamp="2023-10-16T14:42:21" time="0.676">
    <testcase classname="FolderController test delete_folder test" name="should call DeleteFolder successfully" time="0.675">
    </testcase>
  </testsuite>
  <testsuite name="HypelinksController test get_work_sheet_hyperlinks test" tests="1" errors="0" failures="0" skipped="0" timestamp="2023-10-16T14:42:22" time="1.333">
    <testcase classname="HypelinksController test get_work_sheet_hyperlinks test" name="should call GetWorkSheetHyperlinks successfully" time="1.333">
    </testcase>
  </testsuite>
  <testsuite name="HypelinksController test get_work_sheet_hyperlink test" tests="1" errors="0" failures="0" skipped="0" timestamp="2023-10-16T14:42:23" time="0.749">
    <testcase classname="HypelinksController test get_work_sheet_hyperlink test" name="should call GetWorkSheetHyperlink successfully" time="0.749">
    </testcase>
  </testsuite>
  <testsuite name="HypelinksController test delete_work_sheet_hyperlink test" tests="1" errors="0" failures="0" skipped="0" timestamp="2023-10-16T14:42:24" time="0.931">
    <testcase classname="HypelinksController test delete_work_sheet_hyperlink test" name="should call DeleteWorkSheetHyperlink successfully" time="0.93">
    </testcase>
  </testsuite>
  <testsuite name="HypelinksController test post_work_sheet_hyperlink test" tests="1" errors="0" failures="0" skipped="0" timestamp="2023-10-16T14:42:25" time="0.827">
    <testcase classname="HypelinksController test post_work_sheet_hyperlink test" name="should call PostWorkSheetHyperlink successfully" time="0.826">
    </testcase>
  </testsuite>
  <testsuite name="HypelinksController test put_work_sheet_hyperlink test" tests="1" errors="0" failures="0" skipped="0" timestamp="2023-10-16T14:42:25" time="0.826">
    <testcase classname="HypelinksController test put_work_sheet_hyperlink test" name="should call PutWorkSheetHyperlink successfully" time="0.825">
    </testcase>
  </testsuite>
  <testsuite name="HypelinksController test delete_work_sheet_hyperlinks test" tests="1" errors="0" failures="0" skipped="0" timestamp="2023-10-16T14:42:26" time="0.993">
    <testcase classname="HypelinksController test delete_work_sheet_hyperlinks test" name="should call DeleteWorkSheetHyperlinks successfully" time="0.992">
    </testcase>
  </testsuite>
  <testsuite name="ListObjectsController test get_worksheet_list_objects test" tests="1" errors="0" failures="0" skipped="0" timestamp="2023-10-16T14:42:27" time="1.362">
    <testcase classname="ListObjectsController test get_worksheet_list_objects test" name="should call GetWorksheetListObjects successfully" time="1.362">
    </testcase>
  </testsuite>
  <testsuite name="ListObjectsController test get_worksheet_list_object test" tests="1" errors="0" failures="0" skipped="0" timestamp="2023-10-16T14:42:29" time="0.919">
    <testcase classname="ListObjectsController test get_worksheet_list_object test" name="should call GetWorksheetListObject successfully" time="0.919">
    </testcase>
  </testsuite>
  <testsuite name="ListObjectsController test put_worksheet_list_object test" tests="1" errors="0" failures="0" skipped="0" timestamp="2023-10-16T14:42:30" time="0.933">
    <testcase classname="ListObjectsController test put_worksheet_list_object test" name="should call PutWorksheetListObject successfully" time="0.933">
    </testcase>
  </testsuite>
  <testsuite name="ListObjectsController test delete_worksheet_list_objects test" tests="1" errors="0" failures="0" skipped="0" timestamp="2023-10-16T14:42:30" time="0.833">
    <testcase classname="ListObjectsController test delete_worksheet_list_objects test" name="should call DeleteWorksheetListObjects successfully" time="0.832">
    </testcase>
  </testsuite>
  <testsuite name="ListObjectsController test delete_worksheet_list_object test" tests="1" errors="0" failures="0" skipped="0" timestamp="2023-10-16T14:42:31" time="0.826">
    <testcase classname="ListObjectsController test delete_worksheet_list_object test" name="should call DeleteWorksheetListObject successfully" time="0.824">
    </testcase>
  </testsuite>
  <testsuite name="ListObjectsController test post_worksheet_list_object test" tests="1" errors="0" failures="0" skipped="0" timestamp="2023-10-16T14:42:32" time="0.791">
    <testcase classname="ListObjectsController test post_worksheet_list_object test" name="should call PostWorksheetListObject successfully" time="0.789">
    </testcase>
  </testsuite>
  <testsuite name="ListObjectsController test post_worksheet_list_object_convert_to_range test" tests="1" errors="0" failures="0" skipped="0" timestamp="2023-10-16T14:42:33" time="0.856">
    <testcase classname="ListObjectsController test post_worksheet_list_object_convert_to_range test" name="should call PostWorksheetListObjectConvertToRange successfully" time="0.856">
    </testcase>
  </testsuite>
  <testsuite name="ListObjectsController test post_worksheet_list_object_summarize_with_pivot_table test" tests="1" errors="0" failures="0" skipped="0" timestamp="2023-10-16T14:42:34" time="0.834">
    <testcase classname="ListObjectsController test post_worksheet_list_object_summarize_with_pivot_table test" name="should call PostWorksheetListObjectSummarizeWithPivotTable successfully" time="0.832">
    </testcase>
  </testsuite>
  <testsuite name="ListObjectsController test post_worksheet_list_object_sort_table test" tests="1" errors="0" failures="0" skipped="0" timestamp="2023-10-16T14:42:35" time="0.92">
    <testcase classname="ListObjectsController test post_worksheet_list_object_sort_table test" name="should call PostWorksheetListObjectSortTable successfully" time="0.919">
    </testcase>
  </testsuite>
  <testsuite name="ListObjectsController test post_worksheet_list_column test" tests="1" errors="0" failures="0" skipped="0" timestamp="2023-10-16T14:42:35" time="0.832">
    <testcase classname="ListObjectsController test post_worksheet_list_column test" name="should call PostWorksheetListColumn successfully" time="0.83">
    </testcase>
  </testsuite>
  <testsuite name="ListObjectsController test post_worksheet_list_columns_total test" tests="1" errors="0" failures="0" skipped="0" timestamp="2023-10-16T14:42:36" time="0.833">
    <testcase classname="ListObjectsController test post_worksheet_list_columns_total test" name="should call PostWorksheetListColumnsTotal successfully" time="0.832">
    </testcase>
  </testsuite>
  <testsuite name="ListObjectsController test post_worksheet_list_object_remove_duplicates test" tests="1" errors="0" failures="0" skipped="0" timestamp="2023-10-16T14:42:37" time="0.755">
    <testcase classname="ListObjectsController test post_worksheet_list_object_remove_duplicates test" name="should call PostWorksheetListObjectRemoveDuplicates successfully" time="0.754">
    </testcase>
  </testsuite>
  <testsuite name="ListObjectsController test post_worksheet_list_object_insert_slicer test" tests="1" errors="0" failures="0" skipped="0" timestamp="2023-10-16T14:42:38" time="0.742">
    <testcase classname="ListObjectsController test post_worksheet_list_object_insert_slicer test" name="should call PostWorksheetListObjectInsertSlicer successfully" time="0.741">
    </testcase>
  </testsuite>
  <testsuite name="OleObjectsController test get_worksheet_ole_objects test" tests="1" errors="0" failures="0" skipped="0" timestamp="2023-10-16T14:42:39" time="1.342">
    <testcase classname="OleObjectsController test get_worksheet_ole_objects test" name="should call GetWorksheetOleObjects successfully" time="1.342">
    </testcase>
  </testsuite>
  <testsuite name="OleObjectsController test get_worksheet_ole_object test" tests="1" errors="0" failures="0" skipped="0" timestamp="2023-10-16T14:42:40" time="0.696">
    <testcase classname="OleObjectsController test get_worksheet_ole_object test" name="should call GetWorksheetOleObject successfully" time="0.695">
    </testcase>
  </testsuite>
  <testsuite name="OleObjectsController test delete_worksheet_ole_objects test" tests="1" errors="0" failures="0" skipped="0" timestamp="2023-10-16T14:42:41" time="0.833">
    <testcase classname="OleObjectsController test delete_worksheet_ole_objects test" name="should call DeleteWorksheetOleObjects successfully" time="0.833">
    </testcase>
  </testsuite>
  <testsuite name="OleObjectsController test delete_worksheet_ole_object test" tests="1" errors="0" failures="0" skipped="0" timestamp="2023-10-16T14:42:42" time="0.834">
    <testcase classname="OleObjectsController test delete_worksheet_ole_object test" name="should call DeleteWorksheetOleObject successfully" time="0.832">
    </testcase>
  </testsuite>
  <testsuite name="OleObjectsController test post_update_worksheet_ole_object test" tests="1" errors="0" failures="0" skipped="0" timestamp="2023-10-16T14:42:42" time="1.067">
    <testcase classname="OleObjectsController test post_update_worksheet_ole_object test" name="should call PostUpdateWorksheetOleObject successfully" time="1.066">
    </testcase>
  </testsuite>
  <testsuite name="OleObjectsController test put_worksheet_ole_object test" tests="1" errors="0" failures="0" skipped="0" timestamp="2023-10-16T14:42:43" time="0.967">
    <testcase classname="OleObjectsController test put_worksheet_ole_object test" name="should call PutWorksheetOleObject successfully" time="0.965">
    </testcase>
  </testsuite>
  <testsuite name="one test case test post_metadata test" tests="1" errors="0" failures="0" skipped="0" timestamp="2023-10-16T14:42:44" time="1.974">
    <testcase classname="one test case test post_metadata test" name="should call PostMetadata successfully" time="1.973">
    </testcase>
  </testsuite>
  <testsuite name="PageBreaksController test get_vertical_page_breaks test" tests="1" errors="0" failures="0" skipped="0" timestamp="2023-10-16T14:42:46" time="1.347">
    <testcase classname="PageBreaksController test get_vertical_page_breaks test" name="should call GetVerticalPageBreaks successfully" time="1.345">
    </testcase>
  </testsuite>
  <testsuite name="PageBreaksController test get_horizontal_page_breaks test" tests="1" errors="0" failures="0" skipped="0" timestamp="2023-10-16T14:42:48" time="0.69">
    <testcase classname="PageBreaksController test get_horizontal_page_breaks test" name="should call GetHorizontalPageBreaks successfully" time="0.689">
    </testcase>
  </testsuite>
  <testsuite name="PageBreaksController test get_vertical_page_break test" tests="1" errors="0" failures="0" skipped="0" timestamp="2023-10-16T14:42:48" time="0.751">
    <testcase classname="PageBreaksController test get_vertical_page_break test" name="should call GetVerticalPageBreak successfully" time="0.751">
    </testcase>
  </testsuite>
  <testsuite name="PageBreaksController test get_horizontal_page_break test" tests="1" errors="0" failures="0" skipped="0" timestamp="2023-10-16T14:42:49" time="0.691">
    <testcase classname="PageBreaksController test get_horizontal_page_break test" name="should call GetHorizontalPageBreak successfully" time="0.69">
    </testcase>
  </testsuite>
  <testsuite name="PageBreaksController test put_vertical_page_break test" tests="1" errors="0" failures="0" skipped="0" timestamp="2023-10-16T14:42:50" time="0.756">
    <testcase classname="PageBreaksController test put_vertical_page_break test" name="should call PutVerticalPageBreak successfully" time="0.756">
    </testcase>
  </testsuite>
  <testsuite name="PageBreaksController test put_horizontal_page_break test" tests="1" errors="0" failures="0" skipped="0" timestamp="2023-10-16T14:42:51" time="0.915">
    <testcase classname="PageBreaksController test put_horizontal_page_break test" name="should call PutHorizontalPageBreak successfully" time="0.915">
    </testcase>
  </testsuite>
  <testsuite name="PageBreaksController test delete_vertical_page_breaks test" tests="1" errors="0" failures="0" skipped="0" timestamp="2023-10-16T14:42:52" time="0.788">
    <testcase classname="PageBreaksController test delete_vertical_page_breaks test" name="should call DeleteVerticalPageBreaks successfully" time="0.787">
    </testcase>
  </testsuite>
  <testsuite name="PageBreaksController test delete_horizontal_page_breaks test" tests="1" errors="0" failures="0" skipped="0" timestamp="2023-10-16T14:42:52" time="0.952">
    <testcase classname="PageBreaksController test delete_horizontal_page_breaks test" name="should call DeleteHorizontalPageBreaks successfully" time="0.951">
    </testcase>
  </testsuite>
  <testsuite name="PageBreaksController test delete_vertical_page_break test" tests="1" errors="0" failures="0" skipped="0" timestamp="2023-10-16T14:42:53" time="0.952">
    <testcase classname="PageBreaksController test delete_vertical_page_break test" name="should call DeleteVerticalPageBreak successfully" time="0.951">
    </testcase>
  </testsuite>
  <testsuite name="PageBreaksController test delete_horizontal_page_break test" tests="1" errors="0" failures="0" skipped="0" timestamp="2023-10-16T14:42:54" time="0.89">
    <testcase classname="PageBreaksController test delete_horizontal_page_break test" name="should call DeleteHorizontalPageBreak successfully" time="0.889">
    </testcase>
  </testsuite>
  <testsuite name="PageSetupController test get_page_setup test" tests="1" errors="0" failures="0" skipped="0" timestamp="2023-10-16T14:42:55" time="1.33">
    <testcase classname="PageSetupController test get_page_setup test" name="should call GetPageSetup successfully" time="1.33">
    </testcase>
  </testsuite>
  <testsuite name="PageSetupController test post_page_setup test" tests="1" errors="0" failures="0" skipped="0" timestamp="2023-10-16T14:42:56" time="1.026">
    <testcase classname="PageSetupController test post_page_setup test" name="should call PostPageSetup successfully" time="1.024">
    </testcase>
  </testsuite>
  <testsuite name="PageSetupController test delete_header_footer test" tests="1" errors="0" failures="0" skipped="0" timestamp="2023-10-16T14:42:57" time="0.935">
    <testcase classname="PageSetupController test delete_header_footer test" name="should call DeleteHeaderFooter successfully" time="0.934">
    </testcase>
  </testsuite>
  <testsuite name="PageSetupController test get_header test" tests="1" errors="0" failures="0" skipped="0" timestamp="2023-10-16T14:42:58" time="0.693">
    <testcase classname="PageSetupController test get_header test" name="should call GetHeader successfully" time="0.693">
    </testcase>
  </testsuite>
  <testsuite name="PageSetupController test post_header test" tests="1" errors="0" failures="0" skipped="0" timestamp="2023-10-16T14:42:59" time="0.924">
    <testcase classname="PageSetupController test post_header test" name="should call PostHeader successfully" time="0.924">
    </testcase>
  </testsuite>
  <testsuite name="PageSetupController test get_footer test" tests="1" errors="0" failures="0" skipped="0" timestamp="2023-10-16T14:43:00" time="0.668">
    <testcase classname="PageSetupController test get_footer test" name="should call GetFooter successfully" time="0.667">
    </testcase>
  </testsuite>
  <testsuite name="PageSetupController test post_footer test" tests="1" errors="0" failures="0" skipped="0" timestamp="2023-10-16T14:43:01" time="1.13">
    <testcase classname="PageSetupController test post_footer test" name="should call PostFooter successfully" time="1.13">
    </testcase>
  </testsuite>
  <testsuite name="PicturesController test get_worksheet_pictures test" tests="1" errors="0" failures="0" skipped="0" timestamp="2023-10-16T14:43:02" time="1.395">
    <testcase classname="PicturesController test get_worksheet_pictures test" name="should call GetWorksheetPictures successfully" time="1.394">
    </testcase>
  </testsuite>
  <testsuite name="PicturesController test get_worksheet_picture_with_format test" tests="1" errors="0" failures="0" skipped="0" timestamp="2023-10-16T14:43:03" time="0.758">
    <testcase classname="PicturesController test get_worksheet_picture_with_format test" name="should call GetWorksheetPictureWithFormat successfully" time="0.758">
    </testcase>
  </testsuite>
  <testsuite name="PicturesController test put_worksheet_add_picture test" tests="1" errors="0" failures="0" skipped="0" timestamp="2023-10-16T14:43:04" time="0.882">
    <testcase classname="PicturesController test put_worksheet_add_picture test" name="should call PutWorksheetAddPicture successfully" time="0.88">
    </testcase>
  </testsuite>
  <testsuite name="PicturesController test post_work_sheet_picture test" tests="1" errors="0" failures="0" skipped="0" timestamp="2023-10-16T14:43:05" time="0.871">
    <testcase classname="PicturesController test post_work_sheet_picture test" name="should call PostWorkSheetPicture successfully" time="0.871">
    </testcase>
  </testsuite>
  <testsuite name="PicturesController test delete_worksheet_picture test" tests="1" errors="0" failures="0" skipped="0" timestamp="2023-10-16T14:43:06" time="0.897">
    <testcase classname="PicturesController test delete_worksheet_picture test" name="should call DeleteWorksheetPicture successfully" time="0.896">
    </testcase>
  </testsuite>
  <testsuite name="PicturesController test delete_work_sheet_pictures test" tests="1" errors="0" failures="0" skipped="0" timestamp="2023-10-16T14:43:07" time="0.781">
    <testcase classname="PicturesController test delete_work_sheet_pictures test" name="should call DeleteWorkSheetPictures successfully" time="0.781">
    </testcase>
  </testsuite>
  <testsuite name="PivotTablesController test get_worksheet_pivot_tables test" tests="1" errors="0" failures="0" skipped="0" timestamp="2023-10-16T14:43:07" time="1.299">
    <testcase classname="PivotTablesController test get_worksheet_pivot_tables test" name="should call GetWorksheetPivotTables successfully" time="1.298">
    </testcase>
  </testsuite>
  <testsuite name="PivotTablesController test get_worksheet_pivot_table test" tests="1" errors="0" failures="0" skipped="0" timestamp="2023-10-16T14:43:09" time="0.667">
    <testcase classname="PivotTablesController test get_worksheet_pivot_table test" name="should call GetWorksheetPivotTable successfully" time="0.667">
    </testcase>
  </testsuite>
  <testsuite name="PivotTablesController test get_pivot_table_field test" tests="1" errors="0" failures="0" skipped="0" timestamp="2023-10-16T14:43:09" time="0.651">
    <testcase classname="PivotTablesController test get_pivot_table_field test" name="should call GetPivotTableField successfully" time="0.65">
    </testcase>
  </testsuite>
  <testsuite name="PivotTablesController test get_worksheet_pivot_table_filters test" tests="1" errors="0" failures="0" skipped="0" timestamp="2023-10-16T14:43:10" time="0.634">
    <testcase classname="PivotTablesController test get_worksheet_pivot_table_filters test" name="should call GetWorksheetPivotTableFilters successfully" time="0.633">
    </testcase>
  </testsuite>
  <testsuite name="PivotTablesController test get_worksheet_pivot_table_filter test" tests="1" errors="0" failures="0" skipped="0" timestamp="2023-10-16T14:43:11" time="0.673">
    <testcase classname="PivotTablesController test get_worksheet_pivot_table_filter test" name="should call GetWorksheetPivotTableFilter successfully" time="0.673">
    </testcase>
  </testsuite>
  <testsuite name="PivotTablesController test put_worksheet_pivot_table test" tests="1" errors="0" failures="0" skipped="0" timestamp="2023-10-16T14:43:11" time="0.756">
    <testcase classname="PivotTablesController test put_worksheet_pivot_table test" name="should call PutWorksheetPivotTable successfully" time="0.756">
    </testcase>
  </testsuite>
  <testsuite name="PivotTablesController test put_pivot_table_field test" tests="1" errors="0" failures="0" skipped="0" timestamp="2023-10-16T14:43:12" time="0.872">
    <testcase classname="PivotTablesController test put_pivot_table_field test" name="should call PutPivotTableField successfully" time="0.872">
    </testcase>
  </testsuite>
  <testsuite name="PivotTablesController test put_worksheet_pivot_table_filter test" tests="1" errors="0" failures="0" skipped="0" timestamp="2023-10-16T14:43:13" time="0.756">
    <testcase classname="PivotTablesController test put_worksheet_pivot_table_filter test" name="should call PutWorksheetPivotTableFilter successfully" time="0.754">
    </testcase>
  </testsuite>
  <testsuite name="PivotTablesController test post_pivot_table_field_hide_item test" tests="1" errors="0" failures="0" skipped="0" timestamp="2023-10-16T14:43:14" time="0.76">
    <testcase classname="PivotTablesController test post_pivot_table_field_hide_item test" name="should call PostPivotTableFieldHideItem successfully" time="0.76">
    </testcase>
  </testsuite>
  <testsuite name="PivotTablesController test post_pivot_table_field_move_to test" tests="1" errors="0" failures="0" skipped="0" timestamp="2023-10-16T14:43:14" time="0.779">
    <testcase classname="PivotTablesController test post_pivot_table_field_move_to test" name="should call PostPivotTableFieldMoveTo successfully" time="0.777">
    </testcase>
  </testsuite>
  <testsuite name="PivotTablesController test post_pivot_table_cell_style test" tests="1" errors="0" failures="0" skipped="0" timestamp="2023-10-16T14:43:15" time="0.851">
    <testcase classname="PivotTablesController test post_pivot_table_cell_style test" name="should call PostPivotTableCellStyle successfully" time="0.85">
    </testcase>
  </testsuite>
  <testsuite name="PivotTablesController test post_pivot_table_style test" tests="1" errors="0" failures="0" skipped="0" timestamp="2023-10-16T14:43:16" time="0.846">
    <testcase classname="PivotTablesController test post_pivot_table_style test" name="should call PostPivotTableStyle successfully" time="0.845">
    </testcase>
  </testsuite>
  <testsuite name="PivotTablesController test post_pivot_table_update_pivot_fields test" tests="1" errors="0" failures="0" skipped="0" timestamp="2023-10-16T14:43:17" time="0.841">
    <testcase classname="PivotTablesController test post_pivot_table_update_pivot_fields test" name="should call PostPivotTableUpdatePivotFields successfully" time="0.841">
    </testcase>
  </testsuite>
  <testsuite name="PivotTablesController test post_pivot_table_update_pivot_field test" tests="1" errors="0" failures="0" skipped="0" timestamp="2023-10-16T14:43:18" time="0.878">
    <testcase classname="PivotTablesController test post_pivot_table_update_pivot_field test" name="should call PostPivotTableUpdatePivotField successfully" time="0.878">
    </testcase>
  </testsuite>
  <testsuite name="PivotTablesController test post_worksheet_pivot_table_calculate test" tests="1" errors="0" failures="0" skipped="0" timestamp="2023-10-16T14:43:19" time="0.782">
    <testcase classname="PivotTablesController test post_worksheet_pivot_table_calculate test" name="should call PostWorksheetPivotTableCalculate successfully" time="0.781">
    </testcase>
  </testsuite>
  <testsuite name="PivotTablesController test post_worksheet_pivot_table_move test" tests="1" errors="0" failures="0" skipped="0" timestamp="2023-10-16T14:43:19" time="0.831">
    <testcase classname="PivotTablesController test post_worksheet_pivot_table_move test" name="should call PostWorksheetPivotTableMove successfully" time="0.83">
    </testcase>
  </testsuite>
  <testsuite name="PivotTablesController test delete_worksheet_pivot_tables test" tests="1" errors="0" failures="0" skipped="0" timestamp="2023-10-16T14:43:20" time="0.783">
    <testcase classname="PivotTablesController test delete_worksheet_pivot_tables test" name="should call DeleteWorksheetPivotTables successfully" time="0.782">
    </testcase>
  </testsuite>
  <testsuite name="PivotTablesController test delete_worksheet_pivot_table test" tests="1" errors="0" failures="0" skipped="0" timestamp="2023-10-16T14:43:21" time="0.789">
    <testcase classname="PivotTablesController test delete_worksheet_pivot_table test" name="should call DeleteWorksheetPivotTable successfully" time="0.789">
    </testcase>
  </testsuite>
  <testsuite name="PivotTablesController test delete_pivot_table_field test" tests="1" errors="0" failures="0" skipped="0" timestamp="2023-10-16T14:43:22" time="0.814">
    <testcase classname="PivotTablesController test delete_pivot_table_field test" name="should call DeletePivotTableField successfully" time="0.813">
    </testcase>
  </testsuite>
  <testsuite name="PivotTablesController test delete_worksheet_pivot_table_filters test" tests="1" errors="0" failures="0" skipped="0" timestamp="2023-10-16T14:43:23" time="0.799">
    <testcase classname="PivotTablesController test delete_worksheet_pivot_table_filters test" name="should call DeleteWorksheetPivotTableFilters successfully" time="0.799">
    </testcase>
  </testsuite>
  <testsuite name="PivotTablesController test delete_worksheet_pivot_table_filter test" tests="1" errors="0" failures="0" skipped="0" timestamp="2023-10-16T14:43:23" time="0.892">
    <testcase classname="PivotTablesController test delete_worksheet_pivot_table_filter test" name="should call DeleteWorksheetPivotTableFilter successfully" time="0.891">
    </testcase>
  </testsuite>
  <testsuite name="PropertiesController test get_document_properties test" tests="1" errors="0" failures="0" skipped="0" timestamp="2023-10-16T14:43:24" time="1.701">
    <testcase classname="PropertiesController test get_document_properties test" name="should call GetDocumentProperties successfully" time="1.7">
    </testcase>
  </testsuite>
  <testsuite name="PropertiesController test get_document_property test" tests="1" errors="0" failures="0" skipped="0" timestamp="2023-10-16T14:43:26" time="0.689">
    <testcase classname="PropertiesController test get_document_property test" name="should call GetDocumentProperty successfully" time="0.689">
    </testcase>
  </testsuite>
  <testsuite name="PropertiesController test put_document_property test" tests="1" errors="0" failures="0" skipped="0" timestamp="2023-10-16T14:43:27" time="0.85">
    <testcase classname="PropertiesController test put_document_property test" name="should call PutDocumentProperty successfully" time="0.847">
    </testcase>
  </testsuite>
  <testsuite name="PropertiesController test delete_document_property test" tests="1" errors="0" failures="0" skipped="0" timestamp="2023-10-16T14:43:28" time="0.978">
    <testcase classname="PropertiesController test delete_document_property test" name="should call DeleteDocumentProperty successfully" time="0.978">
    </testcase>
  </testsuite>
  <testsuite name="PropertiesController test delete_document_properties test" tests="1" errors="0" failures="0" skipped="0" timestamp="2023-10-16T14:43:29" time="0.871">
    <testcase classname="PropertiesController test delete_document_properties test" name="should call DeleteDocumentProperties successfully" time="0.869">
    </testcase>
  </testsuite>
  <testsuite name="RangesController test post_worksheet_cells_ranges test" tests="1" errors="0" failures="1" skipped="0" timestamp="2023-10-16T14:43:29" time="0.033">
    <testcase classname="RangesController test post_worksheet_cells_ranges test" name="should call PostWorksheetCellsRanges successfully" time="0">
      <failure message="model.PostWorksheetCellsRangesRequest is not a constructor"></failure>
    </testcase>
  </testsuite>
  <testsuite name="RangesController test post_worksheet_cells_range_merge test" tests="1" errors="0" failures="0" skipped="0" timestamp="2023-10-16T14:43:29" time="1.495">
    <testcase classname="RangesController test post_worksheet_cells_range_merge test" name="should call PostWorksheetCellsRangeMerge successfully" time="1.494">
    </testcase>
  </testsuite>
  <testsuite name="RangesController test post_worksheet_cells_range_un_merge test" tests="1" errors="0" failures="0" skipped="0" timestamp="2023-10-16T14:43:31" time="0.861">
    <testcase classname="RangesController test post_worksheet_cells_range_un_merge test" name="should call PostWorksheetCellsRangeUnMerge successfully" time="0.86">
    </testcase>
  </testsuite>
  <testsuite name="RangesController test post_worksheet_cells_range_style test" tests="1" errors="0" failures="0" skipped="0" timestamp="2023-10-16T14:43:32" time="0.961">
    <testcase classname="RangesController test post_worksheet_cells_range_style test" name="should call PostWorksheetCellsRangeStyle successfully" time="0.961">
    </testcase>
  </testsuite>
  <testsuite name="RangesController test get_worksheet_cells_range_value test" tests="1" errors="0" failures="0" skipped="0" timestamp="2023-10-16T14:43:33" time="0.684">
    <testcase classname="RangesController test get_worksheet_cells_range_value test" name="should call GetWorksheetCellsRangeValue successfully" time="0.683">
    </testcase>
  </testsuite>
  <testsuite name="RangesController test post_worksheet_cells_range_value test" tests="1" errors="0" failures="0" skipped="0" timestamp="2023-10-16T14:43:33" time="0.912">
    <testcase classname="RangesController test post_worksheet_cells_range_value test" name="should call PostWorksheetCellsRangeValue successfully" time="0.911">
    </testcase>
  </testsuite>
  <testsuite name="RangesController test post_worksheet_cells_range_move_to test" tests="1" errors="0" failures="0" skipped="0" timestamp="2023-10-16T14:43:34" time="0.848">
    <testcase classname="RangesController test post_worksheet_cells_range_move_to test" name="should call PostWorksheetCellsRangeMoveTo successfully" time="0.848">
    </testcase>
  </testsuite>
  <testsuite name="RangesController test post_worksheet_cells_range_outline_border test" tests="1" errors="0" failures="0" skipped="0" timestamp="2023-10-16T14:43:35" time="0.828">
    <testcase classname="RangesController test post_worksheet_cells_range_outline_border test" name="should call PostWorksheetCellsRangeOutlineBorder successfully" time="0.827">
    </testcase>
  </testsuite>
  <testsuite name="RangesController test post_worksheet_cells_range_column_width test" tests="1" errors="0" failures="0" skipped="0" timestamp="2023-10-16T14:43:36" time="0.91">
    <testcase classname="RangesController test post_worksheet_cells_range_column_width test" name="should call PostWorksheetCellsRangeColumnWidth successfully" time="0.908">
    </testcase>
  </testsuite>
  <testsuite name="RangesController test post_worksheet_cells_range_row_height test" tests="1" errors="0" failures="0" skipped="0" timestamp="2023-10-16T14:43:37" time="0.938">
    <testcase classname="RangesController test post_worksheet_cells_range_row_height test" name="should call PostWorksheetCellsRangeRowHeight successfully" time="0.936">
    </testcase>
  </testsuite>
  <testsuite name="RangesController test put_worksheet_cells_range test" tests="1" errors="0" failures="0" skipped="0" timestamp="2023-10-16T14:43:38" time="0.972">
    <testcase classname="RangesController test put_worksheet_cells_range test" name="should call PutWorksheetCellsRange successfully" time="0.972">
    </testcase>
  </testsuite>
  <testsuite name="RangesController test delete_worksheet_cells_range test" tests="1" errors="0" failures="0" skipped="0" timestamp="2023-10-16T14:43:39" time="0.763">
    <testcase classname="RangesController test delete_worksheet_cells_range test" name="should call DeleteWorksheetCellsRange successfully" time="0.762">
    </testcase>
  </testsuite>
  <testsuite name="RangesController test post_worksheet_cells_range_sort test" tests="1" errors="0" failures="0" skipped="0" timestamp="2023-10-16T14:43:40" time="0.767">
    <testcase classname="RangesController test post_worksheet_cells_range_sort test" name="should call PostWorksheetCellsRangeSort successfully" time="0.766">
    </testcase>
  </testsuite>
  <testsuite name="ShapesController test get_worksheet_shapes test" tests="1" errors="0" failures="0" skipped="0" timestamp="2023-10-16T14:43:40" time="1.318">
    <testcase classname="ShapesController test get_worksheet_shapes test" name="should call GetWorksheetShapes successfully" time="1.316">
    </testcase>
  </testsuite>
  <testsuite name="ShapesController test get_worksheet_shape test" tests="1" errors="0" failures="0" skipped="0" timestamp="2023-10-16T14:43:42" time="0.669">
    <testcase classname="ShapesController test get_worksheet_shape test" name="should call GetWorksheetShape successfully" time="0.668">
    </testcase>
  </testsuite>
  <testsuite name="ShapesController test put_worksheet_shape test" tests="1" errors="0" failures="0" skipped="0" timestamp="2023-10-16T14:43:42" time="1.352">
    <testcase classname="ShapesController test put_worksheet_shape test" name="should call PutWorksheetShape successfully" time="1.352">
    </testcase>
  </testsuite>
  <testsuite name="ShapesController test delete_worksheet_shapes test" tests="1" errors="0" failures="0" skipped="0" timestamp="2023-10-16T14:43:44" time="0.807">
    <testcase classname="ShapesController test delete_worksheet_shapes test" name="should call DeleteWorksheetShapes successfully" time="0.806">
    </testcase>
  </testsuite>
  <testsuite name="ShapesController test delete_worksheet_shape test" tests="1" errors="0" failures="0" skipped="0" timestamp="2023-10-16T14:43:45" time="0.833">
    <testcase classname="ShapesController test delete_worksheet_shape test" name="should call DeleteWorksheetShape successfully" time="0.833">
    </testcase>
  </testsuite>
  <testsuite name="ShapesController test post_worksheet_shape test" tests="1" errors="0" failures="0" skipped="0" timestamp="2023-10-16T14:43:45" time="0.936">
    <testcase classname="ShapesController test post_worksheet_shape test" name="should call PostWorksheetShape successfully" time="0.935">
    </testcase>
  </testsuite>
  <testsuite name="ShapesController test post_worksheet_group_shape test" tests="1" errors="0" failures="0" skipped="0" timestamp="2023-10-16T14:43:46" time="0.906">
    <testcase classname="ShapesController test post_worksheet_group_shape test" name="should call PostWorksheetGroupShape successfully" time="0.904">
    </testcase>
  </testsuite>
  <testsuite name="ShapesController test post_worksheet_ungroup_shape test" tests="1" errors="0" failures="0" skipped="0" timestamp="2023-10-16T14:43:47" time="1.022">
    <testcase classname="ShapesController test post_worksheet_ungroup_shape test" name="should call PostWorksheetUngroupShape successfully" time="1.021">
    </testcase>
  </testsuite>
  <testsuite name="SparklineGroupsController test get_worksheet_sparkline_groups test" tests="1" errors="0" failures="0" skipped="0" timestamp="2023-10-16T14:43:48" time="1.32">
    <testcase classname="SparklineGroupsController test get_worksheet_sparkline_groups test" name="should call GetWorksheetSparklineGroups successfully" time="1.32">
    </testcase>
  </testsuite>
  <testsuite name="SparklineGroupsController test get_worksheet_sparkline_group test" tests="1" errors="0" failures="0" skipped="0" timestamp="2023-10-16T14:43:50" time="0.675">
    <testcase classname="SparklineGroupsController test get_worksheet_sparkline_group test" name="should call GetWorksheetSparklineGroup successfully" time="0.675">
    </testcase>
  </testsuite>
  <testsuite name="SparklineGroupsController test delete_worksheet_sparkline_groups test" tests="1" errors="0" failures="0" skipped="0" timestamp="2023-10-16T14:43:50" time="0.817">
    <testcase classname="SparklineGroupsController test delete_worksheet_sparkline_groups test" name="should call DeleteWorksheetSparklineGroups successfully" time="0.816">
    </testcase>
  </testsuite>
  <testsuite name="SparklineGroupsController test delete_worksheet_sparkline_group test" tests="1" errors="0" failures="0" skipped="0" timestamp="2023-10-16T14:43:51" time="0.939">
    <testcase classname="SparklineGroupsController test delete_worksheet_sparkline_group test" name="should call DeleteWorksheetSparklineGroup successfully" time="0.936">
    </testcase>
  </testsuite>
  <testsuite name="SparklineGroupsController test put_worksheet_sparkline_group test" tests="1" errors="0" failures="0" skipped="0" timestamp="2023-10-16T14:43:52" time="0.825">
    <testcase classname="SparklineGroupsController test put_worksheet_sparkline_group test" name="should call PutWorksheetSparklineGroup successfully" time="0.823">
    </testcase>
  </testsuite>
  <testsuite name="SparklineGroupsController test post_worksheet_sparkline_group test" tests="1" errors="0" failures="0" skipped="0" timestamp="2023-10-16T14:43:53" time="0.835">
    <testcase classname="SparklineGroupsController test post_worksheet_sparkline_group test" name="should call PostWorksheetSparklineGroup successfully" time="0.834">
    </testcase>
  </testsuite>
  <testsuite name="StorageController test storage_exists test" tests="1" errors="0" failures="0" skipped="0" timestamp="2023-10-16T14:43:54" time="1.32">
    <testcase classname="StorageController test storage_exists test" name="should call StorageExists successfully" time="1.319">
    </testcase>
  </testsuite>
  <testsuite name="StorageController test object_exists test" tests="1" errors="0" failures="0" skipped="0" timestamp="2023-10-16T14:43:55" time="0.663">
    <testcase classname="StorageController test object_exists test" name="should call ObjectExists successfully" time="0.663">
    </testcase>
  </testsuite>
  <testsuite name="StorageController test get_disc_usage test" tests="1" errors="0" failures="0" skipped="0" timestamp="2023-10-16T14:43:56" time="1.15">
    <testcase classname="StorageController test get_disc_usage test" name="should call GetDiscUsage successfully" time="1.15">
    </testcase>
  </testsuite>
  <testsuite name="StorageController test get_file_versions test" tests="1" errors="0" failures="0" skipped="0" timestamp="2023-10-16T14:43:57" time="0.877">
    <testcase classname="StorageController test get_file_versions test" name="should call GetFileVersions successfully" time="0.877">
    </testcase>
  </testsuite>
  <testsuite name="WorkbookController test post_digital_signature test" tests="1" errors="0" failures="0" skipped="0" timestamp="2023-10-16T14:43:58" time="2.256">
    <testcase classname="WorkbookController test post_digital_signature test" name="should call PostDigitalSignature successfully" time="2.254">
    </testcase>
  </testsuite>
  <testsuite name="WorkbookController test post_encrypt_workbook test" tests="1" errors="0" failures="0" skipped="0" timestamp="2023-10-16T14:44:00" time="0.961">
    <testcase classname="WorkbookController test post_encrypt_workbook test" name="should call PostEncryptWorkbook successfully" time="0.961">
    </testcase>
  </testsuite>
  <testsuite name="WorkbookController test delete_decrypt_workbook test" tests="1" errors="0" failures="0" skipped="0" timestamp="2023-10-16T14:44:01" time="0.776">
    <testcase classname="WorkbookController test delete_decrypt_workbook test" name="should call DeleteDecryptWorkbook successfully" time="0.775">
    </testcase>
  </testsuite>
  <testsuite name="WorkbookController test post_protect_workbook test" tests="1" errors="0" failures="0" skipped="0" timestamp="2023-10-16T14:44:02" time="0.843">
    <testcase classname="WorkbookController test post_protect_workbook test" name="should call PostProtectWorkbook successfully" time="0.843">
    </testcase>
  </testsuite>
  <testsuite name="WorkbookController test delete_un_protect_workbook test" tests="1" errors="0" failures="1" skipped="0" timestamp="2023-10-16T14:44:03" time="0.692">
    <testcase classname="WorkbookController test delete_un_protect_workbook test" name="should call DeleteUnProtectWorkbook successfully" time="0.689">
      <failure message="the object {
  &quot;code&quot;: 400
  &quot;message&quot;: [undefined]
} was thrown, throw an Error :)"></failure>
    </testcase>
  </testsuite>
  <testsuite name="WorkbookController test get_workbook_default_style test" tests="1" errors="0" failures="0" skipped="0" timestamp="2023-10-16T14:44:03" time="0.672">
    <testcase classname="WorkbookController test get_workbook_default_style test" name="should call GetWorkbookDefaultStyle successfully" time="0.671">
    </testcase>
  </testsuite>
  <testsuite name="WorkbookController test get_workbook_text_items test" tests="1" errors="0" failures="0" skipped="0" timestamp="2023-10-16T14:44:04" time="0.913">
    <testcase classname="WorkbookController test get_workbook_text_items test" name="should call GetWorkbookTextItems successfully" time="0.913">
    </testcase>
  </testsuite>
  <testsuite name="WorkbookController test get_workbook_names test" tests="1" errors="0" failures="0" skipped="0" timestamp="2023-10-16T14:44:05" time="0.745">
    <testcase classname="WorkbookController test get_workbook_names test" name="should call GetWorkbookNames successfully" time="0.745">
    </testcase>
  </testsuite>
  <testsuite name="WorkbookController test put_workbook_name test" tests="1" errors="0" failures="0" skipped="0" timestamp="2023-10-16T14:44:06" time="0.93">
    <testcase classname="WorkbookController test put_workbook_name test" name="should call PutWorkbookName successfully" time="0.93">
    </testcase>
  </testsuite>
  <testsuite name="WorkbookController test get_workbook_name test" tests="1" errors="0" failures="0" skipped="0" timestamp="2023-10-16T14:44:06" time="0.689">
    <testcase classname="WorkbookController test get_workbook_name test" name="should call GetWorkbookName successfully" time="0.688">
    </testcase>
  </testsuite>
  <testsuite name="WorkbookController test post_workbook_name test" tests="1" errors="0" failures="0" skipped="0" timestamp="2023-10-16T14:44:07" time="0.843">
    <testcase classname="WorkbookController test post_workbook_name test" name="should call PostWorkbookName successfully" time="0.843">
    </testcase>
  </testsuite>
  <testsuite name="WorkbookController test get_workbook_name_value test" tests="1" errors="0" failures="0" skipped="0" timestamp="2023-10-16T14:44:08" time="0.678">
    <testcase classname="WorkbookController test get_workbook_name_value test" name="should call GetWorkbookNameValue successfully" time="0.677">
    </testcase>
  </testsuite>
  <testsuite name="WorkbookController test delete_workbook_names test" tests="1" errors="0" failures="0" skipped="0" timestamp="2023-10-16T14:44:09" time="0.854">
    <testcase classname="WorkbookController test delete_workbook_names test" name="should call DeleteWorkbookNames successfully" time="0.852">
    </testcase>
  </testsuite>
  <testsuite name="WorkbookController test delete_workbook_name test" tests="1" errors="0" failures="0" skipped="0" timestamp="2023-10-16T14:44:10" time="0.934">
    <testcase classname="WorkbookController test delete_workbook_name test" name="should call DeleteWorkbookName successfully" time="0.933">
    </testcase>
  </testsuite>
  <testsuite name="WorkbookController test put_document_protect_from_changes test" tests="1" errors="0" failures="0" skipped="0" timestamp="2023-10-16T14:44:10" time="0.884">
    <testcase classname="WorkbookController test put_document_protect_from_changes test" name="should call PutDocumentProtectFromChanges successfully" time="0.883">
    </testcase>
  </testsuite>
  <testsuite name="WorkbookController test delete_document_un_protect_from_changes test" tests="1" errors="0" failures="0" skipped="0" timestamp="2023-10-16T14:44:11" time="0.892">
    <testcase classname="WorkbookController test delete_document_un_protect_from_changes test" name="should call DeleteDocumentUnProtectFromChanges successfully" time="0.89">
    </testcase>
  </testsuite>
  <testsuite name="WorkbookController test post_workbooks_merge test" tests="1" errors="0" failures="0" skipped="0" timestamp="2023-10-16T14:44:12" time="0.977">
    <testcase classname="WorkbookController test post_workbooks_merge test" name="should call PostWorkbooksMerge successfully" time="0.976">
    </testcase>
  </testsuite>
  <testsuite name="WorkbookController test post_workbooks_text_search test" tests="1" errors="0" failures="0" skipped="0" timestamp="2023-10-16T14:44:13" time="1.026">
    <testcase classname="WorkbookController test post_workbooks_text_search test" name="should call PostWorkbooksTextSearch successfully" time="1.024">
    </testcase>
  </testsuite>
  <testsuite name="WorkbookController test post_workbook_text_replace test" tests="1" errors="0" failures="0" skipped="0" timestamp="2023-10-16T14:44:14" time="0.948">
    <testcase classname="WorkbookController test post_workbook_text_replace test" name="should call PostWorkbookTextReplace successfully" time="0.948">
    </testcase>
  </testsuite>
  <testsuite name="WorkbookController test post_workbook_get_smart_marker_result test" tests="1" errors="0" failures="0" skipped="0" timestamp="2023-10-16T14:44:15" time="1.021">
    <testcase classname="WorkbookController test post_workbook_get_smart_marker_result test" name="should call PostWorkbookGetSmartMarkerResult successfully" time="1.019">
    </testcase>
  </testsuite>
  <testsuite name="WorkbookController test put_workbook_create test" tests="1" errors="0" failures="0" skipped="0" timestamp="2023-10-16T14:44:16" time="0.929">
    <testcase classname="WorkbookController test put_workbook_create test" name="should call PutWorkbookCreate successfully" time="0.929">
    </testcase>
  </testsuite>
  <testsuite name="WorkbookController test post_workbook_split test" tests="1" errors="0" failures="0" skipped="0" timestamp="2023-10-16T14:44:17" time="1.994">
    <testcase classname="WorkbookController test post_workbook_split test" name="should call PostWorkbookSplit successfully" time="1.994">
    </testcase>
  </testsuite>
  <testsuite name="WorkbookController test post_import_data test" tests="1" errors="0" failures="0" skipped="0" timestamp="2023-10-16T14:44:19" time="0.936">
    <testcase classname="WorkbookController test post_import_data test" name="should call PostImportData successfully" time="0.933">
    </testcase>
  </testsuite>
  <testsuite name="WorkbookController test post_workbook_calculate_formula test" tests="1" errors="0" failures="0" skipped="0" timestamp="2023-10-16T14:44:20" time="0.9">
    <testcase classname="WorkbookController test post_workbook_calculate_formula test" name="should call PostWorkbookCalculateFormula successfully" time="0.899">
    </testcase>
  </testsuite>
  <testsuite name="WorkbookController test post_autofit_workbook_rows test" tests="1" errors="0" failures="0" skipped="0" timestamp="2023-10-16T14:44:21" time="0.921">
    <testcase classname="WorkbookController test post_autofit_workbook_rows test" name="should call PostAutofitWorkbookRows successfully" time="0.921">
    </testcase>
  </testsuite>
  <testsuite name="WorkbookController test post_autofit_workbook_columns test" tests="1" errors="0" failures="0" skipped="0" timestamp="2023-10-16T14:44:22" time="0.843">
    <testcase classname="WorkbookController test post_autofit_workbook_columns test" name="should call PostAutofitWorkbookColumns successfully" time="0.843">
    </testcase>
  </testsuite>
[...]
    <testcase classname="LightCells test post_merge_xml_true test" name="should call PostMerge successfully" time="21.051">
      <failure message="connect ETIMEDOUT 52.26.92.220:443"></failure>
    </testcase>
  </testsuite>
  <testsuite name="LightCells test post_merge_txt_true test" tests="1" errors="0" failures="1" skipped="0" timestamp="2023-10-16T15:31:15" time="21.039">
    <testcase classname="LightCells test post_merge_txt_true test" name="should call PostMerge successfully" time="21.036">
      <failure message="connect ETIMEDOUT 52.26.92.220:443"></failure>
    </testcase>
  </testsuite>
  <testsuite name="LightCells test post_merge_tif_true test" tests="1" errors="0" failures="1" skipped="0" timestamp="2023-10-16T15:31:36" time="32.106">
    <testcase classname="LightCells test post_merge_tif_true test" name="should call PostMerge successfully" time="32.103">
      <failure message="connect ETIMEDOUT 35.162.221.139:443"></failure>
    </testcase>
  </testsuite>
  <testsuite name="LightCells test post_merge_xlsb_true test" tests="1" errors="0" failures="1" skipped="0" timestamp="2023-10-16T15:32:08" time="21.077">
    <testcase classname="LightCells test post_merge_xlsb_true test" name="should call PostMerge successfully" time="21.074">
      <failure message="connect ETIMEDOUT 35.162.221.139:443"></failure>
    </testcase>
  </testsuite>
  <testsuite name="LightCells test post_merge_xlsm_true test" tests="1" errors="0" failures="1" skipped="0" timestamp="2023-10-16T15:32:30" time="32.134">
    <testcase classname="LightCells test post_merge_xlsm_true test" name="should call PostMerge successfully" time="32.131">
      <failure message="connect ETIMEDOUT 52.26.92.220:443"></failure>
    </testcase>
  </testsuite>
  <testsuite name="LightCells test post_merge_xlsx_true test" tests="1" errors="0" failures="1" skipped="0" timestamp="2023-10-16T15:33:02" time="21.051">
    <testcase classname="LightCells test post_merge_xlsx_true test" name="should call PostMerge successfully" time="21.049">
      <failure message="connect ETIMEDOUT 52.26.92.220:443"></failure>
    </testcase>
  </testsuite>
  <testsuite name="LightCells test post_merge_xltm_true test" tests="1" errors="0" failures="1" skipped="0" timestamp="2023-10-16T15:33:23" time="32.129">
    <testcase classname="LightCells test post_merge_xltm_true test" name="should call PostMerge successfully" time="32.127">
      <failure message="connect ETIMEDOUT 35.162.221.139:443"></failure>
    </testcase>
  </testsuite>
  <testsuite name="LightCells test post_merge_xltx_true test" tests="1" errors="0" failures="1" skipped="0" timestamp="2023-10-16T15:33:55" time="21.047">
    <testcase classname="LightCells test post_merge_xltx_true test" name="should call PostMerge successfully" time="21.045">
      <failure message="connect ETIMEDOUT 35.162.221.139:443"></failure>
    </testcase>
  </testsuite>
  <testsuite name="LightCells test post_merge_xps_true test" tests="1" errors="0" failures="1" skipped="0" timestamp="2023-10-16T15:34:16" time="32.144">
    <testcase classname="LightCells test post_merge_xps_true test" name="should call PostMerge successfully" time="32.142">
      <failure message="connect ETIMEDOUT 35.162.221.139:443"></failure>
    </testcase>
  </testsuite>
  <testsuite name="LightCells test post_merge_png_true test" tests="1" errors="0" failures="1" skipped="0" timestamp="2023-10-16T15:34:48" time="21.035">
    <testcase classname="LightCells test post_merge_png_true test" name="should call PostMerge successfully" time="21.033">
      <failure message="connect ETIMEDOUT 35.162.221.139:443"></failure>
    </testcase>
  </testsuite>
  <testsuite name="LightCells test post_merge_jpg_true test" tests="1" errors="0" failures="1" skipped="0" timestamp="2023-10-16T15:35:09" time="32.122">
    <testcase classname="LightCells test post_merge_jpg_true test" name="should call PostMerge successfully" time="32.121">
      <failure message="connect ETIMEDOUT 35.162.221.139:443"></failure>
    </testcase>
  </testsuite>
  <testsuite name="LightCells test post_merge_gif_true test" tests="1" errors="0" failures="1" skipped="0" timestamp="2023-10-16T15:35:41" time="21.036">
    <testcase classname="LightCells test post_merge_gif_true test" name="should call PostMerge successfully" time="21.032">
      <failure message="connect ETIMEDOUT 35.162.221.139:443"></failure>
    </testcase>
  </testsuite>
  <testsuite name="LightCells test post_merge_emf_true test" tests="1" errors="0" failures="1" skipped="0" timestamp="2023-10-16T15:36:02" time="32.135">
    <testcase classname="LightCells test post_merge_emf_true test" name="should call PostMerge successfully" time="32.132">
      <failure message="connect ETIMEDOUT 52.26.92.220:443"></failure>
    </testcase>
  </testsuite>
  <testsuite name="LightCells test post_merge_bmp_true test" tests="1" errors="0" failures="1" skipped="0" timestamp="2023-10-16T15:36:34" time="21.032">
    <testcase classname="LightCells test post_merge_bmp_true test" name="should call PostMerge successfully" time="21.03">
      <failure message="connect ETIMEDOUT 52.26.92.220:443"></failure>
    </testcase>
  </testsuite>
  <testsuite name="LightCells test post_merge_md_true test" tests="1" errors="0" failures="1" skipped="0" timestamp="2023-10-16T15:36:55" time="32.132">
    <testcase classname="LightCells test post_merge_md_true test" name="should call PostMerge successfully" time="32.13">
      <failure message="connect ETIMEDOUT 52.26.92.220:443"></failure>
    </testcase>
  </testsuite>
  <testsuite name="LightCells test post_merge_numbers_true test" tests="1" errors="0" failures="1" skipped="0" timestamp="2023-10-16T15:37:28" time="21.036">
    <testcase classname="LightCells test post_merge_numbers_true test" name="should call PostMerge successfully" time="21.033">
      <failure message="connect ETIMEDOUT 52.26.92.220:443"></failure>
    </testcase>
  </testsuite>
  <testsuite name="LightCells test post_merge_wmf_true test" tests="1" errors="0" failures="1" skipped="0" timestamp="2023-10-16T15:37:49" time="32.143">
    <testcase classname="LightCells test post_merge_wmf_true test" name="should call PostMerge successfully" time="32.141">
      <failure message="connect ETIMEDOUT 35.162.221.139:443"></failure>
    </testcase>
  </testsuite>
  <testsuite name="LightCells test post_merge_svg_true test" tests="1" errors="0" failures="1" skipped="0" timestamp="2023-10-16T15:38:21" time="21.075">
    <testcase classname="LightCells test post_merge_svg_true test" name="should call PostMerge successfully" time="21.071">
      <failure message="connect ETIMEDOUT 35.162.221.139:443"></failure>
    </testcase>
  </testsuite>
  <testsuite name="LightCells test post_merge_docx_false test" tests="1" errors="0" failures="1" skipped="0" timestamp="2023-10-16T15:38:42" time="21.081">
    <testcase classname="LightCells test post_merge_docx_false test" name="should call PostMerge successfully" time="21.078">
      <failure message="connect ETIMEDOUT 52.26.92.220:443"></failure>
    </testcase>
  </testsuite>
  <testsuite name="LightCells test post_merge_pptx_false test" tests="1" errors="0" failures="1" skipped="0" timestamp="2023-10-16T15:39:03" time="21.059">
    <testcase classname="LightCells test post_merge_pptx_false test" name="should call PostMerge successfully" time="21.053">
      <failure message="connect ETIMEDOUT 52.26.92.220:443"></failure>
    </testcase>
  </testsuite>
  <testsuite name="LightCells test post_merge_json_false test" tests="1" errors="0" failures="1" skipped="0" timestamp="2023-10-16T15:39:24" time="21.057">
    <testcase classname="LightCells test post_merge_json_false test" name="should call PostMerge successfully" time="21.054">
      <failure message="connect ETIMEDOUT 52.26.92.220:443"></failure>
    </testcase>
  </testsuite>
  <testsuite name="LightCells test post_merge_sql_false test" tests="1" errors="0" failures="1" skipped="0" timestamp="2023-10-16T15:39:45" time="21.046">
    <testcase classname="LightCells test post_merge_sql_false test" name="should call PostMerge successfully" time="21.044">
      <failure message="connect ETIMEDOUT 52.26.92.220:443"></failure>
    </testcase>
  </testsuite>
  <testsuite name="LightCells test post_unlock test" tests="1" errors="0" failures="1" skipped="0" timestamp="2023-10-16T15:40:06" time="32.131">
    <testcase classname="LightCells test post_unlock test" name="should call PostUnlock successfully" time="32.13">
      <failure message="connect ETIMEDOUT 52.26.92.220:443"></failure>
    </testcase>
  </testsuite>
  <testsuite name="LightCells test post_protect test" tests="1" errors="0" failures="1" skipped="0" timestamp="2023-10-16T15:40:38" time="0.077">
    <testcase classname="LightCells test post_protect test" name="should call PostProtect successfully" time="0">
      <failure message="model.ProtectWorkbookRequst is not a constructor"></failure>
    </testcase>
  </testsuite>
  <testsuite name="LightCells test post_search test" tests="1" errors="0" failures="1" skipped="0" timestamp="2023-10-16T15:40:38" time="21.04">
    <testcase classname="LightCells test post_search test" name="should call PostSearch successfully" time="21.039">
      <failure message="connect ETIMEDOUT 52.26.92.220:443"></failure>
    </testcase>
  </testsuite>
  <testsuite name="LightCells test post_replace test" tests="1" errors="0" failures="1" skipped="0" timestamp="2023-10-16T15:40:59" time="21.053">
    <testcase classname="LightCells test post_replace test" name="should call PostReplace successfully" time="21.051">
      <failure message="connect ETIMEDOUT 52.26.92.220:443"></failure>
    </testcase>
  </testsuite>
  <testsuite name="LightCells test post_replace_only_sheetname test" tests="1" errors="0" failures="1" skipped="0" timestamp="2023-10-16T15:41:20" time="21.031">
    <testcase classname="LightCells test post_replace_only_sheetname test" name="should call PostReplace successfully" time="21.028">
      <failure message="connect ETIMEDOUT 52.26.92.220:443"></failure>
    </testcase>
  </testsuite>
  <testsuite name="LightCells test post_watermark test" tests="1" errors="0" failures="1" skipped="0" timestamp="2023-10-16T15:41:41" time="21.064">
    <testcase classname="LightCells test post_watermark test" name="should call PostWatermark successfully" time="21.061">
      <failure message="connect ETIMEDOUT 52.26.92.220:443"></failure>
    </testcase>
  </testsuite>
  <testsuite name="LightCells test post_clear_objects_chart test" tests="1" errors="0" failures="1" skipped="0" timestamp="2023-10-16T15:42:02" time="21.062">
    <testcase classname="LightCells test post_clear_objects_chart test" name="should call PostClearObjects successfully" time="21.06">
      <failure message="connect ETIMEDOUT 52.26.92.220:443"></failure>
    </testcase>
  </testsuite>
  <testsuite name="LightCells test post_clear_objects_comment test" tests="1" errors="0" failures="1" skipped="0" timestamp="2023-10-16T15:42:24" time="32.118">
    <testcase classname="LightCells test post_clear_objects_comment test" name="should call PostClearObjects successfully" time="32.113">
      <failure message="connect ETIMEDOUT 52.26.92.220:443"></failure>
    </testcase>
  </testsuite>
  <testsuite name="LightCells test post_clear_objects_picture test" tests="1" errors="0" failures="1" skipped="0" timestamp="2023-10-16T15:42:56" time="21.052">
    <testcase classname="LightCells test post_clear_objects_picture test" name="should call PostClearObjects successfully" time="21.05">
      <failure message="connect ETIMEDOUT 52.26.92.220:443"></failure>
    </testcase>
  </testsuite>
  <testsuite name="LightCells test post_clear_objects_shape test" tests="1" errors="0" failures="1" skipped="0" timestamp="2023-10-16T15:43:17" time="32.123">
    <testcase classname="LightCells test post_clear_objects_shape test" name="should call PostClearObjects successfully" time="32.119">
      <failure message="connect ETIMEDOUT 52.26.92.220:443"></failure>
    </testcase>
  </testsuite>
  <testsuite name="LightCells test post_clear_objects_listobject test" tests="1" errors="0" failures="1" skipped="0" timestamp="2023-10-16T15:43:49" time="21.053">
    <testcase classname="LightCells test post_clear_objects_listobject test" name="should call PostClearObjects successfully" time="21.05">
      <failure message="connect ETIMEDOUT 52.26.92.220:443"></failure>
    </testcase>
  </testsuite>
  <testsuite name="LightCells test post_clear_objects_hyperlink test" tests="1" errors="0" failures="1" skipped="0" timestamp="2023-10-16T15:44:10" time="32.119">
    <testcase classname="LightCells test post_clear_objects_hyperlink test" name="should call PostClearObjects successfully" time="32.118">
      <failure message="connect ETIMEDOUT 52.26.92.220:443"></failure>
    </testcase>
  </testsuite>
  <testsuite name="LightCells test post_clear_objects_oleobject test" tests="1" errors="0" failures="1" skipped="0" timestamp="2023-10-16T15:44:42" time="21.067">
    <testcase classname="LightCells test post_clear_objects_oleobject test" name="should call PostClearObjects successfully" time="21.065">
      <failure message="connect ETIMEDOUT 52.26.92.220:443"></failure>
    </testcase>
  </testsuite>
  <testsuite name="LightCells test post_clear_objects_pivottable test" tests="1" errors="0" failures="1" skipped="0" timestamp="2023-10-16T15:45:03" time="32.119">
    <testcase classname="LightCells test post_clear_objects_pivottable test" name="should call PostClearObjects successfully" time="32.116">
      <failure message="connect ETIMEDOUT 35.162.221.139:443"></failure>
    </testcase>
  </testsuite>
  <testsuite name="LightCells test post_clear_objects_validation test" tests="1" errors="0" failures="1" skipped="0" timestamp="2023-10-16T15:45:35" time="21.02">
    <testcase classname="LightCells test post_clear_objects_validation test" name="should call PostClearObjects successfully" time="21.017">
      <failure message="connect ETIMEDOUT 35.162.221.139:443"></failure>
    </testcase>
  </testsuite>
  <testsuite name="LightCells test post_clear_objects__background test" tests="1" errors="0" failures="1" skipped="0" timestamp="2023-10-16T15:45:56" time="21.036">
    <testcase classname="LightCells test post_clear_objects__background test" name="should call PostClearObjects successfully" time="21.032">
      <failure message="connect ETIMEDOUT 52.26.92.220:443"></failure>
    </testcase>
  </testsuite>
  <testsuite name="LightCells test post_repair_xlsx test" tests="1" errors="0" failures="1" skipped="0" timestamp="2023-10-16T15:46:17" time="21.054">
    <testcase classname="LightCells test post_repair_xlsx test" name="should call PostRepair successfully" time="21.051">
      <failure message="connect ETIMEDOUT 52.26.92.220:443"></failure>
    </testcase>
  </testsuite>
  <testsuite name="LightCells test post_repair_pdf test" tests="1" errors="0" failures="1" skipped="0" timestamp="2023-10-16T15:46:38" time="21.071">
    <testcase classname="LightCells test post_repair_pdf test" name="should call PostRepair successfully" time="21.068">
      <failure message="connect ETIMEDOUT 52.26.92.220:443"></failure>
    </testcase>
  </testsuite>
  <testsuite name="LightCells test post_repair_csv test" tests="1" errors="0" failures="1" skipped="0" timestamp="2023-10-16T15:46:59" time="21.047">
    <testcase classname="LightCells test post_repair_csv test" name="should call PostRepair successfully" time="21.046">
      <failure message="connect ETIMEDOUT 52.26.92.220:443"></failure>
    </testcase>
  </testsuite>
  <testsuite name="LightCells test post_repair_png test" tests="1" errors="0" failures="1" skipped="0" timestamp="2023-10-16T15:47:20" time="32.13">
    <testcase classname="LightCells test post_repair_png test" name="should call PostRepair successfully" time="32.129">
      <failure message="connect ETIMEDOUT 52.26.92.220:443"></failure>
    </testcase>
  </testsuite>
  <testsuite name="LightCells test post_reverse_rows_pdf test" tests="1" errors="0" failures="1" skipped="0" timestamp="2023-10-16T15:47:53" time="21.054">
    <testcase classname="LightCells test post_reverse_rows_pdf test" name="should call PostReverse successfully" time="21.052">
      <failure message="connect ETIMEDOUT 52.26.92.220:443"></failure>
    </testcase>
  </testsuite>
  <testsuite name="LightCells test post_reverse_cols_pdf test" tests="1" errors="0" failures="1" skipped="0" timestamp="2023-10-16T15:48:14" time="32.105">
    <testcase classname="LightCells test post_reverse_cols_pdf test" name="should call PostReverse successfully" time="32.103">
      <failure message="connect ETIMEDOUT 52.26.92.220:443"></failure>
    </testcase>
  </testsuite>
  <testsuite name="LightCells test post_reverse_both_pdf test" tests="1" errors="0" failures="1" skipped="0" timestamp="2023-10-16T15:48:46" time="21.051">
    <testcase classname="LightCells test post_reverse_both_pdf test" name="should call PostReverse successfully" time="21.049">
      <failure message="connect ETIMEDOUT 52.26.92.220:443"></failure>
    </testcase>
  </testsuite>
  <testsuite name="LightCells test post_reverse_rows_csv test" tests="1" errors="0" failures="1" skipped="0" timestamp="2023-10-16T15:49:07" time="32.094">
    <testcase classname="LightCells test post_reverse_rows_csv test" name="should call PostReverse successfully" time="32.09">
      <failure message="connect ETIMEDOUT 35.162.221.139:443"></failure>
    </testcase>
  </testsuite>
  <testsuite name="LightCells test post_reverse_cols_png test" tests="1" errors="0" failures="1" skipped="0" timestamp="2023-10-16T15:49:39" time="21.057">
    <testcase classname="LightCells test post_reverse_cols_png test" name="should call PostReverse successfully" time="21.054">
      <failure message="connect ETIMEDOUT 35.162.221.139:443"></failure>
    </testcase>
  </testsuite>
  <testsuite name="LightCells test post_reverse_both_xlsx test" tests="1" errors="0" failures="1" skipped="0" timestamp="2023-10-16T15:50:00" time="32.096">
    <testcase classname="LightCells test post_reverse_both_xlsx test" name="should call PostReverse successfully" time="32.093">
      <failure message="connect ETIMEDOUT 52.26.92.220:443"></failure>
    </testcase>
  </testsuite>
  <testsuite name="LightCells test get_metadata test" tests="1" errors="0" failures="1" skipped="0" timestamp="2023-10-16T15:50:32" time="21.052">
    <testcase classname="LightCells test get_metadata test" name="should call GetMetadata successfully" time="21.05">
      <failure message="connect ETIMEDOUT 52.26.92.220:443"></failure>
    </testcase>
  </testsuite>
  <testsuite name="LightCells test delete_metadata test" tests="1" errors="0" failures="1" skipped="0" timestamp="2023-10-16T15:50:53" time="32.136">
    <testcase classname="LightCells test delete_metadata test" name="should call DeleteMetadata successfully" time="32.134">
      <failure message="connect ETIMEDOUT 52.26.92.220:443"></failure>
    </testcase>
  </testsuite>
  <testsuite name="LightCells test post_metadata test" tests="1" errors="0" failures="1" skipped="0" timestamp="2023-10-16T15:51:25" time="21.046">
    <testcase classname="LightCells test post_metadata test" name="should call PostMetadata successfully" time="21.043">
      <failure message="connect ETIMEDOUT 52.26.92.220:443"></failure>
    </testcase>
  </testsuite>
  <testsuite name="LightCells test convert_workbook_csv test" tests="1" errors="0" failures="1" skipped="0" timestamp="2023-10-16T15:51:46" time="21.045">
    <testcase classname="LightCells test convert_workbook_csv test" name="should call PutConvertWorkbook successfully" time="21.042">
      <failure message="connect ETIMEDOUT 52.26.92.220:443"></failure>
    </testcase>
  </testsuite>
</testsuites>