<testsuites name="Mocha Tests">
  <testsuite name="AutoFilterController test get_worksheet_auto_filter test" tests="1" errors="0" failures="0" skipped="0" timestamp="2023-10-17T15:27:54" time="0.953">
    <testcase classname="AutoFilterController test get_worksheet_auto_filter test" name="should call GetWorksheetAutoFilter successfully" time="0.944">
    </testcase>
  </testsuite>
  <testsuite name="AutoFilterController test put_worksheet_date_filter test" tests="1" errors="0" failures="0" skipped="0" timestamp="2023-10-17T15:27:55" time="0.47">
    <testcase classname="AutoFilterController test put_worksheet_date_filter test" name="should call PutWorksheetDateFilter successfully" time="0.461">
    </testcase>
  </testsuite>
  <testsuite name="AutoFilterController test put_worksheet_filter test" tests="1" errors="0" failures="0" skipped="0" timestamp="2023-10-17T15:27:55" time="0.583">
    <testcase classname="AutoFilterController test put_worksheet_filter test" name="should call PutWorksheetFilter successfully" time="0.58">
    </testcase>
  </testsuite>
  <testsuite name="AutoFilterController test put_worksheet_icon_filter test" tests="1" errors="0" failures="0" skipped="0" timestamp="2023-10-17T15:27:56" time="0.588">
    <testcase classname="AutoFilterController test put_worksheet_icon_filter test" name="should call PutWorksheetIconFilter successfully" time="0.584">
    </testcase>
  </testsuite>
  <testsuite name="AutoFilterController test put_worksheet_custom_filter test" tests="1" errors="0" failures="0" skipped="0" timestamp="2023-10-17T15:27:57" time="0.532">
    <testcase classname="AutoFilterController test put_worksheet_custom_filter test" name="should call PutWorksheetCustomFilter successfully" time="0.529">
    </testcase>
  </testsuite>
  <testsuite name="AutoFilterController test put_worksheet_dynamic_filter test" tests="1" errors="0" failures="0" skipped="0" timestamp="2023-10-17T15:27:57" time="0.533">
    <testcase classname="AutoFilterController test put_worksheet_dynamic_filter test" name="should call PutWorksheetDynamicFilter successfully" time="0.529">
    </testcase>
  </testsuite>
  <testsuite name="AutoFilterController test put_worksheet_filter_top10 test" tests="1" errors="0" failures="0" skipped="0" timestamp="2023-10-17T15:27:58" time="0.409">
    <testcase classname="AutoFilterController test put_worksheet_filter_top10 test" name="should call PutWorksheetFilterTop10 successfully" time="0.405">
    </testcase>
  </testsuite>
  <testsuite name="AutoFilterController test put_worksheet_color_filter test" tests="1" errors="0" failures="0" skipped="0" timestamp="2023-10-17T15:27:58" time="0.457">
    <testcase classname="AutoFilterController test put_worksheet_color_filter test" name="should call PutWorksheetColorFilter successfully" time="0.452">
    </testcase>
  </testsuite>
  <testsuite name="AutoFilterController test post_worksheet_match_blanks test" tests="1" errors="0" failures="0" skipped="0" timestamp="2023-10-17T15:27:59" time="0.544">
    <testcase classname="AutoFilterController test post_worksheet_match_blanks test" name="should call PostWorksheetMatchBlanks successfully" time="0.476">
    </testcase>
  </testsuite>
  <testsuite name="AutoFilterController test post_worksheet_match_non_blanks test" tests="1" errors="0" failures="0" skipped="0" timestamp="2023-10-17T15:27:59" time="0.507">
    <testcase classname="AutoFilterController test post_worksheet_match_non_blanks test" name="should call PostWorksheetMatchNonBlanks successfully" time="0.504">
    </testcase>
  </testsuite>
  <testsuite name="AutoFilterController test post_worksheet_auto_filter_refresh test" tests="1" errors="0" failures="0" skipped="0" timestamp="2023-10-17T15:28:00" time="0.506">
    <testcase classname="AutoFilterController test post_worksheet_auto_filter_refresh test" name="should call PostWorksheetAutoFilterRefresh successfully" time="0.503">
    </testcase>
  </testsuite>
  <testsuite name="AutoFilterController test delete_worksheet_date_filter test" tests="1" errors="0" failures="0" skipped="0" timestamp="2023-10-17T15:28:00" time="0.43">
    <testcase classname="AutoFilterController test delete_worksheet_date_filter test" name="should call DeleteWorksheetDateFilter successfully" time="0.423">
    </testcase>
  </testsuite>
  <testsuite name="AutoFilterController test delete_worksheet_filter test" tests="1" errors="0" failures="0" skipped="0" timestamp="2023-10-17T15:28:01" time="0.481">
    <testcase classname="AutoFilterController test delete_worksheet_filter test" name="should call DeleteWorksheetFilter successfully" time="0.472">
    </testcase>
  </testsuite>
  <testsuite name="BatchController test post_batch_convert test" tests="1" errors="0" failures="0" skipped="0" timestamp="2023-10-17T15:28:01" time="0.812">
    <testcase classname="BatchController test post_batch_convert test" name="should call PostBatchConvert successfully" time="0.81">
      <system-out><![CDATA[BatchConvertRequest {
  sourceFolder: 'TestData/In',
  format: 'pdf',
  outFolder: 'TestResult',
  matchCondition: MatchConditionRequest { regexPattern: '(^Book)(.+)(xlsx$)' }
}
]]></system-out>
    </testcase>
  </testsuite>
  <testsuite name="BatchController test post_batch_protect test" tests="1" errors="0" failures="0" skipped="0" timestamp="2023-10-17T15:28:02" time="0.621">
    <testcase classname="BatchController test post_batch_protect test" name="should call PostBatchProtect successfully" time="0.618">
    </testcase>
  </testsuite>
  <testsuite name="BatchController test post_batch_lock test" tests="1" errors="0" failures="0" skipped="0" timestamp="2023-10-17T15:28:02" time="0.595">
    <testcase classname="BatchController test post_batch_lock test" name="should call PostBatchLock successfully" time="0.593">
    </testcase>
  </testsuite>
  <testsuite name="BatchController test post_batch_unlock test" tests="1" errors="0" failures="0" skipped="0" timestamp="2023-10-17T15:28:03" time="0.634">
    <testcase classname="BatchController test post_batch_unlock test" name="should call PostBatchUnlock successfully" time="0.625">
    </testcase>
  </testsuite>
  <testsuite name="CellsController test post_clear_contents test" tests="1" errors="0" failures="0" skipped="0" timestamp="2023-10-17T15:28:04" time="0.633">
    <testcase classname="CellsController test post_clear_contents test" name="should call PostClearContents successfully" time="0.63">
    </testcase>
  </testsuite>
  <testsuite name="CellsController test post_clear_formats test" tests="1" errors="0" failures="0" skipped="0" timestamp="2023-10-17T15:28:04" time="0.451">
    <testcase classname="CellsController test post_clear_formats test" name="should call PostClearFormats successfully" time="0.448">
    </testcase>
  </testsuite>
  <testsuite name="CellsController test post_update_worksheet_range_style test" tests="1" errors="0" failures="0" skipped="0" timestamp="2023-10-17T15:28:05" time="0.394">
    <testcase classname="CellsController test post_update_worksheet_range_style test" name="should call PostUpdateWorksheetRangeStyle successfully" time="0.392">
    </testcase>
  </testsuite>
  <testsuite name="CellsController test post_worksheet_merge test" tests="1" errors="0" failures="0" skipped="0" timestamp="2023-10-17T15:28:05" time="0.498">
    <testcase classname="CellsController test post_worksheet_merge test" name="should call PostWorksheetMerge successfully" time="0.496">
    </testcase>
  </testsuite>
  <testsuite name="CellsController test post_worksheet_unmerge test" tests="1" errors="0" failures="0" skipped="0" timestamp="2023-10-17T15:28:06" time="0.449">
    <testcase classname="CellsController test post_worksheet_unmerge test" name="should call PostWorksheetUnmerge successfully" time="0.446">
    </testcase>
  </testsuite>
  <testsuite name="CellsController test get_worksheet_cells test" tests="1" errors="0" failures="0" skipped="0" timestamp="2023-10-17T15:28:06" time="0.245">
    <testcase classname="CellsController test get_worksheet_cells test" name="should call GetWorksheetCells successfully" time="0.242">
    </testcase>
  </testsuite>
  <testsuite name="CellsController test get_worksheet_cell test" tests="1" errors="0" failures="0" skipped="0" timestamp="2023-10-17T15:28:06" time="0.278">
    <testcase classname="CellsController test get_worksheet_cell test" name="should call GetWorksheetCell successfully" time="0.275">
    </testcase>
  </testsuite>
  <testsuite name="CellsController test get_worksheet_cell_style test" tests="1" errors="0" failures="0" skipped="0" timestamp="2023-10-17T15:28:07" time="0.266">
    <testcase classname="CellsController test get_worksheet_cell_style test" name="should call GetWorksheetCellStyle successfully" time="0.263">
    </testcase>
  </testsuite>
  <testsuite name="CellsController test post_worksheet_cell_set_value test" tests="1" errors="0" failures="0" skipped="0" timestamp="2023-10-17T15:28:07" time="0.491">
    <testcase classname="CellsController test post_worksheet_cell_set_value test" name="should call PostWorksheetCellSetValue successfully" time="0.479">
    </testcase>
  </testsuite>
  <testsuite name="CellsController test post_update_worksheet_cell_style test" tests="1" errors="0" failures="0" skipped="0" timestamp="2023-10-17T15:28:07" time="0.552">
    <testcase classname="CellsController test post_update_worksheet_cell_style test" name="should call PostUpdateWorksheetCellStyle successfully" time="0.531">
    </testcase>
  </testsuite>
  <testsuite name="CellsController test post_set_cell_range_value test" tests="1" errors="0" failures="0" skipped="0" timestamp="2023-10-17T15:28:08" time="0.488">
    <testcase classname="CellsController test post_set_cell_range_value test" name="should call PostSetCellRangeValue successfully" time="0.485">
    </testcase>
  </testsuite>
  <testsuite name="CellsController test post_copy_cell_into_cell test" tests="1" errors="0" failures="0" skipped="0" timestamp="2023-10-17T15:28:08" time="0.468">
    <testcase classname="CellsController test post_copy_cell_into_cell test" name="should call PostCopyCellIntoCell successfully" time="0.466">
    </testcase>
  </testsuite>
  <testsuite name="CellsController test get_cell_html_string test" tests="1" errors="0" failures="0" skipped="0" timestamp="2023-10-17T15:28:09" time="0.249">
    <testcase classname="CellsController test get_cell_html_string test" name="should call GetCellHtmlString successfully" time="0.246">
    </testcase>
  </testsuite>
  <testsuite name="CellsController test post_set_cell_html_string test" tests="1" errors="0" failures="0" skipped="0" timestamp="2023-10-17T15:28:09" time="0.461">
    <testcase classname="CellsController test post_set_cell_html_string test" name="should call PostSetCellHtmlString successfully" time="0.456">
    </testcase>
  </testsuite>
  <testsuite name="CellsController test post_cell_calculate test" tests="1" errors="0" failures="0" skipped="0" timestamp="2023-10-17T15:28:10" time="0.418">
    <testcase classname="CellsController test post_cell_calculate test" name="should call PostCellCalculate successfully" time="0.415">
    </testcase>
  </testsuite>
  <testsuite name="CellsController test post_cell_characters test" tests="1" errors="0" failures="0" skipped="0" timestamp="2023-10-17T15:28:10" time="0.614">
    <testcase classname="CellsController test post_cell_characters test" name="should call PostCellCharacters successfully" time="0.611">
    </testcase>
  </testsuite>
  <testsuite name="CellsController test get_worksheet_columns test" tests="1" errors="0" failures="0" skipped="0" timestamp="2023-10-17T15:28:11" time="0.26">
    <testcase classname="CellsController test get_worksheet_columns test" name="should call GetWorksheetColumns successfully" time="0.252">
    </testcase>
  </testsuite>
  <testsuite name="CellsController test post_set_worksheet_column_width test" tests="1" errors="0" failures="0" skipped="0" timestamp="2023-10-17T15:28:11" time="0.499">
    <testcase classname="CellsController test post_set_worksheet_column_width test" name="should call PostSetWorksheetColumnWidth successfully" time="0.496">
    </testcase>
  </testsuite>
  <testsuite name="CellsController test get_worksheet_column test" tests="1" errors="0" failures="0" skipped="0" timestamp="2023-10-17T15:28:11" time="0.252">
    <testcase classname="CellsController test get_worksheet_column test" name="should call GetWorksheetColumn successfully" time="0.25">
    </testcase>
  </testsuite>
  <testsuite name="CellsController test put_insert_worksheet_columns test" tests="1" errors="0" failures="0" skipped="0" timestamp="2023-10-17T15:28:12" time="0.58">
    <testcase classname="CellsController test put_insert_worksheet_columns test" name="should call PutInsertWorksheetColumns successfully" time="0.573">
    </testcase>
  </testsuite>
  <testsuite name="CellsController test delete_worksheet_columns test" tests="1" errors="0" failures="0" skipped="0" timestamp="2023-10-17T15:28:12" time="0.466">
    <testcase classname="CellsController test delete_worksheet_columns test" name="should call DeleteWorksheetColumns successfully" time="0.463">
    </testcase>
  </testsuite>
  <testsuite name="CellsController test post_hide_worksheet_columns test" tests="1" errors="0" failures="0" skipped="0" timestamp="2023-10-17T15:28:13" time="0.576">
    <testcase classname="CellsController test post_hide_worksheet_columns test" name="should call PostHideWorksheetColumns successfully" time="0.52">
    </testcase>
  </testsuite>
  <testsuite name="CellsController test post_unhide_worksheet_columns test" tests="1" errors="0" failures="0" skipped="0" timestamp="2023-10-17T15:28:13" time="0.536">
    <testcase classname="CellsController test post_unhide_worksheet_columns test" name="should call PostUnhideWorksheetColumns successfully" time="0.524">
    </testcase>
  </testsuite>
  <testsuite name="CellsController test post_group_worksheet_columns test" tests="1" errors="0" failures="0" skipped="0" timestamp="2023-10-17T15:28:14" time="0.475">
    <testcase classname="CellsController test post_group_worksheet_columns test" name="should call PostGroupWorksheetColumns successfully" time="0.473">
    </testcase>
  </testsuite>
  <testsuite name="CellsController test post_ungroup_worksheet_columns test" tests="1" errors="0" failures="0" skipped="0" timestamp="2023-10-17T15:28:14" time="0.481">
    <testcase classname="CellsController test post_ungroup_worksheet_columns test" name="should call PostUngroupWorksheetColumns successfully" time="0.477">
    </testcase>
  </testsuite>
  <testsuite name="CellsController test post_copy_worksheet_columns test" tests="1" errors="0" failures="0" skipped="0" timestamp="2023-10-17T15:28:15" time="0.401">
    <testcase classname="CellsController test post_copy_worksheet_columns test" name="should call PostCopyWorksheetColumns successfully" time="0.399">
    </testcase>
  </testsuite>
  <testsuite name="CellsController test post_column_style test" tests="1" errors="0" failures="0" skipped="0" timestamp="2023-10-17T15:28:15" time="0.515">
    <testcase classname="CellsController test post_column_style test" name="should call PostColumnStyle successfully" time="0.513">
    </testcase>
  </testsuite>
  <testsuite name="CellsController test get_worksheet_rows test" tests="1" errors="0" failures="0" skipped="0" timestamp="2023-10-17T15:28:16" time="0.268">
    <testcase classname="CellsController test get_worksheet_rows test" name="should call GetWorksheetRows successfully" time="0.265">
    </testcase>
  </testsuite>
  <testsuite name="CellsController test get_worksheet_row test" tests="1" errors="0" failures="0" skipped="0" timestamp="2023-10-17T15:28:16" time="0.322">
    <testcase classname="CellsController test get_worksheet_row test" name="should call GetWorksheetRow successfully" time="0.258">
    </testcase>
  </testsuite>
  <testsuite name="CellsController test delete_worksheet_row test" tests="1" errors="0" failures="0" skipped="0" timestamp="2023-10-17T15:28:16" time="0.516">
    <testcase classname="CellsController test delete_worksheet_row test" name="should call DeleteWorksheetRow successfully" time="0.514">
    </testcase>
  </testsuite>
  <testsuite name="CellsController test delete_worksheet_rows test" tests="1" errors="0" failures="0" skipped="0" timestamp="2023-10-17T15:28:17" time="0.451">
    <testcase classname="CellsController test delete_worksheet_rows test" name="should call DeleteWorksheetRows successfully" time="0.45">
    </testcase>
  </testsuite>
  <testsuite name="CellsController test put_insert_worksheet_rows test" tests="1" errors="0" failures="0" skipped="0" timestamp="2023-10-17T15:28:17" time="0.372">
    <testcase classname="CellsController test put_insert_worksheet_rows test" name="should call PutInsertWorksheetRows successfully" time="0.369">
    </testcase>
  </testsuite>
  <testsuite name="CellsController test put_insert_worksheet_row test" tests="1" errors="0" failures="0" skipped="0" timestamp="2023-10-17T15:28:18" time="0.472">
    <testcase classname="CellsController test put_insert_worksheet_row test" name="should call PutInsertWorksheetRow successfully" time="0.469">
    </testcase>
  </testsuite>
  <testsuite name="CellsController test post_update_worksheet_row test" tests="1" errors="0" failures="0" skipped="0" timestamp="2023-10-17T15:28:18" time="0.493">
    <testcase classname="CellsController test post_update_worksheet_row test" name="should call PostUpdateWorksheetRow successfully" time="0.489">
    </testcase>
  </testsuite>
  <testsuite name="CellsController test post_hide_worksheet_rows test" tests="1" errors="0" failures="0" skipped="0" timestamp="2023-10-17T15:28:19" time="0.414">
    <testcase classname="CellsController test post_hide_worksheet_rows test" name="should call PostHideWorksheetRows successfully" time="0.412">
    </testcase>
  </testsuite>
  <testsuite name="CellsController test post_unhide_worksheet_rows test" tests="1" errors="0" failures="0" skipped="0" timestamp="2023-10-17T15:28:19" time="0.401">
    <testcase classname="CellsController test post_unhide_worksheet_rows test" name="should call PostUnhideWorksheetRows successfully" time="0.399">
    </testcase>
  </testsuite>
  <testsuite name="CellsController test post_group_worksheet_rows test" tests="1" errors="0" failures="0" skipped="0" timestamp="2023-10-17T15:28:19" time="0.428">
    <testcase classname="CellsController test post_group_worksheet_rows test" name="should call PostGroupWorksheetRows successfully" time="0.425">
    </testcase>
  </testsuite>
  <testsuite name="CellsController test post_ungroup_worksheet_rows test" tests="1" errors="0" failures="0" skipped="0" timestamp="2023-10-17T15:28:20" time="0.507">
    <testcase classname="CellsController test post_ungroup_worksheet_rows test" name="should call PostUngroupWorksheetRows successfully" time="0.504">
    </testcase>
  </testsuite>
  <testsuite name="CellsController test post_copy_worksheet_rows test" tests="1" errors="0" failures="0" skipped="0" timestamp="2023-10-17T15:28:20" time="0.443">
    <testcase classname="CellsController test post_copy_worksheet_rows test" name="should call PostCopyWorksheetRows successfully" time="0.437">
    </testcase>
  </testsuite>
  <testsuite name="CellsController test post_row_style test" tests="1" errors="0" failures="0" skipped="0" timestamp="2023-10-17T15:28:21" time="0.477">
    <testcase classname="CellsController test post_row_style test" name="should call PostRowStyle successfully" time="0.475">
    </testcase>
  </testsuite>
  <testsuite name="CellsStatusController test get_cells_cloud_services_health_check test" tests="1" errors="0" failures="0" skipped="0" timestamp="2023-10-17T15:28:21" time="0.499">
    <testcase classname="CellsStatusController test get_cells_cloud_services_health_check test" name="should call GetCellsCloudServicesHealthCheck successfully" time="0.497">
    </testcase>
  </testsuite>
  <testsuite name="CellsStatusController test get_cells_cloud_service_status test" tests="1" errors="0" failures="0" skipped="0" timestamp="2023-10-17T15:28:22" time="0.209">
    <testcase classname="CellsStatusController test get_cells_cloud_service_status test" name="should call GetCellsCloudServiceStatus successfully" time="0.206">
    </testcase>
  </testsuite>
  <testsuite name="ChartAreaController test get_chart_area test" tests="1" errors="0" failures="0" skipped="0" timestamp="2023-10-17T15:28:22" time="0.506">
    <testcase classname="ChartAreaController test get_chart_area test" name="should call GetChartArea successfully" time="0.5">
    </testcase>
  </testsuite>
  <testsuite name="ChartAreaController test get_chart_area_fill_format test" tests="1" errors="0" failures="0" skipped="0" timestamp="2023-10-17T15:28:23" time="0.251">
    <testcase classname="ChartAreaController test get_chart_area_fill_format test" name="should call GetChartAreaFillFormat successfully" time="0.246">
    </testcase>
  </testsuite>
  <testsuite name="ChartAreaController test get_chart_area_border test" tests="1" errors="0" failures="0" skipped="0" timestamp="2023-10-17T15:28:23" time="0.248">
    <testcase classname="ChartAreaController test get_chart_area_border test" name="should call GetChartAreaBorder successfully" time="0.246">
    </testcase>
  </testsuite>
  <testsuite name="ChartsController test get_worksheet_charts test" tests="1" errors="0" failures="0" skipped="0" timestamp="2023-10-17T15:28:23" time="0.504">
    <testcase classname="ChartsController test get_worksheet_charts test" name="should call GetWorksheetCharts successfully" time="0.502">
    </testcase>
  </testsuite>
  <testsuite name="ChartsController test get_worksheet_chart test" tests="1" errors="0" failures="0" skipped="0" timestamp="2023-10-17T15:28:24" time="0.466">
    <testcase classname="ChartsController test get_worksheet_chart test" name="should call GetWorksheetChart successfully" time="0.465">
    </testcase>
  </testsuite>
  <testsuite name="ChartsController test put_worksheet_add_chart test" tests="1" errors="0" failures="0" skipped="0" timestamp="2023-10-17T15:28:24" time="0.485">
    <testcase classname="ChartsController test put_worksheet_add_chart test" name="should call PutWorksheetAddChart successfully" time="0.482">
    </testcase>
  </testsuite>
  <testsuite name="ChartsController test delete_worksheet_delete_chart test" tests="1" errors="0" failures="0" skipped="0" timestamp="2023-10-17T15:28:24" time="0.695">
    <testcase classname="ChartsController test delete_worksheet_delete_chart test" name="should call DeleteWorksheetDeleteChart successfully" time="0.688">
    </testcase>
  </testsuite>
  <testsuite name="ChartsController test post_worksheet_chart test" tests="1" errors="0" failures="0" skipped="0" timestamp="2023-10-17T15:28:25" time="0.483">
    <testcase classname="ChartsController test post_worksheet_chart test" name="should call PostWorksheetChart successfully" time="0.481">
    </testcase>
  </testsuite>
  <testsuite name="ChartsController test get_worksheet_chart_legend test" tests="1" errors="0" failures="0" skipped="0" timestamp="2023-10-17T15:28:26" time="0.244">
    <testcase classname="ChartsController test get_worksheet_chart_legend test" name="should call GetWorksheetChartLegend successfully" time="0.242">
    </testcase>
  </testsuite>
  <testsuite name="ChartsController test post_worksheet_chart_legend test" tests="1" errors="0" failures="0" skipped="0" timestamp="2023-10-17T15:28:26" time="0.437">
    <testcase classname="ChartsController test post_worksheet_chart_legend test" name="should call PostWorksheetChartLegend successfully" time="0.434">
    </testcase>
  </testsuite>
  <testsuite name="ChartsController test put_worksheet_chart_legend test" tests="1" errors="0" failures="0" skipped="0" timestamp="2023-10-17T15:28:26" time="1.097">
    <testcase classname="ChartsController test put_worksheet_chart_legend test" name="should call PutWorksheetChartLegend successfully" time="1.093">
    </testcase>
  </testsuite>
  <testsuite name="ChartsController test delete_worksheet_chart_legend test" tests="1" errors="0" failures="0" skipped="0" timestamp="2023-10-17T15:28:27" time="0.438">
    <testcase classname="ChartsController test delete_worksheet_chart_legend test" name="should call DeleteWorksheetChartLegend successfully" time="0.435">
    </testcase>
  </testsuite>
  <testsuite name="ChartsController test delete_worksheet_clear_charts test" tests="1" errors="0" failures="0" skipped="0" timestamp="2023-10-17T15:28:28" time="0.406">
    <testcase classname="ChartsController test delete_worksheet_clear_charts test" name="should call DeleteWorksheetClearCharts successfully" time="0.405">
    </testcase>
  </testsuite>
  <testsuite name="ChartsController test get_worksheet_chart_title test" tests="1" errors="0" failures="0" skipped="0" timestamp="2023-10-17T15:28:28" time="0.27">
    <testcase classname="ChartsController test get_worksheet_chart_title test" name="should call GetWorksheetChartTitle successfully" time="0.268">
    </testcase>
  </testsuite>
  <testsuite name="ChartsController test post_worksheet_chart_title test" tests="1" errors="0" failures="0" skipped="0" timestamp="2023-10-17T15:28:29" time="0.482">
    <testcase classname="ChartsController test post_worksheet_chart_title test" name="should call PostWorksheetChartTitle successfully" time="0.479">
    </testcase>
  </testsuite>
  <testsuite name="ChartsController test put_worksheet_chart_title test" tests="1" errors="0" failures="0" skipped="0" timestamp="2023-10-17T15:28:29" time="0.483">
    <testcase classname="ChartsController test put_worksheet_chart_title test" name="should call PutWorksheetChartTitle successfully" time="0.479">
    </testcase>
  </testsuite>
  <testsuite name="ChartsController test delete_worksheet_chart_title test" tests="1" errors="0" failures="0" skipped="0" timestamp="2023-10-17T15:28:30" time="1.269">
    <testcase classname="ChartsController test delete_worksheet_chart_title test" name="should call DeleteWorksheetChartTitle successfully" time="1.267">
    </testcase>
  </testsuite>
  <testsuite name="ConditionalFormattingsController test get_worksheet_conditional_formattings test" tests="1" errors="0" failures="0" skipped="0" timestamp="2023-10-17T15:28:31" time="0.653">
    <testcase classname="ConditionalFormattingsController test get_worksheet_conditional_formattings test" name="should call GetWorksheetConditionalFormattings successfully" time="0.65">
    </testcase>
  </testsuite>
  <testsuite name="ConditionalFormattingsController test get_worksheet_conditional_formatting test" tests="1" errors="0" failures="0" skipped="0" timestamp="2023-10-17T15:28:31" time="0.363">
    <testcase classname="ConditionalFormattingsController test get_worksheet_conditional_formatting test" name="should call GetWorksheetConditionalFormatting successfully" time="0.36">
    </testcase>
  </testsuite>
  <testsuite name="ConditionalFormattingsController test put_worksheet_conditional_formatting test" tests="1" errors="0" failures="0" skipped="0" timestamp="2023-10-17T15:28:32" time="0.467">
    <testcase classname="ConditionalFormattingsController test put_worksheet_conditional_formatting test" name="should call PutWorksheetConditionalFormatting successfully" time="0.464">
    </testcase>
  </testsuite>
  <testsuite name="ConditionalFormattingsController test put_worksheet_format_condition test" tests="1" errors="0" failures="0" skipped="0" timestamp="2023-10-17T15:28:32" time="1.072">
    <testcase classname="ConditionalFormattingsController test put_worksheet_format_condition test" name="should call PutWorksheetFormatCondition successfully" time="1.069">
    </testcase>
  </testsuite>
  <testsuite name="ConditionalFormattingsController test put_worksheet_format_condition_area test" tests="1" errors="0" failures="0" skipped="0" timestamp="2023-10-17T15:28:33" time="0.427">
    <testcase classname="ConditionalFormattingsController test put_worksheet_format_condition_area test" name="should call PutWorksheetFormatConditionArea successfully" time="0.425">
    </testcase>
  </testsuite>
  <testsuite name="ConditionalFormattingsController test put_worksheet_format_condition_condition test" tests="1" errors="0" failures="0" skipped="0" timestamp="2023-10-17T15:28:34" time="0.43">
    <testcase classname="ConditionalFormattingsController test put_worksheet_format_condition_condition test" name="should call PutWorksheetFormatConditionCondition successfully" time="0.426">
    </testcase>
  </testsuite>
  <testsuite name="ConditionalFormattingsController test delete_worksheet_conditional_formattings test" tests="1" errors="0" failures="0" skipped="0" timestamp="2023-10-17T15:28:34" time="0.427">
    <testcase classname="ConditionalFormattingsController test delete_worksheet_conditional_formattings test" name="should call DeleteWorksheetConditionalFormattings successfully" time="0.425">
    </testcase>
  </testsuite>
  <testsuite name="ConditionalFormattingsController test delete_worksheet_conditional_formatting test" tests="1" errors="0" failures="0" skipped="0" timestamp="2023-10-17T15:28:35" time="1.134">
    <testcase classname="ConditionalFormattingsController test delete_worksheet_conditional_formatting test" name="should call DeleteWorksheetConditionalFormatting successfully" time="1.13">
    </testcase>
  </testsuite>
  <testsuite name="ConditionalFormattingsController test delete_worksheet_conditional_formatting_area test" tests="1" errors="0" failures="0" skipped="0" timestamp="2023-10-17T15:28:36" time="0.456">
    <testcase classname="ConditionalFormattingsController test delete_worksheet_conditional_formatting_area test" name="should call DeleteWorksheetConditionalFormattingArea successfully" time="0.453">
    </testcase>
  </testsuite>
  <testsuite name="FileController test download_file test" tests="1" errors="0" failures="0" skipped="0" timestamp="2023-10-17T15:28:36" time="0.71">
    <testcase classname="FileController test download_file test" name="should call DownloadFile successfully" time="0.707">
    </testcase>
  </testsuite>
  <testsuite name="FileController test upload_file test" tests="1" errors="0" failures="0" skipped="0" timestamp="2023-10-17T15:28:37" time="0.69">
    <testcase classname="FileController test upload_file test" name="should call UploadFile successfully" time="0.665">
    </testcase>
  </testsuite>
  <testsuite name="FileController test copy_file test" tests="1" errors="0" failures="0" skipped="0" timestamp="2023-10-17T15:28:38" time="0.574">
    <testcase classname="FileController test copy_file test" name="should call CopyFile successfully" time="0.571">
    </testcase>
  </testsuite>
  <testsuite name="FileController test move_file test" tests="1" errors="0" failures="0" skipped="0" timestamp="2023-10-17T15:28:38" time="8.037">
    <testcase classname="FileController test move_file test" name="should call MoveFile successfully" time="8.034">
    </testcase>
  </testsuite>
  <testsuite name="FileController test delete_file test" tests="1" errors="0" failures="0" skipped="0" timestamp="2023-10-17T15:28:46" time="0.343">
    <testcase classname="FileController test delete_file test" name="should call DeleteFile successfully" time="0.337">
    </testcase>
  </testsuite>
  <testsuite name="FolderController test get_files_list test" tests="1" errors="0" failures="0" skipped="0" timestamp="2023-10-17T15:28:47" time="0.546">
    <testcase classname="FolderController test get_files_list test" name="should call GetFilesList successfully" time="0.537">
    </testcase>
  </testsuite>
  <testsuite name="FolderController test create_folder test" tests="1" errors="0" failures="0" skipped="0" timestamp="2023-10-17T15:28:47" time="0.224">
    <testcase classname="FolderController test create_folder test" name="should call CreateFolder successfully" time="0.221">
    </testcase>
  </testsuite>
  <testsuite name="FolderController test copy_folder test" tests="1" errors="0" failures="0" skipped="0" timestamp="2023-10-17T15:28:47" time="2.501">
    <testcase classname="FolderController test copy_folder test" name="should call CopyFolder successfully" time="2.498">
    </testcase>
  </testsuite>
  <testsuite name="FolderController test move_folder test" tests="1" errors="0" failures="0" skipped="0" timestamp="2023-10-17T15:28:50" time="2.765">
    <testcase classname="FolderController test move_folder test" name="should call MoveFolder successfully" time="2.761">
    </testcase>
  </testsuite>
  <testsuite name="FolderController test delete_folder test" tests="1" errors="0" failures="0" skipped="0" timestamp="2023-10-17T15:28:53" time="0.233">
    <testcase classname="FolderController test delete_folder test" name="should call DeleteFolder successfully" time="0.229">
    </testcase>
  </testsuite>
  <testsuite name="HypelinksController test get_work_sheet_hyperlinks test" tests="1" errors="0" failures="0" skipped="0" timestamp="2023-10-17T15:28:53" time="0.504">
    <testcase classname="HypelinksController test get_work_sheet_hyperlinks test" name="should call GetWorkSheetHyperlinks successfully" time="0.501">
    </testcase>
  </testsuite>
  <testsuite name="HypelinksController test get_work_sheet_hyperlink test" tests="1" errors="0" failures="0" skipped="0" timestamp="2023-10-17T15:28:53" time="0.341">
    <testcase classname="HypelinksController test get_work_sheet_hyperlink test" name="should call GetWorkSheetHyperlink successfully" time="0.339">
    </testcase>
  </testsuite>
  <testsuite name="HypelinksController test delete_work_sheet_hyperlink test" tests="1" errors="0" failures="0" skipped="0" timestamp="2023-10-17T15:28:54" time="0.462">
    <testcase classname="HypelinksController test delete_work_sheet_hyperlink test" name="should call DeleteWorkSheetHyperlink successfully" time="0.458">
    </testcase>
  </testsuite>
  <testsuite name="HypelinksController test post_work_sheet_hyperlink test" tests="1" errors="0" failures="0" skipped="0" timestamp="2023-10-17T15:28:54" time="0.614">
    <testcase classname="HypelinksController test post_work_sheet_hyperlink test" name="should call PostWorkSheetHyperlink successfully" time="0.611">
    </testcase>
  </testsuite>
  <testsuite name="HypelinksController test put_work_sheet_hyperlink test" tests="1" errors="0" failures="0" skipped="0" timestamp="2023-10-17T15:28:55" time="0.58">
    <testcase classname="HypelinksController test put_work_sheet_hyperlink test" name="should call PutWorkSheetHyperlink successfully" time="0.576">
    </testcase>
  </testsuite>
  <testsuite name="HypelinksController test delete_work_sheet_hyperlinks test" tests="1" errors="0" failures="0" skipped="0" timestamp="2023-10-17T15:28:55" time="0.546">
    <testcase classname="HypelinksController test delete_work_sheet_hyperlinks test" name="should call DeleteWorkSheetHyperlinks successfully" time="0.545">
    </testcase>
  </testsuite>
  <testsuite name="ListObjectsController test get_worksheet_list_objects test" tests="1" errors="0" failures="0" skipped="0" timestamp="2023-10-17T15:28:56" time="0.518">
    <testcase classname="ListObjectsController test get_worksheet_list_objects test" name="should call GetWorksheetListObjects successfully" time="0.516">
    </testcase>
  </testsuite>
  <testsuite name="ListObjectsController test get_worksheet_list_object test" tests="1" errors="0" failures="0" skipped="0" timestamp="2023-10-17T15:28:56" time="0.319">
    <testcase classname="ListObjectsController test get_worksheet_list_object test" name="should call GetWorksheetListObject successfully" time="0.317">
    </testcase>
  </testsuite>
  <testsuite name="ListObjectsController test put_worksheet_list_object test" tests="1" errors="0" failures="0" skipped="0" timestamp="2023-10-17T15:28:57" time="1.12">
    <testcase classname="ListObjectsController test put_worksheet_list_object test" name="should call PutWorksheetListObject successfully" time="1.117">
    </testcase>
  </testsuite>
  <testsuite name="ListObjectsController test delete_worksheet_list_objects test" tests="1" errors="0" failures="0" skipped="0" timestamp="2023-10-17T15:28:58" time="0.473">
    <testcase classname="ListObjectsController test delete_worksheet_list_objects test" name="should call DeleteWorksheetListObjects successfully" time="0.466">
    </testcase>
  </testsuite>
  <testsuite name="ListObjectsController test delete_worksheet_list_object test" tests="1" errors="0" failures="0" skipped="0" timestamp="2023-10-17T15:28:58" time="0.496">
    <testcase classname="ListObjectsController test delete_worksheet_list_object test" name="should call DeleteWorksheetListObject successfully" time="0.494">
    </testcase>
  </testsuite>
  <testsuite name="ListObjectsController test post_worksheet_list_object test" tests="1" errors="0" failures="0" skipped="0" timestamp="2023-10-17T15:28:59" time="0.59">
    <testcase classname="ListObjectsController test post_worksheet_list_object test" name="should call PostWorksheetListObject successfully" time="0.585">
    </testcase>
  </testsuite>
  <testsuite name="ListObjectsController test post_worksheet_list_object_convert_to_range test" tests="1" errors="0" failures="0" skipped="0" timestamp="2023-10-17T15:28:59" time="0.559">
    <testcase classname="ListObjectsController test post_worksheet_list_object_convert_to_range test" name="should call PostWorksheetListObjectConvertToRange successfully" time="0.553">
    </testcase>
  </testsuite>
  <testsuite name="ListObjectsController test post_worksheet_list_object_summarize_with_pivot_table test" tests="1" errors="0" failures="0" skipped="0" timestamp="2023-10-17T15:29:00" time="0.602">
    <testcase classname="ListObjectsController test post_worksheet_list_object_summarize_with_pivot_table test" name="should call PostWorksheetListObjectSummarizeWithPivotTable successfully" time="0.599">
    </testcase>
  </testsuite>
  <testsuite name="ListObjectsController test post_worksheet_list_object_sort_table test" tests="1" errors="0" failures="0" skipped="0" timestamp="2023-10-17T15:29:01" time="0.411">
    <testcase classname="ListObjectsController test post_worksheet_list_object_sort_table test" name="should call PostWorksheetListObjectSortTable successfully" time="0.408">
    </testcase>
  </testsuite>
  <testsuite name="ListObjectsController test post_worksheet_list_column test" tests="1" errors="0" failures="0" skipped="0" timestamp="2023-10-17T15:29:01" time="0.482">
    <testcase classname="ListObjectsController test post_worksheet_list_column test" name="should call PostWorksheetListColumn successfully" time="0.48">
    </testcase>
  </testsuite>
  <testsuite name="ListObjectsController test post_worksheet_list_columns_total test" tests="1" errors="0" failures="0" skipped="0" timestamp="2023-10-17T15:29:02" time="0.534">
    <testcase classname="ListObjectsController test post_worksheet_list_columns_total test" name="should call PostWorksheetListColumnsTotal successfully" time="0.531">
    </testcase>
  </testsuite>
  <testsuite name="ListObjectsController test post_worksheet_list_object_remove_duplicates test" tests="1" errors="0" failures="0" skipped="0" timestamp="2023-10-17T15:29:02" time="0.347">
    <testcase classname="ListObjectsController test post_worksheet_list_object_remove_duplicates test" name="should call PostWorksheetListObjectRemoveDuplicates successfully" time="0.343">
    </testcase>
  </testsuite>
  <testsuite name="ListObjectsController test post_worksheet_list_object_insert_slicer test" tests="1" errors="0" failures="0" skipped="0" timestamp="2023-10-17T15:29:02" time="0.346">
    <testcase classname="ListObjectsController test post_worksheet_list_object_insert_slicer test" name="should call PostWorksheetListObjectInsertSlicer successfully" time="0.337">
    </testcase>
  </testsuite>
  <testsuite name="OleObjectsController test get_worksheet_ole_objects test" tests="1" errors="0" failures="0" skipped="0" timestamp="2023-10-17T15:29:03" time="0.488">
    <testcase classname="OleObjectsController test get_worksheet_ole_objects test" name="should call GetWorksheetOleObjects successfully" time="0.485">
    </testcase>
  </testsuite>
  <testsuite name="OleObjectsController test get_worksheet_ole_object test" tests="1" errors="0" failures="0" skipped="0" timestamp="2023-10-17T15:29:03" time="0.325">
    <testcase classname="OleObjectsController test get_worksheet_ole_object test" name="should call GetWorksheetOleObject successfully" time="0.321">
    </testcase>
  </testsuite>
  <testsuite name="OleObjectsController test delete_worksheet_ole_objects test" tests="1" errors="0" failures="0" skipped="0" timestamp="2023-10-17T15:29:04" time="0.341">
    <testcase classname="OleObjectsController test delete_worksheet_ole_objects test" name="should call DeleteWorksheetOleObjects successfully" time="0.338">
    </testcase>
  </testsuite>
  <testsuite name="OleObjectsController test delete_worksheet_ole_object test" tests="1" errors="0" failures="1" skipped="0" timestamp="2023-10-17T15:29:04" time="0.298">
    <testcase classname="OleObjectsController test delete_worksheet_ole_object test" name="should call DeleteWorksheetOleObject successfully" time="0.28">
      <failure message="the object {
  &quot;code&quot;: 400
  &quot;message&quot;: [undefined]
} was thrown, throw an Error :)"></failure>
    </testcase>
  </testsuite>
  <testsuite name="OleObjectsController test post_update_worksheet_ole_object test" tests="1" errors="0" failures="0" skipped="0" timestamp="2023-10-17T15:29:04" time="0.455">
    <testcase classname="OleObjectsController test post_update_worksheet_ole_object test" name="should call PostUpdateWorksheetOleObject successfully" time="0.451">
    </testcase>
  </testsuite>
  <testsuite name="OleObjectsController test put_worksheet_ole_object test" tests="1" errors="0" failures="0" skipped="0" timestamp="2023-10-17T15:29:05" time="0.565">
    <testcase classname="OleObjectsController test put_worksheet_ole_object test" name="should call PutWorksheetOleObject successfully" time="0.562">
    </testcase>
  </testsuite>
  <testsuite name="one test case test post_metadata test" tests="1" errors="0" failures="0" skipped="0" timestamp="2023-10-17T15:29:05" time="0.65">
    <testcase classname="one test case test post_metadata test" name="should call PostMetadata successfully" time="0.648">
    </testcase>
  </testsuite>
  <testsuite name="PageBreaksController test get_vertical_page_breaks test" tests="1" errors="0" failures="0" skipped="0" timestamp="2023-10-17T15:29:06" time="0.518">
    <testcase classname="PageBreaksController test get_vertical_page_breaks test" name="should call GetVerticalPageBreaks successfully" time="0.516">
    </testcase>
  </testsuite>
  <testsuite name="PageBreaksController test get_horizontal_page_breaks test" tests="1" errors="0" failures="0" skipped="0" timestamp="2023-10-17T15:29:06" time="0.273">
    <testcase classname="PageBreaksController test get_horizontal_page_breaks test" name="should call GetHorizontalPageBreaks successfully" time="0.27">
    </testcase>
  </testsuite>
  <testsuite name="PageBreaksController test get_vertical_page_break test" tests="1" errors="0" failures="0" skipped="0" timestamp="2023-10-17T15:29:07" time="0.247">
    <testcase classname="PageBreaksController test get_vertical_page_break test" name="should call GetVerticalPageBreak successfully" time="0.244">
    </testcase>
  </testsuite>
  <testsuite name="PageBreaksController test get_horizontal_page_break test" tests="1" errors="0" failures="0" skipped="0" timestamp="2023-10-17T15:29:07" time="0.243">
    <testcase classname="PageBreaksController test get_horizontal_page_break test" name="should call GetHorizontalPageBreak successfully" time="0.242">
    </testcase>
  </testsuite>
  <testsuite name="PageBreaksController test put_vertical_page_break test" tests="1" errors="0" failures="0" skipped="0" timestamp="2023-10-17T15:29:07" time="0.505">
    <testcase classname="PageBreaksController test put_vertical_page_break test" name="should call PutVerticalPageBreak successfully" time="0.499">
    </testcase>
  </testsuite>
  <testsuite name="PageBreaksController test put_horizontal_page_break test" tests="1" errors="0" failures="0" skipped="0" timestamp="2023-10-17T15:29:08" time="0.478">
    <testcase classname="PageBreaksController test put_horizontal_page_break test" name="should call PutHorizontalPageBreak successfully" time="0.476">
    </testcase>
  </testsuite>
  <testsuite name="PageBreaksController test delete_vertical_page_breaks test" tests="1" errors="0" failures="0" skipped="0" timestamp="2023-10-17T15:29:08" time="0.443">
    <testcase classname="PageBreaksController test delete_vertical_page_breaks test" name="should call DeleteVerticalPageBreaks successfully" time="0.441">
    </testcase>
  </testsuite>
  <testsuite name="PageBreaksController test delete_horizontal_page_breaks test" tests="1" errors="0" failures="0" skipped="0" timestamp="2023-10-17T15:29:09" time="0.527">
    <testcase classname="PageBreaksController test delete_horizontal_page_breaks test" name="should call DeleteHorizontalPageBreaks successfully" time="0.524">
    </testcase>
  </testsuite>
  <testsuite name="PageBreaksController test delete_vertical_page_break test" tests="1" errors="0" failures="0" skipped="0" timestamp="2023-10-17T15:29:09" time="0.448">
    <testcase classname="PageBreaksController test delete_vertical_page_break test" name="should call DeleteVerticalPageBreak successfully" time="0.432">
    </testcase>
  </testsuite>
  <testsuite name="PageBreaksController test delete_horizontal_page_break test" tests="1" errors="0" failures="0" skipped="0" timestamp="2023-10-17T15:29:10" time="0.357">
    <testcase classname="PageBreaksController test delete_horizontal_page_break test" name="should call DeleteHorizontalPageBreak successfully" time="0.355">
    </testcase>
  </testsuite>
  <testsuite name="PageSetupController test get_page_setup test" tests="1" errors="0" failures="0" skipped="0" timestamp="2023-10-17T15:29:10" time="0.554">
    <testcase classname="PageSetupController test get_page_setup test" name="should call GetPageSetup successfully" time="0.541">
    </testcase>
  </testsuite>
  <testsuite name="PageSetupController test post_page_setup test" tests="1" errors="0" failures="0" skipped="0" timestamp="2023-10-17T15:29:11" time="1.054">
    <testcase classname="PageSetupController test post_page_setup test" name="should call PostPageSetup successfully" time="1.047">
    </testcase>
  </testsuite>
  <testsuite name="PageSetupController test delete_header_footer test" tests="1" errors="0" failures="0" skipped="0" timestamp="2023-10-17T15:29:12" time="0.468">
    <testcase classname="PageSetupController test delete_header_footer test" name="should call DeleteHeaderFooter successfully" time="0.462">
    </testcase>
  </testsuite>
  <testsuite name="PageSetupController test get_header test" tests="1" errors="0" failures="0" skipped="0" timestamp="2023-10-17T15:29:12" time="0.292">
    <testcase classname="PageSetupController test get_header test" name="should call GetHeader successfully" time="0.289">
    </testcase>
  </testsuite>
  <testsuite name="PageSetupController test post_header test" tests="1" errors="0" failures="0" skipped="0" timestamp="2023-10-17T15:29:12" time="0.551">
    <testcase classname="PageSetupController test post_header test" name="should call PostHeader successfully" time="0.548">
    </testcase>
  </testsuite>
  <testsuite name="PageSetupController test get_footer test" tests="1" errors="0" failures="0" skipped="0" timestamp="2023-10-17T15:29:13" time="0.34">
    <testcase classname="PageSetupController test get_footer test" name="should call GetFooter successfully" time="0.334">
    </testcase>
  </testsuite>
  <testsuite name="PageSetupController test post_footer test" tests="1" errors="0" failures="0" skipped="0" timestamp="2023-10-17T15:29:13" time="0.465">
    <testcase classname="PageSetupController test post_footer test" name="should call PostFooter successfully" time="0.463">
    </testcase>
  </testsuite>
  <testsuite name="PicturesController test get_worksheet_pictures test" tests="1" errors="0" failures="0" skipped="0" timestamp="2023-10-17T15:29:14" time="0.697">
    <testcase classname="PicturesController test get_worksheet_pictures test" name="should call GetWorksheetPictures successfully" time="0.693">
    </testcase>
  </testsuite>
  <testsuite name="PicturesController test get_worksheet_picture_with_format test" tests="1" errors="0" failures="0" skipped="0" timestamp="2023-10-17T15:29:14" time="0.315">
    <testcase classname="PicturesController test get_worksheet_picture_with_format test" name="should call GetWorksheetPictureWithFormat successfully" time="0.312">
    </testcase>
  </testsuite>
  <testsuite name="PicturesController test put_worksheet_add_picture test" tests="1" errors="0" failures="0" skipped="0" timestamp="2023-10-17T15:29:15" time="0.49">
    <testcase classname="PicturesController test put_worksheet_add_picture test" name="should call PutWorksheetAddPicture successfully" time="0.484">
    </testcase>
  </testsuite>
  <testsuite name="PicturesController test post_work_sheet_picture test" tests="1" errors="0" failures="0" skipped="0" timestamp="2023-10-17T15:29:15" time="0.51">
    <testcase classname="PicturesController test post_work_sheet_picture test" name="should call PostWorkSheetPicture successfully" time="0.508">
    </testcase>
  </testsuite>
  <testsuite name="PicturesController test delete_worksheet_picture test" tests="1" errors="0" failures="0" skipped="0" timestamp="2023-10-17T15:29:16" time="0.472">
    <testcase classname="PicturesController test delete_worksheet_picture test" name="should call DeleteWorksheetPicture successfully" time="0.47">
    </testcase>
  </testsuite>
  <testsuite name="PicturesController test delete_work_sheet_pictures test" tests="1" errors="0" failures="0" skipped="0" timestamp="2023-10-17T15:29:16" time="0.413">
    <testcase classname="PicturesController test delete_work_sheet_pictures test" name="should call DeleteWorkSheetPictures successfully" time="0.407">
    </testcase>
  </testsuite>
  <testsuite name="PivotTablesController test get_worksheet_pivot_tables test" tests="1" errors="0" failures="0" skipped="0" timestamp="2023-10-17T15:29:17" time="0.485">
    <testcase classname="PivotTablesController test get_worksheet_pivot_tables test" name="should call GetWorksheetPivotTables successfully" time="0.482">
    </testcase>
  </testsuite>
  <testsuite name="PivotTablesController test get_worksheet_pivot_table test" tests="1" errors="0" failures="0" skipped="0" timestamp="2023-10-17T15:29:17" time="0.247">
    <testcase classname="PivotTablesController test get_worksheet_pivot_table test" name="should call GetWorksheetPivotTable successfully" time="0.242">
    </testcase>
  </testsuite>
  <testsuite name="PivotTablesController test get_pivot_table_field test" tests="1" errors="0" failures="0" skipped="0" timestamp="2023-10-17T15:29:17" time="0.271">
    <testcase classname="PivotTablesController test get_pivot_table_field test" name="should call GetPivotTableField successfully" time="0.26">
    </testcase>
  </testsuite>
  <testsuite name="PivotTablesController test get_worksheet_pivot_table_filters test" tests="1" errors="0" failures="0" skipped="0" timestamp="2023-10-17T15:29:18" time="0.272">
    <testcase classname="PivotTablesController test get_worksheet_pivot_table_filters test" name="should call GetWorksheetPivotTableFilters successfully" time="0.268">
    </testcase>
  </testsuite>
  <testsuite name="PivotTablesController test get_worksheet_pivot_table_filter test" tests="1" errors="0" failures="0" skipped="0" timestamp="2023-10-17T15:29:18" time="0.242">
    <testcase classname="PivotTablesController test get_worksheet_pivot_table_filter test" name="should call GetWorksheetPivotTableFilter successfully" time="0.239">
    </testcase>
  </testsuite>
  <testsuite name="PivotTablesController test put_worksheet_pivot_table test" tests="1" errors="0" failures="0" skipped="0" timestamp="2023-10-17T15:29:18" time="0.41">
    <testcase classname="PivotTablesController test put_worksheet_pivot_table test" name="should call PutWorksheetPivotTable successfully" time="0.407">
    </testcase>
  </testsuite>
  <testsuite name="PivotTablesController test put_pivot_table_field test" tests="1" errors="0" failures="0" skipped="0" timestamp="2023-10-17T15:29:19" time="0.501">
    <testcase classname="PivotTablesController test put_pivot_table_field test" name="should call PutPivotTableField successfully" time="0.494">
    </testcase>
  </testsuite>
  <testsuite name="PivotTablesController test put_worksheet_pivot_table_filter test" tests="1" errors="0" failures="0" skipped="0" timestamp="2023-10-17T15:29:19" time="0.364">
    <testcase classname="PivotTablesController test put_worksheet_pivot_table_filter test" name="should call PutWorksheetPivotTableFilter successfully" time="0.361">
    </testcase>
  </testsuite>
  <testsuite name="PivotTablesController test post_pivot_table_field_hide_item test" tests="1" errors="0" failures="0" skipped="0" timestamp="2023-10-17T15:29:19" time="0.374">
    <testcase classname="PivotTablesController test post_pivot_table_field_hide_item test" name="should call PostPivotTableFieldHideItem successfully" time="0.372">
    </testcase>
  </testsuite>
  <testsuite name="PivotTablesController test post_pivot_table_field_move_to test" tests="1" errors="0" failures="0" skipped="0" timestamp="2023-10-17T15:29:20" time="0.475">
    <testcase classname="PivotTablesController test post_pivot_table_field_move_to test" name="should call PostPivotTableFieldMoveTo successfully" time="0.473">
    </testcase>
  </testsuite>
  <testsuite name="PivotTablesController test post_pivot_table_cell_style test" tests="1" errors="0" failures="0" skipped="0" timestamp="2023-10-17T15:29:20" time="0.507">
    <testcase classname="PivotTablesController test post_pivot_table_cell_style test" name="should call PostPivotTableCellStyle successfully" time="0.505">
    </testcase>
  </testsuite>
  <testsuite name="PivotTablesController test post_pivot_table_style test" tests="1" errors="0" failures="0" skipped="0" timestamp="2023-10-17T15:29:21" time="1.046">
    <testcase classname="PivotTablesController test post_pivot_table_style test" name="should call PostPivotTableStyle successfully" time="1.041">
    </testcase>
  </testsuite>
  <testsuite name="PivotTablesController test post_pivot_table_update_pivot_fields test" tests="1" errors="0" failures="0" skipped="0" timestamp="2023-10-17T15:29:22" time="0.395">
    <testcase classname="PivotTablesController test post_pivot_table_update_pivot_fields test" name="should call PostPivotTableUpdatePivotFields successfully" time="0.391">
    </testcase>
  </testsuite>
  <testsuite name="PivotTablesController test post_pivot_table_update_pivot_field test" tests="1" errors="0" failures="0" skipped="0" timestamp="2023-10-17T15:29:22" time="0.373">
    <testcase classname="PivotTablesController test post_pivot_table_update_pivot_field test" name="should call PostPivotTableUpdatePivotField successfully" time="0.371">
    </testcase>
  </testsuite>
  <testsuite name="PivotTablesController test post_worksheet_pivot_table_calculate test" tests="1" errors="0" failures="0" skipped="0" timestamp="2023-10-17T15:29:23" time="1.561">
    <testcase classname="PivotTablesController test post_worksheet_pivot_table_calculate test" name="should call PostWorksheetPivotTableCalculate successfully" time="1.45">
    </testcase>
  </testsuite>
  <testsuite name="PivotTablesController test post_worksheet_pivot_table_move test" tests="1" errors="0" failures="0" skipped="0" timestamp="2023-10-17T15:29:24" time="0.424">
    <testcase classname="PivotTablesController test post_worksheet_pivot_table_move test" name="should call PostWorksheetPivotTableMove successfully" time="0.415">
    </testcase>
  </testsuite>
  <testsuite name="PivotTablesController test delete_worksheet_pivot_tables test" tests="1" errors="0" failures="0" skipped="0" timestamp="2023-10-17T15:29:25" time="0.364">
    <testcase classname="PivotTablesController test delete_worksheet_pivot_tables test" name="should call DeleteWorksheetPivotTables successfully" time="0.36">
    </testcase>
  </testsuite>
  <testsuite name="PivotTablesController test delete_worksheet_pivot_table test" tests="1" errors="0" failures="0" skipped="0" timestamp="2023-10-17T15:29:25" time="0.324">
    <testcase classname="PivotTablesController test delete_worksheet_pivot_table test" name="should call DeleteWorksheetPivotTable successfully" time="0.322">
    </testcase>
  </testsuite>
  <testsuite name="PivotTablesController test delete_pivot_table_field test" tests="1" errors="0" failures="0" skipped="0" timestamp="2023-10-17T15:29:25" time="0.368">
    <testcase classname="PivotTablesController test delete_pivot_table_field test" name="should call DeletePivotTableField successfully" time="0.365">
    </testcase>
  </testsuite>
  <testsuite name="PivotTablesController test delete_worksheet_pivot_table_filters test" tests="1" errors="0" failures="0" skipped="0" timestamp="2023-10-17T15:29:26" time="0.394">
    <testcase classname="PivotTablesController test delete_worksheet_pivot_table_filters test" name="should call DeleteWorksheetPivotTableFilters successfully" time="0.39">
    </testcase>
  </testsuite>
  <testsuite name="PivotTablesController test delete_worksheet_pivot_table_filter test" tests="1" errors="0" failures="0" skipped="0" timestamp="2023-10-17T15:29:26" time="0.366">
    <testcase classname="PivotTablesController test delete_worksheet_pivot_table_filter test" name="should call DeleteWorksheetPivotTableFilter successfully" time="0.362">
    </testcase>
  </testsuite>
  <testsuite name="PropertiesController test get_document_properties test" tests="1" errors="0" failures="0" skipped="0" timestamp="2023-10-17T15:29:26" time="0.538">
    <testcase classname="PropertiesController test get_document_properties test" name="should call GetDocumentProperties successfully" time="0.533">
    </testcase>
  </testsuite>
  <testsuite name="PropertiesController test get_document_property test" tests="1" errors="0" failures="0" skipped="0" timestamp="2023-10-17T15:29:27" time="0.287">
    <testcase classname="PropertiesController test get_document_property test" name="should call GetDocumentProperty successfully" time="0.284">
    </testcase>
  </testsuite>
  <testsuite name="PropertiesController test put_document_property test" tests="1" errors="0" failures="0" skipped="0" timestamp="2023-10-17T15:29:27" time="0.543">
    <testcase classname="PropertiesController test put_document_property test" name="should call PutDocumentProperty successfully" time="0.54">
    </testcase>
  </testsuite>
  <testsuite name="PropertiesController test delete_document_property test" tests="1" errors="0" failures="0" skipped="0" timestamp="2023-10-17T15:29:28" time="0.391">
    <testcase classname="PropertiesController test delete_document_property test" name="should call DeleteDocumentProperty successfully" time="0.382">
    </testcase>
  </testsuite>
  <testsuite name="PropertiesController test delete_document_properties test" tests="1" errors="0" failures="0" skipped="0" timestamp="2023-10-17T15:29:28" time="0.492">
    <testcase classname="PropertiesController test delete_document_properties test" name="should call DeleteDocumentProperties successfully" time="0.489">
    </testcase>
  </testsuite>
  <testsuite name="RangesController test post_worksheet_cells_ranges test" tests="1" errors="0" failures="0" skipped="0" timestamp="2023-10-17T15:29:29" time="0.657">
    <testcase classname="RangesController test post_worksheet_cells_ranges test" name="should call PostWorksheetCellsRanges successfully" time="0.653">
    </testcase>
  </testsuite>
  <testsuite name="RangesController test post_worksheet_cells_range_merge test" tests="1" errors="0" failures="0" skipped="0" timestamp="2023-10-17T15:29:29" time="0.548">
    <testcase classname="RangesController test post_worksheet_cells_range_merge test" name="should call PostWorksheetCellsRangeMerge successfully" time="0.546">
    </testcase>
  </testsuite>
  <testsuite name="RangesController test post_worksheet_cells_range_un_merge test" tests="1" errors="0" failures="0" skipped="0" timestamp="2023-10-17T15:29:30" time="0.381">
    <testcase classname="RangesController test post_worksheet_cells_range_un_merge test" name="should call PostWorksheetCellsRangeUnMerge successfully" time="0.378">
    </testcase>
  </testsuite>
  <testsuite name="RangesController test post_worksheet_cells_range_style test" tests="1" errors="0" failures="0" skipped="0" timestamp="2023-10-17T15:29:30" time="0.532">
    <testcase classname="RangesController test post_worksheet_cells_range_style test" name="should call PostWorksheetCellsRangeStyle successfully" time="0.477">
    </testcase>
  </testsuite>
  <testsuite name="RangesController test get_worksheet_cells_range_value test" tests="1" errors="0" failures="0" skipped="0" timestamp="2023-10-17T15:29:31" time="0.345">
    <testcase classname="RangesController test get_worksheet_cells_range_value test" name="should call GetWorksheetCellsRangeValue successfully" time="0.337">
    </testcase>
  </testsuite>
  <testsuite name="RangesController test post_worksheet_cells_range_value test" tests="1" errors="0" failures="0" skipped="0" timestamp="2023-10-17T15:29:31" time="0.504">
    <testcase classname="RangesController test post_worksheet_cells_range_value test" name="should call PostWorksheetCellsRangeValue successfully" time="0.501">
    </testcase>
  </testsuite>
  <testsuite name="RangesController test post_worksheet_cells_range_move_to test" tests="1" errors="0" failures="0" skipped="0" timestamp="2023-10-17T15:29:32" time="0.446">
    <testcase classname="RangesController test post_worksheet_cells_range_move_to test" name="should call PostWorksheetCellsRangeMoveTo successfully" time="0.407">
    </testcase>
  </testsuite>
  <testsuite name="RangesController test post_worksheet_cells_range_outline_border test" tests="1" errors="0" failures="0" skipped="0" timestamp="2023-10-17T15:29:32" time="0.516">
    <testcase classname="RangesController test post_worksheet_cells_range_outline_border test" name="should call PostWorksheetCellsRangeOutlineBorder successfully" time="0.494">
    </testcase>
  </testsuite>
  <testsuite name="RangesController test post_worksheet_cells_range_column_width test" tests="1" errors="0" failures="0" skipped="0" timestamp="2023-10-17T15:29:33" time="0.482">
    <testcase classname="RangesController test post_worksheet_cells_range_column_width test" name="should call PostWorksheetCellsRangeColumnWidth successfully" time="0.474">
    </testcase>
  </testsuite>
  <testsuite name="RangesController test post_worksheet_cells_range_row_height test" tests="1" errors="0" failures="0" skipped="0" timestamp="2023-10-17T15:29:33" time="0.359">
    <testcase classname="RangesController test post_worksheet_cells_range_row_height test" name="should call PostWorksheetCellsRangeRowHeight successfully" time="0.357">
    </testcase>
  </testsuite>
  <testsuite name="RangesController test put_worksheet_cells_range test" tests="1" errors="0" failures="0" skipped="0" timestamp="2023-10-17T15:29:33" time="0.401">
    <testcase classname="RangesController test put_worksheet_cells_range test" name="should call PutWorksheetCellsRange successfully" time="0.399">
    </testcase>
  </testsuite>
  <testsuite name="RangesController test delete_worksheet_cells_range test" tests="1" errors="0" failures="0" skipped="0" timestamp="2023-10-17T15:29:34" time="0.464">
    <testcase classname="RangesController test delete_worksheet_cells_range test" name="should call DeleteWorksheetCellsRange successfully" time="0.461">
    </testcase>
  </testsuite>
  <testsuite name="RangesController test post_worksheet_cells_range_sort test" tests="1" errors="0" failures="0" skipped="0" timestamp="2023-10-17T15:29:34" time="0.385">
    <testcase classname="RangesController test post_worksheet_cells_range_sort test" name="should call PostWorksheetCellsRangeSort successfully" time="0.382">
    </testcase>
  </testsuite>
  <testsuite name="ShapesController test get_worksheet_shapes test" tests="1" errors="0" failures="0" skipped="0" timestamp="2023-10-17T15:29:35" time="0.642">
    <testcase classname="ShapesController test get_worksheet_shapes test" name="should call GetWorksheetShapes successfully" time="0.64">
    </testcase>
  </testsuite>
  <testsuite name="ShapesController test get_worksheet_shape test" tests="1" errors="0" failures="0" skipped="0" timestamp="2023-10-17T15:29:35" time="0.268">
    <testcase classname="ShapesController test get_worksheet_shape test" name="should call GetWorksheetShape successfully" time="0.264">
    </testcase>
  </testsuite>
  <testsuite name="ShapesController test put_worksheet_shape test" tests="1" errors="0" failures="0" skipped="0" timestamp="2023-10-17T15:29:36" time="0.558">
    <testcase classname="ShapesController test put_worksheet_shape test" name="should call PutWorksheetShape successfully" time="0.513">
    </testcase>
  </testsuite>
  <testsuite name="ShapesController test delete_worksheet_shapes test" tests="1" errors="0" failures="0" skipped="0" timestamp="2023-10-17T15:29:36" time="1.501">
    <testcase classname="ShapesController test delete_worksheet_shapes test" name="should call DeleteWorksheetShapes successfully" time="1.456">
    </testcase>
  </testsuite>
  <testsuite name="ShapesController test delete_worksheet_shape test" tests="1" errors="0" failures="1" skipped="0" timestamp="2023-10-17T15:29:38" time="0.29">
    <testcase classname="ShapesController test delete_worksheet_shape test" name="should call DeleteWorksheetShape successfully" time="0.283">
      <failure message="the object {
  &quot;code&quot;: 400
  &quot;message&quot;: [undefined]
} was thrown, throw an Error :)"></failure>
    </testcase>
  </testsuite>
  <testsuite name="ShapesController test post_worksheet_shape test" tests="1" errors="0" failures="0" skipped="0" timestamp="2023-10-17T15:29:38" time="0.502">
    <testcase classname="ShapesController test post_worksheet_shape test" name="should call PostWorksheetShape successfully" time="0.496">
    </testcase>
  </testsuite>
  <testsuite name="ShapesController test post_worksheet_group_shape test" tests="1" errors="0" failures="0" skipped="0" timestamp="2023-10-17T15:29:39" time="0.395">
    <testcase classname="ShapesController test post_worksheet_group_shape test" name="should call PostWorksheetGroupShape successfully" time="0.392">
    </testcase>
  </testsuite>
  <testsuite name="ShapesController test post_worksheet_ungroup_shape test" tests="1" errors="0" failures="0" skipped="0" timestamp="2023-10-17T15:29:39" time="0.456">
    <testcase classname="ShapesController test post_worksheet_ungroup_shape test" name="should call PostWorksheetUngroupShape successfully" time="0.45">
    </testcase>
  </testsuite>
  <testsuite name="SparklineGroupsController test get_worksheet_sparkline_groups test" tests="1" errors="0" failures="0" skipped="0" timestamp="2023-10-17T15:29:39" time="0.519">
    <testcase classname="SparklineGroupsController test get_worksheet_sparkline_groups test" name="should call GetWorksheetSparklineGroups successfully" time="0.481">
    </testcase>
  </testsuite>
  <testsuite name="SparklineGroupsController test get_worksheet_sparkline_group test" tests="1" errors="0" failures="0" skipped="0" timestamp="2023-10-17T15:29:40" time="0.317">
    <testcase classname="SparklineGroupsController test get_worksheet_sparkline_group test" name="should call GetWorksheetSparklineGroup successfully" time="0.284">
    </testcase>
  </testsuite>
  <testsuite name="SparklineGroupsController test delete_worksheet_sparkline_groups test" tests="1" errors="0" failures="0" skipped="0" timestamp="2023-10-17T15:29:40" time="0.437">
    <testcase classname="SparklineGroupsController test delete_worksheet_sparkline_groups test" name="should call DeleteWorksheetSparklineGroups successfully" time="0.355">
    </testcase>
  </testsuite>
  <testsuite name="SparklineGroupsController test delete_worksheet_sparkline_group test" tests="1" errors="0" failures="0" skipped="0" timestamp="2023-10-17T15:29:41" time="1.307">
    <testcase classname="SparklineGroupsController test delete_worksheet_sparkline_group test" name="should call DeleteWorksheetSparklineGroup successfully" time="0.941">
    </testcase>
  </testsuite>
  <testsuite name="SparklineGroupsController test put_worksheet_sparkline_group test" tests="1" errors="0" failures="0" skipped="0" timestamp="2023-10-17T15:29:42" time="0.341">
    <testcase classname="SparklineGroupsController test put_worksheet_sparkline_group test" name="should call PutWorksheetSparklineGroup successfully" time="0.338">
    </testcase>
  </testsuite>
  <testsuite name="SparklineGroupsController test post_worksheet_sparkline_group test" tests="1" errors="0" failures="0" skipped="0" timestamp="2023-10-17T15:29:43" time="0.345">
    <testcase classname="SparklineGroupsController test post_worksheet_sparkline_group test" name="should call PostWorksheetSparklineGroup successfully" time="0.343">
    </testcase>
  </testsuite>
  <testsuite name="StorageController test storage_exists test" tests="1" errors="0" failures="0" skipped="0" timestamp="2023-10-17T15:29:43" time="0.477">
    <testcase classname="StorageController test storage_exists test" name="should call StorageExists successfully" time="0.474">
    </testcase>
  </testsuite>
  <testsuite name="StorageController test object_exists test" tests="1" errors="0" failures="0" skipped="0" timestamp="2023-10-17T15:29:43" time="0.254">
    <testcase classname="StorageController test object_exists test" name="should call ObjectExists successfully" time="0.252">
    </testcase>
  </testsuite>
  <testsuite name="StorageController test get_disc_usage test" tests="1" errors="0" failures="0" skipped="0" timestamp="2023-10-17T15:29:44" time="0.827">
    <testcase classname="StorageController test get_disc_usage test" name="should call GetDiscUsage successfully" time="0.819">
    </testcase>
  </testsuite>
  <testsuite name="StorageController test get_file_versions test" tests="1" errors="0" failures="0" skipped="0" timestamp="2023-10-17T15:29:44" time="0.318">
    <testcase classname="StorageController test get_file_versions test" name="should call GetFileVersions successfully" time="0.315">
    </testcase>
  </testsuite>
  <testsuite name="WorkbookController test post_digital_signature test" tests="1" errors="0" failures="0" skipped="0" timestamp="2023-10-17T15:29:45" time="1.035">
    <testcase classname="WorkbookController test post_digital_signature test" name="should call PostDigitalSignature successfully" time="1.034">
    </testcase>
  </testsuite>
  <testsuite name="WorkbookController test post_encrypt_workbook test" tests="1" errors="0" failures="0" skipped="0" timestamp="2023-10-17T15:29:46" time="0.527">
    <testcase classname="WorkbookController test post_encrypt_workbook test" name="should call PostEncryptWorkbook successfully" time="0.524">
    </testcase>
  </testsuite>
  <testsuite name="WorkbookController test delete_decrypt_workbook test" tests="1" errors="0" failures="0" skipped="0" timestamp="2023-10-17T15:29:46" time="0.568">
    <testcase classname="WorkbookController test delete_decrypt_workbook test" name="should call DeleteDecryptWorkbook successfully" time="0.567">
    </testcase>
  </testsuite>
  <testsuite name="WorkbookController test post_protect_workbook test" tests="1" errors="0" failures="0" skipped="0" timestamp="2023-10-17T15:29:47" time="0.459">
    <testcase classname="WorkbookController test post_protect_workbook test" name="should call PostProtectWorkbook successfully" time="0.453">
    </testcase>
  </testsuite>
  <testsuite name="WorkbookController test delete_un_protect_workbook test" tests="1" errors="0" failures="0" skipped="0" timestamp="2023-10-17T15:29:47" time="0.608">
    <testcase classname="WorkbookController test delete_un_protect_workbook test" name="should call DeleteUnProtectWorkbook successfully" time="0.606">
    </testcase>
  </testsuite>
  <testsuite name="WorkbookController test get_workbook_default_style test" tests="1" errors="0" failures="0" skipped="0" timestamp="2023-10-17T15:29:48" time="0.263">
    <testcase classname="WorkbookController test get_workbook_default_style test" name="should call GetWorkbookDefaultStyle successfully" time="0.26">
    </testcase>
  </testsuite>
  <testsuite name="WorkbookController test get_workbook_text_items test" tests="1" errors="0" failures="0" skipped="0" timestamp="2023-10-17T15:29:48" time="0.642">
    <testcase classname="WorkbookController test get_workbook_text_items test" name="should call GetWorkbookTextItems successfully" time="0.64">
    </testcase>
  </testsuite>
  <testsuite name="WorkbookController test get_workbook_names test" tests="1" errors="0" failures="0" skipped="0" timestamp="2023-10-17T15:29:49" time="0.396">
    <testcase classname="WorkbookController test get_workbook_names test" name="should call GetWorkbookNames successfully" time="0.392">
    </testcase>
  </testsuite>
  <testsuite name="WorkbookController test put_workbook_name test" tests="1" errors="0" failures="0" skipped="0" timestamp="2023-10-17T15:29:49" time="0.479">
    <testcase classname="WorkbookController test put_workbook_name test" name="should call PutWorkbookName successfully" time="0.477">
    </testcase>
  </testsuite>
  <testsuite name="WorkbookController test get_workbook_name test" tests="1" errors="0" failures="0" skipped="0" timestamp="2023-10-17T15:29:50" time="0.276">
    <testcase classname="WorkbookController test get_workbook_name test" name="should call GetWorkbookName successfully" time="0.272">
    </testcase>
  </testsuite>
  <testsuite name="WorkbookController test post_workbook_name test" tests="1" errors="0" failures="0" skipped="0" timestamp="2023-10-17T15:29:50" time="0.427">
    <testcase classname="WorkbookController test post_workbook_name test" name="should call PostWorkbookName successfully" time="0.416">
    </testcase>
  </testsuite>
  <testsuite name="WorkbookController test get_workbook_name_value test" tests="1" errors="0" failures="0" skipped="0" timestamp="2023-10-17T15:29:51" time="0.257">
    <testcase classname="WorkbookController test get_workbook_name_value test" name="should call GetWorkbookNameValue successfully" time="0.25">
    </testcase>
  </testsuite>
  <testsuite name="WorkbookController test delete_workbook_names test" tests="1" errors="0" failures="0" skipped="0" timestamp="2023-10-17T15:29:51" time="0.424">
    <testcase classname="WorkbookController test delete_workbook_names test" name="should call DeleteWorkbookNames successfully" time="0.42">
    </testcase>
  </testsuite>
  <testsuite name="WorkbookController test delete_workbook_name test" tests="1" errors="0" failures="0" skipped="0" timestamp="2023-10-17T15:29:51" time="0.457">
    <testcase classname="WorkbookController test delete_workbook_name test" name="should call DeleteWorkbookName successfully" time="0.454">
    </testcase>
  </testsuite>
  <testsuite name="WorkbookController test put_document_protect_from_changes test" tests="1" errors="0" failures="0" skipped="0" timestamp="2023-10-17T15:29:52" time="1.194">
    <testcase classname="WorkbookController test put_document_protect_from_changes test" name="should call PutDocumentProtectFromChanges successfully" time="1.191">
    </testcase>
  </testsuite>
  <testsuite name="WorkbookController test delete_document_un_protect_from_changes test" tests="1" errors="0" failures="0" skipped="0" timestamp="2023-10-17T15:29:53" time="0.545">
    <testcase classname="WorkbookController test delete_document_un_protect_from_changes test" name="should call DeleteDocumentUnProtectFromChanges successfully" time="0.543">
    </testcase>
  </testsuite>
  <testsuite name="WorkbookController test post_workbooks_merge test" tests="1" errors="0" failures="0" skipped="0" timestamp="2023-10-17T15:29:53" time="0.49">
    <testcase classname="WorkbookController test post_workbooks_merge test" name="should call PostWorkbooksMerge successfully" time="0.488">
    </testcase>
  </testsuite>
  <testsuite name="WorkbookController test post_workbooks_text_search test" tests="1" errors="0" failures="0" skipped="0" timestamp="2023-10-17T15:29:54" time="0.252">
    <testcase classname="WorkbookController test post_workbooks_text_search test" name="should call PostWorkbooksTextSearch successfully" time="0.249">
    </testcase>
  </testsuite>
  <testsuite name="WorkbookController test post_workbook_text_replace test" tests="1" errors="0" failures="0" skipped="0" timestamp="2023-10-17T15:29:54" time="0.485">
    <testcase classname="WorkbookController test post_workbook_text_replace test" name="should call PostWorkbookTextReplace successfully" time="0.481">
    </testcase>
  </testsuite>
  <testsuite name="WorkbookController test post_workbook_get_smart_marker_result test" tests="1" errors="0" failures="0" skipped="0" timestamp="2023-10-17T15:29:55" time="0.674">
    <testcase classname="WorkbookController test post_workbook_get_smart_marker_result test" name="should call PostWorkbookGetSmartMarkerResult successfully" time="0.672">
    </testcase>
  </testsuite>
  <testsuite name="WorkbookController test put_workbook_create test" tests="1" errors="0" failures="0" skipped="0" timestamp="2023-10-17T15:29:55" time="0.587">
    <testcase classname="WorkbookController test put_workbook_create test" name="should call PutWorkbookCreate successfully" time="0.585">
    </testcase>
  </testsuite>
  <testsuite name="WorkbookController test post_workbook_split test" tests="1" errors="0" failures="0" skipped="0" timestamp="2023-10-17T15:29:56" time="1.38">
    <testcase classname="WorkbookController test post_workbook_split test" name="should call PostWorkbookSplit successfully" time="1.377">
    </testcase>
  </testsuite>
  <testsuite name="WorkbookController test post_import_data test" tests="1" errors="0" failures="0" skipped="0" timestamp="2023-10-17T15:29:57" time="0.438">
    <testcase classname="WorkbookController test post_import_data test" name="should call PostImportData successfully" time="0.436">
    </testcase>
  </testsuite>
  <testsuite name="WorkbookController test post_workbook_calculate_formula test" tests="1" errors="0" failures="0" skipped="0" timestamp="2023-10-17T15:29:58" time="0.447">
    <testcase classname="WorkbookController test post_workbook_calculate_formula test" name="should call PostWorkbookCalculateFormula successfully" time="0.443">
    </testcase>
  </testsuite>
  <testsuite name="WorkbookController test post_autofit_workbook_rows test" tests="1" errors="0" failures="0" skipped="0" timestamp="2023-10-17T15:29:58" time="0.525">
    <testcase classname="WorkbookController test post_autofit_workbook_rows test" name="should call PostAutofitWorkbookRows successfully" time="0.522">
    </testcase>
  </testsuite>
  <testsuite name="WorkbookController test post_autofit_workbook_columns test" tests="1" errors="0" failures="0" skipped="0" timestamp="2023-10-17T15:29:59" time="0.465">
    <testcase classname="WorkbookController test post_autofit_workbook_columns test" name="should call PostAutofitWorkbookColumns successfully" time="0.461">
    </testcase>
  </testsuite>
[...]
    </testcase>
  </testsuite>
  <testsuite name="LightCells test post_export_jpg_oleobject test" tests="1" errors="0" failures="0" skipped="0" timestamp="2023-10-17T15:36:57" time="0.518">
    <testcase classname="LightCells test post_export_jpg_oleobject test" name="should call PostExport successfully" time="0.516">
    </testcase>
  </testsuite>
  <testsuite name="LightCells test post_export_gif_oleobject test" tests="1" errors="0" failures="0" skipped="0" timestamp="2023-10-17T15:36:58" time="0.552">
    <testcase classname="LightCells test post_export_gif_oleobject test" name="should call PostExport successfully" time="0.548">
    </testcase>
  </testsuite>
  <testsuite name="LightCells test post_export_emf_oleobject test" tests="1" errors="0" failures="0" skipped="0" timestamp="2023-10-17T15:36:58" time="0.588">
    <testcase classname="LightCells test post_export_emf_oleobject test" name="should call PostExport successfully" time="0.586">
    </testcase>
  </testsuite>
  <testsuite name="LightCells test post_export_bmp_oleobject test" tests="1" errors="0" failures="0" skipped="0" timestamp="2023-10-17T15:36:59" time="0.717">
    <testcase classname="LightCells test post_export_bmp_oleobject test" name="should call PostExport successfully" time="0.714">
    </testcase>
  </testsuite>
  <testsuite name="LightCells test post_compress_50 test" tests="1" errors="0" failures="0" skipped="0" timestamp="2023-10-17T15:37:00" time="0.356">
    <testcase classname="LightCells test post_compress_50 test" name="should call PostCompress successfully" time="0.353">
    </testcase>
  </testsuite>
  <testsuite name="LightCells test post_compress_90 test" tests="1" errors="0" failures="0" skipped="0" timestamp="2023-10-17T15:37:00" time="0.368">
    <testcase classname="LightCells test post_compress_90 test" name="should call PostCompress successfully" time="0.365">
    </testcase>
  </testsuite>
  <testsuite name="LightCells test post_merge_csv_true test" tests="1" errors="0" failures="0" skipped="0" timestamp="2023-10-17T15:37:00" time="0.288">
    <testcase classname="LightCells test post_merge_csv_true test" name="should call PostMerge successfully" time="0.28">
    </testcase>
  </testsuite>
  <testsuite name="LightCells test post_merge_xls_true test" tests="1" errors="0" failures="0" skipped="0" timestamp="2023-10-17T15:37:01" time="0.273">
    <testcase classname="LightCells test post_merge_xls_true test" name="should call PostMerge successfully" time="0.269">
    </testcase>
  </testsuite>
  <testsuite name="LightCells test post_merge_html_true test" tests="1" errors="0" failures="0" skipped="0" timestamp="2023-10-17T15:37:01" time="0.373">
    <testcase classname="LightCells test post_merge_html_true test" name="should call PostMerge successfully" time="0.372">
    </testcase>
  </testsuite>
  <testsuite name="LightCells test post_merge_mhtml_true test" tests="1" errors="0" failures="0" skipped="0" timestamp="2023-10-17T15:37:01" time="0.32">
    <testcase classname="LightCells test post_merge_mhtml_true test" name="should call PostMerge successfully" time="0.318">
    </testcase>
  </testsuite>
  <testsuite name="LightCells test post_merge_ods_true test" tests="1" errors="0" failures="0" skipped="0" timestamp="2023-10-17T15:37:02" time="0.284">
    <testcase classname="LightCells test post_merge_ods_true test" name="should call PostMerge successfully" time="0.282">
    </testcase>
  </testsuite>
  <testsuite name="LightCells test post_merge_pdf_true test" tests="1" errors="0" failures="0" skipped="0" timestamp="2023-10-17T15:37:02" time="0.282">
    <testcase classname="LightCells test post_merge_pdf_true test" name="should call PostMerge successfully" time="0.28">
    </testcase>
  </testsuite>
  <testsuite name="LightCells test post_merge_xml_true test" tests="1" errors="0" failures="0" skipped="0" timestamp="2023-10-17T15:37:02" time="0.274">
    <testcase classname="LightCells test post_merge_xml_true test" name="should call PostMerge successfully" time="0.27">
    </testcase>
  </testsuite>
  <testsuite name="LightCells test post_merge_txt_true test" tests="1" errors="0" failures="0" skipped="0" timestamp="2023-10-17T15:37:02" time="0.27">
    <testcase classname="LightCells test post_merge_txt_true test" name="should call PostMerge successfully" time="0.268">
    </testcase>
  </testsuite>
  <testsuite name="LightCells test post_merge_tif_true test" tests="1" errors="0" failures="0" skipped="0" timestamp="2023-10-17T15:37:03" time="0.335">
    <testcase classname="LightCells test post_merge_tif_true test" name="should call PostMerge successfully" time="0.331">
    </testcase>
  </testsuite>
  <testsuite name="LightCells test post_merge_xlsb_true test" tests="1" errors="0" failures="0" skipped="0" timestamp="2023-10-17T15:37:03" time="0.284">
    <testcase classname="LightCells test post_merge_xlsb_true test" name="should call PostMerge successfully" time="0.281">
    </testcase>
  </testsuite>
  <testsuite name="LightCells test post_merge_xlsm_true test" tests="1" errors="0" failures="0" skipped="0" timestamp="2023-10-17T15:37:03" time="0.283">
    <testcase classname="LightCells test post_merge_xlsm_true test" name="should call PostMerge successfully" time="0.277">
    </testcase>
  </testsuite>
  <testsuite name="LightCells test post_merge_xlsx_true test" tests="1" errors="0" failures="0" skipped="0" timestamp="2023-10-17T15:37:04" time="0.269">
    <testcase classname="LightCells test post_merge_xlsx_true test" name="should call PostMerge successfully" time="0.262">
    </testcase>
  </testsuite>
  <testsuite name="LightCells test post_merge_xltm_true test" tests="1" errors="0" failures="0" skipped="0" timestamp="2023-10-17T15:37:04" time="0.292">
    <testcase classname="LightCells test post_merge_xltm_true test" name="should call PostMerge successfully" time="0.29">
    </testcase>
  </testsuite>
  <testsuite name="LightCells test post_merge_xltx_true test" tests="1" errors="0" failures="0" skipped="0" timestamp="2023-10-17T15:37:04" time="0.292">
    <testcase classname="LightCells test post_merge_xltx_true test" name="should call PostMerge successfully" time="0.289">
    </testcase>
  </testsuite>
  <testsuite name="LightCells test post_merge_xps_true test" tests="1" errors="0" failures="0" skipped="0" timestamp="2023-10-17T15:37:05" time="0.335">
    <testcase classname="LightCells test post_merge_xps_true test" name="should call PostMerge successfully" time="0.333">
    </testcase>
  </testsuite>
  <testsuite name="LightCells test post_merge_png_true test" tests="1" errors="0" failures="0" skipped="0" timestamp="2023-10-17T15:37:05" time="0.3">
    <testcase classname="LightCells test post_merge_png_true test" name="should call PostMerge successfully" time="0.297">
    </testcase>
  </testsuite>
  <testsuite name="LightCells test post_merge_jpg_true test" tests="1" errors="0" failures="0" skipped="0" timestamp="2023-10-17T15:37:05" time="0.269">
    <testcase classname="LightCells test post_merge_jpg_true test" name="should call PostMerge successfully" time="0.267">
    </testcase>
  </testsuite>
  <testsuite name="LightCells test post_merge_gif_true test" tests="1" errors="0" failures="0" skipped="0" timestamp="2023-10-17T15:37:05" time="0.338">
    <testcase classname="LightCells test post_merge_gif_true test" name="should call PostMerge successfully" time="0.336">
    </testcase>
  </testsuite>
  <testsuite name="LightCells test post_merge_emf_true test" tests="1" errors="0" failures="0" skipped="0" timestamp="2023-10-17T15:37:06" time="0.515">
    <testcase classname="LightCells test post_merge_emf_true test" name="should call PostMerge successfully" time="0.512">
    </testcase>
  </testsuite>
  <testsuite name="LightCells test post_merge_bmp_true test" tests="1" errors="0" failures="0" skipped="0" timestamp="2023-10-17T15:37:06" time="0.708">
    <testcase classname="LightCells test post_merge_bmp_true test" name="should call PostMerge successfully" time="0.704">
    </testcase>
  </testsuite>
  <testsuite name="LightCells test post_merge_md_true test" tests="1" errors="0" failures="0" skipped="0" timestamp="2023-10-17T15:37:07" time="0.272">
    <testcase classname="LightCells test post_merge_md_true test" name="should call PostMerge successfully" time="0.27">
    </testcase>
  </testsuite>
  <testsuite name="LightCells test post_merge_numbers_true test" tests="1" errors="0" failures="0" skipped="0" timestamp="2023-10-17T15:37:07" time="0.345">
    <testcase classname="LightCells test post_merge_numbers_true test" name="should call PostMerge successfully" time="0.343">
    </testcase>
  </testsuite>
  <testsuite name="LightCells test post_merge_wmf_true test" tests="1" errors="0" failures="0" skipped="0" timestamp="2023-10-17T15:37:08" time="0.506">
    <testcase classname="LightCells test post_merge_wmf_true test" name="should call PostMerge successfully" time="0.504">
    </testcase>
  </testsuite>
  <testsuite name="LightCells test post_merge_svg_true test" tests="1" errors="0" failures="0" skipped="0" timestamp="2023-10-17T15:37:08" time="0.3">
    <testcase classname="LightCells test post_merge_svg_true test" name="should call PostMerge successfully" time="0.294">
    </testcase>
  </testsuite>
  <testsuite name="LightCells test post_merge_docx_false test" tests="1" errors="0" failures="0" skipped="0" timestamp="2023-10-17T15:37:08" time="0.282">
    <testcase classname="LightCells test post_merge_docx_false test" name="should call PostMerge successfully" time="0.277">
    </testcase>
  </testsuite>
  <testsuite name="LightCells test post_merge_pptx_false test" tests="1" errors="0" failures="0" skipped="0" timestamp="2023-10-17T15:37:09" time="0.399">
    <testcase classname="LightCells test post_merge_pptx_false test" name="should call PostMerge successfully" time="0.395">
    </testcase>
  </testsuite>
  <testsuite name="LightCells test post_merge_json_false test" tests="1" errors="0" failures="0" skipped="0" timestamp="2023-10-17T15:37:09" time="0.292">
    <testcase classname="LightCells test post_merge_json_false test" name="should call PostMerge successfully" time="0.289">
    </testcase>
  </testsuite>
  <testsuite name="LightCells test post_merge_sql_false test" tests="1" errors="0" failures="0" skipped="0" timestamp="2023-10-17T15:37:09" time="0.422">
    <testcase classname="LightCells test post_merge_sql_false test" name="should call PostMerge successfully" time="0.418">
    </testcase>
  </testsuite>
  <testsuite name="LightCells test post_unlock test" tests="1" errors="0" failures="0" skipped="0" timestamp="2023-10-17T15:37:10" time="0.997">
    <testcase classname="LightCells test post_unlock test" name="should call PostUnlock successfully" time="0.992">
    </testcase>
  </testsuite>
  <testsuite name="LightCells test post_protect test" tests="1" errors="0" failures="0" skipped="0" timestamp="2023-10-17T15:37:11" time="0.518">
    <testcase classname="LightCells test post_protect test" name="should call PostProtect successfully" time="0.516">
    </testcase>
  </testsuite>
  <testsuite name="LightCells test post_search test" tests="1" errors="0" failures="0" skipped="0" timestamp="2023-10-17T15:37:11" time="0.357">
    <testcase classname="LightCells test post_search test" name="should call PostSearch successfully" time="0.354">
    </testcase>
  </testsuite>
  <testsuite name="LightCells test post_replace test" tests="1" errors="0" failures="0" skipped="0" timestamp="2023-10-17T15:37:12" time="0.456">
    <testcase classname="LightCells test post_replace test" name="should call PostReplace successfully" time="0.454">
    </testcase>
  </testsuite>
  <testsuite name="LightCells test post_replace_only_sheetname test" tests="1" errors="0" failures="0" skipped="0" timestamp="2023-10-17T15:37:12" time="0.328">
    <testcase classname="LightCells test post_replace_only_sheetname test" name="should call PostReplace successfully" time="0.326">
    </testcase>
  </testsuite>
  <testsuite name="LightCells test post_watermark test" tests="1" errors="0" failures="0" skipped="0" timestamp="2023-10-17T15:37:12" time="0.392">
    <testcase classname="LightCells test post_watermark test" name="should call PostWatermark successfully" time="0.391">
    </testcase>
  </testsuite>
  <testsuite name="LightCells test post_clear_objects_chart test" tests="1" errors="0" failures="0" skipped="0" timestamp="2023-10-17T15:37:13" time="0.656">
    <testcase classname="LightCells test post_clear_objects_chart test" name="should call PostClearObjects successfully" time="0.653">
    </testcase>
  </testsuite>
  <testsuite name="LightCells test post_clear_objects_comment test" tests="1" errors="0" failures="0" skipped="0" timestamp="2023-10-17T15:37:14" time="0.733">
    <testcase classname="LightCells test post_clear_objects_comment test" name="should call PostClearObjects successfully" time="0.73">
    </testcase>
  </testsuite>
  <testsuite name="LightCells test post_clear_objects_picture test" tests="1" errors="0" failures="0" skipped="0" timestamp="2023-10-17T15:37:14" time="0.763">
    <testcase classname="LightCells test post_clear_objects_picture test" name="should call PostClearObjects successfully" time="0.761">
    </testcase>
  </testsuite>
  <testsuite name="LightCells test post_clear_objects_shape test" tests="1" errors="0" failures="0" skipped="0" timestamp="2023-10-17T15:37:15" time="0.613">
    <testcase classname="LightCells test post_clear_objects_shape test" name="should call PostClearObjects successfully" time="0.61">
    </testcase>
  </testsuite>
  <testsuite name="LightCells test post_clear_objects_listobject test" tests="1" errors="0" failures="0" skipped="0" timestamp="2023-10-17T15:37:16" time="0.649">
    <testcase classname="LightCells test post_clear_objects_listobject test" name="should call PostClearObjects successfully" time="0.647">
    </testcase>
  </testsuite>
  <testsuite name="LightCells test post_clear_objects_hyperlink test" tests="1" errors="0" failures="0" skipped="0" timestamp="2023-10-17T15:37:16" time="0.665">
    <testcase classname="LightCells test post_clear_objects_hyperlink test" name="should call PostClearObjects successfully" time="0.663">
    </testcase>
  </testsuite>
  <testsuite name="LightCells test post_clear_objects_oleobject test" tests="1" errors="0" failures="0" skipped="0" timestamp="2023-10-17T15:37:17" time="0.633">
    <testcase classname="LightCells test post_clear_objects_oleobject test" name="should call PostClearObjects successfully" time="0.629">
    </testcase>
  </testsuite>
  <testsuite name="LightCells test post_clear_objects_pivottable test" tests="1" errors="0" failures="0" skipped="0" timestamp="2023-10-17T15:37:18" time="0.659">
    <testcase classname="LightCells test post_clear_objects_pivottable test" name="should call PostClearObjects successfully" time="0.655">
    </testcase>
  </testsuite>
  <testsuite name="LightCells test post_clear_objects_validation test" tests="1" errors="0" failures="0" skipped="0" timestamp="2023-10-17T15:37:18" time="0.638">
    <testcase classname="LightCells test post_clear_objects_validation test" name="should call PostClearObjects successfully" time="0.635">
    </testcase>
  </testsuite>
  <testsuite name="LightCells test post_clear_objects__background test" tests="1" errors="0" failures="0" skipped="0" timestamp="2023-10-17T15:37:19" time="0.761">
    <testcase classname="LightCells test post_clear_objects__background test" name="should call PostClearObjects successfully" time="0.756">
    </testcase>
  </testsuite>
  <testsuite name="LightCells test post_repair_xlsx test" tests="1" errors="0" failures="0" skipped="0" timestamp="2023-10-17T15:37:20" time="0.636">
    <testcase classname="LightCells test post_repair_xlsx test" name="should call PostRepair successfully" time="0.632">
    </testcase>
  </testsuite>
  <testsuite name="LightCells test post_repair_pdf test" tests="1" errors="0" failures="0" skipped="0" timestamp="2023-10-17T15:37:20" time="0.852">
    <testcase classname="LightCells test post_repair_pdf test" name="should call PostRepair successfully" time="0.817">
    </testcase>
  </testsuite>
  <testsuite name="LightCells test post_repair_csv test" tests="1" errors="0" failures="0" skipped="0" timestamp="2023-10-17T15:37:21" time="0.438">
    <testcase classname="LightCells test post_repair_csv test" name="should call PostRepair successfully" time="0.436">
    </testcase>
  </testsuite>
  <testsuite name="LightCells test post_repair_png test" tests="1" errors="0" failures="0" skipped="0" timestamp="2023-10-17T15:37:22" time="2.39">
    <testcase classname="LightCells test post_repair_png test" name="should call PostRepair successfully" time="2.389">
    </testcase>
  </testsuite>
  <testsuite name="LightCells test post_reverse_rows_pdf test" tests="1" errors="0" failures="0" skipped="0" timestamp="2023-10-17T15:37:24" time="0.779">
    <testcase classname="LightCells test post_reverse_rows_pdf test" name="should call PostReverse successfully" time="0.774">
    </testcase>
  </testsuite>
  <testsuite name="LightCells test post_reverse_cols_pdf test" tests="1" errors="0" failures="0" skipped="0" timestamp="2023-10-17T15:37:25" time="0.75">
    <testcase classname="LightCells test post_reverse_cols_pdf test" name="should call PostReverse successfully" time="0.746">
    </testcase>
  </testsuite>
  <testsuite name="LightCells test post_reverse_both_pdf test" tests="1" errors="0" failures="0" skipped="0" timestamp="2023-10-17T15:37:26" time="0.727">
    <testcase classname="LightCells test post_reverse_both_pdf test" name="should call PostReverse successfully" time="0.725">
    </testcase>
  </testsuite>
  <testsuite name="LightCells test post_reverse_rows_csv test" tests="1" errors="0" failures="0" skipped="0" timestamp="2023-10-17T15:37:26" time="0.417">
    <testcase classname="LightCells test post_reverse_rows_csv test" name="should call PostReverse successfully" time="0.414">
    </testcase>
  </testsuite>
  <testsuite name="LightCells test post_reverse_cols_png test" tests="1" errors="0" failures="0" skipped="0" timestamp="2023-10-17T15:37:27" time="1.891">
    <testcase classname="LightCells test post_reverse_cols_png test" name="should call PostReverse successfully" time="1.889">
    </testcase>
  </testsuite>
  <testsuite name="LightCells test post_reverse_both_xlsx test" tests="1" errors="0" failures="0" skipped="0" timestamp="2023-10-17T15:37:29" time="0.671">
    <testcase classname="LightCells test post_reverse_both_xlsx test" name="should call PostReverse successfully" time="0.669">
    </testcase>
  </testsuite>
  <testsuite name="LightCells test get_metadata test" tests="1" errors="0" failures="0" skipped="0" timestamp="2023-10-17T15:37:29" time="0.413">
    <testcase classname="LightCells test get_metadata test" name="should call GetMetadata successfully" time="0.411">
    </testcase>
  </testsuite>
  <testsuite name="LightCells test delete_metadata test" tests="1" errors="0" failures="0" skipped="0" timestamp="2023-10-17T15:37:30" time="0.679">
    <testcase classname="LightCells test delete_metadata test" name="should call DeleteMetadata successfully" time="0.675">
    </testcase>
  </testsuite>
  <testsuite name="LightCells test post_metadata test" tests="1" errors="0" failures="0" skipped="0" timestamp="2023-10-17T15:37:30" time="0.418">
    <testcase classname="LightCells test post_metadata test" name="should call PostMetadata successfully" time="0.417">
    </testcase>
  </testsuite>
  <testsuite name="LightCells test convert_workbook_csv test" tests="1" errors="0" failures="0" skipped="0" timestamp="2023-10-17T15:37:31" time="0.665">
    <testcase classname="LightCells test convert_workbook_csv test" name="should call PutConvertWorkbook successfully" time="0.66">
    </testcase>
  </testsuite>
</testsuites>