<testsuites name="Mocha Tests">
  <testsuite name="AutoFilterController test get_worksheet_auto_filter test" tests="1" errors="0" failures="0" skipped="0" timestamp="2024-04-23T13:07:37" time="2.23">
    <testcase classname="AutoFilterController test get_worksheet_auto_filter test" name="should call GetWorksheetAutoFilter successfully" time="2.224">
    </testcase>
  </testsuite>
  <testsuite name="AutoFilterController test put_worksheet_date_filter test" tests="1" errors="0" failures="0" skipped="0" timestamp="2024-04-23T13:07:39" time="3.427">
    <testcase classname="AutoFilterController test put_worksheet_date_filter test" name="should call PutWorksheetDateFilter successfully" time="3.426">
    </testcase>
  </testsuite>
  <testsuite name="AutoFilterController test put_worksheet_filter test" tests="1" errors="0" failures="0" skipped="0" timestamp="2024-04-23T13:07:42" time="1.175">
    <testcase classname="AutoFilterController test put_worksheet_filter test" name="should call PutWorksheetFilter successfully" time="1.173">
    </testcase>
  </testsuite>
  <testsuite name="AutoFilterController test put_worksheet_icon_filter test" tests="1" errors="0" failures="0" skipped="0" timestamp="2024-04-23T13:07:44" time="0.457">
    <testcase classname="AutoFilterController test put_worksheet_icon_filter test" name="should call PutWorksheetIconFilter successfully" time="0.456">
    </testcase>
  </testsuite>
  <testsuite name="AutoFilterController test put_worksheet_custom_filter test" tests="1" errors="0" failures="0" skipped="0" timestamp="2024-04-23T13:07:44" time="0.993">
    <testcase classname="AutoFilterController test put_worksheet_custom_filter test" name="should call PutWorksheetCustomFilter successfully" time="0.992">
    </testcase>
  </testsuite>
  <testsuite name="AutoFilterController test put_worksheet_dynamic_filter test" tests="1" errors="0" failures="0" skipped="0" timestamp="2024-04-23T13:07:45" time="0.459">
    <testcase classname="AutoFilterController test put_worksheet_dynamic_filter test" name="should call PutWorksheetDynamicFilter successfully" time="0.458">
    </testcase>
  </testsuite>
  <testsuite name="AutoFilterController test put_worksheet_filter_top10 test" tests="1" errors="0" failures="0" skipped="0" timestamp="2024-04-23T13:07:45" time="0.53">
    <testcase classname="AutoFilterController test put_worksheet_filter_top10 test" name="should call PutWorksheetFilterTop10 successfully" time="0.528">
    </testcase>
  </testsuite>
  <testsuite name="AutoFilterController test put_worksheet_color_filter test" tests="1" errors="0" failures="0" skipped="0" timestamp="2024-04-23T13:07:46" time="1.098">
    <testcase classname="AutoFilterController test put_worksheet_color_filter test" name="should call PutWorksheetColorFilter successfully" time="1.097">
    </testcase>
  </testsuite>
  <testsuite name="AutoFilterController test post_worksheet_match_blanks test" tests="1" errors="0" failures="0" skipped="0" timestamp="2024-04-23T13:07:47" time="0.503">
    <testcase classname="AutoFilterController test post_worksheet_match_blanks test" name="should call PostWorksheetMatchBlanks successfully" time="0.501">
    </testcase>
  </testsuite>
  <testsuite name="AutoFilterController test post_worksheet_match_non_blanks test" tests="1" errors="0" failures="0" skipped="0" timestamp="2024-04-23T13:07:48" time="0.499">
    <testcase classname="AutoFilterController test post_worksheet_match_non_blanks test" name="should call PostWorksheetMatchNonBlanks successfully" time="0.498">
    </testcase>
  </testsuite>
  <testsuite name="AutoFilterController test post_worksheet_auto_filter_refresh test" tests="1" errors="0" failures="0" skipped="0" timestamp="2024-04-23T13:07:48" time="0.426">
    <testcase classname="AutoFilterController test post_worksheet_auto_filter_refresh test" name="should call PostWorksheetAutoFilterRefresh successfully" time="0.423">
    </testcase>
  </testsuite>
  <testsuite name="AutoFilterController test delete_worksheet_date_filter test" tests="1" errors="0" failures="0" skipped="0" timestamp="2024-04-23T13:07:49" time="0.685">
    <testcase classname="AutoFilterController test delete_worksheet_date_filter test" name="should call DeleteWorksheetDateFilter successfully" time="0.684">
    </testcase>
  </testsuite>
  <testsuite name="AutoFilterController test delete_worksheet_filter test" tests="1" errors="0" failures="0" skipped="0" timestamp="2024-04-23T13:07:49" time="0.476">
    <testcase classname="AutoFilterController test delete_worksheet_filter test" name="should call DeleteWorksheetFilter successfully" time="0.474">
    </testcase>
  </testsuite>
  <testsuite name="BatchController test post_batch_convert test" tests="1" errors="0" failures="0" skipped="0" timestamp="2024-04-23T13:07:50" time="1.994">
    <testcase classname="BatchController test post_batch_convert test" name="should call PostBatchConvert successfully" time="1.993">
    </testcase>
  </testsuite>
  <testsuite name="BatchController test post_batch_protect test" tests="1" errors="0" failures="0" skipped="0" timestamp="2024-04-23T13:07:52" time="0.651">
    <testcase classname="BatchController test post_batch_protect test" name="should call PostBatchProtect successfully" time="0.65">
    </testcase>
  </testsuite>
  <testsuite name="BatchController test post_batch_lock test" tests="1" errors="0" failures="0" skipped="0" timestamp="2024-04-23T13:07:52" time="0.531">
    <testcase classname="BatchController test post_batch_lock test" name="should call PostBatchLock successfully" time="0.529">
    </testcase>
  </testsuite>
  <testsuite name="BatchController test post_batch_unlock test" tests="1" errors="0" failures="0" skipped="0" timestamp="2024-04-23T13:07:53" time="0.502">
    <testcase classname="BatchController test post_batch_unlock test" name="should call PostBatchUnlock successfully" time="0.5">
    </testcase>
  </testsuite>
  <testsuite name="CellsController test post_clear_contents test" tests="1" errors="0" failures="0" skipped="0" timestamp="2024-04-23T13:07:53" time="0.829">
    <testcase classname="CellsController test post_clear_contents test" name="should call PostClearContents successfully" time="0.829">
    </testcase>
  </testsuite>
  <testsuite name="CellsController test post_clear_formats test" tests="1" errors="0" failures="0" skipped="0" timestamp="2024-04-23T13:07:54" time="0.459">
    <testcase classname="CellsController test post_clear_formats test" name="should call PostClearFormats successfully" time="0.456">
    </testcase>
  </testsuite>
  <testsuite name="CellsController test post_update_worksheet_range_style test" tests="1" errors="0" failures="0" skipped="0" timestamp="2024-04-23T13:07:55" time="0.498">
    <testcase classname="CellsController test post_update_worksheet_range_style test" name="should call PostUpdateWorksheetRangeStyle successfully" time="0.498">
    </testcase>
  </testsuite>
  <testsuite name="CellsController test post_worksheet_merge test" tests="1" errors="0" failures="0" skipped="0" timestamp="2024-04-23T13:07:55" time="0.484">
    <testcase classname="CellsController test post_worksheet_merge test" name="should call PostWorksheetMerge successfully" time="0.482">
    </testcase>
  </testsuite>
  <testsuite name="CellsController test post_worksheet_unmerge test" tests="1" errors="0" failures="0" skipped="0" timestamp="2024-04-23T13:07:56" time="0.485">
    <testcase classname="CellsController test post_worksheet_unmerge test" name="should call PostWorksheetUnmerge successfully" time="0.483">
    </testcase>
  </testsuite>
  <testsuite name="CellsController test get_worksheet_cells test" tests="1" errors="0" failures="0" skipped="0" timestamp="2024-04-23T13:07:56" time="0.318">
    <testcase classname="CellsController test get_worksheet_cells test" name="should call GetWorksheetCells successfully" time="0.317">
    </testcase>
  </testsuite>
  <testsuite name="CellsController test get_worksheet_cell test" tests="1" errors="0" failures="0" skipped="0" timestamp="2024-04-23T13:07:56" time="0.919">
    <testcase classname="CellsController test get_worksheet_cell test" name="should call GetWorksheetCell successfully" time="0.918">
    </testcase>
  </testsuite>
  <testsuite name="CellsController test get_worksheet_cell_style test" tests="1" errors="0" failures="0" skipped="0" timestamp="2024-04-23T13:07:57" time="2.869">
    <testcase classname="CellsController test get_worksheet_cell_style test" name="should call GetWorksheetCellStyle successfully" time="2.869">
    </testcase>
  </testsuite>
  <testsuite name="CellsController test post_worksheet_cell_set_value test" tests="1" errors="0" failures="0" skipped="0" timestamp="2024-04-23T13:08:00" time="1.531">
    <testcase classname="CellsController test post_worksheet_cell_set_value test" name="should call PostWorksheetCellSetValue successfully" time="1.53">
    </testcase>
  </testsuite>
  <testsuite name="CellsController test post_update_worksheet_cell_style test" tests="1" errors="0" failures="0" skipped="0" timestamp="2024-04-23T13:08:02" time="0.917">
    <testcase classname="CellsController test post_update_worksheet_cell_style test" name="should call PostUpdateWorksheetCellStyle successfully" time="0.917">
    </testcase>
  </testsuite>
  <testsuite name="CellsController test post_set_cell_range_value test" tests="1" errors="0" failures="0" skipped="0" timestamp="2024-04-23T13:08:03" time="0.454">
    <testcase classname="CellsController test post_set_cell_range_value test" name="should call PostSetCellRangeValue successfully" time="0.454">
    </testcase>
  </testsuite>
  <testsuite name="CellsController test post_copy_cell_into_cell test" tests="1" errors="0" failures="0" skipped="0" timestamp="2024-04-23T13:08:03" time="0.505">
    <testcase classname="CellsController test post_copy_cell_into_cell test" name="should call PostCopyCellIntoCell successfully" time="0.503">
    </testcase>
  </testsuite>
  <testsuite name="CellsController test get_cell_html_string test" tests="1" errors="0" failures="0" skipped="0" timestamp="2024-04-23T13:08:04" time="1.327">
    <testcase classname="CellsController test get_cell_html_string test" name="should call GetCellHtmlString successfully" time="1.325">
    </testcase>
  </testsuite>
  <testsuite name="CellsController test post_set_cell_html_string test" tests="1" errors="0" failures="0" skipped="0" timestamp="2024-04-23T13:08:05" time="0.509">
    <testcase classname="CellsController test post_set_cell_html_string test" name="should call PostSetCellHtmlString successfully" time="0.509">
    </testcase>
  </testsuite>
  <testsuite name="CellsController test post_cell_calculate test" tests="1" errors="0" failures="0" skipped="0" timestamp="2024-04-23T13:08:06" time="0.42">
    <testcase classname="CellsController test post_cell_calculate test" name="should call PostCellCalculate successfully" time="0.42">
    </testcase>
  </testsuite>
  <testsuite name="CellsController test post_cell_characters test" tests="1" errors="0" failures="0" skipped="0" timestamp="2024-04-23T13:08:06" time="0.527">
    <testcase classname="CellsController test post_cell_characters test" name="should call PostCellCharacters successfully" time="0.526">
    </testcase>
  </testsuite>
  <testsuite name="CellsController test get_worksheet_columns test" tests="1" errors="0" failures="0" skipped="0" timestamp="2024-04-23T13:08:06" time="0.794">
    <testcase classname="CellsController test get_worksheet_columns test" name="should call GetWorksheetColumns successfully" time="0.792">
    </testcase>
  </testsuite>
  <testsuite name="CellsController test post_set_worksheet_column_width test" tests="1" errors="0" failures="0" skipped="0" timestamp="2024-04-23T13:08:07" time="0.639">
    <testcase classname="CellsController test post_set_worksheet_column_width test" name="should call PostSetWorksheetColumnWidth successfully" time="0.638">
    </testcase>
  </testsuite>
  <testsuite name="CellsController test get_worksheet_column test" tests="1" errors="0" failures="0" skipped="0" timestamp="2024-04-23T13:08:08" time="0.316">
    <testcase classname="CellsController test get_worksheet_column test" name="should call GetWorksheetColumn successfully" time="0.315">
    </testcase>
  </testsuite>
  <testsuite name="CellsController test put_insert_worksheet_columns test" tests="1" errors="0" failures="0" skipped="0" timestamp="2024-04-23T13:08:08" time="0.469">
    <testcase classname="CellsController test put_insert_worksheet_columns test" name="should call PutInsertWorksheetColumns successfully" time="0.468">
    </testcase>
  </testsuite>
  <testsuite name="CellsController test delete_worksheet_columns test" tests="1" errors="0" failures="0" skipped="0" timestamp="2024-04-23T13:08:09" time="0.493">
    <testcase classname="CellsController test delete_worksheet_columns test" name="should call DeleteWorksheetColumns successfully" time="0.492">
    </testcase>
  </testsuite>
  <testsuite name="CellsController test post_hide_worksheet_columns test" tests="1" errors="0" failures="0" skipped="0" timestamp="2024-04-23T13:08:09" time="0.519">
    <testcase classname="CellsController test post_hide_worksheet_columns test" name="should call PostHideWorksheetColumns successfully" time="0.518">
    </testcase>
  </testsuite>
  <testsuite name="CellsController test post_unhide_worksheet_columns test" tests="1" errors="0" failures="0" skipped="0" timestamp="2024-04-23T13:08:10" time="0.498">
    <testcase classname="CellsController test post_unhide_worksheet_columns test" name="should call PostUnhideWorksheetColumns successfully" time="0.497">
    </testcase>
  </testsuite>
  <testsuite name="CellsController test post_group_worksheet_columns test" tests="1" errors="0" failures="0" skipped="0" timestamp="2024-04-23T13:08:10" time="1.085">
    <testcase classname="CellsController test post_group_worksheet_columns test" name="should call PostGroupWorksheetColumns successfully" time="1.083">
    </testcase>
  </testsuite>
  <testsuite name="CellsController test post_ungroup_worksheet_columns test" tests="1" errors="0" failures="0" skipped="0" timestamp="2024-04-23T13:08:11" time="1.032">
    <testcase classname="CellsController test post_ungroup_worksheet_columns test" name="should call PostUngroupWorksheetColumns successfully" time="1.03">
    </testcase>
  </testsuite>
  <testsuite name="CellsController test post_copy_worksheet_columns test" tests="1" errors="0" failures="0" skipped="0" timestamp="2024-04-23T13:08:12" time="0.524">
    <testcase classname="CellsController test post_copy_worksheet_columns test" name="should call PostCopyWorksheetColumns successfully" time="0.524">
    </testcase>
  </testsuite>
  <testsuite name="CellsController test post_column_style test" tests="1" errors="0" failures="0" skipped="0" timestamp="2024-04-23T13:08:13" time="0.443">
    <testcase classname="CellsController test post_column_style test" name="should call PostColumnStyle successfully" time="0.443">
    </testcase>
  </testsuite>
  <testsuite name="CellsController test get_worksheet_rows test" tests="1" errors="0" failures="0" skipped="0" timestamp="2024-04-23T13:08:13" time="0.316">
    <testcase classname="CellsController test get_worksheet_rows test" name="should call GetWorksheetRows successfully" time="0.315">
    </testcase>
  </testsuite>
  <testsuite name="CellsController test get_worksheet_row test" tests="1" errors="0" failures="0" skipped="0" timestamp="2024-04-23T13:08:14" time="0.506">
    <testcase classname="CellsController test get_worksheet_row test" name="should call GetWorksheetRow successfully" time="0.505">
    </testcase>
  </testsuite>
  <testsuite name="CellsController test delete_worksheet_row test" tests="1" errors="0" failures="0" skipped="0" timestamp="2024-04-23T13:08:14" time="0.476">
    <testcase classname="CellsController test delete_worksheet_row test" name="should call DeleteWorksheetRow successfully" time="0.476">
    </testcase>
  </testsuite>
  <testsuite name="CellsController test delete_worksheet_rows test" tests="1" errors="0" failures="0" skipped="0" timestamp="2024-04-23T13:08:15" time="0.511">
    <testcase classname="CellsController test delete_worksheet_rows test" name="should call DeleteWorksheetRows successfully" time="0.509">
    </testcase>
  </testsuite>
  <testsuite name="CellsController test put_insert_worksheet_rows test" tests="1" errors="0" failures="0" skipped="0" timestamp="2024-04-23T13:08:15" time="1.194">
    <testcase classname="CellsController test put_insert_worksheet_rows test" name="should call PutInsertWorksheetRows successfully" time="1.193">
    </testcase>
  </testsuite>
  <testsuite name="CellsController test put_insert_worksheet_row test" tests="1" errors="0" failures="0" skipped="0" timestamp="2024-04-23T13:08:16" time="0.473">
    <testcase classname="CellsController test put_insert_worksheet_row test" name="should call PutInsertWorksheetRow successfully" time="0.473">
    </testcase>
  </testsuite>
  <testsuite name="CellsController test post_update_worksheet_row test" tests="1" errors="0" failures="0" skipped="0" timestamp="2024-04-23T13:08:17" time="1.054">
    <testcase classname="CellsController test post_update_worksheet_row test" name="should call PostUpdateWorksheetRow successfully" time="1.052">
    </testcase>
  </testsuite>
  <testsuite name="CellsController test post_hide_worksheet_rows test" tests="1" errors="0" failures="0" skipped="0" timestamp="2024-04-23T13:08:18" time="0.467">
    <testcase classname="CellsController test post_hide_worksheet_rows test" name="should call PostHideWorksheetRows successfully" time="0.464">
    </testcase>
  </testsuite>
  <testsuite name="CellsController test post_unhide_worksheet_rows test" tests="1" errors="0" failures="0" skipped="0" timestamp="2024-04-23T13:08:18" time="0.98">
    <testcase classname="CellsController test post_unhide_worksheet_rows test" name="should call PostUnhideWorksheetRows successfully" time="0.978">
    </testcase>
  </testsuite>
  <testsuite name="CellsController test post_group_worksheet_rows test" tests="1" errors="0" failures="0" skipped="0" timestamp="2024-04-23T13:08:19" time="0.99">
    <testcase classname="CellsController test post_group_worksheet_rows test" name="should call PostGroupWorksheetRows successfully" time="0.989">
    </testcase>
  </testsuite>
  <testsuite name="CellsController test post_ungroup_worksheet_rows test" tests="1" errors="0" failures="0" skipped="0" timestamp="2024-04-23T13:08:20" time="0.441">
    <testcase classname="CellsController test post_ungroup_worksheet_rows test" name="should call PostUngroupWorksheetRows successfully" time="0.44">
    </testcase>
  </testsuite>
  <testsuite name="CellsController test post_copy_worksheet_rows test" tests="1" errors="0" failures="0" skipped="0" timestamp="2024-04-23T13:08:21" time="1.079">
    <testcase classname="CellsController test post_copy_worksheet_rows test" name="should call PostCopyWorksheetRows successfully" time="1.079">
    </testcase>
  </testsuite>
  <testsuite name="CellsController test post_row_style test" tests="1" errors="0" failures="0" skipped="0" timestamp="2024-04-23T13:08:22" time="0.454">
    <testcase classname="CellsController test post_row_style test" name="should call PostRowStyle successfully" time="0.453">
    </testcase>
  </testsuite>
  <testsuite name="CellsStatusController test get_cells_cloud_services_health_check test" tests="1" errors="0" failures="0" skipped="0" timestamp="2024-04-23T13:08:22" time="0.63">
    <testcase classname="CellsStatusController test get_cells_cloud_services_health_check test" name="should call GetCellsCloudServicesHealthCheck successfully" time="0.629">
    </testcase>
  </testsuite>
  <testsuite name="CellsStatusController test get_cells_cloud_service_status test" tests="1" errors="0" failures="0" skipped="0" timestamp="2024-04-23T13:08:23" time="0.277">
    <testcase classname="CellsStatusController test get_cells_cloud_service_status test" name="should call GetCellsCloudServiceStatus successfully" time="0.275">
    </testcase>
  </testsuite>
  <testsuite name="ChartAreaController test get_chart_area test" tests="1" errors="0" failures="0" skipped="0" timestamp="2024-04-23T13:08:23" time="1.187">
    <testcase classname="ChartAreaController test get_chart_area test" name="should call GetChartArea successfully" time="1.18">
    </testcase>
  </testsuite>
  <testsuite name="ChartAreaController test get_chart_area_fill_format test" tests="1" errors="0" failures="0" skipped="0" timestamp="2024-04-23T13:08:24" time="0.517">
    <testcase classname="ChartAreaController test get_chart_area_fill_format test" name="should call GetChartAreaFillFormat successfully" time="0.515">
    </testcase>
  </testsuite>
  <testsuite name="ChartAreaController test get_chart_area_border test" tests="1" errors="0" failures="0" skipped="0" timestamp="2024-04-23T13:08:25" time="0.322">
    <testcase classname="ChartAreaController test get_chart_area_border test" name="should call GetChartAreaBorder successfully" time="0.314">
    </testcase>
  </testsuite>
  <testsuite name="ChartsController test get_worksheet_charts test" tests="1" errors="0" failures="0" skipped="0" timestamp="2024-04-23T13:08:25" time="0.878">
    <testcase classname="ChartsController test get_worksheet_charts test" name="should call GetWorksheetCharts successfully" time="0.877">
    </testcase>
  </testsuite>
  <testsuite name="ChartsController test get_worksheet_chart test" tests="1" errors="0" failures="0" skipped="0" timestamp="2024-04-23T13:08:26" time="0.379">
    <testcase classname="ChartsController test get_worksheet_chart test" name="should call GetWorksheetChart successfully" time="0.377">
    </testcase>
  </testsuite>
  <testsuite name="ChartsController test put_worksheet_chart test" tests="1" errors="0" failures="0" skipped="0" timestamp="2024-04-23T13:08:26" time="0.53">
    <testcase classname="ChartsController test put_worksheet_chart test" name="should call PutWorksheetChart successfully" time="0.53">
    </testcase>
  </testsuite>
  <testsuite name="ChartsController test delete_worksheet_chart test" tests="1" errors="0" failures="0" skipped="0" timestamp="2024-04-23T13:08:27" time="0.507">
    <testcase classname="ChartsController test delete_worksheet_chart test" name="should call DeleteWorksheetChart successfully" time="0.503">
    </testcase>
  </testsuite>
  <testsuite name="ChartsController test post_worksheet_chart test" tests="1" errors="0" failures="0" skipped="0" timestamp="2024-04-23T13:08:27" time="0.496">
    <testcase classname="ChartsController test post_worksheet_chart test" name="should call PostWorksheetChart successfully" time="0.495">
    </testcase>
  </testsuite>
  <testsuite name="ChartsController test get_worksheet_chart_legend test" tests="1" errors="0" failures="0" skipped="0" timestamp="2024-04-23T13:08:28" time="0.338">
    <testcase classname="ChartsController test get_worksheet_chart_legend test" name="should call GetWorksheetChartLegend successfully" time="0.337">
    </testcase>
  </testsuite>
  <testsuite name="ChartsController test post_worksheet_chart_legend test" tests="1" errors="0" failures="0" skipped="0" timestamp="2024-04-23T13:08:28" time="0.466">
    <testcase classname="ChartsController test post_worksheet_chart_legend test" name="should call PostWorksheetChartLegend successfully" time="0.466">
    </testcase>
  </testsuite>
  <testsuite name="ChartsController test put_worksheet_chart_legend test" tests="1" errors="0" failures="0" skipped="0" timestamp="2024-04-23T13:08:29" time="0.547">
    <testcase classname="ChartsController test put_worksheet_chart_legend test" name="should call PutWorksheetChartLegend successfully" time="0.544">
    </testcase>
  </testsuite>
  <testsuite name="ChartsController test delete_worksheet_chart_legend test" tests="1" errors="0" failures="0" skipped="0" timestamp="2024-04-23T13:08:29" time="1.755">
    <testcase classname="ChartsController test delete_worksheet_chart_legend test" name="should call DeleteWorksheetChartLegend successfully" time="1.752">
    </testcase>
  </testsuite>
  <testsuite name="ChartsController test delete_worksheet_charts test" tests="1" errors="0" failures="0" skipped="0" timestamp="2024-04-23T13:08:31" time="0.41">
    <testcase classname="ChartsController test delete_worksheet_charts test" name="should call DeleteWorksheetCharts successfully" time="0.409">
    </testcase>
  </testsuite>
  <testsuite name="ChartsController test get_worksheet_chart_title test" tests="1" errors="0" failures="0" skipped="0" timestamp="2024-04-23T13:08:31" time="0.326">
    <testcase classname="ChartsController test get_worksheet_chart_title test" name="should call GetWorksheetChartTitle successfully" time="0.323">
    </testcase>
  </testsuite>
  <testsuite name="ChartsController test post_worksheet_chart_title test" tests="1" errors="0" failures="0" skipped="0" timestamp="2024-04-23T13:08:32" time="0.48">
    <testcase classname="ChartsController test post_worksheet_chart_title test" name="should call PostWorksheetChartTitle successfully" time="0.477">
    </testcase>
  </testsuite>
  <testsuite name="ChartsController test put_worksheet_chart_title test" tests="1" errors="0" failures="0" skipped="0" timestamp="2024-04-23T13:08:32" time="1.248">
    <testcase classname="ChartsController test put_worksheet_chart_title test" name="should call PutWorksheetChartTitle successfully" time="1.248">
    </testcase>
  </testsuite>
  <testsuite name="ChartsController test delete_worksheet_chart_title test" tests="1" errors="0" failures="0" skipped="0" timestamp="2024-04-23T13:08:34" time="0.463">
    <testcase classname="ChartsController test delete_worksheet_chart_title test" name="should call DeleteWorksheetChartTitle successfully" time="0.463">
    </testcase>
  </testsuite>
  <testsuite name="ConditionalFormattingsController test get_worksheet_conditional_formattings test" tests="1" errors="0" failures="0" skipped="0" timestamp="2024-04-23T13:08:34" time="0.658">
    <testcase classname="ConditionalFormattingsController test get_worksheet_conditional_formattings test" name="should call GetWorksheetConditionalFormattings successfully" time="0.657">
    </testcase>
  </testsuite>
  <testsuite name="ConditionalFormattingsController test get_worksheet_conditional_formatting test" tests="1" errors="0" failures="0" skipped="0" timestamp="2024-04-23T13:08:35" time="0.327">
    <testcase classname="ConditionalFormattingsController test get_worksheet_conditional_formatting test" name="should call GetWorksheetConditionalFormatting successfully" time="0.325">
    </testcase>
  </testsuite>
  <testsuite name="ConditionalFormattingsController test put_worksheet_conditional_formatting test" tests="1" errors="0" failures="0" skipped="0" timestamp="2024-04-23T13:08:35" time="0.925">
    <testcase classname="ConditionalFormattingsController test put_worksheet_conditional_formatting test" name="should call PutWorksheetConditionalFormatting successfully" time="0.923">
    </testcase>
  </testsuite>
  <testsuite name="ConditionalFormattingsController test put_worksheet_format_condition test" tests="1" errors="0" failures="0" skipped="0" timestamp="2024-04-23T13:08:36" time="1.081">
    <testcase classname="ConditionalFormattingsController test put_worksheet_format_condition test" name="should call PutWorksheetFormatCondition successfully" time="1.08">
    </testcase>
  </testsuite>
  <testsuite name="ConditionalFormattingsController test put_worksheet_format_condition_area test" tests="1" errors="0" failures="0" skipped="0" timestamp="2024-04-23T13:08:37" time="1.267">
    <testcase classname="ConditionalFormattingsController test put_worksheet_format_condition_area test" name="should call PutWorksheetFormatConditionArea successfully" time="1.265">
    </testcase>
  </testsuite>
  <testsuite name="ConditionalFormattingsController test put_worksheet_format_condition_condition test" tests="1" errors="0" failures="0" skipped="0" timestamp="2024-04-23T13:08:38" time="1.122">
    <testcase classname="ConditionalFormattingsController test put_worksheet_format_condition_condition test" name="should call PutWorksheetFormatConditionCondition successfully" time="1.121">
    </testcase>
  </testsuite>
  <testsuite name="ConditionalFormattingsController test delete_worksheet_conditional_formattings test" tests="1" errors="0" failures="0" skipped="0" timestamp="2024-04-23T13:08:39" time="0.442">
    <testcase classname="ConditionalFormattingsController test delete_worksheet_conditional_formattings test" name="should call DeleteWorksheetConditionalFormattings successfully" time="0.441">
    </testcase>
  </testsuite>
  <testsuite name="ConditionalFormattingsController test delete_worksheet_conditional_formatting test" tests="1" errors="0" failures="0" skipped="0" timestamp="2024-04-23T13:08:40" time="0.961">
    <testcase classname="ConditionalFormattingsController test delete_worksheet_conditional_formatting test" name="should call DeleteWorksheetConditionalFormatting successfully" time="0.96">
    </testcase>
  </testsuite>
  <testsuite name="ConditionalFormattingsController test delete_worksheet_conditional_formatting_area test" tests="1" errors="0" failures="0" skipped="0" timestamp="2024-04-23T13:08:41" time="0.5">
    <testcase classname="ConditionalFormattingsController test delete_worksheet_conditional_formatting_area test" name="should call DeleteWorksheetConditionalFormattingArea successfully" time="0.5">
    </testcase>
  </testsuite>
  <testsuite name="DataProcessingController test post_workbook_data_cleansing test" tests="1" errors="0" failures="0" skipped="0" timestamp="2024-04-23T13:08:41" time="0.751">
    <testcase classname="DataProcessingController test post_workbook_data_cleansing test" name="should call PostWorkbookDataCleansing successfully" time="0.75">
    </testcase>
  </testsuite>
  <testsuite name="DataProcessingController test post_workbook_data_deduplication test" tests="1" errors="0" failures="0" skipped="0" timestamp="2024-04-23T13:08:42" time="0.366">
    <testcase classname="DataProcessingController test post_workbook_data_deduplication test" name="should call PostWorkbookDataDeduplication successfully" time="0.366">
    </testcase>
  </testsuite>
  <testsuite name="DataProcessingController test post_workbook_data_fill test" tests="1" errors="0" failures="0" skipped="0" timestamp="2024-04-23T13:08:42" time="0.353">
    <testcase classname="DataProcessingController test post_workbook_data_fill test" name="should call PostWorkbookDataFill successfully" time="0.353">
    </testcase>
  </testsuite>
  <testsuite name="FileController test download_file test" tests="1" errors="0" failures="0" skipped="0" timestamp="2024-04-23T13:08:43" time="5.248">
    <testcase classname="FileController test download_file test" name="should call DownloadFile successfully" time="5.247">
    </testcase>
  </testsuite>
  <testsuite name="FileController test upload_file test" tests="1" errors="0" failures="0" skipped="0" timestamp="2024-04-23T13:08:48" time="1.584">
    <testcase classname="FileController test upload_file test" name="should call UploadFile successfully" time="1.582">
    </testcase>
  </testsuite>
  <testsuite name="FileController test copy_file test" tests="1" errors="0" failures="0" skipped="0" timestamp="2024-04-23T13:08:50" time="0.385">
    <testcase classname="FileController test copy_file test" name="should call CopyFile successfully" time="0.384">
    </testcase>
  </testsuite>
  <testsuite name="FileController test move_file test" tests="1" errors="0" failures="0" skipped="0" timestamp="2024-04-23T13:08:50" time="0.499">
    <testcase classname="FileController test move_file test" name="should call MoveFile successfully" time="0.498">
    </testcase>
  </testsuite>
  <testsuite name="FileController test delete_file test" tests="1" errors="0" failures="0" skipped="0" timestamp="2024-04-23T13:08:50" time="0.302">
    <testcase classname="FileController test delete_file test" name="should call DeleteFile successfully" time="0.298">
    </testcase>
  </testsuite>
  <testsuite name="FolderController test get_files_list test" tests="1" errors="0" failures="0" skipped="0" timestamp="2024-04-23T13:08:51" time="1.168">
    <testcase classname="FolderController test get_files_list test" name="should call GetFilesList successfully" time="1.166">
    </testcase>
  </testsuite>
  <testsuite name="FolderController test create_folder test" tests="1" errors="0" failures="0" skipped="0" timestamp="2024-04-23T13:08:52" time="0.292">
    <testcase classname="FolderController test create_folder test" name="should call CreateFolder successfully" time="0.292">
    </testcase>
  </testsuite>
  <testsuite name="FolderController test copy_folder test" tests="1" errors="0" failures="0" skipped="0" timestamp="2024-04-23T13:08:52" time="1.838">
    <testcase classname="FolderController test copy_folder test" name="should call CopyFolder successfully" time="1.838">
    </testcase>
  </testsuite>
  <testsuite name="FolderController test move_folder test" tests="1" errors="0" failures="0" skipped="0" timestamp="2024-04-23T13:08:54" time="2.184">
    <testcase classname="FolderController test move_folder test" name="should call MoveFolder successfully" time="2.183">
    </testcase>
  </testsuite>
  <testsuite name="FolderController test delete_folder test" tests="1" errors="0" failures="0" skipped="0" timestamp="2024-04-23T13:08:56" time="0.284">
    <testcase classname="FolderController test delete_folder test" name="should call DeleteFolder successfully" time="0.283">
    </testcase>
  </testsuite>
  <testsuite name="HypelinksController test get_worksheet_hyperlinks test" tests="1" errors="0" failures="0" skipped="0" timestamp="2024-04-23T13:08:57" time="0.674">
    <testcase classname="HypelinksController test get_worksheet_hyperlinks test" name="should call GetWorksheetHyperlinks successfully" time="0.673">
    </testcase>
  </testsuite>
  <testsuite name="HypelinksController test get_worksheet_hyperlink test" tests="1" errors="0" failures="0" skipped="0" timestamp="2024-04-23T13:08:57" time="0.316">
    <testcase classname="HypelinksController test get_worksheet_hyperlink test" name="should call GetWorksheetHyperlink successfully" time="0.315">
    </testcase>
  </testsuite>
  <testsuite name="HypelinksController test delete_worksheet_hyperlink test" tests="1" errors="0" failures="0" skipped="0" timestamp="2024-04-23T13:08:58" time="0.439">
    <testcase classname="HypelinksController test delete_worksheet_hyperlink test" name="should call DeleteWorksheetHyperlink successfully" time="0.437">
    </testcase>
  </testsuite>
  <testsuite name="HypelinksController test post_worksheet_hyperlink test" tests="1" errors="0" failures="0" skipped="0" timestamp="2024-04-23T13:08:58" time="0.469">
    <testcase classname="HypelinksController test post_worksheet_hyperlink test" name="should call PostWorksheetHyperlink successfully" time="0.468">
    </testcase>
  </testsuite>
  <testsuite name="HypelinksController test put_worksheet_hyperlink test" tests="1" errors="0" failures="0" skipped="0" timestamp="2024-04-23T13:08:58" time="0.495">
    <testcase classname="HypelinksController test put_worksheet_hyperlink test" name="should call PutWorksheetHyperlink successfully" time="0.494">
    </testcase>
  </testsuite>
  <testsuite name="HypelinksController test delete_worksheet_hyperlinks test" tests="1" errors="0" failures="0" skipped="0" timestamp="2024-04-23T13:08:59" time="0.459">
    <testcase classname="HypelinksController test delete_worksheet_hyperlinks test" name="should call DeleteWorksheetHyperlinks successfully" time="0.457">
    </testcase>
  </testsuite>
  <testsuite name="ListObjectsController test get_worksheet_list_objects test" tests="1" errors="0" failures="0" skipped="0" timestamp="2024-04-23T13:08:59" time="0.709">
    <testcase classname="ListObjectsController test get_worksheet_list_objects test" name="should call GetWorksheetListObjects successfully" time="0.709">
    </testcase>
  </testsuite>
  <testsuite name="ListObjectsController test get_worksheet_list_object test" tests="1" errors="0" failures="0" skipped="0" timestamp="2024-04-23T13:09:00" time="3.405">
    <testcase classname="ListObjectsController test get_worksheet_list_object test" name="should call GetWorksheetListObject successfully" time="3.404">
    </testcase>
  </testsuite>
  <testsuite name="ListObjectsController test put_worksheet_list_object test" tests="1" errors="0" failures="0" skipped="0" timestamp="2024-04-23T13:09:04" time="0.968">
    <testcase classname="ListObjectsController test put_worksheet_list_object test" name="should call PutWorksheetListObject successfully" time="0.968">
    </testcase>
  </testsuite>
  <testsuite name="ListObjectsController test delete_worksheet_list_objects test" tests="1" errors="0" failures="0" skipped="0" timestamp="2024-04-23T13:09:04" time="0.517">
    <testcase classname="ListObjectsController test delete_worksheet_list_objects test" name="should call DeleteWorksheetListObjects successfully" time="0.515">
    </testcase>
  </testsuite>
  <testsuite name="ListObjectsController test delete_worksheet_list_object test" tests="1" errors="0" failures="0" skipped="0" timestamp="2024-04-23T13:09:05" time="0.895">
    <testcase classname="ListObjectsController test delete_worksheet_list_object test" name="should call DeleteWorksheetListObject successfully" time="0.895">
    </testcase>
  </testsuite>
  <testsuite name="ListObjectsController test post_worksheet_list_object test" tests="1" errors="0" failures="0" skipped="0" timestamp="2024-04-23T13:09:06" time="0.505">
    <testcase classname="ListObjectsController test post_worksheet_list_object test" name="should call PostWorksheetListObject successfully" time="0.503">
    </testcase>
  </testsuite>
  <testsuite name="ListObjectsController test post_worksheet_list_object_convert_to_range test" tests="1" errors="0" failures="0" skipped="0" timestamp="2024-04-23T13:09:06" time="0.451">
    <testcase classname="ListObjectsController test post_worksheet_list_object_convert_to_range test" name="should call PostWorksheetListObjectConvertToRange successfully" time="0.45">
    </testcase>
  </testsuite>
  <testsuite name="ListObjectsController test post_worksheet_list_object_summarize_with_pivot_table test" tests="1" errors="0" failures="0" skipped="0" timestamp="2024-04-23T13:09:07" time="0.484">
    <testcase classname="ListObjectsController test post_worksheet_list_object_summarize_with_pivot_table test" name="should call PostWorksheetListObjectSummarizeWithPivotTable successfully" time="0.482">
    </testcase>
  </testsuite>
  <testsuite name="ListObjectsController test post_worksheet_list_object_sort_table test" tests="1" errors="0" failures="0" skipped="0" timestamp="2024-04-23T13:09:07" time="1.338">
    <testcase classname="ListObjectsController test post_worksheet_list_object_sort_table test" name="should call PostWorksheetListObjectSortTable successfully" time="1.337">
    </testcase>
  </testsuite>
  <testsuite name="ListObjectsController test post_worksheet_list_column test" tests="1" errors="0" failures="0" skipped="0" timestamp="2024-04-23T13:09:09" time="0.495">
    <testcase classname="ListObjectsController test post_worksheet_list_column test" name="should call PostWorksheetListColumn successfully" time="0.495">
    </testcase>
  </testsuite>
  <testsuite name="ListObjectsController test post_worksheet_list_columns_total test" tests="1" errors="0" failures="0" skipped="0" timestamp="2024-04-23T13:09:09" time="0.647">
    <testcase classname="ListObjectsController test post_worksheet_list_columns_total test" name="should call PostWorksheetListColumnsTotal successfully" time="0.646">
    </testcase>
  </testsuite>
  <testsuite name="ListObjectsController test post_worksheet_list_object_remove_duplicates test" tests="1" errors="0" failures="0" skipped="0" timestamp="2024-04-23T13:09:10" time="0.406">
    <testcase classname="ListObjectsController test post_worksheet_list_object_remove_duplicates test" name="should call PostWorksheetListObjectRemoveDuplicates successfully" time="0.406">
    </testcase>
  </testsuite>
  <testsuite name="ListObjectsController test post_worksheet_list_object_insert_slicer test" tests="1" errors="0" failures="0" skipped="0" timestamp="2024-04-23T13:09:10" time="0.37">
    <testcase classname="ListObjectsController test post_worksheet_list_object_insert_slicer test" name="should call PostWorksheetListObjectInsertSlicer successfully" time="0.369">
    </testcase>
  </testsuite>
  <testsuite name="OleObjectsController test get_worksheet_ole_objects test" tests="1" errors="0" failures="0" skipped="0" timestamp="2024-04-23T13:09:11" time="0.643">
    <testcase classname="OleObjectsController test get_worksheet_ole_objects test" name="should call GetWorksheetOleObjects successfully" time="0.641">
    </testcase>
  </testsuite>
  <testsuite name="OleObjectsController test get_worksheet_ole_object test" tests="1" errors="0" failures="0" skipped="0" timestamp="2024-04-23T13:09:11" time="0.372">
    <testcase classname="OleObjectsController test get_worksheet_ole_object test" name="should call GetWorksheetOleObject successfully" time="0.37">
    </testcase>
  </testsuite>
  <testsuite name="OleObjectsController test delete_worksheet_ole_objects test" tests="1" errors="0" failures="0" skipped="0" timestamp="2024-04-23T13:09:12" time="0.467">
    <testcase classname="OleObjectsController test delete_worksheet_ole_objects test" name="should call DeleteWorksheetOleObjects successfully" time="0.466">
    </testcase>
  </testsuite>
  <testsuite name="OleObjectsController test delete_worksheet_ole_object test" tests="1" errors="0" failures="0" skipped="0" timestamp="2024-04-23T13:09:12" time="0.94">
    <testcase classname="OleObjectsController test delete_worksheet_ole_object test" name="should call DeleteWorksheetOleObject successfully" time="0.939">
    </testcase>
  </testsuite>
  <testsuite name="OleObjectsController test post_update_worksheet_ole_object test" tests="1" errors="0" failures="0" skipped="0" timestamp="2024-04-23T13:09:13" time="0.458">
    <testcase classname="OleObjectsController test post_update_worksheet_ole_object test" name="should call PostUpdateWorksheetOleObject successfully" time="0.457">
    </testcase>
  </testsuite>
  <testsuite name="OleObjectsController test put_worksheet_ole_object test" tests="1" errors="0" failures="0" skipped="0" timestamp="2024-04-23T13:09:13" time="0.588">
    <testcase classname="OleObjectsController test put_worksheet_ole_object test" name="should call PutWorksheetOleObject successfully" time="0.587">
    </testcase>
  </testsuite>
  <testsuite name="PageBreaksController test get_vertical_page_breaks test" tests="1" errors="0" failures="0" skipped="0" timestamp="2024-04-23T13:09:14" time="0.667">
    <testcase classname="PageBreaksController test get_vertical_page_breaks test" name="should call GetVerticalPageBreaks successfully" time="0.666">
    </testcase>
  </testsuite>
  <testsuite name="PageBreaksController test get_horizontal_page_breaks test" tests="1" errors="0" failures="0" skipped="0" timestamp="2024-04-23T13:09:15" time="0.32">
    <testcase classname="PageBreaksController test get_horizontal_page_breaks test" name="should call GetHorizontalPageBreaks successfully" time="0.318">
    </testcase>
  </testsuite>
  <testsuite name="PageBreaksController test get_vertical_page_break test" tests="1" errors="0" failures="0" skipped="0" timestamp="2024-04-23T13:09:15" time="0.365">
    <testcase classname="PageBreaksController test get_vertical_page_break test" name="should call GetVerticalPageBreak successfully" time="0.364">
    </testcase>
  </testsuite>
  <testsuite name="PageBreaksController test get_horizontal_page_break test" tests="1" errors="0" failures="0" skipped="0" timestamp="2024-04-23T13:09:15" time="0.35">
    <testcase classname="PageBreaksController test get_horizontal_page_break test" name="should call GetHorizontalPageBreak successfully" time="0.348">
    </testcase>
  </testsuite>
  <testsuite name="PageBreaksController test put_vertical_page_break test" tests="1" errors="0" failures="0" skipped="0" timestamp="2024-04-23T13:09:16" time="0.518">
    <testcase classname="PageBreaksController test put_vertical_page_break test" name="should call PutVerticalPageBreak successfully" time="0.517">
    </testcase>
  </testsuite>
  <testsuite name="PageBreaksController test put_horizontal_page_break test" tests="1" errors="0" failures="0" skipped="0" timestamp="2024-04-23T13:09:16" time="0.428">
    <testcase classname="PageBreaksController test put_horizontal_page_break test" name="should call PutHorizontalPageBreak successfully" time="0.427">
    </testcase>
  </testsuite>
  <testsuite name="PageBreaksController test delete_vertical_page_breaks test" tests="1" errors="0" failures="0" skipped="0" timestamp="2024-04-23T13:09:17" time="0.513">
    <testcase classname="PageBreaksController test delete_vertical_page_breaks test" name="should call DeleteVerticalPageBreaks successfully" time="0.512">
    </testcase>
  </testsuite>
  <testsuite name="PageBreaksController test delete_horizontal_page_breaks test" tests="1" errors="0" failures="0" skipped="0" timestamp="2024-04-23T13:09:17" time="0.642">
    <testcase classname="PageBreaksController test delete_horizontal_page_breaks test" name="should call DeleteHorizontalPageBreaks successfully" time="0.641">
    </testcase>
  </testsuite>
  <testsuite name="PageBreaksController test delete_vertical_page_break test" tests="1" errors="0" failures="0" skipped="0" timestamp="2024-04-23T13:09:18" time="0.57">
    <testcase classname="PageBreaksController test delete_vertical_page_break test" name="should call DeleteVerticalPageBreak successfully" time="0.57">
    </testcase>
  </testsuite>
  <testsuite name="PageBreaksController test delete_horizontal_page_break test" tests="1" errors="0" failures="0" skipped="0" timestamp="2024-04-23T13:09:18" time="0.51">
    <testcase classname="PageBreaksController test delete_horizontal_page_break test" name="should call DeleteHorizontalPageBreak successfully" time="0.509">
    </testcase>
  </testsuite>
  <testsuite name="PageSetupController test get_page_setup test" tests="1" errors="0" failures="0" skipped="0" timestamp="2024-04-23T13:09:19" time="0.678">
    <testcase classname="PageSetupController test get_page_setup test" name="should call GetPageSetup successfully" time="0.676">
    </testcase>
  </testsuite>
  <testsuite name="PageSetupController test post_page_setup test" tests="1" errors="0" failures="0" skipped="0" timestamp="2024-04-23T13:09:20" time="1.125">
    <testcase classname="PageSetupController test post_page_setup test" name="should call PostPageSetup successfully" time="1.124">
    </testcase>
  </testsuite>
  <testsuite name="PageSetupController test delete_header_footer test" tests="1" errors="0" failures="0" skipped="0" timestamp="2024-04-23T13:09:21" time="0.405">
    <testcase classname="PageSetupController test delete_header_footer test" name="should call DeleteHeaderFooter successfully" time="0.404">
    </testcase>
  </testsuite>
  <testsuite name="PageSetupController test get_header test" tests="1" errors="0" failures="0" skipped="0" timestamp="2024-04-23T13:09:21" time="0.329">
    <testcase classname="PageSetupController test get_header test" name="should call GetHeader successfully" time="0.327">
    </testcase>
  </testsuite>
  <testsuite name="PageSetupController test post_header test" tests="1" errors="0" failures="0" skipped="0" timestamp="2024-04-23T13:09:21" time="0.539">
    <testcase classname="PageSetupController test post_header test" name="should call PostHeader successfully" time="0.538">
    </testcase>
  </testsuite>
  <testsuite name="PageSetupController test get_footer test" tests="1" errors="0" failures="0" skipped="0" timestamp="2024-04-23T13:09:22" time="0.328">
    <testcase classname="PageSetupController test get_footer test" name="should call GetFooter successfully" time="0.328">
    </testcase>
  </testsuite>
  <testsuite name="PageSetupController test post_footer test" tests="1" errors="0" failures="0" skipped="0" timestamp="2024-04-23T13:09:22" time="0.576">
    <testcase classname="PageSetupController test post_footer test" name="should call PostFooter successfully" time="0.575">
    </testcase>
  </testsuite>
  <testsuite name="PageSetupController test post_fit_wide_to_pages test" tests="1" errors="0" failures="0" skipped="0" timestamp="2024-04-23T13:09:23" time="0.47">
    <testcase classname="PageSetupController test post_fit_wide_to_pages test" name="should call PostFitWideToPages successfully" time="0.47">
    </testcase>
  </testsuite>
  <testsuite name="PageSetupController test post_fit_tall_to_pages test" tests="1" errors="0" failures="0" skipped="0" timestamp="2024-04-23T13:09:23" time="1.268">
    <testcase classname="PageSetupController test post_fit_tall_to_pages test" name="should call PostFitTallToPages successfully" time="1.266">
    </testcase>
  </testsuite>
  <testsuite name="PicturesController test get_worksheet_pictures test" tests="1" errors="0" failures="0" skipped="0" timestamp="2024-04-23T13:09:25" time="0.843">
    <testcase classname="PicturesController test get_worksheet_pictures test" name="should call GetWorksheetPictures successfully" time="0.842">
    </testcase>
  </testsuite>
  <testsuite name="PicturesController test get_worksheet_picture_with_format test" tests="1" errors="0" failures="0" skipped="0" timestamp="2024-04-23T13:09:26" time="0.61">
    <testcase classname="PicturesController test get_worksheet_picture_with_format test" name="should call GetWorksheetPictureWithFormat successfully" time="0.608">
    </testcase>
  </testsuite>
  <testsuite name="PicturesController test put_worksheet_add_picture test" tests="1" errors="0" failures="0" skipped="0" timestamp="2024-04-23T13:09:26" time="0.481">
    <testcase classname="PicturesController test put_worksheet_add_picture test" name="should call PutWorksheetAddPicture successfully" time="0.481">
    </testcase>
  </testsuite>
  <testsuite name="PicturesController test post_worksheet_picture test" tests="1" errors="0" failures="0" skipped="0" timestamp="2024-04-23T13:09:27" time="0.427">
    <testcase classname="PicturesController test post_worksheet_picture test" name="should call PostWorksheetPicture successfully" time="0.427">
    </testcase>
  </testsuite>
  <testsuite name="PicturesController test delete_worksheet_picture test" tests="1" errors="0" failures="0" skipped="0" timestamp="2024-04-23T13:09:27" time="0.405">
    <testcase classname="PicturesController test delete_worksheet_picture test" name="should call DeleteWorksheetPicture successfully" time="0.404">
    </testcase>
  </testsuite>
  <testsuite name="PicturesController test delete_worksheet_pictures test" tests="1" errors="0" failures="0" skipped="0" timestamp="2024-04-23T13:09:27" time="0.415">
    <testcase classname="PicturesController test delete_worksheet_pictures test" name="should call DeleteWorksheetPictures successfully" time="0.414">
    </testcase>
  </testsuite>
  <testsuite name="PivotTablesController test get_worksheet_pivot_tables test" tests="1" errors="0" failures="0" skipped="0" timestamp="2024-04-23T13:09:28" time="0.677">
    <testcase classname="PivotTablesController test get_worksheet_pivot_tables test" name="should call GetWorksheetPivotTables successfully" time="0.676">
    </testcase>
  </testsuite>
  <testsuite name="PivotTablesController test get_worksheet_pivot_table test" tests="1" errors="0" failures="0" skipped="0" timestamp="2024-04-23T13:09:29" time="0.582">
    <testcase classname="PivotTablesController test get_worksheet_pivot_table test" name="should call GetWorksheetPivotTable successfully" time="0.581">
    </testcase>
  </testsuite>
  <testsuite name="PivotTablesController test get_pivot_table_field test" tests="1" errors="0" failures="0" skipped="0" timestamp="2024-04-23T13:09:29" time="0.3">
    <testcase classname="PivotTablesController test get_pivot_table_field test" name="should call GetPivotTableField successfully" time="0.299">
    </testcase>
  </testsuite>
  <testsuite name="PivotTablesController test get_worksheet_pivot_table_filters test" tests="1" errors="0" failures="0" skipped="0" timestamp="2024-04-23T13:09:29" time="0.301">
    <testcase classname="PivotTablesController test get_worksheet_pivot_table_filters test" name="should call GetWorksheetPivotTableFilters successfully" time="0.3">
    </testcase>
  </testsuite>
  <testsuite name="PivotTablesController test get_worksheet_pivot_table_filter test" tests="1" errors="0" failures="0" skipped="0" timestamp="2024-04-23T13:09:30" time="0.322">
    <testcase classname="PivotTablesController test get_worksheet_pivot_table_filter test" name="should call GetWorksheetPivotTableFilter successfully" time="0.321">
    </testcase>
  </testsuite>
  <testsuite name="PivotTablesController test put_worksheet_pivot_table test" tests="1" errors="0" failures="0" skipped="0" timestamp="2024-04-23T13:09:30" time="0.409">
    <testcase classname="PivotTablesController test put_worksheet_pivot_table test" name="should call PutWorksheetPivotTable successfully" time="0.408">
    </testcase>
  </testsuite>
  <testsuite name="PivotTablesController test put_pivot_table_field test" tests="1" errors="0" failures="0" skipped="0" timestamp="2024-04-23T13:09:30" time="0.884">
    <testcase classname="PivotTablesController test put_pivot_table_field test" name="should call PutPivotTableField successfully" time="0.883">
    </testcase>
  </testsuite>
  <testsuite name="PivotTablesController test put_worksheet_pivot_table_filter test" tests="1" errors="0" failures="0" skipped="0" timestamp="2024-04-23T13:09:31" time="0.424">
    <testcase classname="PivotTablesController test put_worksheet_pivot_table_filter test" name="should call PutWorksheetPivotTableFilter successfully" time="0.423">
    </testcase>
  </testsuite>
  <testsuite name="PivotTablesController test post_pivot_table_field_hide_item test" tests="1" errors="0" failures="0" skipped="0" timestamp="2024-04-23T13:09:32" time="0.4">
    <testcase classname="PivotTablesController test post_pivot_table_field_hide_item test" name="should call PostPivotTableFieldHideItem successfully" time="0.398">
    </testcase>
  </testsuite>
  <testsuite name="PivotTablesController test post_pivot_table_field_move_to test" tests="1" errors="0" failures="0" skipped="0" timestamp="2024-04-23T13:09:32" time="0.38">
    <testcase classname="PivotTablesController test post_pivot_table_field_move_to test" name="should call PostPivotTableFieldMoveTo successfully" time="0.379">
    </testcase>
  </testsuite>
  <testsuite name="PivotTablesController test post_pivot_table_cell_style test" tests="1" errors="0" failures="0" skipped="0" timestamp="2024-04-23T13:09:33" time="0.895">
    <testcase classname="PivotTablesController test post_pivot_table_cell_style test" name="should call PostPivotTableCellStyle successfully" time="0.894">
    </testcase>
  </testsuite>
  <testsuite name="PivotTablesController test post_pivot_table_style test" tests="1" errors="0" failures="0" skipped="0" timestamp="2024-04-23T13:09:33" time="0.397">
    <testcase classname="PivotTablesController test post_pivot_table_style test" name="should call PostPivotTableStyle successfully" time="0.396">
    </testcase>
  </testsuite>
  <testsuite name="PivotTablesController test post_pivot_table_update_pivot_fields test" tests="1" errors="0" failures="0" skipped="0" timestamp="2024-04-23T13:09:34" time="0.385">
    <testcase classname="PivotTablesController test post_pivot_table_update_pivot_fields test" name="should call PostPivotTableUpdatePivotFields successfully" time="0.385">
    </testcase>
  </testsuite>
  <testsuite name="PivotTablesController test post_pivot_table_update_pivot_field test" tests="1" errors="0" failures="0" skipped="0" timestamp="2024-04-23T13:09:34" time="0.429">
    <testcase classname="PivotTablesController test post_pivot_table_update_pivot_field test" name="should call PostPivotTableUpdatePivotField successfully" time="0.428">
    </testcase>
  </testsuite>
  <testsuite name="PivotTablesController test post_worksheet_pivot_table_calculate test" tests="1" errors="0" failures="0" skipped="0" timestamp="2024-04-23T13:09:35" time="1.069">
    <testcase classname="PivotTablesController test post_worksheet_pivot_table_calculate test" name="should call PostWorksheetPivotTableCalculate successfully" time="1.069">
    </testcase>
  </testsuite>
  <testsuite name="PivotTablesController test post_worksheet_pivot_table_move test" tests="1" errors="0" failures="0" skipped="0" timestamp="2024-04-23T13:09:36" time="0.383">
    <testcase classname="PivotTablesController test post_worksheet_pivot_table_move test" name="should call PostWorksheetPivotTableMove successfully" time="0.382">
    </testcase>
  </testsuite>
  <testsuite name="PivotTablesController test delete_worksheet_pivot_tables test" tests="1" errors="0" failures="0" skipped="0" timestamp="2024-04-23T13:09:36" time="0.933">
    <testcase classname="PivotTablesController test delete_worksheet_pivot_tables test" name="should call DeleteWorksheetPivotTables successfully" time="0.932">
    </testcase>
  </testsuite>
  <testsuite name="PivotTablesController test delete_worksheet_pivot_table test" tests="1" errors="0" failures="0" skipped="0" timestamp="2024-04-23T13:09:37" time="0.869">
    <testcase classname="PivotTablesController test delete_worksheet_pivot_table test" name="should call DeleteWorksheetPivotTable successfully" time="0.868">
    </testcase>
  </testsuite>
  <testsuite name="PivotTablesController test delete_pivot_table_field test" tests="1" errors="0" failures="1" skipped="0" timestamp="2024-04-23T13:09:38" time="0.644">
    <testcase classname="PivotTablesController test delete_pivot_table_field test" name="should call DeletePivotTableField successfully" time="0.638">
      <failure message="the object {
  &quot;code&quot;: 400
  &quot;message&quot;: [undefined]
} was thrown, throw an Error :)"></failure>
    </testcase>
  </testsuite>
  <testsuite name="PivotTablesController test delete_worksheet_pivot_table_filters test" tests="1" errors="0" failures="0" skipped="0" timestamp="2024-04-23T13:09:39" time="0.874">
    <testcase classname="PivotTablesController test delete_worksheet_pivot_table_filters test" name="should call DeleteWorksheetPivotTableFilters successfully" time="0.873">
    </testcase>
  </testsuite>
  <testsuite name="PivotTablesController test delete_worksheet_pivot_table_filter test" tests="1" errors="0" failures="0" skipped="0" timestamp="2024-04-23T13:09:39" time="0.955">
    <testcase classname="PivotTablesController test delete_worksheet_pivot_table_filter test" name="should call DeleteWorksheetPivotTableFilter successfully" time="0.955">
    </testcase>
  </testsuite>
  <testsuite name="PropertiesController test get_document_properties test" tests="1" errors="0" failures="0" skipped="0" timestamp="2024-04-23T13:09:40" time="0.647">
    <testcase classname="PropertiesController test get_document_properties test" name="should call GetDocumentProperties successfully" time="0.646">
    </testcase>
  </testsuite>
  <testsuite name="PropertiesController test get_document_property test" tests="1" errors="0" failures="0" skipped="0" timestamp="2024-04-23T13:09:41" time="0.314">
    <testcase classname="PropertiesController test get_document_property test" name="should call GetDocumentProperty successfully" time="0.314">
    </testcase>
  </testsuite>
  <testsuite name="PropertiesController test put_document_property test" tests="1" errors="0" failures="0" skipped="0" timestamp="2024-04-23T13:09:41" time="0.943">
    <testcase classname="PropertiesController test put_document_property test" name="should call PutDocumentProperty successfully" time="0.943">
    </testcase>
  </testsuite>
  <testsuite name="PropertiesController test delete_document_property test" tests="1" errors="0" failures="0" skipped="0" timestamp="2024-04-23T13:09:42" time="0.546">
    <testcase classname="PropertiesController test delete_document_property test" name="should call DeleteDocumentProperty successfully" time="0.545">
    </testcase>
  </testsuite>
  <testsuite name="PropertiesController test delete_document_properties test" tests="1" errors="0" failures="0" skipped="0" timestamp="2024-04-23T13:09:43" time="0.964">
    <testcase classname="PropertiesController test delete_document_properties test" name="should call DeleteDocumentProperties successfully" time="0.962">
    </testcase>
  </testsuite>
  <testsuite name="RangesController test post_worksheet_cells_ranges_copy test" tests="1" errors="0" failures="0" skipped="0" timestamp="2024-04-23T13:09:44" time="0.805">
    <testcase classname="RangesController test post_worksheet_cells_ranges_copy test" name="should call PostWorksheetCellsRangesCopy successfully" time="0.804">
    </testcase>
  </testsuite>
  <testsuite name="RangesController test post_worksheet_cells_range_merge test" tests="1" errors="0" failures="0" skipped="0" timestamp="2024-04-23T13:09:45" time="0.462">
    <testcase classname="RangesController test post_worksheet_cells_range_merge test" name="should call PostWorksheetCellsRangeMerge successfully" time="0.461">
    </testcase>
  </testsuite>
  <testsuite name="RangesController test post_worksheet_cells_range_un_merge test" tests="1" errors="0" failures="0" skipped="0" timestamp="2024-04-23T13:09:45" time="0.464">
    <testcase classname="RangesController test post_worksheet_cells_range_un_merge test" name="should call PostWorksheetCellsRangeUnMerge successfully" time="0.462">
    </testcase>
  </testsuite>
  <testsuite name="RangesController test post_worksheet_cells_range_style test" tests="1" errors="0" failures="0" skipped="0" timestamp="2024-04-23T13:09:46" time="1.468">
    <testcase classname="RangesController test post_worksheet_cells_range_style test" name="should call PostWorksheetCellsRangeStyle successfully" time="1.466">
    </testcase>
  </testsuite>
  <testsuite name="RangesController test get_worksheet_cells_range_value test" tests="1" errors="0" failures="0" skipped="0" timestamp="2024-04-23T13:09:47" time="0.673">
    <testcase classname="RangesController test get_worksheet_cells_range_value test" name="should call GetWorksheetCellsRangeValue successfully" time="0.673">
    </testcase>
  </testsuite>
  <testsuite name="RangesController test post_worksheet_cells_range_value test" tests="1" errors="0" failures="0" skipped="0" timestamp="2024-04-23T13:09:48" time="1.008">
    <testcase classname="RangesController test post_worksheet_cells_range_value test" name="should call PostWorksheetCellsRangeValue successfully" time="1.007">
    </testcase>
  </testsuite>
  <testsuite name="RangesController test post_worksheet_cells_range_move_to test" tests="1" errors="0" failures="0" skipped="0" timestamp="2024-04-23T13:09:49" time="0.478">
    <testcase classname="RangesController test post_worksheet_cells_range_move_to test" name="should call PostWorksheetCellsRangeMoveTo successfully" time="0.478">
    </testcase>
  </testsuite>
  <testsuite name="RangesController test post_worksheet_cells_range_outline_border test" tests="1" errors="0" failures="0" skipped="0" timestamp="2024-04-23T13:09:49" time="0.522">
    <testcase classname="RangesController test post_worksheet_cells_range_outline_border test" name="should call PostWorksheetCellsRangeOutlineBorder successfully" time="0.52">
    </testcase>
  </testsuite>
  <testsuite name="RangesController test post_worksheet_cells_range_column_width test" tests="1" errors="0" failures="0" skipped="0" timestamp="2024-04-23T13:09:50" time="0.516">
    <testcase classname="RangesController test post_worksheet_cells_range_column_width test" name="should call PostWorksheetCellsRangeColumnWidth successfully" time="0.515">
    </testcase>
  </testsuite>
  <testsuite name="RangesController test post_worksheet_cells_range_row_height test" tests="1" errors="0" failures="0" skipped="0" timestamp="2024-04-23T13:09:50" time="0.424">
    <testcase classname="RangesController test post_worksheet_cells_range_row_height test" name="should call PostWorksheetCellsRangeRowHeight successfully" time="0.423">
    </testcase>
  </testsuite>
  <testsuite name="RangesController test put_worksheet_cells_range test" tests="1" errors="0" failures="0" skipped="0" timestamp="2024-04-23T13:09:51" time="1.282">
    <testcase classname="RangesController test put_worksheet_cells_range test" name="should call PutWorksheetCellsRange successfully" time="1.282">
    </testcase>
  </testsuite>
  <testsuite name="RangesController test delete_worksheet_cells_range test" tests="1" errors="0" failures="0" skipped="0" timestamp="2024-04-23T13:09:52" time="0.484">
    <testcase classname="RangesController test delete_worksheet_cells_range test" name="should call DeleteWorksheetCellsRange successfully" time="0.482">
    </testcase>
  </testsuite>
  <testsuite name="RangesController test post_worksheet_cells_range_sort test" tests="1" errors="0" failures="0" skipped="0" timestamp="2024-04-23T13:09:52" time="0.374">
    <testcase classname="RangesController test post_worksheet_cells_range_sort test" name="should call PostWorksheetCellsRangeSort successfully" time="0.374">
    </testcase>
  </testsuite>
  <testsuite name="ShapesController test get_worksheet_shapes test" tests="1" errors="0" failures="0" skipped="0" timestamp="2024-04-23T13:09:53" time="0.662">
    <testcase classname="ShapesController test get_worksheet_shapes test" name="should call GetWorksheetShapes successfully" time="0.661">
    </testcase>
  </testsuite>
  <testsuite name="ShapesController test get_worksheet_shape test" tests="1" errors="0" failures="0" skipped="0" timestamp="2024-04-23T13:09:53" time="0.717">
    <testcase classname="ShapesController test get_worksheet_shape test" name="should call GetWorksheetShape successfully" time="0.715">
    </testcase>
  </testsuite>
  <testsuite name="ShapesController test put_worksheet_shape test" tests="1" errors="0" failures="0" skipped="0" timestamp="2024-04-23T13:09:54" time="0.921">
    <testcase classname="ShapesController test put_worksheet_shape test" name="should call PutWorksheetShape successfully" time="0.919">
    </testcase>
  </testsuite>
  <testsuite name="ShapesController test delete_worksheet_shapes test" tests="1" errors="0" failures="0" skipped="0" timestamp="2024-04-23T13:09:55" time="0.462">
    <testcase classname="ShapesController test delete_worksheet_shapes test" name="should call DeleteWorksheetShapes successfully" time="0.461">
    </testcase>
  </testsuite>
  <testsuite name="ShapesController test delete_worksheet_shape test" tests="1" errors="0" failures="0" skipped="0" timestamp="2024-04-23T13:09:56" time="0.434">
    <testcase classname="ShapesController test delete_worksheet_shape test" name="should call DeleteWorksheetShape successfully" time="0.434">
    </testcase>
  </testsuite>
  <testsuite name="ShapesController test post_worksheet_shape test" tests="1" errors="0" failures="1" skipped="0" timestamp="2024-04-23T13:09:56" time="0.354">
    <testcase classname="ShapesController test post_worksheet_shape test" name="should call PostWorksheetShape successfully" time="0.353">
      <failure message="the object {
  &quot;code&quot;: 400
  &quot;message&quot;: [undefined]
} was thrown, throw an Error :)"></failure>
    </testcase>
  </testsuite>
  <testsuite name="ShapesController test post_worksheet_group_shape test" tests="1" errors="0" failures="0" skipped="0" timestamp="2024-04-23T13:09:56" time="0.643">
    <testcase classname="ShapesController test post_worksheet_group_shape test" name="should call PostWorksheetGroupShape successfully" time="0.642">
    </testcase>
  </testsuite>
  <testsuite name="ShapesController test post_worksheet_ungroup_shape test" tests="1" errors="0" failures="0" skipped="0" timestamp="2024-04-23T13:09:57" time="0.474">
    <testcase classname="ShapesController test post_worksheet_ungroup_shape test" name="should call PostWorksheetUngroupShape successfully" time="0.473">
    </testcase>
  </testsuite>
  <testsuite name="SparklineGroupsController test get_worksheet_sparkline_groups test" tests="1" errors="0" failures="0" skipped="0" timestamp="2024-04-23T13:09:57" time="0.649">
    <testcase classname="SparklineGroupsController test get_worksheet_sparkline_groups test" name="should call GetWorksheetSparklineGroups successfully" time="0.649">
    </testcase>
  </testsuite>
  <testsuite name="SparklineGroupsController test get_worksheet_sparkline_group test" tests="1" errors="0" failures="0" skipped="0" timestamp="2024-04-23T13:09:58" time="0.332">
    <testcase classname="SparklineGroupsController test get_worksheet_sparkline_group test" name="should call GetWorksheetSparklineGroup successfully" time="0.331">
    </testcase>
  </testsuite>
  <testsuite name="SparklineGroupsController test delete_worksheet_sparkline_groups test" tests="1" errors="0" failures="0" skipped="0" timestamp="2024-04-23T13:09:58" time="0.406">
    <testcase classname="SparklineGroupsController test delete_worksheet_sparkline_groups test" name="should call DeleteWorksheetSparklineGroups successfully" time="0.406">
    </testcase>
  </testsuite>
  <testsuite name="SparklineGroupsController test delete_worksheet_sparkline_group test" tests="1" errors="0" failures="0" skipped="0" timestamp="2024-04-23T13:09:59" time="0.951">
    <testcase classname="SparklineGroupsController test delete_worksheet_sparkline_group test" name="should call DeleteWorksheetSparklineGroup successfully" time="0.951">
    </testcase>
  </testsuite>
  <testsuite name="SparklineGroupsController test put_worksheet_sparkline_group test" tests="1" errors="0" failures="0" skipped="0" timestamp="2024-04-23T13:10:00" time="0.377">
    <testcase classname="SparklineGroupsController test put_worksheet_sparkline_group test" name="should call PutWorksheetSparklineGroup successfully" time="0.375">
    </testcase>
  </testsuite>
  <testsuite name="SparklineGroupsController test post_worksheet_sparkline_group test" tests="1" errors="0" failures="0" skipped="0" timestamp="2024-04-23T13:10:00" time="0.457">
    <testcase classname="SparklineGroupsController test post_worksheet_sparkline_group test" name="should call PostWorksheetSparklineGroup successfully" time="0.455">
    </testcase>
  </testsuite>
  <testsuite name="StorageController test storage_exists test" tests="1" errors="0" failures="0" skipped="0" timestamp="2024-04-23T13:10:01" time="0.679">
    <testcase classname="StorageController test storage_exists test" name="should call StorageExists successfully" time="0.677">
    </testcase>
  </testsuite>
  <testsuite name="StorageController test object_exists test" tests="1" errors="0" failures="0" skipped="0" timestamp="2024-04-23T13:10:01" time="0.304">
    <testcase classname="StorageController test object_exists test" name="should call ObjectExists successfully" time="0.304">
    </testcase>
  </testsuite>
  <testsuite name="StorageController test get_disc_usage test" tests="1" errors="0" failures="0" skipped="0" timestamp="2024-04-23T13:10:02" time="0.639">
    <testcase classname="StorageController test get_disc_usage test" name="should call GetDiscUsage successfully" time="0.638">
    </testcase>
  </testsuite>
  <testsuite name="StorageController test get_file_versions test" tests="1" errors="0" failures="0" skipped="0" timestamp="2024-04-23T13:10:02" time="0.305">
    <testcase classname="StorageController test get_file_versions test" name="should call GetFileVersions successfully" time="0.303">
    </testcase>
  </testsuite>
  <testsuite name="WorkbookController test post_digital_signature test" tests="1" errors="0" failures="0" skipped="0" timestamp="2024-04-23T13:10:03" time="1.438">
    <testcase classname="WorkbookController test post_digital_signature test" name="should call PostDigitalSignature successfully" time="1.437">
    </testcase>
  </testsuite>
  <testsuite name="WorkbookController test post_encrypt_workbook test" tests="1" errors="0" failures="0" skipped="0" timestamp="2024-04-23T13:10:04" time="0.564">
    <testcase classname="WorkbookController test post_encrypt_workbook test" name="should call PostEncryptWorkbook successfully" time="0.563">
    </testcase>
  </testsuite>
  <testsuite name="WorkbookController test delete_decrypt_workbook test" tests="1" errors="0" failures="0" skipped="0" timestamp="2024-04-23T13:10:05" time="1.013">
    <testcase classname="WorkbookController test delete_decrypt_workbook test" name="should call DeleteDecryptWorkbook successfully" time="1.013">
    </testcase>
  </testsuite>
  <testsuite name="WorkbookController test post_protect_workbook test" tests="1" errors="0" failures="0" skipped="0" timestamp="2024-04-23T13:10:06" time="0.986">
    <testcase classname="WorkbookController test post_protect_workbook test" name="should call PostProtectWorkbook successfully" time="0.986">
    </testcase>
  </testsuite>
  <testsuite name="WorkbookController test delete_un_protect_workbook test" tests="1" errors="0" failures="1" skipped="0" timestamp="2024-04-23T13:10:07" time="0.482">
    <testcase classname="WorkbookController test delete_un_protect_workbook test" name="should call DeleteUnProtectWorkbook successfully" time="0.481">
      <failure message="the object {
  &quot;code&quot;: 400
  &quot;message&quot;: [undefined]
} was thrown, throw an Error :)"></failure>
    </testcase>
  </testsuite>
  <testsuite name="WorkbookController test get_workbook_default_style test" tests="1" errors="0" failures="0" skipped="0" timestamp="2024-04-23T13:10:07" time="0.322">
    <testcase classname="WorkbookController test get_workbook_default_style test" name="should call GetWorkbookDefaultStyle successfully" time="0.322">
    </testcase>
  </testsuite>
  <testsuite name="WorkbookController test get_workbook_text_items test" tests="1" errors="0" failures="0" skipped="0" timestamp="2024-04-23T13:10:07" time="3.392">
    <testcase classname="WorkbookController test get_workbook_text_items test" name="should call GetWorkbookTextItems successfully" time="3.39">
    </testcase>
  </testsuite>
  <testsuite name="WorkbookController test get_workbook_names test" tests="1" errors="0" failures="0" skipped="0" timestamp="2024-04-23T13:10:11" time="0.513">
    <testcase classname="WorkbookController test get_workbook_names test" name="should call GetWorkbookNames successfully" time="0.511">
    </testcase>
  </testsuite>
  <testsuite name="WorkbookController test put_workbook_name test" tests="1" errors="0" failures="0" skipped="0" timestamp="2024-04-23T13:10:11" time="0.453">
    <testcase classname="WorkbookController test put_workbook_name test" name="should call PutWorkbookName successfully" time="0.453">
    </testcase>
  </testsuite>
  <testsuite name="WorkbookController test get_workbook_name test" tests="1" errors="0" failures="0" skipped="0" timestamp="2024-04-23T13:10:12" time="0.501">
    <testcase classname="WorkbookController test get_workbook_name test" name="should call GetWorkbookName successfully" time="0.499">
    </testcase>
  </testsuite>
  <testsuite name="WorkbookController test post_workbook_name test" tests="1" errors="0" failures="0" skipped="0" timestamp="2024-04-23T13:10:12" time="0.482">
    <testcase classname="WorkbookController test post_workbook_name test" name="should call PostWorkbookName successfully" time="0.48">
    </testcase>
  </testsuite>
  <testsuite name="WorkbookController test get_workbook_name_value test" tests="1" errors="0" failures="1" skipped="0" timestamp="2024-04-23T13:10:13" time="0.322">
    <testcase classname="WorkbookController test get_workbook_name_value test" name="should call GetWorkbookNameValue successfully" time="0.321">
      <failure message="the object {
  &quot;code&quot;: 400
  &quot;message&quot;: [undefined]
} was thrown, throw an Error :)"></failure>
    </testcase>
  </testsuite>
  <testsuite name="WorkbookController test delete_workbook_names test" tests="1" errors="0" failures="0" skipped="0" timestamp="2024-04-23T13:10:13" time="0.499">
    <testcase classname="WorkbookController test delete_workbook_names test" name="should call DeleteWorkbookNames successfully" time="0.498">
    </testcase>
  </testsuite>
  <testsuite name="WorkbookController test delete_workbook_name test" tests="1" errors="0" failures="0" skipped="0" timestamp="2024-04-23T13:10:14" time="0.535">
    <testcase classname="WorkbookController test delete_workbook_name test" name="should call DeleteWorkbookName successfully" time="0.535">
    </testcase>
  </testsuite>
  <testsuite name="WorkbookController test put_document_protect_from_changes test" tests="1" errors="0" failures="0" skipped="0" timestamp="2024-04-23T13:10:14" time="0.969">
    <testcase classname="WorkbookController test put_document_protect_from_changes test" name="should call PutDocumentProtectFromChanges successfully" time="0.968">
    </testcase>
  </testsuite>
  <testsuite name="WorkbookController test delete_document_un_protect_from_changes test" tests="1" errors="0" failures="0" skipped="0" timestamp="2024-04-23T13:10:15" time="0.506">
    <testcase classname="WorkbookController test delete_document_un_protect_from_changes test" name="should call DeleteDocumentUnProtectFromChanges successfully" time="0.504">
    </testcase>
  </testsuite>
  <testsuite name="WorkbookController test post_workbooks_merge test" tests="1" errors="0" failures="0" skipped="0" timestamp="2024-04-23T13:10:16" time="0.572">
    <testcase classname="WorkbookController test post_workbooks_merge test" name="should call PostWorkbooksMerge successfully" time="0.571">
    </testcase>
  </testsuite>
  <testsuite name="WorkbookController test post_workbooks_text_search test" tests="1" errors="0" failures="0" skipped="0" timestamp="2024-04-23T13:10:16" time="0.37">
    <testcase classname="WorkbookController test post_workbooks_text_search test" name="should call PostWorkbooksTextSearch successfully" time="0.369">
    </testcase>
  </testsuite>
  <testsuite name="WorkbookController test post_workbook_text_replace test" tests="1" errors="0" failures="0" skipped="0" timestamp="2024-04-23T13:10:16" time="0.918">
    <testcase classname="WorkbookController test post_workbook_text_replace test" name="should call PostWorkbookTextReplace successfully" time="0.917">
    </testcase>
  </testsuite>
  <testsuite name="WorkbookController test post_workbook_get_smart_marker_result test" tests="1" errors="0" failures="0" skipped="0" timestamp="2024-04-23T13:10:17" time="1.144">
    <testcase classname="WorkbookController test post_workbook_get_smart_marker_result test" name="should call PostWorkbookGetSmartMarkerResult successfully" time="1.143">
    </testcase>
  </testsuite>
  <testsuite name="WorkbookController test put_workbook_create test" tests="1" errors="0" failures="0" skipped="0" timestamp="2024-04-23T13:10:19" time="0.477">
    <testcase classname="WorkbookController test put_workbook_create test" name="should call PutWorkbookCreate successfully" time="0.476">
    </testcase>
  </testsuite>
  <testsuite name="WorkbookController test post_workbook_split test" tests="1" errors="0" failures="0" skipped="0" timestamp="2024-04-23T13:10:19" time="1.027">
    <testcase classname="WorkbookController test post_workbook_split test" name="should call PostWorkbookSplit successfully" time="1.025">
    </testcase>
[...]
    </testcase>
  </testsuite>
  <testsuite name="LightCells test post_export_gif_oleobject test" tests="1" errors="0" failures="0" skipped="0" timestamp="2024-04-23T14:24:21" time="2.047">
    <testcase classname="LightCells test post_export_gif_oleobject test" name="should call PostExport successfully" time="2.046">
    </testcase>
  </testsuite>
  <testsuite name="LightCells test post_export_emf_oleobject test" tests="1" errors="0" failures="0" skipped="0" timestamp="2024-04-23T14:24:23" time="6.614">
    <testcase classname="LightCells test post_export_emf_oleobject test" name="should call PostExport successfully" time="6.614">
    </testcase>
  </testsuite>
  <testsuite name="LightCells test post_export_bmp_oleobject test" tests="1" errors="0" failures="0" skipped="0" timestamp="2024-04-23T14:24:29" time="27.104">
    <testcase classname="LightCells test post_export_bmp_oleobject test" name="should call PostExport successfully" time="27.104">
    </testcase>
  </testsuite>
  <testsuite name="LightCells test post_compress_50 test" tests="1" errors="0" failures="0" skipped="0" timestamp="2024-04-23T14:24:56" time="4.872">
    <testcase classname="LightCells test post_compress_50 test" name="should call PostCompress successfully" time="4.87">
    </testcase>
  </testsuite>
  <testsuite name="LightCells test post_compress_90 test" tests="1" errors="0" failures="0" skipped="0" timestamp="2024-04-23T14:25:01" time="2.242">
    <testcase classname="LightCells test post_compress_90 test" name="should call PostCompress successfully" time="2.242">
    </testcase>
  </testsuite>
  <testsuite name="LightCells test post_merge_csv_true test" tests="1" errors="0" failures="0" skipped="0" timestamp="2024-04-23T14:25:03" time="0.576">
    <testcase classname="LightCells test post_merge_csv_true test" name="should call PostMerge successfully" time="0.575">
    </testcase>
  </testsuite>
  <testsuite name="LightCells test post_merge_xls_true test" tests="1" errors="0" failures="0" skipped="0" timestamp="2024-04-23T14:25:04" time="3.375">
    <testcase classname="LightCells test post_merge_xls_true test" name="should call PostMerge successfully" time="3.374">
    </testcase>
  </testsuite>
  <testsuite name="LightCells test post_merge_html_true test" tests="1" errors="0" failures="0" skipped="0" timestamp="2024-04-23T14:25:07" time="0.832">
    <testcase classname="LightCells test post_merge_html_true test" name="should call PostMerge successfully" time="0.83">
    </testcase>
  </testsuite>
  <testsuite name="LightCells test post_merge_mhtml_true test" tests="1" errors="0" failures="0" skipped="0" timestamp="2024-04-23T14:25:08" time="1.083">
    <testcase classname="LightCells test post_merge_mhtml_true test" name="should call PostMerge successfully" time="1.081">
    </testcase>
  </testsuite>
  <testsuite name="LightCells test post_merge_ods_true test" tests="1" errors="0" failures="0" skipped="0" timestamp="2024-04-23T14:25:09" time="3.452">
    <testcase classname="LightCells test post_merge_ods_true test" name="should call PostMerge successfully" time="3.45">
    </testcase>
  </testsuite>
  <testsuite name="LightCells test post_merge_pdf_true test" tests="1" errors="0" failures="0" skipped="0" timestamp="2024-04-23T14:25:13" time="1.567">
    <testcase classname="LightCells test post_merge_pdf_true test" name="should call PostMerge successfully" time="1.566">
    </testcase>
  </testsuite>
  <testsuite name="LightCells test post_merge_xml_true test" tests="1" errors="0" failures="0" skipped="0" timestamp="2024-04-23T14:25:14" time="0.748">
    <testcase classname="LightCells test post_merge_xml_true test" name="should call PostMerge successfully" time="0.748">
    </testcase>
  </testsuite>
  <testsuite name="LightCells test post_merge_txt_true test" tests="1" errors="0" failures="0" skipped="0" timestamp="2024-04-23T14:25:15" time="0.548">
    <testcase classname="LightCells test post_merge_txt_true test" name="should call PostMerge successfully" time="0.548">
    </testcase>
  </testsuite>
  <testsuite name="LightCells test post_merge_tif_true test" tests="1" errors="0" failures="0" skipped="0" timestamp="2024-04-23T14:25:16" time="0.864">
    <testcase classname="LightCells test post_merge_tif_true test" name="should call PostMerge successfully" time="0.862">
    </testcase>
  </testsuite>
  <testsuite name="LightCells test post_merge_xlsb_true test" tests="1" errors="0" failures="0" skipped="0" timestamp="2024-04-23T14:25:16" time="0.83">
    <testcase classname="LightCells test post_merge_xlsb_true test" name="should call PostMerge successfully" time="0.829">
    </testcase>
  </testsuite>
  <testsuite name="LightCells test post_merge_xlsm_true test" tests="1" errors="0" failures="0" skipped="0" timestamp="2024-04-23T14:25:17" time="0.814">
    <testcase classname="LightCells test post_merge_xlsm_true test" name="should call PostMerge successfully" time="0.813">
    </testcase>
  </testsuite>
  <testsuite name="LightCells test post_merge_xlsx_true test" tests="1" errors="0" failures="0" skipped="0" timestamp="2024-04-23T14:25:18" time="1.195">
    <testcase classname="LightCells test post_merge_xlsx_true test" name="should call PostMerge successfully" time="1.195">
    </testcase>
  </testsuite>
  <testsuite name="LightCells test post_merge_xltm_true test" tests="1" errors="0" failures="0" skipped="0" timestamp="2024-04-23T14:25:19" time="2.389">
    <testcase classname="LightCells test post_merge_xltm_true test" name="should call PostMerge successfully" time="2.387">
    </testcase>
  </testsuite>
  <testsuite name="LightCells test post_merge_xltx_true test" tests="1" errors="0" failures="0" skipped="0" timestamp="2024-04-23T14:25:22" time="3.632">
    <testcase classname="LightCells test post_merge_xltx_true test" name="should call PostMerge successfully" time="3.631">
    </testcase>
  </testsuite>
  <testsuite name="LightCells test post_merge_xps_true test" tests="1" errors="0" failures="0" skipped="0" timestamp="2024-04-23T14:25:25" time="2.908">
    <testcase classname="LightCells test post_merge_xps_true test" name="should call PostMerge successfully" time="2.907">
    </testcase>
  </testsuite>
  <testsuite name="LightCells test post_merge_png_true test" tests="1" errors="0" failures="0" skipped="0" timestamp="2024-04-23T14:25:28" time="3.111">
    <testcase classname="LightCells test post_merge_png_true test" name="should call PostMerge successfully" time="3.109">
    </testcase>
  </testsuite>
  <testsuite name="LightCells test post_merge_jpg_true test" tests="1" errors="0" failures="0" skipped="0" timestamp="2024-04-23T14:25:31" time="0.829">
    <testcase classname="LightCells test post_merge_jpg_true test" name="should call PostMerge successfully" time="0.828">
    </testcase>
  </testsuite>
  <testsuite name="LightCells test post_merge_gif_true test" tests="1" errors="0" failures="0" skipped="0" timestamp="2024-04-23T14:25:32" time="0.842">
    <testcase classname="LightCells test post_merge_gif_true test" name="should call PostMerge successfully" time="0.841">
    </testcase>
  </testsuite>
  <testsuite name="LightCells test post_merge_emf_true test" tests="1" errors="0" failures="0" skipped="0" timestamp="2024-04-23T14:25:33" time="11.339">
    <testcase classname="LightCells test post_merge_emf_true test" name="should call PostMerge successfully" time="11.337">
    </testcase>
  </testsuite>
  <testsuite name="LightCells test post_merge_bmp_true test" tests="1" errors="0" failures="0" skipped="0" timestamp="2024-04-23T14:25:44" time="27.794">
    <testcase classname="LightCells test post_merge_bmp_true test" name="should call PostMerge successfully" time="27.792">
    </testcase>
  </testsuite>
  <testsuite name="LightCells test post_merge_md_true test" tests="1" errors="0" failures="0" skipped="0" timestamp="2024-04-23T14:26:12" time="0.57">
    <testcase classname="LightCells test post_merge_md_true test" name="should call PostMerge successfully" time="0.568">
    </testcase>
  </testsuite>
  <testsuite name="LightCells test post_merge_numbers_true test" tests="1" errors="0" failures="0" skipped="0" timestamp="2024-04-23T14:26:13" time="1.616">
    <testcase classname="LightCells test post_merge_numbers_true test" name="should call PostMerge successfully" time="1.616">
    </testcase>
  </testsuite>
  <testsuite name="LightCells test post_merge_wmf_true test" tests="1" errors="0" failures="0" skipped="0" timestamp="2024-04-23T14:26:14" time="10.743">
    <testcase classname="LightCells test post_merge_wmf_true test" name="should call PostMerge successfully" time="10.743">
    </testcase>
  </testsuite>
  <testsuite name="LightCells test post_merge_svg_true test" tests="1" errors="0" failures="0" skipped="0" timestamp="2024-04-23T14:26:25" time="0.838">
    <testcase classname="LightCells test post_merge_svg_true test" name="should call PostMerge successfully" time="0.837">
    </testcase>
  </testsuite>
  <testsuite name="LightCells test post_merge_docx_false test" tests="1" errors="0" failures="0" skipped="0" timestamp="2024-04-23T14:26:26" time="3.419">
    <testcase classname="LightCells test post_merge_docx_false test" name="should call PostMerge successfully" time="3.419">
    </testcase>
  </testsuite>
  <testsuite name="LightCells test post_merge_pptx_false test" tests="1" errors="0" failures="0" skipped="0" timestamp="2024-04-23T14:26:29" time="4.238">
    <testcase classname="LightCells test post_merge_pptx_false test" name="should call PostMerge successfully" time="4.238">
    </testcase>
  </testsuite>
  <testsuite name="LightCells test post_merge_json_false test" tests="1" errors="0" failures="0" skipped="0" timestamp="2024-04-23T14:26:34" time="0.743">
    <testcase classname="LightCells test post_merge_json_false test" name="should call PostMerge successfully" time="0.741">
    </testcase>
  </testsuite>
  <testsuite name="LightCells test post_merge_sql_false test" tests="1" errors="0" failures="0" skipped="0" timestamp="2024-04-23T14:26:34" time="0.546">
    <testcase classname="LightCells test post_merge_sql_false test" name="should call PostMerge successfully" time="0.545">
    </testcase>
  </testsuite>
  <testsuite name="LightCells test post_unlock test" tests="1" errors="0" failures="0" skipped="0" timestamp="2024-04-23T14:26:35" time="22.606">
    <testcase classname="LightCells test post_unlock test" name="should call PostUnlock successfully" time="22.604">
    </testcase>
  </testsuite>
  <testsuite name="LightCells test post_protect test" tests="1" errors="0" failures="0" skipped="0" timestamp="2024-04-23T14:26:57" time="5.661">
    <testcase classname="LightCells test post_protect test" name="should call PostProtect successfully" time="5.66">
    </testcase>
  </testsuite>
  <testsuite name="LightCells test post_protect__protect_workbook_request test" tests="1" errors="0" failures="0" skipped="0" timestamp="2024-04-23T14:27:03" time="1.622">
    <testcase classname="LightCells test post_protect__protect_workbook_request test" name="should call PostProtect successfully" time="1.621">
    </testcase>
  </testsuite>
  <testsuite name="LightCells test post_search test" tests="1" errors="0" failures="0" skipped="0" timestamp="2024-04-23T14:27:05" time="0.556">
    <testcase classname="LightCells test post_search test" name="should call PostSearch successfully" time="0.555">
    </testcase>
  </testsuite>
  <testsuite name="LightCells test post_replace test" tests="1" errors="0" failures="0" skipped="0" timestamp="2024-04-23T14:27:05" time="1.107">
    <testcase classname="LightCells test post_replace test" name="should call PostReplace successfully" time="1.106">
    </testcase>
  </testsuite>
  <testsuite name="LightCells test post_replace_only_sheetname test" tests="1" errors="0" failures="0" skipped="0" timestamp="2024-04-23T14:27:06" time="4.619">
    <testcase classname="LightCells test post_replace_only_sheetname test" name="should call PostReplace successfully" time="4.617">
    </testcase>
  </testsuite>
  <testsuite name="LightCells test post_watermark test" tests="1" errors="0" failures="0" skipped="0" timestamp="2024-04-23T14:27:11" time="2.743">
    <testcase classname="LightCells test post_watermark test" name="should call PostWatermark successfully" time="2.741">
    </testcase>
  </testsuite>
  <testsuite name="LightCells test post_clear_objects_chart test" tests="1" errors="0" failures="0" skipped="0" timestamp="2024-04-23T14:27:14" time="10.548">
    <testcase classname="LightCells test post_clear_objects_chart test" name="should call PostClearObjects successfully" time="10.548">
    </testcase>
  </testsuite>
  <testsuite name="LightCells test post_clear_objects_comment test" tests="1" errors="0" failures="0" skipped="0" timestamp="2024-04-23T14:27:24" time="9.983">
    <testcase classname="LightCells test post_clear_objects_comment test" name="should call PostClearObjects successfully" time="9.982">
    </testcase>
  </testsuite>
  <testsuite name="LightCells test post_clear_objects_picture test" tests="1" errors="0" failures="0" skipped="0" timestamp="2024-04-23T14:27:34" time="12.236">
    <testcase classname="LightCells test post_clear_objects_picture test" name="should call PostClearObjects successfully" time="12.235">
    </testcase>
  </testsuite>
  <testsuite name="LightCells test post_clear_objects_shape test" tests="1" errors="0" failures="0" skipped="0" timestamp="2024-04-23T14:27:47" time="2.667">
    <testcase classname="LightCells test post_clear_objects_shape test" name="should call PostClearObjects successfully" time="2.666">
    </testcase>
  </testsuite>
  <testsuite name="LightCells test post_clear_objects_listobject test" tests="1" errors="0" failures="0" skipped="0" timestamp="2024-04-23T14:27:49" time="16.332">
    <testcase classname="LightCells test post_clear_objects_listobject test" name="should call PostClearObjects successfully" time="16.332">
    </testcase>
  </testsuite>
  <testsuite name="LightCells test post_clear_objects_hyperlink test" tests="1" errors="0" failures="0" skipped="0" timestamp="2024-04-23T14:28:06" time="10.978">
    <testcase classname="LightCells test post_clear_objects_hyperlink test" name="should call PostClearObjects successfully" time="10.977">
    </testcase>
  </testsuite>
  <testsuite name="LightCells test post_clear_objects_oleobject test" tests="1" errors="0" failures="0" skipped="0" timestamp="2024-04-23T14:28:17" time="8.988">
    <testcase classname="LightCells test post_clear_objects_oleobject test" name="should call PostClearObjects successfully" time="8.986">
    </testcase>
  </testsuite>
  <testsuite name="LightCells test post_clear_objects_pivottable test" tests="1" errors="0" failures="0" skipped="0" timestamp="2024-04-23T14:28:25" time="13.624">
    <testcase classname="LightCells test post_clear_objects_pivottable test" name="should call PostClearObjects successfully" time="13.622">
    </testcase>
  </testsuite>
  <testsuite name="LightCells test post_clear_objects_validation test" tests="1" errors="0" failures="0" skipped="0" timestamp="2024-04-23T14:28:39" time="11.419">
    <testcase classname="LightCells test post_clear_objects_validation test" name="should call PostClearObjects successfully" time="11.419">
    </testcase>
  </testsuite>
  <testsuite name="LightCells test post_clear_objects__background test" tests="1" errors="0" failures="1" skipped="0" timestamp="2024-04-23T14:28:51" time="200.003">
    <testcase classname="LightCells test post_clear_objects__background test" name="should call PostClearObjects successfully" time="200.002">
      <failure message="Timeout of 200000ms exceeded. For async tests and hooks, ensure &quot;done()&quot; is called; if returning a Promise, ensure it resolves. (D:\CloudSdk\aspose-cells-cloud-node\test\Document\tests_light_cells.ts)"></failure>
    </testcase>
  </testsuite>
  <testsuite name="LightCells test post_repair_xlsx test" tests="1" errors="0" failures="0" skipped="0" timestamp="2024-04-23T14:32:11" time="13.165">
    <testcase classname="LightCells test post_repair_xlsx test" name="should call PostRepair successfully" time="13.164">
    </testcase>
  </testsuite>
  <testsuite name="LightCells test post_repair_pdf test" tests="1" errors="0" failures="0" skipped="0" timestamp="2024-04-23T14:32:24" time="12.762">
    <testcase classname="LightCells test post_repair_pdf test" name="should call PostRepair successfully" time="12.762">
    </testcase>
  </testsuite>
  <testsuite name="LightCells test post_repair_csv test" tests="1" errors="0" failures="0" skipped="0" timestamp="2024-04-23T14:32:36" time="0.577">
    <testcase classname="LightCells test post_repair_csv test" name="should call PostRepair successfully" time="0.577">
    </testcase>
  </testsuite>
  <testsuite name="LightCells test post_repair_png test" tests="1" errors="0" failures="0" skipped="0" timestamp="2024-04-23T14:32:37" time="18.982">
    <testcase classname="LightCells test post_repair_png test" name="should call PostRepair successfully" time="18.981">
    </testcase>
  </testsuite>
  <testsuite name="LightCells test post_reverse_rows_pdf test" tests="1" errors="0" failures="0" skipped="0" timestamp="2024-04-23T14:32:56" time="6.753">
    <testcase classname="LightCells test post_reverse_rows_pdf test" name="should call PostReverse successfully" time="6.751">
    </testcase>
  </testsuite>
  <testsuite name="LightCells test post_reverse_cols_pdf test" tests="1" errors="0" failures="0" skipped="0" timestamp="2024-04-23T14:33:03" time="9.693">
    <testcase classname="LightCells test post_reverse_cols_pdf test" name="should call PostReverse successfully" time="9.692">
    </testcase>
  </testsuite>
  <testsuite name="LightCells test post_reverse_both_pdf test" tests="1" errors="0" failures="0" skipped="0" timestamp="2024-04-23T14:33:12" time="8.382">
    <testcase classname="LightCells test post_reverse_both_pdf test" name="should call PostReverse successfully" time="8.382">
    </testcase>
  </testsuite>
  <testsuite name="LightCells test post_reverse_rows_csv test" tests="1" errors="0" failures="0" skipped="0" timestamp="2024-04-23T14:33:21" time="0.585">
    <testcase classname="LightCells test post_reverse_rows_csv test" name="should call PostReverse successfully" time="0.583">
    </testcase>
  </testsuite>
  <testsuite name="LightCells test post_reverse_cols_png test" tests="1" errors="0" failures="0" skipped="0" timestamp="2024-04-23T14:33:21" time="20.048">
    <testcase classname="LightCells test post_reverse_cols_png test" name="should call PostReverse successfully" time="20.047">
    </testcase>
  </testsuite>
  <testsuite name="LightCells test post_reverse_both_xlsx test" tests="1" errors="0" failures="0" skipped="0" timestamp="2024-04-23T14:33:41" time="9.478">
    <testcase classname="LightCells test post_reverse_both_xlsx test" name="should call PostReverse successfully" time="9.477">
    </testcase>
  </testsuite>
  <testsuite name="LightCells test get_metadata test" tests="1" errors="0" failures="0" skipped="0" timestamp="2024-04-23T14:33:51" time="0.885">
    <testcase classname="LightCells test get_metadata test" name="should call GetMetadata successfully" time="0.884">
    </testcase>
  </testsuite>
  <testsuite name="LightCells test delete_metadata test" tests="1" errors="0" failures="0" skipped="0" timestamp="2024-04-23T14:33:52" time="12.018">
    <testcase classname="LightCells test delete_metadata test" name="should call DeleteMetadata successfully" time="12.018">
    </testcase>
  </testsuite>
  <testsuite name="LightCells test post_metadata test" tests="1" errors="0" failures="0" skipped="0" timestamp="2024-04-23T14:34:04" time="0.578">
    <testcase classname="LightCells test post_metadata test" name="should call PostMetadata successfully" time="0.577">
    </testcase>
  </testsuite>
</testsuites>